ERROR - 2017-05-20 02:54:37 --> 404 Page Not Found: Themes/admin
ERROR - 2017-05-20 03:54:49 --> Could not find the language line "menus input name"
ERROR - 2017-05-20 03:54:57 --> Could not find the language line "products input status"
ERROR - 2017-05-20 03:55:01 --> Could not find the language line "subcategorys input first name"
ERROR - 2017-05-20 03:55:04 --> Could not find the language line "categorys input first name"
ERROR - 2017-05-20 02:55:09 --> 404 Page Not Found: Themes/admin
ERROR - 2017-05-20 09:42:47 --> 404 Page Not Found: Themes/admin
ERROR - 2017-05-20 10:43:27 --> Could not find the language line "products input status"
ERROR - 2017-05-20 09:43:39 --> 404 Page Not Found: admin/Products/undefinedproducts
ERROR - 2017-05-20 09:43:44 --> 404 Page Not Found: admin/Products/undefinedproducts
ERROR - 2017-05-20 09:43:53 --> 404 Page Not Found: admin/Products/undefinedproducts
ERROR - 2017-05-20 09:43:54 --> 404 Page Not Found: admin/Products/undefinedproducts
ERROR - 2017-05-20 09:43:57 --> 404 Page Not Found: admin/Products/undefinedproducts
ERROR - 2017-05-20 10:45:40 --> Could not find the language line "products input status"
ERROR - 2017-05-20 10:45:45 --> Could not find the language line "products input status"
ERROR - 2017-05-20 10:45:54 --> Could not find the language line "customers input status"
ERROR - 2017-05-20 11:02:46 --> Could not find the language line "customers input status"
ERROR - 2017-05-20 12:47:49 --> Could not find the language line "customers input status"
ERROR - 2017-05-20 12:47:56 --> Could not find the language line "products input status"
ERROR - 2017-05-20 12:53:07 --> Could not find the language line "customers input status"
ERROR - 2017-05-20 11:53:10 --> 404 Page Not Found: Themes/admin
ERROR - 2017-05-20 12:24:34 --> 404 Page Not Found: Themes/admin
ERROR - 2017-05-20 13:25:47 --> Could not find the language line "categorys input first name"
ERROR - 2017-05-20 13:26:01 --> Could not find the language line "customers input status"
ERROR - 2017-05-20 13:26:15 --> Could not find the language line "menus input name"
ERROR - 2017-05-20 13:26:28 --> Could not find the language line "subcategorys input first name"
ERROR - 2017-05-20 13:27:49 --> Could not find the language line "menus input name"
ERROR - 2017-05-20 12:30:37 --> 404 Page Not Found: Themes/admin
ERROR - 2017-05-20 13:31:14 --> Could not find the language line "products input status"
ERROR - 2017-05-20 16:17:33 --> 404 Page Not Found: Themes/admin
ERROR - 2017-05-20 17:17:49 --> Could not find the language line "customers input status"
