ERROR - 2017-05-29 06:18:05 --> Could not find the language line "users error invalid_login"
ERROR - 2017-05-29 05:20:44 --> 404 Page Not Found: Themes/admin
ERROR - 2017-05-29 07:25:13 --> Could not find the language line "users error invalid_login"
ERROR - 2017-05-29 06:57:28 --> 404 Page Not Found: Themes/admin
ERROR - 2017-05-29 07:05:59 --> 404 Page Not Found: Themes/admin
ERROR - 2017-05-29 08:08:17 --> Could not find the language line "users error invalid_login"
ERROR - 2017-05-29 08:45:14 --> 404 Page Not Found: Themes/admin
ERROR - 2017-05-29 08:45:19 --> 404 Page Not Found: Themes/admin
ERROR - 2017-05-29 08:45:23 --> 404 Page Not Found: Themes/admin
ERROR - 2017-05-29 08:46:28 --> 404 Page Not Found: Themes/admin
ERROR - 2017-05-29 08:46:38 --> 404 Page Not Found: Themes/admin
ERROR - 2017-05-29 09:46:55 --> Could not find the language line "menus input name"
ERROR - 2017-05-29 08:47:03 --> 404 Page Not Found: Themes/admin
ERROR - 2017-05-29 09:52:24 --> Could not find the language line "users error invalid_login"
ERROR - 2017-05-29 09:08:26 --> 404 Page Not Found: Themes/admin
ERROR - 2017-05-29 09:08:32 --> 404 Page Not Found: Themes/admin
ERROR - 2017-05-29 09:10:29 --> 404 Page Not Found: Themes/admin
ERROR - 2017-05-29 10:11:05 --> Could not find the language line "users input status"
ERROR - 2017-05-29 10:11:10 --> Could not find the language line "users input status"
ERROR - 2017-05-29 10:11:26 --> Could not find the language line "menus input name"
ERROR - 2017-05-29 09:11:31 --> 404 Page Not Found: Themes/admin
ERROR - 2017-05-29 09:13:07 --> 404 Page Not Found: Themes/admin
ERROR - 2017-05-29 09:29:51 --> 404 Page Not Found: Themes/admin
ERROR - 2017-05-29 09:30:19 --> 404 Page Not Found: Themes/admin
ERROR - 2017-05-29 09:30:22 --> 404 Page Not Found: Themes/admin
ERROR - 2017-05-29 09:30:26 --> 404 Page Not Found: Themes/admin
ERROR - 2017-05-29 09:30:57 --> 404 Page Not Found: Themes/admin
ERROR - 2017-05-29 10:01:14 --> 404 Page Not Found: Themes/admin
ERROR - 2017-05-29 10:03:02 --> 404 Page Not Found: Themes/admin
ERROR - 2017-05-29 10:04:38 --> 404 Page Not Found: Themes/admin
ERROR - 2017-05-29 10:04:46 --> 404 Page Not Found: Themes/admin
ERROR - 2017-05-29 10:04:50 --> 404 Page Not Found: Themes/admin
ERROR - 2017-05-29 10:04:51 --> 404 Page Not Found: Themes/admin
ERROR - 2017-05-29 10:04:52 --> 404 Page Not Found: Themes/admin
ERROR - 2017-05-29 10:04:53 --> 404 Page Not Found: Themes/admin
ERROR - 2017-05-29 10:05:56 --> 404 Page Not Found: Themes/admin
ERROR - 2017-05-29 10:05:58 --> 404 Page Not Found: Themes/admin
ERROR - 2017-05-29 10:06:00 --> 404 Page Not Found: Themes/admin
ERROR - 2017-05-29 10:16:37 --> 404 Page Not Found: Feedhtml/index
ERROR - 2017-05-29 10:46:53 --> 404 Page Not Found: Themes/admin
ERROR - 2017-05-29 12:25:31 --> Could not find the language line "users input status"
ERROR - 2017-05-29 12:29:35 --> Could not find the language line "users error invalid_login"
ERROR - 2017-05-29 12:29:48 --> Could not find the language line "users error invalid_login"
ERROR - 2017-05-29 12:30:06 --> Could not find the language line "users error invalid_login"
ERROR - 2017-05-29 12:34:41 --> Could not find the language line "users error invalid_login"
ERROR - 2017-05-29 11:34:56 --> 404 Page Not Found: Themes/admin
ERROR - 2017-05-29 12:35:38 --> Could not find the language line "users error invalid_login"
ERROR - 2017-05-29 11:45:05 --> 404 Page Not Found: Themes/admin
ERROR - 2017-05-29 11:45:11 --> 404 Page Not Found: Themes/admin
