ERROR - 2017-07-05 05:21:09 --> 404 Page Not Found: Themes/admin
ERROR - 2017-07-05 07:03:38 --> Could not find the language line "form_validation__check_login"
ERROR - 2017-07-05 11:38:03 --> 404 Page Not Found: Themes/admin
ERROR - 2017-07-05 07:08:08 --> Could not find the language line "customers col last_name"
ERROR - 2017-07-05 07:08:08 --> Could not find the language line "customers input last_name"
ERROR - 2017-07-05 07:08:08 --> Severity: Notice --> Undefined index: last_name /home/youmeopc/public_html/demo/elevaweb/application/application/views/admin/customers/list.php 114
ERROR - 2017-07-05 07:08:08 --> Severity: Notice --> Undefined index: last_name /home/youmeopc/public_html/demo/elevaweb/application/application/views/admin/customers/list.php 114
ERROR - 2017-07-05 07:08:08 --> Severity: Notice --> Undefined index: last_name /home/youmeopc/public_html/demo/elevaweb/application/application/views/admin/customers/list.php 114
ERROR - 2017-07-05 07:08:08 --> Severity: Notice --> Undefined index: last_name /home/youmeopc/public_html/demo/elevaweb/application/application/views/admin/customers/list.php 114
ERROR - 2017-07-05 07:08:08 --> Severity: Notice --> Undefined index: last_name /home/youmeopc/public_html/demo/elevaweb/application/application/views/admin/customers/list.php 114
ERROR - 2017-07-05 07:08:08 --> Severity: Notice --> Undefined index: last_name /home/youmeopc/public_html/demo/elevaweb/application/application/views/admin/customers/list.php 114
ERROR - 2017-07-05 07:08:08 --> Severity: Notice --> Undefined index: last_name /home/youmeopc/public_html/demo/elevaweb/application/application/views/admin/customers/list.php 114
ERROR - 2017-07-05 07:08:08 --> Severity: Notice --> Undefined index: last_name /home/youmeopc/public_html/demo/elevaweb/application/application/views/admin/customers/list.php 114
ERROR - 2017-07-05 07:08:08 --> Severity: Notice --> Undefined index: last_name /home/youmeopc/public_html/demo/elevaweb/application/application/views/admin/customers/list.php 114
ERROR - 2017-07-05 07:08:08 --> Severity: Notice --> Undefined index: last_name /home/youmeopc/public_html/demo/elevaweb/application/application/views/admin/customers/list.php 114
ERROR - 2017-07-05 07:08:22 --> Could not find the language line "feeds tooltip add_new_feed"
ERROR - 2017-07-05 07:08:22 --> Could not find the language line "feeds input email"
ERROR - 2017-07-05 07:08:22 --> Could not find the language line "feeds input mobile_no"
ERROR - 2017-07-05 07:08:22 --> Could not find the language line "feeds input feed_name"
ERROR - 2017-07-05 07:08:22 --> Could not find the language line "feeds input email"
ERROR - 2017-07-05 07:08:22 --> Could not find the language line "feeds input mobile_no"
ERROR - 2017-07-05 07:08:22 --> Severity: Notice --> Undefined index: email_id /home/youmeopc/public_html/demo/elevaweb/application/application/views/admin/feeds/list.php 78
ERROR - 2017-07-05 07:08:22 --> Severity: Notice --> Undefined index: mobile_no /home/youmeopc/public_html/demo/elevaweb/application/application/views/admin/feeds/list.php 82
ERROR - 2017-07-05 07:08:22 --> Severity: Notice --> Undefined index: email_id /home/youmeopc/public_html/demo/elevaweb/application/application/views/admin/feeds/list.php 78
ERROR - 2017-07-05 07:08:22 --> Severity: Notice --> Undefined index: mobile_no /home/youmeopc/public_html/demo/elevaweb/application/application/views/admin/feeds/list.php 82
ERROR - 2017-07-05 07:08:22 --> Severity: Notice --> Undefined index: email_id /home/youmeopc/public_html/demo/elevaweb/application/application/views/admin/feeds/list.php 78
ERROR - 2017-07-05 07:08:22 --> Severity: Notice --> Undefined index: mobile_no /home/youmeopc/public_html/demo/elevaweb/application/application/views/admin/feeds/list.php 82
ERROR - 2017-07-05 07:08:54 --> Could not find the language line "feeds input payment_status"
ERROR - 2017-07-05 07:08:54 --> Severity: Notice --> Undefined variable: paymentlist /home/youmeopc/public_html/demo/elevaweb/application/application/views/admin/feeds/form.php 66
ERROR - 2017-07-05 11:39:23 --> 404 Page Not Found: Themes/admin
ERROR - 2017-07-05 07:10:16 --> Could not find the language line "feeds input payment_status"
ERROR - 2017-07-05 07:10:16 --> Severity: Notice --> Undefined variable: paymentlist /home/youmeopc/public_html/demo/elevaweb/application/application/views/admin/feeds/form.php 66
ERROR - 2017-07-05 07:10:18 --> Could not find the language line "feeds tooltip add_new_feed"
ERROR - 2017-07-05 07:10:18 --> Could not find the language line "feeds input email"
ERROR - 2017-07-05 07:10:18 --> Could not find the language line "feeds input mobile_no"
ERROR - 2017-07-05 07:10:18 --> Could not find the language line "feeds input feed_name"
ERROR - 2017-07-05 07:10:18 --> Could not find the language line "feeds input email"
ERROR - 2017-07-05 07:10:18 --> Could not find the language line "feeds input mobile_no"
ERROR - 2017-07-05 07:10:18 --> Severity: Notice --> Undefined index: email_id /home/youmeopc/public_html/demo/elevaweb/application/application/views/admin/feeds/list.php 78
ERROR - 2017-07-05 07:10:18 --> Severity: Notice --> Undefined index: mobile_no /home/youmeopc/public_html/demo/elevaweb/application/application/views/admin/feeds/list.php 82
ERROR - 2017-07-05 07:10:18 --> Severity: Notice --> Undefined index: email_id /home/youmeopc/public_html/demo/elevaweb/application/application/views/admin/feeds/list.php 78
ERROR - 2017-07-05 07:10:18 --> Severity: Notice --> Undefined index: mobile_no /home/youmeopc/public_html/demo/elevaweb/application/application/views/admin/feeds/list.php 82
ERROR - 2017-07-05 07:10:18 --> Severity: Notice --> Undefined index: email_id /home/youmeopc/public_html/demo/elevaweb/application/application/views/admin/feeds/list.php 78
ERROR - 2017-07-05 07:10:18 --> Severity: Notice --> Undefined index: mobile_no /home/youmeopc/public_html/demo/elevaweb/application/application/views/admin/feeds/list.php 82
ERROR - 2017-07-05 12:02:05 --> 404 Page Not Found: Themes/admin
ERROR - 2017-07-05 07:32:13 --> Could not find the language line "feeds tooltip add_new_feed"
ERROR - 2017-07-05 07:32:13 --> Could not find the language line "feeds input email"
ERROR - 2017-07-05 07:32:13 --> Could not find the language line "feeds input mobile_no"
ERROR - 2017-07-05 07:32:13 --> Could not find the language line "feeds input feed_name"
ERROR - 2017-07-05 07:32:13 --> Could not find the language line "feeds input email"
ERROR - 2017-07-05 07:32:13 --> Could not find the language line "feeds input mobile_no"
ERROR - 2017-07-05 07:32:13 --> Severity: Notice --> Undefined index: email_id /home/youmeopc/public_html/demo/elevaweb/application/application/views/admin/feeds/list.php 78
ERROR - 2017-07-05 07:32:13 --> Severity: Notice --> Undefined index: mobile_no /home/youmeopc/public_html/demo/elevaweb/application/application/views/admin/feeds/list.php 82
ERROR - 2017-07-05 07:32:13 --> Severity: Notice --> Undefined index: email_id /home/youmeopc/public_html/demo/elevaweb/application/application/views/admin/feeds/list.php 78
ERROR - 2017-07-05 07:32:13 --> Severity: Notice --> Undefined index: mobile_no /home/youmeopc/public_html/demo/elevaweb/application/application/views/admin/feeds/list.php 82
ERROR - 2017-07-05 07:32:13 --> Severity: Notice --> Undefined index: email_id /home/youmeopc/public_html/demo/elevaweb/application/application/views/admin/feeds/list.php 78
ERROR - 2017-07-05 07:32:13 --> Severity: Notice --> Undefined index: mobile_no /home/youmeopc/public_html/demo/elevaweb/application/application/views/admin/feeds/list.php 82
ERROR - 2017-07-05 17:57:11 --> 404 Page Not Found: Themes/admin
ERROR - 2017-07-05 13:45:05 --> Could not find the language line "feeds tooltip add_new_feed"
ERROR - 2017-07-05 13:45:05 --> Could not find the language line "feeds input email"
ERROR - 2017-07-05 13:45:05 --> Could not find the language line "feeds input mobile_no"
ERROR - 2017-07-05 13:45:05 --> Could not find the language line "feeds input feed_name"
ERROR - 2017-07-05 13:45:05 --> Could not find the language line "feeds input email"
ERROR - 2017-07-05 13:45:05 --> Could not find the language line "feeds input mobile_no"
ERROR - 2017-07-05 13:45:05 --> Severity: Notice --> Undefined index: email_id /home/youmeopc/public_html/demo/elevaweb/application/application/views/admin/feeds/list.php 78
ERROR - 2017-07-05 13:45:05 --> Severity: Notice --> Undefined index: mobile_no /home/youmeopc/public_html/demo/elevaweb/application/application/views/admin/feeds/list.php 82
ERROR - 2017-07-05 13:45:05 --> Severity: Notice --> Undefined index: email_id /home/youmeopc/public_html/demo/elevaweb/application/application/views/admin/feeds/list.php 78
ERROR - 2017-07-05 13:45:05 --> Severity: Notice --> Undefined index: mobile_no /home/youmeopc/public_html/demo/elevaweb/application/application/views/admin/feeds/list.php 82
ERROR - 2017-07-05 13:45:05 --> Severity: Notice --> Undefined index: email_id /home/youmeopc/public_html/demo/elevaweb/application/application/views/admin/feeds/list.php 78
ERROR - 2017-07-05 13:45:05 --> Severity: Notice --> Undefined index: mobile_no /home/youmeopc/public_html/demo/elevaweb/application/application/views/admin/feeds/list.php 82
ERROR - 2017-07-05 18:15:11 --> 404 Page Not Found: Themes/admin
ERROR - 2017-07-05 13:45:12 --> Could not find the language line "customers col last_name"
ERROR - 2017-07-05 13:45:12 --> Could not find the language line "customers input last_name"
ERROR - 2017-07-05 13:45:12 --> Severity: Notice --> Undefined index: last_name /home/youmeopc/public_html/demo/elevaweb/application/application/views/admin/customers/list.php 114
ERROR - 2017-07-05 13:45:12 --> Severity: Notice --> Undefined index: last_name /home/youmeopc/public_html/demo/elevaweb/application/application/views/admin/customers/list.php 114
ERROR - 2017-07-05 13:45:12 --> Severity: Notice --> Undefined index: last_name /home/youmeopc/public_html/demo/elevaweb/application/application/views/admin/customers/list.php 114
ERROR - 2017-07-05 13:45:12 --> Severity: Notice --> Undefined index: last_name /home/youmeopc/public_html/demo/elevaweb/application/application/views/admin/customers/list.php 114
ERROR - 2017-07-05 13:45:12 --> Severity: Notice --> Undefined index: last_name /home/youmeopc/public_html/demo/elevaweb/application/application/views/admin/customers/list.php 114
ERROR - 2017-07-05 13:45:12 --> Severity: Notice --> Undefined index: last_name /home/youmeopc/public_html/demo/elevaweb/application/application/views/admin/customers/list.php 114
ERROR - 2017-07-05 13:45:12 --> Severity: Notice --> Undefined index: last_name /home/youmeopc/public_html/demo/elevaweb/application/application/views/admin/customers/list.php 114
ERROR - 2017-07-05 13:45:12 --> Severity: Notice --> Undefined index: last_name /home/youmeopc/public_html/demo/elevaweb/application/application/views/admin/customers/list.php 114
ERROR - 2017-07-05 13:45:12 --> Severity: Notice --> Undefined index: last_name /home/youmeopc/public_html/demo/elevaweb/application/application/views/admin/customers/list.php 114
ERROR - 2017-07-05 13:45:12 --> Severity: Notice --> Undefined index: last_name /home/youmeopc/public_html/demo/elevaweb/application/application/views/admin/customers/list.php 114
ERROR - 2017-07-05 14:49:36 --> Could not find the language line "form_validation__check_login"
ERROR - 2017-07-05 15:16:02 --> Could not find the language line "form_validation__check_login"
ERROR - 2017-07-05 18:21:54 --> Could not find the language line "customers col last_name"
ERROR - 2017-07-05 18:21:54 --> Could not find the language line "customers input last_name"
ERROR - 2017-07-05 18:21:54 --> Severity: Notice --> Undefined index: last_name /home/youmeopc/public_html/demo/elevaweb/application/application/views/admin/customers/list.php 114
ERROR - 2017-07-05 18:21:54 --> Severity: Notice --> Undefined index: last_name /home/youmeopc/public_html/demo/elevaweb/application/application/views/admin/customers/list.php 114
ERROR - 2017-07-05 18:21:54 --> Severity: Notice --> Undefined index: last_name /home/youmeopc/public_html/demo/elevaweb/application/application/views/admin/customers/list.php 114
ERROR - 2017-07-05 18:21:54 --> Severity: Notice --> Undefined index: last_name /home/youmeopc/public_html/demo/elevaweb/application/application/views/admin/customers/list.php 114
ERROR - 2017-07-05 18:21:54 --> Severity: Notice --> Undefined index: last_name /home/youmeopc/public_html/demo/elevaweb/application/application/views/admin/customers/list.php 114
ERROR - 2017-07-05 18:21:54 --> Severity: Notice --> Undefined index: last_name /home/youmeopc/public_html/demo/elevaweb/application/application/views/admin/customers/list.php 114
ERROR - 2017-07-05 18:21:54 --> Severity: Notice --> Undefined index: last_name /home/youmeopc/public_html/demo/elevaweb/application/application/views/admin/customers/list.php 114
ERROR - 2017-07-05 18:21:54 --> Severity: Notice --> Undefined index: last_name /home/youmeopc/public_html/demo/elevaweb/application/application/views/admin/customers/list.php 114
ERROR - 2017-07-05 18:21:54 --> Severity: Notice --> Undefined index: last_name /home/youmeopc/public_html/demo/elevaweb/application/application/views/admin/customers/list.php 114
ERROR - 2017-07-05 18:21:54 --> Severity: Notice --> Undefined index: last_name /home/youmeopc/public_html/demo/elevaweb/application/application/views/admin/customers/list.php 114
ERROR - 2017-07-05 18:37:56 --> Could not find the language line "customers col last_name"
ERROR - 2017-07-05 18:37:56 --> Could not find the language line "customers input last_name"
ERROR - 2017-07-05 18:37:56 --> Severity: Notice --> Undefined index: last_name /home/youmeopc/public_html/demo/elevaweb/application/application/views/admin/customers/list.php 114
ERROR - 2017-07-05 18:37:56 --> Severity: Notice --> Undefined index: last_name /home/youmeopc/public_html/demo/elevaweb/application/application/views/admin/customers/list.php 114
ERROR - 2017-07-05 18:37:56 --> Severity: Notice --> Undefined index: last_name /home/youmeopc/public_html/demo/elevaweb/application/application/views/admin/customers/list.php 114
ERROR - 2017-07-05 18:37:56 --> Severity: Notice --> Undefined index: last_name /home/youmeopc/public_html/demo/elevaweb/application/application/views/admin/customers/list.php 114
ERROR - 2017-07-05 18:37:56 --> Severity: Notice --> Undefined index: last_name /home/youmeopc/public_html/demo/elevaweb/application/application/views/admin/customers/list.php 114
ERROR - 2017-07-05 18:37:56 --> Severity: Notice --> Undefined index: last_name /home/youmeopc/public_html/demo/elevaweb/application/application/views/admin/customers/list.php 114
ERROR - 2017-07-05 18:37:56 --> Severity: Notice --> Undefined index: last_name /home/youmeopc/public_html/demo/elevaweb/application/application/views/admin/customers/list.php 114
ERROR - 2017-07-05 18:37:56 --> Severity: Notice --> Undefined index: last_name /home/youmeopc/public_html/demo/elevaweb/application/application/views/admin/customers/list.php 114
ERROR - 2017-07-05 18:37:56 --> Severity: Notice --> Undefined index: last_name /home/youmeopc/public_html/demo/elevaweb/application/application/views/admin/customers/list.php 114
ERROR - 2017-07-05 18:37:56 --> Severity: Notice --> Undefined index: last_name /home/youmeopc/public_html/demo/elevaweb/application/application/views/admin/customers/list.php 114
ERROR - 2017-07-05 19:41:36 --> Could not find the language line "customers col last_name"
ERROR - 2017-07-05 19:41:36 --> Could not find the language line "customers input last_name"
ERROR - 2017-07-05 19:41:36 --> Severity: Notice --> Undefined index: last_name /home/youmeopc/public_html/demo/elevaweb/application/application/views/admin/customers/list.php 114
ERROR - 2017-07-05 19:41:36 --> Severity: Notice --> Undefined index: last_name /home/youmeopc/public_html/demo/elevaweb/application/application/views/admin/customers/list.php 114
ERROR - 2017-07-05 19:41:36 --> Severity: Notice --> Undefined index: last_name /home/youmeopc/public_html/demo/elevaweb/application/application/views/admin/customers/list.php 114
ERROR - 2017-07-05 19:41:36 --> Severity: Notice --> Undefined index: last_name /home/youmeopc/public_html/demo/elevaweb/application/application/views/admin/customers/list.php 114
ERROR - 2017-07-05 19:41:36 --> Severity: Notice --> Undefined index: last_name /home/youmeopc/public_html/demo/elevaweb/application/application/views/admin/customers/list.php 114
ERROR - 2017-07-05 19:41:36 --> Severity: Notice --> Undefined index: last_name /home/youmeopc/public_html/demo/elevaweb/application/application/views/admin/customers/list.php 114
ERROR - 2017-07-05 19:41:36 --> Severity: Notice --> Undefined index: last_name /home/youmeopc/public_html/demo/elevaweb/application/application/views/admin/customers/list.php 114
ERROR - 2017-07-05 19:41:36 --> Severity: Notice --> Undefined index: last_name /home/youmeopc/public_html/demo/elevaweb/application/application/views/admin/customers/list.php 114
ERROR - 2017-07-05 19:41:36 --> Severity: Notice --> Undefined index: last_name /home/youmeopc/public_html/demo/elevaweb/application/application/views/admin/customers/list.php 114
ERROR - 2017-07-05 19:41:36 --> Severity: Notice --> Undefined index: last_name /home/youmeopc/public_html/demo/elevaweb/application/application/views/admin/customers/list.php 114
ERROR - 2017-07-05 19:42:09 --> Could not find the language line "customers input last_name"
ERROR - 2017-07-05 19:42:18 --> Could not find the language line "feeds tooltip add_new_feed"
ERROR - 2017-07-05 19:42:18 --> Could not find the language line "feeds input email"
ERROR - 2017-07-05 19:42:18 --> Could not find the language line "feeds input mobile_no"
ERROR - 2017-07-05 19:42:18 --> Could not find the language line "feeds input feed_name"
ERROR - 2017-07-05 19:42:18 --> Could not find the language line "feeds input email"
ERROR - 2017-07-05 19:42:18 --> Could not find the language line "feeds input mobile_no"
ERROR - 2017-07-05 19:42:18 --> Severity: Notice --> Undefined index: email_id /home/youmeopc/public_html/demo/elevaweb/application/application/views/admin/feeds/list.php 78
ERROR - 2017-07-05 19:42:18 --> Severity: Notice --> Undefined index: mobile_no /home/youmeopc/public_html/demo/elevaweb/application/application/views/admin/feeds/list.php 82
ERROR - 2017-07-05 19:42:18 --> Severity: Notice --> Undefined index: email_id /home/youmeopc/public_html/demo/elevaweb/application/application/views/admin/feeds/list.php 78
ERROR - 2017-07-05 19:42:18 --> Severity: Notice --> Undefined index: mobile_no /home/youmeopc/public_html/demo/elevaweb/application/application/views/admin/feeds/list.php 82
ERROR - 2017-07-05 19:42:18 --> Severity: Notice --> Undefined index: email_id /home/youmeopc/public_html/demo/elevaweb/application/application/views/admin/feeds/list.php 78
ERROR - 2017-07-05 19:42:18 --> Severity: Notice --> Undefined index: mobile_no /home/youmeopc/public_html/demo/elevaweb/application/application/views/admin/feeds/list.php 82
ERROR - 2017-07-05 19:48:08 --> Could not find the language line "form_validation__check_login"
ERROR - 2017-07-05 19:48:23 --> Could not find the language line "form_validation__check_login"
ERROR - 2017-07-05 19:54:55 --> Could not find the language line "form_validation__check_login"
ERROR - 2017-07-05 21:57:09 --> Could not find the language line "form_validation__check_login"
