ERROR - 2017-06-19 11:59:11 --> 404 Page Not Found: Themes/admin
ERROR - 2017-06-19 07:31:40 --> Could not find the language line "feeds tooltip add_new_feed"
ERROR - 2017-06-19 07:31:40 --> Could not find the language line "feeds input email"
ERROR - 2017-06-19 07:31:40 --> Could not find the language line "feeds input mobile_no"
ERROR - 2017-06-19 07:31:40 --> Could not find the language line "feeds input feed_name"
ERROR - 2017-06-19 07:31:40 --> Could not find the language line "feeds input email"
ERROR - 2017-06-19 07:31:40 --> Could not find the language line "feeds input mobile_no"
ERROR - 2017-06-19 07:31:40 --> Severity: Notice --> Undefined index: email_id /home/youmeopc/public_html/demo/elevaweb/application/application/views/admin/feeds/list.php 78
ERROR - 2017-06-19 07:31:40 --> Severity: Notice --> Undefined index: mobile_no /home/youmeopc/public_html/demo/elevaweb/application/application/views/admin/feeds/list.php 82
ERROR - 2017-06-19 07:31:40 --> Severity: Notice --> Undefined index: email_id /home/youmeopc/public_html/demo/elevaweb/application/application/views/admin/feeds/list.php 78
ERROR - 2017-06-19 07:31:40 --> Severity: Notice --> Undefined index: mobile_no /home/youmeopc/public_html/demo/elevaweb/application/application/views/admin/feeds/list.php 82
ERROR - 2017-06-19 07:31:40 --> Could not find the language line "feeds title feed_delete"
ERROR - 2017-06-19 07:31:40 --> Could not find the language line "feeds msg delete_confirm"
ERROR - 2017-06-19 07:31:40 --> Could not find the language line "feeds title feed_delete"
ERROR - 2017-06-19 07:31:40 --> Could not find the language line "feeds msg delete_confirm"
ERROR - 2017-06-19 07:31:44 --> Could not find the language line "feeds input payment_status"
ERROR - 2017-06-19 07:31:44 --> Severity: Notice --> Undefined variable: paymentlist /home/youmeopc/public_html/demo/elevaweb/application/application/views/admin/feeds/form.php 66
ERROR - 2017-06-19 12:17:23 --> 404 Page Not Found: Themes/admin
ERROR - 2017-06-19 07:47:26 --> Could not find the language line "feeds tooltip add_new_feed"
ERROR - 2017-06-19 07:47:26 --> Could not find the language line "feeds input email"
ERROR - 2017-06-19 07:47:26 --> Could not find the language line "feeds input mobile_no"
ERROR - 2017-06-19 07:47:26 --> Could not find the language line "feeds input feed_name"
ERROR - 2017-06-19 07:47:26 --> Could not find the language line "feeds input email"
ERROR - 2017-06-19 07:47:26 --> Could not find the language line "feeds input mobile_no"
ERROR - 2017-06-19 07:47:26 --> Severity: Notice --> Undefined index: email_id /home/youmeopc/public_html/demo/elevaweb/application/application/views/admin/feeds/list.php 78
ERROR - 2017-06-19 07:47:26 --> Severity: Notice --> Undefined index: mobile_no /home/youmeopc/public_html/demo/elevaweb/application/application/views/admin/feeds/list.php 82
ERROR - 2017-06-19 07:47:26 --> Severity: Notice --> Undefined index: email_id /home/youmeopc/public_html/demo/elevaweb/application/application/views/admin/feeds/list.php 78
ERROR - 2017-06-19 07:47:26 --> Severity: Notice --> Undefined index: mobile_no /home/youmeopc/public_html/demo/elevaweb/application/application/views/admin/feeds/list.php 82
ERROR - 2017-06-19 07:47:26 --> Could not find the language line "feeds title feed_delete"
ERROR - 2017-06-19 07:47:26 --> Could not find the language line "feeds msg delete_confirm"
ERROR - 2017-06-19 07:47:26 --> Could not find the language line "feeds title feed_delete"
ERROR - 2017-06-19 07:47:26 --> Could not find the language line "feeds msg delete_confirm"
ERROR - 2017-06-19 08:44:02 --> Could not find the language line "feeds tooltip add_new_feed"
ERROR - 2017-06-19 08:44:02 --> Could not find the language line "feeds input email"
ERROR - 2017-06-19 08:44:02 --> Could not find the language line "feeds input mobile_no"
ERROR - 2017-06-19 08:44:02 --> Could not find the language line "feeds input feed_name"
ERROR - 2017-06-19 08:44:02 --> Could not find the language line "feeds input email"
ERROR - 2017-06-19 08:44:02 --> Could not find the language line "feeds input mobile_no"
ERROR - 2017-06-19 08:44:02 --> Severity: Notice --> Undefined index: email_id /home/youmeopc/public_html/demo/elevaweb/application/application/views/admin/feeds/list.php 78
ERROR - 2017-06-19 08:44:02 --> Severity: Notice --> Undefined index: mobile_no /home/youmeopc/public_html/demo/elevaweb/application/application/views/admin/feeds/list.php 82
ERROR - 2017-06-19 08:44:02 --> Severity: Notice --> Undefined index: email_id /home/youmeopc/public_html/demo/elevaweb/application/application/views/admin/feeds/list.php 78
ERROR - 2017-06-19 08:44:02 --> Severity: Notice --> Undefined index: mobile_no /home/youmeopc/public_html/demo/elevaweb/application/application/views/admin/feeds/list.php 82
ERROR - 2017-06-19 08:44:02 --> Could not find the language line "feeds title feed_delete"
ERROR - 2017-06-19 08:44:02 --> Could not find the language line "feeds msg delete_confirm"
ERROR - 2017-06-19 08:44:02 --> Could not find the language line "feeds title feed_delete"
ERROR - 2017-06-19 08:44:02 --> Could not find the language line "feeds msg delete_confirm"
ERROR - 2017-06-19 08:47:31 --> Could not find the language line "feeds input payment_status"
ERROR - 2017-06-19 08:47:31 --> Severity: Notice --> Undefined variable: paymentlist /home/youmeopc/public_html/demo/elevaweb/application/application/views/admin/feeds/form.php 66
