ERROR - 2017-07-01 13:58:05 --> 404 Page Not Found: Themes/admin
ERROR - 2017-07-01 09:28:55 --> Could not find the language line "feeds tooltip add_new_feed"
ERROR - 2017-07-01 09:28:55 --> Could not find the language line "feeds input email"
ERROR - 2017-07-01 09:28:55 --> Could not find the language line "feeds input mobile_no"
ERROR - 2017-07-01 09:28:55 --> Could not find the language line "feeds input feed_name"
ERROR - 2017-07-01 09:28:55 --> Could not find the language line "feeds input email"
ERROR - 2017-07-01 09:28:55 --> Could not find the language line "feeds input mobile_no"
ERROR - 2017-07-01 09:28:55 --> Severity: Notice --> Undefined index: email_id /home/youmeopc/public_html/demo/elevaweb/application/application/views/admin/feeds/list.php 78
ERROR - 2017-07-01 09:28:55 --> Severity: Notice --> Undefined index: mobile_no /home/youmeopc/public_html/demo/elevaweb/application/application/views/admin/feeds/list.php 82
ERROR - 2017-07-01 09:28:55 --> Severity: Notice --> Undefined index: email_id /home/youmeopc/public_html/demo/elevaweb/application/application/views/admin/feeds/list.php 78
ERROR - 2017-07-01 09:28:55 --> Severity: Notice --> Undefined index: mobile_no /home/youmeopc/public_html/demo/elevaweb/application/application/views/admin/feeds/list.php 82
ERROR - 2017-07-01 09:28:55 --> Severity: Notice --> Undefined index: email_id /home/youmeopc/public_html/demo/elevaweb/application/application/views/admin/feeds/list.php 78
ERROR - 2017-07-01 09:28:55 --> Severity: Notice --> Undefined index: mobile_no /home/youmeopc/public_html/demo/elevaweb/application/application/views/admin/feeds/list.php 82
ERROR - 2017-07-01 09:28:55 --> Severity: Notice --> Undefined index: email_id /home/youmeopc/public_html/demo/elevaweb/application/application/views/admin/feeds/list.php 78
ERROR - 2017-07-01 09:28:55 --> Severity: Notice --> Undefined index: mobile_no /home/youmeopc/public_html/demo/elevaweb/application/application/views/admin/feeds/list.php 82
ERROR - 2017-07-01 09:28:55 --> Could not find the language line "feeds title feed_delete"
ERROR - 2017-07-01 09:28:55 --> Could not find the language line "feeds msg delete_confirm"
ERROR - 2017-07-01 09:28:55 --> Could not find the language line "feeds title feed_delete"
ERROR - 2017-07-01 09:28:55 --> Could not find the language line "feeds msg delete_confirm"
ERROR - 2017-07-01 09:28:55 --> Could not find the language line "feeds title feed_delete"
ERROR - 2017-07-01 09:28:55 --> Could not find the language line "feeds msg delete_confirm"
ERROR - 2017-07-01 09:28:55 --> Could not find the language line "feeds title feed_delete"
ERROR - 2017-07-01 09:28:55 --> Could not find the language line "feeds msg delete_confirm"
ERROR - 2017-07-01 09:28:58 --> Could not find the language line "feeds input payment_status"
ERROR - 2017-07-01 09:28:58 --> Severity: Notice --> Undefined variable: paymentlist /home/youmeopc/public_html/demo/elevaweb/application/application/views/admin/feeds/form.php 66
ERROR - 2017-07-01 09:29:05 --> Could not find the language line "feeds tooltip add_new_feed"
ERROR - 2017-07-01 09:29:05 --> Could not find the language line "feeds input email"
ERROR - 2017-07-01 09:29:05 --> Could not find the language line "feeds input mobile_no"
ERROR - 2017-07-01 09:29:05 --> Could not find the language line "feeds input feed_name"
ERROR - 2017-07-01 09:29:05 --> Could not find the language line "feeds input email"
ERROR - 2017-07-01 09:29:05 --> Could not find the language line "feeds input mobile_no"
ERROR - 2017-07-01 09:29:05 --> Severity: Notice --> Undefined index: email_id /home/youmeopc/public_html/demo/elevaweb/application/application/views/admin/feeds/list.php 78
ERROR - 2017-07-01 09:29:05 --> Severity: Notice --> Undefined index: mobile_no /home/youmeopc/public_html/demo/elevaweb/application/application/views/admin/feeds/list.php 82
ERROR - 2017-07-01 09:29:05 --> Severity: Notice --> Undefined index: email_id /home/youmeopc/public_html/demo/elevaweb/application/application/views/admin/feeds/list.php 78
ERROR - 2017-07-01 09:29:05 --> Severity: Notice --> Undefined index: mobile_no /home/youmeopc/public_html/demo/elevaweb/application/application/views/admin/feeds/list.php 82
ERROR - 2017-07-01 09:29:05 --> Severity: Notice --> Undefined index: email_id /home/youmeopc/public_html/demo/elevaweb/application/application/views/admin/feeds/list.php 78
ERROR - 2017-07-01 09:29:05 --> Severity: Notice --> Undefined index: mobile_no /home/youmeopc/public_html/demo/elevaweb/application/application/views/admin/feeds/list.php 82
ERROR - 2017-07-01 09:29:05 --> Severity: Notice --> Undefined index: email_id /home/youmeopc/public_html/demo/elevaweb/application/application/views/admin/feeds/list.php 78
ERROR - 2017-07-01 09:29:05 --> Severity: Notice --> Undefined index: mobile_no /home/youmeopc/public_html/demo/elevaweb/application/application/views/admin/feeds/list.php 82
ERROR - 2017-07-01 09:29:05 --> Could not find the language line "feeds title feed_delete"
ERROR - 2017-07-01 09:29:05 --> Could not find the language line "feeds msg delete_confirm"
ERROR - 2017-07-01 09:29:05 --> Could not find the language line "feeds title feed_delete"
ERROR - 2017-07-01 09:29:05 --> Could not find the language line "feeds msg delete_confirm"
ERROR - 2017-07-01 09:29:05 --> Could not find the language line "feeds title feed_delete"
ERROR - 2017-07-01 09:29:05 --> Could not find the language line "feeds msg delete_confirm"
ERROR - 2017-07-01 09:29:05 --> Could not find the language line "feeds title feed_delete"
ERROR - 2017-07-01 09:29:05 --> Could not find the language line "feeds msg delete_confirm"
ERROR - 2017-07-01 09:29:24 --> Could not find the language line "feeds input payment_status"
ERROR - 2017-07-01 09:29:24 --> Severity: Notice --> Undefined variable: paymentlist /home/youmeopc/public_html/demo/elevaweb/application/application/views/admin/feeds/form.php 66
ERROR - 2017-07-01 09:38:03 --> Could not find the language line "feeds tooltip add_new_feed"
ERROR - 2017-07-01 09:38:03 --> Could not find the language line "feeds input email"
ERROR - 2017-07-01 09:38:03 --> Could not find the language line "feeds input mobile_no"
ERROR - 2017-07-01 09:38:03 --> Could not find the language line "feeds input feed_name"
ERROR - 2017-07-01 09:38:03 --> Could not find the language line "feeds input email"
ERROR - 2017-07-01 09:38:03 --> Could not find the language line "feeds input mobile_no"
ERROR - 2017-07-01 09:38:03 --> Severity: Notice --> Undefined index: email_id /home/youmeopc/public_html/demo/elevaweb/application/application/views/admin/feeds/list.php 78
ERROR - 2017-07-01 09:38:03 --> Severity: Notice --> Undefined index: mobile_no /home/youmeopc/public_html/demo/elevaweb/application/application/views/admin/feeds/list.php 82
ERROR - 2017-07-01 09:38:03 --> Severity: Notice --> Undefined index: email_id /home/youmeopc/public_html/demo/elevaweb/application/application/views/admin/feeds/list.php 78
ERROR - 2017-07-01 09:38:03 --> Severity: Notice --> Undefined index: mobile_no /home/youmeopc/public_html/demo/elevaweb/application/application/views/admin/feeds/list.php 82
ERROR - 2017-07-01 09:38:03 --> Severity: Notice --> Undefined index: email_id /home/youmeopc/public_html/demo/elevaweb/application/application/views/admin/feeds/list.php 78
ERROR - 2017-07-01 09:38:03 --> Severity: Notice --> Undefined index: mobile_no /home/youmeopc/public_html/demo/elevaweb/application/application/views/admin/feeds/list.php 82
ERROR - 2017-07-01 09:38:03 --> Severity: Notice --> Undefined index: email_id /home/youmeopc/public_html/demo/elevaweb/application/application/views/admin/feeds/list.php 78
ERROR - 2017-07-01 09:38:03 --> Severity: Notice --> Undefined index: mobile_no /home/youmeopc/public_html/demo/elevaweb/application/application/views/admin/feeds/list.php 82
ERROR - 2017-07-01 09:38:03 --> Could not find the language line "feeds title feed_delete"
ERROR - 2017-07-01 09:38:03 --> Could not find the language line "feeds msg delete_confirm"
ERROR - 2017-07-01 09:38:03 --> Could not find the language line "feeds title feed_delete"
ERROR - 2017-07-01 09:38:03 --> Could not find the language line "feeds msg delete_confirm"
ERROR - 2017-07-01 09:38:03 --> Could not find the language line "feeds title feed_delete"
ERROR - 2017-07-01 09:38:03 --> Could not find the language line "feeds msg delete_confirm"
ERROR - 2017-07-01 09:38:03 --> Could not find the language line "feeds title feed_delete"
ERROR - 2017-07-01 09:38:03 --> Could not find the language line "feeds msg delete_confirm"
ERROR - 2017-07-01 09:46:59 --> Could not find the language line "feeds tooltip add_new_feed"
ERROR - 2017-07-01 09:46:59 --> Could not find the language line "feeds input email"
ERROR - 2017-07-01 09:46:59 --> Could not find the language line "feeds input mobile_no"
ERROR - 2017-07-01 09:46:59 --> Could not find the language line "feeds input feed_name"
ERROR - 2017-07-01 09:46:59 --> Could not find the language line "feeds input email"
ERROR - 2017-07-01 09:46:59 --> Could not find the language line "feeds input mobile_no"
ERROR - 2017-07-01 09:46:59 --> Severity: Notice --> Undefined index: email_id /home/youmeopc/public_html/demo/elevaweb/application/application/views/admin/feeds/list.php 78
ERROR - 2017-07-01 09:46:59 --> Severity: Notice --> Undefined index: mobile_no /home/youmeopc/public_html/demo/elevaweb/application/application/views/admin/feeds/list.php 82
ERROR - 2017-07-01 09:46:59 --> Severity: Notice --> Undefined index: email_id /home/youmeopc/public_html/demo/elevaweb/application/application/views/admin/feeds/list.php 78
ERROR - 2017-07-01 09:46:59 --> Severity: Notice --> Undefined index: mobile_no /home/youmeopc/public_html/demo/elevaweb/application/application/views/admin/feeds/list.php 82
ERROR - 2017-07-01 09:46:59 --> Severity: Notice --> Undefined index: email_id /home/youmeopc/public_html/demo/elevaweb/application/application/views/admin/feeds/list.php 78
ERROR - 2017-07-01 09:46:59 --> Severity: Notice --> Undefined index: mobile_no /home/youmeopc/public_html/demo/elevaweb/application/application/views/admin/feeds/list.php 82
ERROR - 2017-07-01 09:46:59 --> Severity: Notice --> Undefined index: email_id /home/youmeopc/public_html/demo/elevaweb/application/application/views/admin/feeds/list.php 78
ERROR - 2017-07-01 09:46:59 --> Severity: Notice --> Undefined index: mobile_no /home/youmeopc/public_html/demo/elevaweb/application/application/views/admin/feeds/list.php 82
ERROR - 2017-07-01 09:46:59 --> Could not find the language line "feeds msg delete_confirm"
ERROR - 2017-07-01 09:46:59 --> Could not find the language line "feeds msg delete_confirm"
ERROR - 2017-07-01 09:46:59 --> Could not find the language line "feeds msg delete_confirm"
ERROR - 2017-07-01 09:46:59 --> Could not find the language line "feeds msg delete_confirm"
ERROR - 2017-07-01 09:47:29 --> Could not find the language line "feeds tooltip add_new_feed"
ERROR - 2017-07-01 09:47:29 --> Could not find the language line "feeds input email"
ERROR - 2017-07-01 09:47:29 --> Could not find the language line "feeds input mobile_no"
ERROR - 2017-07-01 09:47:29 --> Could not find the language line "feeds input feed_name"
ERROR - 2017-07-01 09:47:29 --> Could not find the language line "feeds input email"
ERROR - 2017-07-01 09:47:29 --> Could not find the language line "feeds input mobile_no"
ERROR - 2017-07-01 09:47:29 --> Severity: Notice --> Undefined index: email_id /home/youmeopc/public_html/demo/elevaweb/application/application/views/admin/feeds/list.php 78
ERROR - 2017-07-01 09:47:29 --> Severity: Notice --> Undefined index: mobile_no /home/youmeopc/public_html/demo/elevaweb/application/application/views/admin/feeds/list.php 82
ERROR - 2017-07-01 09:47:29 --> Severity: Notice --> Undefined index: email_id /home/youmeopc/public_html/demo/elevaweb/application/application/views/admin/feeds/list.php 78
ERROR - 2017-07-01 09:47:29 --> Severity: Notice --> Undefined index: mobile_no /home/youmeopc/public_html/demo/elevaweb/application/application/views/admin/feeds/list.php 82
ERROR - 2017-07-01 09:47:29 --> Severity: Notice --> Undefined index: email_id /home/youmeopc/public_html/demo/elevaweb/application/application/views/admin/feeds/list.php 78
ERROR - 2017-07-01 09:47:29 --> Severity: Notice --> Undefined index: mobile_no /home/youmeopc/public_html/demo/elevaweb/application/application/views/admin/feeds/list.php 82
ERROR - 2017-07-01 09:47:29 --> Severity: Notice --> Undefined index: email_id /home/youmeopc/public_html/demo/elevaweb/application/application/views/admin/feeds/list.php 78
ERROR - 2017-07-01 09:47:29 --> Severity: Notice --> Undefined index: mobile_no /home/youmeopc/public_html/demo/elevaweb/application/application/views/admin/feeds/list.php 82
ERROR - 2017-07-01 14:19:52 --> 404 Page Not Found: Themes/admin
ERROR - 2017-07-01 09:50:00 --> Could not find the language line "feeds tooltip add_new_feed"
ERROR - 2017-07-01 09:50:00 --> Could not find the language line "feeds input email"
ERROR - 2017-07-01 09:50:00 --> Could not find the language line "feeds input mobile_no"
ERROR - 2017-07-01 09:50:00 --> Could not find the language line "feeds input feed_name"
ERROR - 2017-07-01 09:50:00 --> Could not find the language line "feeds input email"
ERROR - 2017-07-01 09:50:00 --> Could not find the language line "feeds input mobile_no"
ERROR - 2017-07-01 09:50:00 --> Severity: Notice --> Undefined index: email_id /home/youmeopc/public_html/demo/elevaweb/application/application/views/admin/feeds/list.php 78
ERROR - 2017-07-01 09:50:00 --> Severity: Notice --> Undefined index: mobile_no /home/youmeopc/public_html/demo/elevaweb/application/application/views/admin/feeds/list.php 82
ERROR - 2017-07-01 09:50:00 --> Severity: Notice --> Undefined index: email_id /home/youmeopc/public_html/demo/elevaweb/application/application/views/admin/feeds/list.php 78
ERROR - 2017-07-01 09:50:00 --> Severity: Notice --> Undefined index: mobile_no /home/youmeopc/public_html/demo/elevaweb/application/application/views/admin/feeds/list.php 82
ERROR - 2017-07-01 09:50:00 --> Severity: Notice --> Undefined index: email_id /home/youmeopc/public_html/demo/elevaweb/application/application/views/admin/feeds/list.php 78
ERROR - 2017-07-01 09:50:00 --> Severity: Notice --> Undefined index: mobile_no /home/youmeopc/public_html/demo/elevaweb/application/application/views/admin/feeds/list.php 82
ERROR - 2017-07-01 09:50:00 --> Severity: Notice --> Undefined index: email_id /home/youmeopc/public_html/demo/elevaweb/application/application/views/admin/feeds/list.php 78
ERROR - 2017-07-01 09:50:00 --> Severity: Notice --> Undefined index: mobile_no /home/youmeopc/public_html/demo/elevaweb/application/application/views/admin/feeds/list.php 82
ERROR - 2017-07-01 09:50:06 --> Could not find the language line "feeds input payment_status"
ERROR - 2017-07-01 09:50:06 --> Severity: Notice --> Undefined variable: paymentlist /home/youmeopc/public_html/demo/elevaweb/application/application/views/admin/feeds/form.php 66
ERROR - 2017-07-01 09:50:15 --> Could not find the language line "feeds tooltip add_new_feed"
ERROR - 2017-07-01 09:50:15 --> Could not find the language line "feeds input email"
ERROR - 2017-07-01 09:50:15 --> Could not find the language line "feeds input mobile_no"
ERROR - 2017-07-01 09:50:15 --> Could not find the language line "feeds input feed_name"
ERROR - 2017-07-01 09:50:15 --> Could not find the language line "feeds input email"
ERROR - 2017-07-01 09:50:15 --> Could not find the language line "feeds input mobile_no"
ERROR - 2017-07-01 09:50:15 --> Severity: Notice --> Undefined index: email_id /home/youmeopc/public_html/demo/elevaweb/application/application/views/admin/feeds/list.php 78
ERROR - 2017-07-01 09:50:15 --> Severity: Notice --> Undefined index: mobile_no /home/youmeopc/public_html/demo/elevaweb/application/application/views/admin/feeds/list.php 82
ERROR - 2017-07-01 09:50:15 --> Severity: Notice --> Undefined index: email_id /home/youmeopc/public_html/demo/elevaweb/application/application/views/admin/feeds/list.php 78
ERROR - 2017-07-01 09:50:15 --> Severity: Notice --> Undefined index: mobile_no /home/youmeopc/public_html/demo/elevaweb/application/application/views/admin/feeds/list.php 82
ERROR - 2017-07-01 09:50:15 --> Severity: Notice --> Undefined index: email_id /home/youmeopc/public_html/demo/elevaweb/application/application/views/admin/feeds/list.php 78
ERROR - 2017-07-01 09:50:15 --> Severity: Notice --> Undefined index: mobile_no /home/youmeopc/public_html/demo/elevaweb/application/application/views/admin/feeds/list.php 82
ERROR - 2017-07-01 09:50:15 --> Severity: Notice --> Undefined index: email_id /home/youmeopc/public_html/demo/elevaweb/application/application/views/admin/feeds/list.php 78
ERROR - 2017-07-01 09:50:15 --> Severity: Notice --> Undefined index: mobile_no /home/youmeopc/public_html/demo/elevaweb/application/application/views/admin/feeds/list.php 82
ERROR - 2017-07-01 09:50:21 --> Query error: Unknown column 'updated_by' in 'field list' - Invalid query: UPDATE `feeds` SET `is_active` = 0, `deleted` = 1, `updated_by` = NULL, `updated_on` = '2017-07-01 09:50:21'
WHERE `feed_id` > 1
AND `feed_id` = '4'
ERROR - 2017-07-01 09:50:30 --> Could not find the language line "feeds tooltip add_new_feed"
ERROR - 2017-07-01 09:50:30 --> Could not find the language line "feeds input email"
ERROR - 2017-07-01 09:50:30 --> Could not find the language line "feeds input mobile_no"
ERROR - 2017-07-01 09:50:30 --> Could not find the language line "feeds input feed_name"
ERROR - 2017-07-01 09:50:30 --> Could not find the language line "feeds input email"
ERROR - 2017-07-01 09:50:30 --> Could not find the language line "feeds input mobile_no"
ERROR - 2017-07-01 09:50:30 --> Severity: Notice --> Undefined index: email_id /home/youmeopc/public_html/demo/elevaweb/application/application/views/admin/feeds/list.php 78
ERROR - 2017-07-01 09:50:30 --> Severity: Notice --> Undefined index: mobile_no /home/youmeopc/public_html/demo/elevaweb/application/application/views/admin/feeds/list.php 82
ERROR - 2017-07-01 09:50:30 --> Severity: Notice --> Undefined index: email_id /home/youmeopc/public_html/demo/elevaweb/application/application/views/admin/feeds/list.php 78
ERROR - 2017-07-01 09:50:30 --> Severity: Notice --> Undefined index: mobile_no /home/youmeopc/public_html/demo/elevaweb/application/application/views/admin/feeds/list.php 82
ERROR - 2017-07-01 09:50:30 --> Severity: Notice --> Undefined index: email_id /home/youmeopc/public_html/demo/elevaweb/application/application/views/admin/feeds/list.php 78
ERROR - 2017-07-01 09:50:30 --> Severity: Notice --> Undefined index: mobile_no /home/youmeopc/public_html/demo/elevaweb/application/application/views/admin/feeds/list.php 82
ERROR - 2017-07-01 09:50:30 --> Severity: Notice --> Undefined index: email_id /home/youmeopc/public_html/demo/elevaweb/application/application/views/admin/feeds/list.php 78
ERROR - 2017-07-01 09:50:30 --> Severity: Notice --> Undefined index: mobile_no /home/youmeopc/public_html/demo/elevaweb/application/application/views/admin/feeds/list.php 82
ERROR - 2017-07-01 09:51:14 --> Could not find the language line "feeds tooltip add_new_feed"
ERROR - 2017-07-01 09:51:14 --> Could not find the language line "feeds input email"
ERROR - 2017-07-01 09:51:14 --> Could not find the language line "feeds input mobile_no"
ERROR - 2017-07-01 09:51:14 --> Could not find the language line "feeds input feed_name"
ERROR - 2017-07-01 09:51:14 --> Could not find the language line "feeds input email"
ERROR - 2017-07-01 09:51:14 --> Could not find the language line "feeds input mobile_no"
ERROR - 2017-07-01 09:51:14 --> Severity: Notice --> Undefined index: email_id /home/youmeopc/public_html/demo/elevaweb/application/application/views/admin/feeds/list.php 78
ERROR - 2017-07-01 09:51:14 --> Severity: Notice --> Undefined index: mobile_no /home/youmeopc/public_html/demo/elevaweb/application/application/views/admin/feeds/list.php 82
ERROR - 2017-07-01 09:51:14 --> Severity: Notice --> Undefined index: email_id /home/youmeopc/public_html/demo/elevaweb/application/application/views/admin/feeds/list.php 78
ERROR - 2017-07-01 09:51:14 --> Severity: Notice --> Undefined index: mobile_no /home/youmeopc/public_html/demo/elevaweb/application/application/views/admin/feeds/list.php 82
ERROR - 2017-07-01 09:51:14 --> Severity: Notice --> Undefined index: email_id /home/youmeopc/public_html/demo/elevaweb/application/application/views/admin/feeds/list.php 78
ERROR - 2017-07-01 09:51:14 --> Severity: Notice --> Undefined index: mobile_no /home/youmeopc/public_html/demo/elevaweb/application/application/views/admin/feeds/list.php 82
ERROR - 2017-07-01 09:51:14 --> Severity: Notice --> Undefined index: email_id /home/youmeopc/public_html/demo/elevaweb/application/application/views/admin/feeds/list.php 78
ERROR - 2017-07-01 09:51:14 --> Severity: Notice --> Undefined index: mobile_no /home/youmeopc/public_html/demo/elevaweb/application/application/views/admin/feeds/list.php 82
ERROR - 2017-07-01 09:51:22 --> Could not find the language line "feeds msg delete_feed"
ERROR - 2017-07-01 09:51:23 --> Could not find the language line "feeds tooltip add_new_feed"
ERROR - 2017-07-01 09:51:23 --> Could not find the language line "feeds input email"
ERROR - 2017-07-01 09:51:23 --> Could not find the language line "feeds input mobile_no"
ERROR - 2017-07-01 09:51:23 --> Could not find the language line "feeds input feed_name"
ERROR - 2017-07-01 09:51:23 --> Could not find the language line "feeds input email"
ERROR - 2017-07-01 09:51:23 --> Could not find the language line "feeds input mobile_no"
ERROR - 2017-07-01 09:51:23 --> Severity: Notice --> Undefined index: email_id /home/youmeopc/public_html/demo/elevaweb/application/application/views/admin/feeds/list.php 78
ERROR - 2017-07-01 09:51:23 --> Severity: Notice --> Undefined index: mobile_no /home/youmeopc/public_html/demo/elevaweb/application/application/views/admin/feeds/list.php 82
ERROR - 2017-07-01 09:51:23 --> Severity: Notice --> Undefined index: email_id /home/youmeopc/public_html/demo/elevaweb/application/application/views/admin/feeds/list.php 78
ERROR - 2017-07-01 09:51:23 --> Severity: Notice --> Undefined index: mobile_no /home/youmeopc/public_html/demo/elevaweb/application/application/views/admin/feeds/list.php 82
ERROR - 2017-07-01 09:51:23 --> Severity: Notice --> Undefined index: email_id /home/youmeopc/public_html/demo/elevaweb/application/application/views/admin/feeds/list.php 78
ERROR - 2017-07-01 09:51:23 --> Severity: Notice --> Undefined index: mobile_no /home/youmeopc/public_html/demo/elevaweb/application/application/views/admin/feeds/list.php 82
ERROR - 2017-07-01 09:52:35 --> Could not find the language line "feeds tooltip add_new_feed"
ERROR - 2017-07-01 09:52:35 --> Could not find the language line "feeds input email"
ERROR - 2017-07-01 09:52:35 --> Could not find the language line "feeds input mobile_no"
ERROR - 2017-07-01 09:52:35 --> Could not find the language line "feeds input feed_name"
ERROR - 2017-07-01 09:52:35 --> Could not find the language line "feeds input email"
ERROR - 2017-07-01 09:52:35 --> Could not find the language line "feeds input mobile_no"
ERROR - 2017-07-01 09:52:35 --> Severity: Notice --> Undefined index: email_id /home/youmeopc/public_html/demo/elevaweb/application/application/views/admin/feeds/list.php 78
ERROR - 2017-07-01 09:52:35 --> Severity: Notice --> Undefined index: mobile_no /home/youmeopc/public_html/demo/elevaweb/application/application/views/admin/feeds/list.php 82
ERROR - 2017-07-01 09:52:35 --> Severity: Notice --> Undefined index: email_id /home/youmeopc/public_html/demo/elevaweb/application/application/views/admin/feeds/list.php 78
ERROR - 2017-07-01 09:52:35 --> Severity: Notice --> Undefined index: mobile_no /home/youmeopc/public_html/demo/elevaweb/application/application/views/admin/feeds/list.php 82
ERROR - 2017-07-01 09:52:35 --> Severity: Notice --> Undefined index: email_id /home/youmeopc/public_html/demo/elevaweb/application/application/views/admin/feeds/list.php 78
ERROR - 2017-07-01 09:52:35 --> Severity: Notice --> Undefined index: mobile_no /home/youmeopc/public_html/demo/elevaweb/application/application/views/admin/feeds/list.php 82
ERROR - 2017-07-01 09:52:35 --> Severity: Notice --> Undefined index: email_id /home/youmeopc/public_html/demo/elevaweb/application/application/views/admin/feeds/list.php 78
ERROR - 2017-07-01 09:52:35 --> Severity: Notice --> Undefined index: mobile_no /home/youmeopc/public_html/demo/elevaweb/application/application/views/admin/feeds/list.php 82
ERROR - 2017-07-01 09:52:39 --> Could not find the language line "feeds input payment_status"
ERROR - 2017-07-01 09:52:39 --> Severity: Notice --> Undefined variable: paymentlist /home/youmeopc/public_html/demo/elevaweb/application/application/views/admin/feeds/form.php 66
ERROR - 2017-07-01 09:52:44 --> Could not find the language line "feeds msg edit_feed_success"
ERROR - 2017-07-01 09:52:44 --> Could not find the language line "feeds tooltip add_new_feed"
ERROR - 2017-07-01 09:52:44 --> Could not find the language line "feeds input email"
ERROR - 2017-07-01 09:52:44 --> Could not find the language line "feeds input mobile_no"
ERROR - 2017-07-01 09:52:44 --> Could not find the language line "feeds input feed_name"
ERROR - 2017-07-01 09:52:44 --> Could not find the language line "feeds input email"
ERROR - 2017-07-01 09:52:44 --> Could not find the language line "feeds input mobile_no"
ERROR - 2017-07-01 09:52:44 --> Severity: Notice --> Undefined index: email_id /home/youmeopc/public_html/demo/elevaweb/application/application/views/admin/feeds/list.php 78
ERROR - 2017-07-01 09:52:44 --> Severity: Notice --> Undefined index: mobile_no /home/youmeopc/public_html/demo/elevaweb/application/application/views/admin/feeds/list.php 82
ERROR - 2017-07-01 09:52:44 --> Severity: Notice --> Undefined index: email_id /home/youmeopc/public_html/demo/elevaweb/application/application/views/admin/feeds/list.php 78
ERROR - 2017-07-01 09:52:44 --> Severity: Notice --> Undefined index: mobile_no /home/youmeopc/public_html/demo/elevaweb/application/application/views/admin/feeds/list.php 82
ERROR - 2017-07-01 09:52:44 --> Severity: Notice --> Undefined index: email_id /home/youmeopc/public_html/demo/elevaweb/application/application/views/admin/feeds/list.php 78
ERROR - 2017-07-01 09:52:44 --> Severity: Notice --> Undefined index: mobile_no /home/youmeopc/public_html/demo/elevaweb/application/application/views/admin/feeds/list.php 82
ERROR - 2017-07-01 09:52:44 --> Severity: Notice --> Undefined index: email_id /home/youmeopc/public_html/demo/elevaweb/application/application/views/admin/feeds/list.php 78
ERROR - 2017-07-01 09:52:44 --> Severity: Notice --> Undefined index: mobile_no /home/youmeopc/public_html/demo/elevaweb/application/application/views/admin/feeds/list.php 82
ERROR - 2017-07-01 09:53:02 --> Could not find the language line "feeds tooltip add_new_feed"
ERROR - 2017-07-01 09:53:02 --> Could not find the language line "feeds input email"
ERROR - 2017-07-01 09:53:02 --> Could not find the language line "feeds input mobile_no"
ERROR - 2017-07-01 09:53:02 --> Could not find the language line "feeds input feed_name"
ERROR - 2017-07-01 09:53:02 --> Could not find the language line "feeds input email"
ERROR - 2017-07-01 09:53:02 --> Could not find the language line "feeds input mobile_no"
ERROR - 2017-07-01 09:53:02 --> Severity: Notice --> Undefined index: email_id /home/youmeopc/public_html/demo/elevaweb/application/application/views/admin/feeds/list.php 78
ERROR - 2017-07-01 09:53:02 --> Severity: Notice --> Undefined index: mobile_no /home/youmeopc/public_html/demo/elevaweb/application/application/views/admin/feeds/list.php 82
ERROR - 2017-07-01 09:53:02 --> Severity: Notice --> Undefined index: email_id /home/youmeopc/public_html/demo/elevaweb/application/application/views/admin/feeds/list.php 78
ERROR - 2017-07-01 09:53:02 --> Severity: Notice --> Undefined index: mobile_no /home/youmeopc/public_html/demo/elevaweb/application/application/views/admin/feeds/list.php 82
ERROR - 2017-07-01 09:53:02 --> Severity: Notice --> Undefined index: email_id /home/youmeopc/public_html/demo/elevaweb/application/application/views/admin/feeds/list.php 78
ERROR - 2017-07-01 09:53:02 --> Severity: Notice --> Undefined index: mobile_no /home/youmeopc/public_html/demo/elevaweb/application/application/views/admin/feeds/list.php 82
ERROR - 2017-07-01 09:53:02 --> Severity: Notice --> Undefined index: email_id /home/youmeopc/public_html/demo/elevaweb/application/application/views/admin/feeds/list.php 78
ERROR - 2017-07-01 09:53:02 --> Severity: Notice --> Undefined index: mobile_no /home/youmeopc/public_html/demo/elevaweb/application/application/views/admin/feeds/list.php 82
ERROR - 2017-07-01 20:23:27 --> 404 Page Not Found: Themes/admin
ERROR - 2017-07-01 15:53:29 --> Could not find the language line "feeds tooltip add_new_feed"
ERROR - 2017-07-01 15:53:29 --> Could not find the language line "feeds input email"
ERROR - 2017-07-01 15:53:29 --> Could not find the language line "feeds input mobile_no"
ERROR - 2017-07-01 15:53:29 --> Could not find the language line "feeds input feed_name"
ERROR - 2017-07-01 15:53:29 --> Could not find the language line "feeds input email"
ERROR - 2017-07-01 15:53:29 --> Could not find the language line "feeds input mobile_no"
ERROR - 2017-07-01 15:53:29 --> Severity: Notice --> Undefined index: email_id /home/youmeopc/public_html/demo/elevaweb/application/application/views/admin/feeds/list.php 78
ERROR - 2017-07-01 15:53:29 --> Severity: Notice --> Undefined index: mobile_no /home/youmeopc/public_html/demo/elevaweb/application/application/views/admin/feeds/list.php 82
ERROR - 2017-07-01 15:53:29 --> Severity: Notice --> Undefined index: email_id /home/youmeopc/public_html/demo/elevaweb/application/application/views/admin/feeds/list.php 78
ERROR - 2017-07-01 15:53:29 --> Severity: Notice --> Undefined index: mobile_no /home/youmeopc/public_html/demo/elevaweb/application/application/views/admin/feeds/list.php 82
ERROR - 2017-07-01 15:53:29 --> Severity: Notice --> Undefined index: email_id /home/youmeopc/public_html/demo/elevaweb/application/application/views/admin/feeds/list.php 78
ERROR - 2017-07-01 15:53:29 --> Severity: Notice --> Undefined index: mobile_no /home/youmeopc/public_html/demo/elevaweb/application/application/views/admin/feeds/list.php 82
ERROR - 2017-07-01 15:53:29 --> Severity: Notice --> Undefined index: email_id /home/youmeopc/public_html/demo/elevaweb/application/application/views/admin/feeds/list.php 78
ERROR - 2017-07-01 15:53:29 --> Severity: Notice --> Undefined index: mobile_no /home/youmeopc/public_html/demo/elevaweb/application/application/views/admin/feeds/list.php 82
ERROR - 2017-07-01 15:53:44 --> Could not find the language line "feeds msg delete_feed"
ERROR - 2017-07-01 15:53:44 --> Could not find the language line "feeds tooltip add_new_feed"
ERROR - 2017-07-01 15:53:44 --> Could not find the language line "feeds input email"
ERROR - 2017-07-01 15:53:44 --> Could not find the language line "feeds input mobile_no"
ERROR - 2017-07-01 15:53:44 --> Could not find the language line "feeds input feed_name"
ERROR - 2017-07-01 15:53:44 --> Could not find the language line "feeds input email"
ERROR - 2017-07-01 15:53:44 --> Could not find the language line "feeds input mobile_no"
ERROR - 2017-07-01 15:53:44 --> Severity: Notice --> Undefined index: email_id /home/youmeopc/public_html/demo/elevaweb/application/application/views/admin/feeds/list.php 78
ERROR - 2017-07-01 15:53:44 --> Severity: Notice --> Undefined index: mobile_no /home/youmeopc/public_html/demo/elevaweb/application/application/views/admin/feeds/list.php 82
ERROR - 2017-07-01 15:53:44 --> Severity: Notice --> Undefined index: email_id /home/youmeopc/public_html/demo/elevaweb/application/application/views/admin/feeds/list.php 78
ERROR - 2017-07-01 15:53:44 --> Severity: Notice --> Undefined index: mobile_no /home/youmeopc/public_html/demo/elevaweb/application/application/views/admin/feeds/list.php 82
ERROR - 2017-07-01 15:53:44 --> Severity: Notice --> Undefined index: email_id /home/youmeopc/public_html/demo/elevaweb/application/application/views/admin/feeds/list.php 78
ERROR - 2017-07-01 15:53:44 --> Severity: Notice --> Undefined index: mobile_no /home/youmeopc/public_html/demo/elevaweb/application/application/views/admin/feeds/list.php 82
ERROR - 2017-07-01 15:55:15 --> Could not find the language line "feeds input payment_status"
ERROR - 2017-07-01 15:55:15 --> Severity: Notice --> Undefined variable: paymentlist /home/youmeopc/public_html/demo/elevaweb/application/application/views/admin/feeds/form.php 66
ERROR - 2017-07-01 17:00:34 --> Could not find the language line "feeds input payment_status"
ERROR - 2017-07-01 17:00:34 --> Severity: Notice --> Undefined variable: paymentlist /home/youmeopc/public_html/demo/elevaweb/application/application/views/admin/feeds/form.php 66
ERROR - 2017-07-01 22:39:30 --> 404 Page Not Found: Themes/admin
ERROR - 2017-07-01 22:39:31 --> 404 Page Not Found: Themes/admin
ERROR - 2017-07-01 18:09:33 --> Could not find the language line "feeds tooltip add_new_feed"
ERROR - 2017-07-01 18:09:33 --> Could not find the language line "feeds input email"
ERROR - 2017-07-01 18:09:33 --> Could not find the language line "feeds input mobile_no"
ERROR - 2017-07-01 18:09:33 --> Could not find the language line "feeds input feed_name"
ERROR - 2017-07-01 18:09:33 --> Could not find the language line "feeds input email"
ERROR - 2017-07-01 18:09:33 --> Could not find the language line "feeds input mobile_no"
ERROR - 2017-07-01 18:09:33 --> Severity: Notice --> Undefined index: email_id /home/youmeopc/public_html/demo/elevaweb/application/application/views/admin/feeds/list.php 78
ERROR - 2017-07-01 18:09:33 --> Severity: Notice --> Undefined index: mobile_no /home/youmeopc/public_html/demo/elevaweb/application/application/views/admin/feeds/list.php 82
ERROR - 2017-07-01 18:09:33 --> Severity: Notice --> Undefined index: email_id /home/youmeopc/public_html/demo/elevaweb/application/application/views/admin/feeds/list.php 78
ERROR - 2017-07-01 18:09:33 --> Severity: Notice --> Undefined index: mobile_no /home/youmeopc/public_html/demo/elevaweb/application/application/views/admin/feeds/list.php 82
ERROR - 2017-07-01 18:09:33 --> Severity: Notice --> Undefined index: email_id /home/youmeopc/public_html/demo/elevaweb/application/application/views/admin/feeds/list.php 78
ERROR - 2017-07-01 18:09:33 --> Severity: Notice --> Undefined index: mobile_no /home/youmeopc/public_html/demo/elevaweb/application/application/views/admin/feeds/list.php 82
ERROR - 2017-07-01 18:09:36 --> Could not find the language line "feeds input payment_status"
ERROR - 2017-07-01 18:09:36 --> Severity: Notice --> Undefined variable: paymentlist /home/youmeopc/public_html/demo/elevaweb/application/application/views/admin/feeds/form.php 66
ERROR - 2017-07-01 18:09:56 --> Could not find the language line "feeds tooltip add_new_feed"
ERROR - 2017-07-01 18:09:56 --> Could not find the language line "feeds input email"
ERROR - 2017-07-01 18:09:56 --> Could not find the language line "feeds input mobile_no"
ERROR - 2017-07-01 18:09:56 --> Could not find the language line "feeds input feed_name"
ERROR - 2017-07-01 18:09:56 --> Could not find the language line "feeds input email"
ERROR - 2017-07-01 18:09:56 --> Could not find the language line "feeds input mobile_no"
ERROR - 2017-07-01 18:09:56 --> Severity: Notice --> Undefined index: email_id /home/youmeopc/public_html/demo/elevaweb/application/application/views/admin/feeds/list.php 78
ERROR - 2017-07-01 18:09:56 --> Severity: Notice --> Undefined index: mobile_no /home/youmeopc/public_html/demo/elevaweb/application/application/views/admin/feeds/list.php 82
ERROR - 2017-07-01 18:09:56 --> Severity: Notice --> Undefined index: email_id /home/youmeopc/public_html/demo/elevaweb/application/application/views/admin/feeds/list.php 78
ERROR - 2017-07-01 18:09:56 --> Severity: Notice --> Undefined index: mobile_no /home/youmeopc/public_html/demo/elevaweb/application/application/views/admin/feeds/list.php 82
ERROR - 2017-07-01 18:09:56 --> Severity: Notice --> Undefined index: email_id /home/youmeopc/public_html/demo/elevaweb/application/application/views/admin/feeds/list.php 78
ERROR - 2017-07-01 18:09:56 --> Severity: Notice --> Undefined index: mobile_no /home/youmeopc/public_html/demo/elevaweb/application/application/views/admin/feeds/list.php 82
ERROR - 2017-07-01 18:10:01 --> Could not find the language line "feeds input payment_status"
ERROR - 2017-07-01 18:10:01 --> Severity: Notice --> Undefined variable: paymentlist /home/youmeopc/public_html/demo/elevaweb/application/application/views/admin/feeds/form.php 66
ERROR - 2017-07-01 22:45:16 --> 404 Page Not Found: Themes/admin
ERROR - 2017-07-01 18:21:57 --> Could not find the language line "form_validation__check_login"
ERROR - 2017-07-01 18:22:08 --> Could not find the language line "form_validation__check_login"
ERROR - 2017-07-01 18:22:24 --> Could not find the language line "form_validation__check_login"
ERROR - 2017-07-01 22:52:38 --> 404 Page Not Found: Themes/admin
ERROR - 2017-07-01 18:22:40 --> Could not find the language line "customers col last_name"
ERROR - 2017-07-01 18:22:40 --> Could not find the language line "customers input last_name"
ERROR - 2017-07-01 18:22:40 --> Severity: Notice --> Undefined index: last_name /home/youmeopc/public_html/demo/elevaweb/application/application/views/admin/customers/list.php 114
ERROR - 2017-07-01 18:22:40 --> Severity: Notice --> Undefined index: last_name /home/youmeopc/public_html/demo/elevaweb/application/application/views/admin/customers/list.php 114
ERROR - 2017-07-01 18:22:40 --> Severity: Notice --> Undefined index: last_name /home/youmeopc/public_html/demo/elevaweb/application/application/views/admin/customers/list.php 114
ERROR - 2017-07-01 18:22:40 --> Severity: Notice --> Undefined index: last_name /home/youmeopc/public_html/demo/elevaweb/application/application/views/admin/customers/list.php 114
ERROR - 2017-07-01 18:22:40 --> Severity: Notice --> Undefined index: last_name /home/youmeopc/public_html/demo/elevaweb/application/application/views/admin/customers/list.php 114
ERROR - 2017-07-01 18:22:40 --> Severity: Notice --> Undefined index: last_name /home/youmeopc/public_html/demo/elevaweb/application/application/views/admin/customers/list.php 114
ERROR - 2017-07-01 18:22:40 --> Severity: Notice --> Undefined index: last_name /home/youmeopc/public_html/demo/elevaweb/application/application/views/admin/customers/list.php 114
ERROR - 2017-07-01 18:22:40 --> Severity: Notice --> Undefined index: last_name /home/youmeopc/public_html/demo/elevaweb/application/application/views/admin/customers/list.php 114
ERROR - 2017-07-01 18:22:40 --> Severity: Notice --> Undefined index: last_name /home/youmeopc/public_html/demo/elevaweb/application/application/views/admin/customers/list.php 114
ERROR - 2017-07-01 18:22:40 --> Severity: Notice --> Undefined index: last_name /home/youmeopc/public_html/demo/elevaweb/application/application/views/admin/customers/list.php 114
ERROR - 2017-07-01 18:22:50 --> Could not find the language line "customers col last_name"
ERROR - 2017-07-01 18:22:50 --> Could not find the language line "customers input last_name"
ERROR - 2017-07-01 18:22:50 --> Severity: Notice --> Undefined index: last_name /home/youmeopc/public_html/demo/elevaweb/application/application/views/admin/customers/list.php 114
ERROR - 2017-07-01 18:22:50 --> Severity: Notice --> Undefined index: last_name /home/youmeopc/public_html/demo/elevaweb/application/application/views/admin/customers/list.php 114
ERROR - 2017-07-01 18:22:50 --> Severity: Notice --> Undefined index: last_name /home/youmeopc/public_html/demo/elevaweb/application/application/views/admin/customers/list.php 114
ERROR - 2017-07-01 18:22:50 --> Severity: Notice --> Undefined index: last_name /home/youmeopc/public_html/demo/elevaweb/application/application/views/admin/customers/list.php 114
ERROR - 2017-07-01 18:22:50 --> Severity: Notice --> Undefined index: last_name /home/youmeopc/public_html/demo/elevaweb/application/application/views/admin/customers/list.php 114
ERROR - 2017-07-01 18:22:50 --> Severity: Notice --> Undefined index: last_name /home/youmeopc/public_html/demo/elevaweb/application/application/views/admin/customers/list.php 114
ERROR - 2017-07-01 18:22:50 --> Severity: Notice --> Undefined index: last_name /home/youmeopc/public_html/demo/elevaweb/application/application/views/admin/customers/list.php 114
ERROR - 2017-07-01 18:22:50 --> Severity: Notice --> Undefined index: last_name /home/youmeopc/public_html/demo/elevaweb/application/application/views/admin/customers/list.php 114
ERROR - 2017-07-01 18:22:50 --> Severity: Notice --> Undefined index: last_name /home/youmeopc/public_html/demo/elevaweb/application/application/views/admin/customers/list.php 114
ERROR - 2017-07-01 18:22:50 --> Severity: Notice --> Undefined index: last_name /home/youmeopc/public_html/demo/elevaweb/application/application/views/admin/customers/list.php 114
ERROR - 2017-07-01 18:22:57 --> Could not find the language line "customers input last_name"
ERROR - 2017-07-01 18:23:08 --> Could not find the language line "customers col last_name"
ERROR - 2017-07-01 18:23:08 --> Could not find the language line "customers input last_name"
ERROR - 2017-07-01 18:23:08 --> Severity: Notice --> Undefined index: last_name /home/youmeopc/public_html/demo/elevaweb/application/application/views/admin/customers/list.php 114
ERROR - 2017-07-01 18:23:08 --> Severity: Notice --> Undefined index: last_name /home/youmeopc/public_html/demo/elevaweb/application/application/views/admin/customers/list.php 114
ERROR - 2017-07-01 18:23:08 --> Severity: Notice --> Undefined index: last_name /home/youmeopc/public_html/demo/elevaweb/application/application/views/admin/customers/list.php 114
ERROR - 2017-07-01 18:23:08 --> Severity: Notice --> Undefined index: last_name /home/youmeopc/public_html/demo/elevaweb/application/application/views/admin/customers/list.php 114
ERROR - 2017-07-01 18:23:08 --> Severity: Notice --> Undefined index: last_name /home/youmeopc/public_html/demo/elevaweb/application/application/views/admin/customers/list.php 114
ERROR - 2017-07-01 18:23:08 --> Severity: Notice --> Undefined index: last_name /home/youmeopc/public_html/demo/elevaweb/application/application/views/admin/customers/list.php 114
ERROR - 2017-07-01 18:23:08 --> Severity: Notice --> Undefined index: last_name /home/youmeopc/public_html/demo/elevaweb/application/application/views/admin/customers/list.php 114
ERROR - 2017-07-01 18:23:08 --> Severity: Notice --> Undefined index: last_name /home/youmeopc/public_html/demo/elevaweb/application/application/views/admin/customers/list.php 114
ERROR - 2017-07-01 18:23:08 --> Severity: Notice --> Undefined index: last_name /home/youmeopc/public_html/demo/elevaweb/application/application/views/admin/customers/list.php 114
ERROR - 2017-07-01 18:23:08 --> Severity: Notice --> Undefined index: last_name /home/youmeopc/public_html/demo/elevaweb/application/application/views/admin/customers/list.php 114
ERROR - 2017-07-01 18:23:31 --> Could not find the language line "customers col last_name"
ERROR - 2017-07-01 18:23:31 --> Could not find the language line "customers input last_name"
ERROR - 2017-07-01 18:23:31 --> Severity: Notice --> Undefined index: last_name /home/youmeopc/public_html/demo/elevaweb/application/application/views/admin/customers/list.php 114
ERROR - 2017-07-01 18:23:31 --> Severity: Notice --> Undefined index: last_name /home/youmeopc/public_html/demo/elevaweb/application/application/views/admin/customers/list.php 114
ERROR - 2017-07-01 18:23:31 --> Severity: Notice --> Undefined index: last_name /home/youmeopc/public_html/demo/elevaweb/application/application/views/admin/customers/list.php 114
ERROR - 2017-07-01 18:23:31 --> Severity: Notice --> Undefined index: last_name /home/youmeopc/public_html/demo/elevaweb/application/application/views/admin/customers/list.php 114
ERROR - 2017-07-01 18:23:31 --> Severity: Notice --> Undefined index: last_name /home/youmeopc/public_html/demo/elevaweb/application/application/views/admin/customers/list.php 114
ERROR - 2017-07-01 18:23:31 --> Severity: Notice --> Undefined index: last_name /home/youmeopc/public_html/demo/elevaweb/application/application/views/admin/customers/list.php 114
ERROR - 2017-07-01 18:23:31 --> Severity: Notice --> Undefined index: last_name /home/youmeopc/public_html/demo/elevaweb/application/application/views/admin/customers/list.php 114
ERROR - 2017-07-01 18:23:31 --> Severity: Notice --> Undefined index: last_name /home/youmeopc/public_html/demo/elevaweb/application/application/views/admin/customers/list.php 114
ERROR - 2017-07-01 18:23:31 --> Could not find the language line "customers col last_name"
ERROR - 2017-07-01 18:23:31 --> Could not find the language line "customers input last_name"
ERROR - 2017-07-01 18:23:31 --> Severity: Notice --> Undefined index: last_name /home/youmeopc/public_html/demo/elevaweb/application/application/views/admin/customers/list.php 114
ERROR - 2017-07-01 18:23:31 --> Severity: Notice --> Undefined index: last_name /home/youmeopc/public_html/demo/elevaweb/application/application/views/admin/customers/list.php 114
ERROR - 2017-07-01 18:23:31 --> Severity: Notice --> Undefined index: last_name /home/youmeopc/public_html/demo/elevaweb/application/application/views/admin/customers/list.php 114
ERROR - 2017-07-01 18:23:31 --> Severity: Notice --> Undefined index: last_name /home/youmeopc/public_html/demo/elevaweb/application/application/views/admin/customers/list.php 114
ERROR - 2017-07-01 18:23:31 --> Severity: Notice --> Undefined index: last_name /home/youmeopc/public_html/demo/elevaweb/application/application/views/admin/customers/list.php 114
ERROR - 2017-07-01 18:23:31 --> Severity: Notice --> Undefined index: last_name /home/youmeopc/public_html/demo/elevaweb/application/application/views/admin/customers/list.php 114
ERROR - 2017-07-01 18:23:31 --> Severity: Notice --> Undefined index: last_name /home/youmeopc/public_html/demo/elevaweb/application/application/views/admin/customers/list.php 114
ERROR - 2017-07-01 18:23:31 --> Severity: Notice --> Undefined index: last_name /home/youmeopc/public_html/demo/elevaweb/application/application/views/admin/customers/list.php 114
ERROR - 2017-07-01 18:23:38 --> Could not find the language line "customers col last_name"
ERROR - 2017-07-01 18:23:38 --> Could not find the language line "customers input last_name"
ERROR - 2017-07-01 18:23:38 --> Severity: Notice --> Undefined index: last_name /home/youmeopc/public_html/demo/elevaweb/application/application/views/admin/customers/list.php 114
ERROR - 2017-07-01 18:23:38 --> Severity: Notice --> Undefined index: last_name /home/youmeopc/public_html/demo/elevaweb/application/application/views/admin/customers/list.php 114
ERROR - 2017-07-01 18:23:38 --> Severity: Notice --> Undefined index: last_name /home/youmeopc/public_html/demo/elevaweb/application/application/views/admin/customers/list.php 114
ERROR - 2017-07-01 18:23:38 --> Severity: Notice --> Undefined index: last_name /home/youmeopc/public_html/demo/elevaweb/application/application/views/admin/customers/list.php 114
ERROR - 2017-07-01 18:23:38 --> Severity: Notice --> Undefined index: last_name /home/youmeopc/public_html/demo/elevaweb/application/application/views/admin/customers/list.php 114
ERROR - 2017-07-01 18:23:38 --> Severity: Notice --> Undefined index: last_name /home/youmeopc/public_html/demo/elevaweb/application/application/views/admin/customers/list.php 114
ERROR - 2017-07-01 18:23:38 --> Severity: Notice --> Undefined index: last_name /home/youmeopc/public_html/demo/elevaweb/application/application/views/admin/customers/list.php 114
ERROR - 2017-07-01 18:23:38 --> Severity: Notice --> Undefined index: last_name /home/youmeopc/public_html/demo/elevaweb/application/application/views/admin/customers/list.php 114
ERROR - 2017-07-01 18:23:38 --> Severity: Notice --> Undefined index: last_name /home/youmeopc/public_html/demo/elevaweb/application/application/views/admin/customers/list.php 114
ERROR - 2017-07-01 18:23:38 --> Severity: Notice --> Undefined index: last_name /home/youmeopc/public_html/demo/elevaweb/application/application/views/admin/customers/list.php 114
ERROR - 2017-07-01 18:23:43 --> Could not find the language line "customers input last_name"
ERROR - 2017-07-01 18:23:51 --> Could not find the language line "customers col last_name"
ERROR - 2017-07-01 18:23:51 --> Could not find the language line "customers input last_name"
ERROR - 2017-07-01 18:23:51 --> Severity: Notice --> Undefined index: last_name /home/youmeopc/public_html/demo/elevaweb/application/application/views/admin/customers/list.php 114
ERROR - 2017-07-01 18:23:51 --> Severity: Notice --> Undefined index: last_name /home/youmeopc/public_html/demo/elevaweb/application/application/views/admin/customers/list.php 114
ERROR - 2017-07-01 18:23:51 --> Severity: Notice --> Undefined index: last_name /home/youmeopc/public_html/demo/elevaweb/application/application/views/admin/customers/list.php 114
ERROR - 2017-07-01 18:23:51 --> Severity: Notice --> Undefined index: last_name /home/youmeopc/public_html/demo/elevaweb/application/application/views/admin/customers/list.php 114
ERROR - 2017-07-01 18:23:51 --> Severity: Notice --> Undefined index: last_name /home/youmeopc/public_html/demo/elevaweb/application/application/views/admin/customers/list.php 114
ERROR - 2017-07-01 18:23:51 --> Severity: Notice --> Undefined index: last_name /home/youmeopc/public_html/demo/elevaweb/application/application/views/admin/customers/list.php 114
ERROR - 2017-07-01 18:23:51 --> Severity: Notice --> Undefined index: last_name /home/youmeopc/public_html/demo/elevaweb/application/application/views/admin/customers/list.php 114
ERROR - 2017-07-01 18:23:51 --> Severity: Notice --> Undefined index: last_name /home/youmeopc/public_html/demo/elevaweb/application/application/views/admin/customers/list.php 114
ERROR - 2017-07-01 18:23:51 --> Severity: Notice --> Undefined index: last_name /home/youmeopc/public_html/demo/elevaweb/application/application/views/admin/customers/list.php 114
ERROR - 2017-07-01 18:23:51 --> Severity: Notice --> Undefined index: last_name /home/youmeopc/public_html/demo/elevaweb/application/application/views/admin/customers/list.php 114
ERROR - 2017-07-01 18:26:37 --> Could not find the language line "customers input last_name"
ERROR - 2017-07-01 18:26:50 --> Could not find the language line "customers col last_name"
ERROR - 2017-07-01 18:26:50 --> Could not find the language line "customers input last_name"
ERROR - 2017-07-01 18:26:50 --> Severity: Notice --> Undefined index: last_name /home/youmeopc/public_html/demo/elevaweb/application/application/views/admin/customers/list.php 114
ERROR - 2017-07-01 18:26:50 --> Severity: Notice --> Undefined index: last_name /home/youmeopc/public_html/demo/elevaweb/application/application/views/admin/customers/list.php 114
ERROR - 2017-07-01 18:26:50 --> Severity: Notice --> Undefined index: last_name /home/youmeopc/public_html/demo/elevaweb/application/application/views/admin/customers/list.php 114
ERROR - 2017-07-01 18:26:50 --> Severity: Notice --> Undefined index: last_name /home/youmeopc/public_html/demo/elevaweb/application/application/views/admin/customers/list.php 114
ERROR - 2017-07-01 18:26:50 --> Severity: Notice --> Undefined index: last_name /home/youmeopc/public_html/demo/elevaweb/application/application/views/admin/customers/list.php 114
ERROR - 2017-07-01 18:26:50 --> Severity: Notice --> Undefined index: last_name /home/youmeopc/public_html/demo/elevaweb/application/application/views/admin/customers/list.php 114
ERROR - 2017-07-01 18:26:50 --> Severity: Notice --> Undefined index: last_name /home/youmeopc/public_html/demo/elevaweb/application/application/views/admin/customers/list.php 114
ERROR - 2017-07-01 18:26:50 --> Severity: Notice --> Undefined index: last_name /home/youmeopc/public_html/demo/elevaweb/application/application/views/admin/customers/list.php 114
ERROR - 2017-07-01 18:26:50 --> Severity: Notice --> Undefined index: last_name /home/youmeopc/public_html/demo/elevaweb/application/application/views/admin/customers/list.php 114
ERROR - 2017-07-01 18:26:50 --> Severity: Notice --> Undefined index: last_name /home/youmeopc/public_html/demo/elevaweb/application/application/views/admin/customers/list.php 114
ERROR - 2017-07-01 18:35:49 --> Could not find the language line "feeds msg edit_feed_success"
ERROR - 2017-07-01 18:35:49 --> Could not find the language line "feeds tooltip add_new_feed"
ERROR - 2017-07-01 18:35:49 --> Could not find the language line "feeds input email"
ERROR - 2017-07-01 18:35:49 --> Could not find the language line "feeds input mobile_no"
ERROR - 2017-07-01 18:35:49 --> Could not find the language line "feeds input feed_name"
ERROR - 2017-07-01 18:35:49 --> Could not find the language line "feeds input email"
ERROR - 2017-07-01 18:35:49 --> Could not find the language line "feeds input mobile_no"
ERROR - 2017-07-01 18:35:49 --> Severity: Notice --> Undefined index: email_id /home/youmeopc/public_html/demo/elevaweb/application/application/views/admin/feeds/list.php 78
ERROR - 2017-07-01 18:35:49 --> Severity: Notice --> Undefined index: mobile_no /home/youmeopc/public_html/demo/elevaweb/application/application/views/admin/feeds/list.php 82
ERROR - 2017-07-01 18:35:49 --> Severity: Notice --> Undefined index: email_id /home/youmeopc/public_html/demo/elevaweb/application/application/views/admin/feeds/list.php 78
ERROR - 2017-07-01 18:35:49 --> Severity: Notice --> Undefined index: mobile_no /home/youmeopc/public_html/demo/elevaweb/application/application/views/admin/feeds/list.php 82
ERROR - 2017-07-01 18:35:49 --> Severity: Notice --> Undefined index: email_id /home/youmeopc/public_html/demo/elevaweb/application/application/views/admin/feeds/list.php 78
ERROR - 2017-07-01 18:35:49 --> Severity: Notice --> Undefined index: mobile_no /home/youmeopc/public_html/demo/elevaweb/application/application/views/admin/feeds/list.php 82
ERROR - 2017-07-01 18:36:40 --> Could not find the language line "feeds input payment_status"
ERROR - 2017-07-01 18:36:40 --> Severity: Notice --> Undefined variable: paymentlist /home/youmeopc/public_html/demo/elevaweb/application/application/views/admin/feeds/form.php 66
ERROR - 2017-07-01 18:56:01 --> Could not find the language line "feeds msg edit_feed_success"
ERROR - 2017-07-01 18:56:01 --> Could not find the language line "feeds tooltip add_new_feed"
ERROR - 2017-07-01 18:56:01 --> Could not find the language line "feeds input email"
ERROR - 2017-07-01 18:56:01 --> Could not find the language line "feeds input mobile_no"
ERROR - 2017-07-01 18:56:01 --> Could not find the language line "feeds input feed_name"
ERROR - 2017-07-01 18:56:01 --> Could not find the language line "feeds input email"
ERROR - 2017-07-01 18:56:01 --> Could not find the language line "feeds input mobile_no"
ERROR - 2017-07-01 18:56:01 --> Severity: Notice --> Undefined index: email_id /home/youmeopc/public_html/demo/elevaweb/application/application/views/admin/feeds/list.php 78
ERROR - 2017-07-01 18:56:01 --> Severity: Notice --> Undefined index: mobile_no /home/youmeopc/public_html/demo/elevaweb/application/application/views/admin/feeds/list.php 82
ERROR - 2017-07-01 18:56:01 --> Severity: Notice --> Undefined index: email_id /home/youmeopc/public_html/demo/elevaweb/application/application/views/admin/feeds/list.php 78
ERROR - 2017-07-01 18:56:01 --> Severity: Notice --> Undefined index: mobile_no /home/youmeopc/public_html/demo/elevaweb/application/application/views/admin/feeds/list.php 82
ERROR - 2017-07-01 18:56:01 --> Severity: Notice --> Undefined index: email_id /home/youmeopc/public_html/demo/elevaweb/application/application/views/admin/feeds/list.php 78
ERROR - 2017-07-01 18:56:01 --> Severity: Notice --> Undefined index: mobile_no /home/youmeopc/public_html/demo/elevaweb/application/application/views/admin/feeds/list.php 82
