ERROR - 2017-06-16 17:08:18 --> 404 Page Not Found: Themes/admin
ERROR - 2017-06-16 17:08:18 --> 404 Page Not Found: Themes/admin
ERROR - 2017-06-16 12:38:30 --> Could not find the language line "feeds tooltip add_new_feed"
ERROR - 2017-06-16 12:38:30 --> Could not find the language line "feeds input email"
ERROR - 2017-06-16 12:38:30 --> Could not find the language line "feeds input mobile_no"
ERROR - 2017-06-16 12:38:30 --> Could not find the language line "feeds input feed_name"
ERROR - 2017-06-16 12:38:30 --> Could not find the language line "feeds input email"
ERROR - 2017-06-16 12:38:30 --> Could not find the language line "feeds input mobile_no"
ERROR - 2017-06-16 12:38:30 --> Severity: Notice --> Undefined index: email_id /home/youmeopc/public_html/demo/elevaweb/application/application/views/admin/feeds/list.php 78
ERROR - 2017-06-16 12:38:30 --> Severity: Notice --> Undefined index: mobile_no /home/youmeopc/public_html/demo/elevaweb/application/application/views/admin/feeds/list.php 82
ERROR - 2017-06-16 12:38:30 --> Severity: Notice --> Undefined index: email_id /home/youmeopc/public_html/demo/elevaweb/application/application/views/admin/feeds/list.php 78
ERROR - 2017-06-16 12:38:30 --> Severity: Notice --> Undefined index: mobile_no /home/youmeopc/public_html/demo/elevaweb/application/application/views/admin/feeds/list.php 82
ERROR - 2017-06-16 12:38:30 --> Could not find the language line "feeds title feed_delete"
ERROR - 2017-06-16 12:38:30 --> Could not find the language line "feeds msg delete_confirm"
ERROR - 2017-06-16 12:38:30 --> Could not find the language line "feeds title feed_delete"
ERROR - 2017-06-16 12:38:30 --> Could not find the language line "feeds msg delete_confirm"
ERROR - 2017-06-16 12:38:43 --> Could not find the language line "feeds input payment_status"
ERROR - 2017-06-16 12:38:43 --> Severity: Notice --> Undefined variable: paymentlist /home/youmeopc/public_html/demo/elevaweb/application/application/views/admin/feeds/form.php 66
ERROR - 2017-06-16 12:38:49 --> Could not find the language line "feeds tooltip add_new_feed"
ERROR - 2017-06-16 12:38:49 --> Could not find the language line "feeds input email"
ERROR - 2017-06-16 12:38:49 --> Could not find the language line "feeds input mobile_no"
ERROR - 2017-06-16 12:38:49 --> Could not find the language line "feeds input feed_name"
ERROR - 2017-06-16 12:38:49 --> Could not find the language line "feeds input email"
ERROR - 2017-06-16 12:38:49 --> Could not find the language line "feeds input mobile_no"
ERROR - 2017-06-16 12:38:49 --> Severity: Notice --> Undefined index: email_id /home/youmeopc/public_html/demo/elevaweb/application/application/views/admin/feeds/list.php 78
ERROR - 2017-06-16 12:38:49 --> Severity: Notice --> Undefined index: mobile_no /home/youmeopc/public_html/demo/elevaweb/application/application/views/admin/feeds/list.php 82
ERROR - 2017-06-16 12:38:49 --> Severity: Notice --> Undefined index: email_id /home/youmeopc/public_html/demo/elevaweb/application/application/views/admin/feeds/list.php 78
ERROR - 2017-06-16 12:38:49 --> Severity: Notice --> Undefined index: mobile_no /home/youmeopc/public_html/demo/elevaweb/application/application/views/admin/feeds/list.php 82
ERROR - 2017-06-16 12:38:49 --> Could not find the language line "feeds title feed_delete"
ERROR - 2017-06-16 12:38:49 --> Could not find the language line "feeds msg delete_confirm"
ERROR - 2017-06-16 12:38:49 --> Could not find the language line "feeds title feed_delete"
ERROR - 2017-06-16 12:38:49 --> Could not find the language line "feeds msg delete_confirm"
ERROR - 2017-06-16 12:38:53 --> Could not find the language line "feeds input payment_status"
ERROR - 2017-06-16 12:38:53 --> Severity: Notice --> Undefined variable: paymentlist /home/youmeopc/public_html/demo/elevaweb/application/application/views/admin/feeds/form.php 66
ERROR - 2017-06-16 12:38:56 --> Could not find the language line "feeds tooltip add_new_feed"
ERROR - 2017-06-16 12:38:56 --> Could not find the language line "feeds input email"
ERROR - 2017-06-16 12:38:56 --> Could not find the language line "feeds input mobile_no"
ERROR - 2017-06-16 12:38:56 --> Could not find the language line "feeds input feed_name"
ERROR - 2017-06-16 12:38:56 --> Could not find the language line "feeds input email"
ERROR - 2017-06-16 12:38:56 --> Could not find the language line "feeds input mobile_no"
ERROR - 2017-06-16 12:38:56 --> Severity: Notice --> Undefined index: email_id /home/youmeopc/public_html/demo/elevaweb/application/application/views/admin/feeds/list.php 78
ERROR - 2017-06-16 12:38:56 --> Severity: Notice --> Undefined index: mobile_no /home/youmeopc/public_html/demo/elevaweb/application/application/views/admin/feeds/list.php 82
ERROR - 2017-06-16 12:38:56 --> Severity: Notice --> Undefined index: email_id /home/youmeopc/public_html/demo/elevaweb/application/application/views/admin/feeds/list.php 78
ERROR - 2017-06-16 12:38:56 --> Severity: Notice --> Undefined index: mobile_no /home/youmeopc/public_html/demo/elevaweb/application/application/views/admin/feeds/list.php 82
ERROR - 2017-06-16 12:38:56 --> Could not find the language line "feeds title feed_delete"
ERROR - 2017-06-16 12:38:56 --> Could not find the language line "feeds msg delete_confirm"
ERROR - 2017-06-16 12:38:56 --> Could not find the language line "feeds title feed_delete"
ERROR - 2017-06-16 12:38:56 --> Could not find the language line "feeds msg delete_confirm"
ERROR - 2017-06-16 12:39:22 --> Could not find the language line "customers col last_name"
ERROR - 2017-06-16 12:39:22 --> Could not find the language line "customers input last_name"
ERROR - 2017-06-16 12:39:36 --> Could not find the language line "customers col last_name"
ERROR - 2017-06-16 12:39:36 --> Could not find the language line "customers input last_name"
ERROR - 2017-06-16 17:09:39 --> 404 Page Not Found: Themes/admin
ERROR - 2017-06-16 12:39:48 --> Could not find the language line "customers col last_name"
ERROR - 2017-06-16 12:39:48 --> Could not find the language line "customers input last_name"
ERROR - 2017-06-16 22:11:12 --> 404 Page Not Found: Themes/admin
ERROR - 2017-06-16 17:41:23 --> Could not find the language line "feeds tooltip add_new_feed"
ERROR - 2017-06-16 17:41:23 --> Could not find the language line "feeds input email"
ERROR - 2017-06-16 17:41:23 --> Could not find the language line "feeds input mobile_no"
ERROR - 2017-06-16 17:41:23 --> Could not find the language line "feeds input feed_name"
ERROR - 2017-06-16 17:41:23 --> Could not find the language line "feeds input email"
ERROR - 2017-06-16 17:41:23 --> Could not find the language line "feeds input mobile_no"
ERROR - 2017-06-16 17:41:23 --> Severity: Notice --> Undefined index: email_id /home/youmeopc/public_html/demo/elevaweb/application/application/views/admin/feeds/list.php 78
ERROR - 2017-06-16 17:41:23 --> Severity: Notice --> Undefined index: mobile_no /home/youmeopc/public_html/demo/elevaweb/application/application/views/admin/feeds/list.php 82
ERROR - 2017-06-16 17:41:23 --> Severity: Notice --> Undefined index: email_id /home/youmeopc/public_html/demo/elevaweb/application/application/views/admin/feeds/list.php 78
ERROR - 2017-06-16 17:41:23 --> Severity: Notice --> Undefined index: mobile_no /home/youmeopc/public_html/demo/elevaweb/application/application/views/admin/feeds/list.php 82
ERROR - 2017-06-16 17:41:23 --> Could not find the language line "feeds title feed_delete"
ERROR - 2017-06-16 17:41:23 --> Could not find the language line "feeds msg delete_confirm"
ERROR - 2017-06-16 17:41:23 --> Could not find the language line "feeds title feed_delete"
ERROR - 2017-06-16 17:41:23 --> Could not find the language line "feeds msg delete_confirm"
ERROR - 2017-06-16 17:41:26 --> Could not find the language line "feeds input payment_status"
ERROR - 2017-06-16 17:41:26 --> Severity: Notice --> Undefined variable: paymentlist /home/youmeopc/public_html/demo/elevaweb/application/application/views/admin/feeds/form.php 66
ERROR - 2017-06-16 17:41:30 --> Could not find the language line "feeds tooltip add_new_feed"
ERROR - 2017-06-16 17:41:30 --> Could not find the language line "feeds input email"
ERROR - 2017-06-16 17:41:30 --> Could not find the language line "feeds input mobile_no"
ERROR - 2017-06-16 17:41:30 --> Could not find the language line "feeds input feed_name"
ERROR - 2017-06-16 17:41:30 --> Could not find the language line "feeds input email"
ERROR - 2017-06-16 17:41:30 --> Could not find the language line "feeds input mobile_no"
ERROR - 2017-06-16 17:41:30 --> Severity: Notice --> Undefined index: email_id /home/youmeopc/public_html/demo/elevaweb/application/application/views/admin/feeds/list.php 78
ERROR - 2017-06-16 17:41:30 --> Severity: Notice --> Undefined index: mobile_no /home/youmeopc/public_html/demo/elevaweb/application/application/views/admin/feeds/list.php 82
ERROR - 2017-06-16 17:41:30 --> Severity: Notice --> Undefined index: email_id /home/youmeopc/public_html/demo/elevaweb/application/application/views/admin/feeds/list.php 78
ERROR - 2017-06-16 17:41:30 --> Severity: Notice --> Undefined index: mobile_no /home/youmeopc/public_html/demo/elevaweb/application/application/views/admin/feeds/list.php 82
ERROR - 2017-06-16 17:41:30 --> Could not find the language line "feeds title feed_delete"
ERROR - 2017-06-16 17:41:30 --> Could not find the language line "feeds msg delete_confirm"
ERROR - 2017-06-16 17:41:30 --> Could not find the language line "feeds title feed_delete"
ERROR - 2017-06-16 17:41:30 --> Could not find the language line "feeds msg delete_confirm"
ERROR - 2017-06-16 17:41:33 --> Could not find the language line "feeds input payment_status"
ERROR - 2017-06-16 17:41:33 --> Severity: Notice --> Undefined variable: paymentlist /home/youmeopc/public_html/demo/elevaweb/application/application/views/admin/feeds/form.php 66
ERROR - 2017-06-16 17:41:38 --> Could not find the language line "feeds msg edit_feed_success"
ERROR - 2017-06-16 17:41:38 --> Could not find the language line "feeds tooltip add_new_feed"
ERROR - 2017-06-16 17:41:38 --> Could not find the language line "feeds input email"
ERROR - 2017-06-16 17:41:38 --> Could not find the language line "feeds input mobile_no"
ERROR - 2017-06-16 17:41:38 --> Could not find the language line "feeds input feed_name"
ERROR - 2017-06-16 17:41:38 --> Could not find the language line "feeds input email"
ERROR - 2017-06-16 17:41:38 --> Could not find the language line "feeds input mobile_no"
ERROR - 2017-06-16 17:41:38 --> Severity: Notice --> Undefined index: email_id /home/youmeopc/public_html/demo/elevaweb/application/application/views/admin/feeds/list.php 78
ERROR - 2017-06-16 17:41:38 --> Severity: Notice --> Undefined index: mobile_no /home/youmeopc/public_html/demo/elevaweb/application/application/views/admin/feeds/list.php 82
ERROR - 2017-06-16 17:41:38 --> Severity: Notice --> Undefined index: email_id /home/youmeopc/public_html/demo/elevaweb/application/application/views/admin/feeds/list.php 78
ERROR - 2017-06-16 17:41:38 --> Severity: Notice --> Undefined index: mobile_no /home/youmeopc/public_html/demo/elevaweb/application/application/views/admin/feeds/list.php 82
ERROR - 2017-06-16 17:41:38 --> Could not find the language line "feeds title feed_delete"
ERROR - 2017-06-16 17:41:38 --> Could not find the language line "feeds msg delete_confirm"
ERROR - 2017-06-16 17:41:38 --> Could not find the language line "feeds title feed_delete"
ERROR - 2017-06-16 17:41:38 --> Could not find the language line "feeds msg delete_confirm"
ERROR - 2017-06-16 17:41:54 --> Could not find the language line "feeds input payment_status"
ERROR - 2017-06-16 17:41:54 --> Severity: Notice --> Undefined variable: paymentlist /home/youmeopc/public_html/demo/elevaweb/application/application/views/admin/feeds/form.php 66
ERROR - 2017-06-16 17:45:31 --> Could not find the language line "feeds msg edit_feed_success"
ERROR - 2017-06-16 17:45:31 --> Could not find the language line "feeds tooltip add_new_feed"
ERROR - 2017-06-16 17:45:31 --> Could not find the language line "feeds input email"
ERROR - 2017-06-16 17:45:31 --> Could not find the language line "feeds input mobile_no"
ERROR - 2017-06-16 17:45:31 --> Could not find the language line "feeds input feed_name"
ERROR - 2017-06-16 17:45:31 --> Could not find the language line "feeds input email"
ERROR - 2017-06-16 17:45:31 --> Could not find the language line "feeds input mobile_no"
ERROR - 2017-06-16 17:45:31 --> Severity: Notice --> Undefined index: email_id /home/youmeopc/public_html/demo/elevaweb/application/application/views/admin/feeds/list.php 78
ERROR - 2017-06-16 17:45:31 --> Severity: Notice --> Undefined index: mobile_no /home/youmeopc/public_html/demo/elevaweb/application/application/views/admin/feeds/list.php 82
ERROR - 2017-06-16 17:45:31 --> Severity: Notice --> Undefined index: email_id /home/youmeopc/public_html/demo/elevaweb/application/application/views/admin/feeds/list.php 78
ERROR - 2017-06-16 17:45:31 --> Severity: Notice --> Undefined index: mobile_no /home/youmeopc/public_html/demo/elevaweb/application/application/views/admin/feeds/list.php 82
ERROR - 2017-06-16 17:45:31 --> Could not find the language line "feeds title feed_delete"
ERROR - 2017-06-16 17:45:31 --> Could not find the language line "feeds msg delete_confirm"
ERROR - 2017-06-16 17:45:31 --> Could not find the language line "feeds title feed_delete"
ERROR - 2017-06-16 17:45:31 --> Could not find the language line "feeds msg delete_confirm"
ERROR - 2017-06-16 17:46:19 --> Could not find the language line "feeds input payment_status"
ERROR - 2017-06-16 17:46:19 --> Severity: Notice --> Undefined variable: paymentlist /home/youmeopc/public_html/demo/elevaweb/application/application/views/admin/feeds/form.php 66
ERROR - 2017-06-16 17:46:42 --> Could not find the language line "feeds msg edit_feed_success"
ERROR - 2017-06-16 17:46:43 --> Could not find the language line "feeds tooltip add_new_feed"
ERROR - 2017-06-16 17:46:43 --> Could not find the language line "feeds input email"
ERROR - 2017-06-16 17:46:43 --> Could not find the language line "feeds input mobile_no"
ERROR - 2017-06-16 17:46:43 --> Could not find the language line "feeds input feed_name"
ERROR - 2017-06-16 17:46:43 --> Could not find the language line "feeds input email"
ERROR - 2017-06-16 17:46:43 --> Could not find the language line "feeds input mobile_no"
ERROR - 2017-06-16 17:46:43 --> Severity: Notice --> Undefined index: email_id /home/youmeopc/public_html/demo/elevaweb/application/application/views/admin/feeds/list.php 78
ERROR - 2017-06-16 17:46:43 --> Severity: Notice --> Undefined index: mobile_no /home/youmeopc/public_html/demo/elevaweb/application/application/views/admin/feeds/list.php 82
ERROR - 2017-06-16 17:46:43 --> Severity: Notice --> Undefined index: email_id /home/youmeopc/public_html/demo/elevaweb/application/application/views/admin/feeds/list.php 78
ERROR - 2017-06-16 17:46:43 --> Severity: Notice --> Undefined index: mobile_no /home/youmeopc/public_html/demo/elevaweb/application/application/views/admin/feeds/list.php 82
ERROR - 2017-06-16 17:46:43 --> Could not find the language line "feeds title feed_delete"
ERROR - 2017-06-16 17:46:43 --> Could not find the language line "feeds msg delete_confirm"
ERROR - 2017-06-16 17:46:43 --> Could not find the language line "feeds title feed_delete"
ERROR - 2017-06-16 17:46:43 --> Could not find the language line "feeds msg delete_confirm"
ERROR - 2017-06-16 17:53:45 --> Could not find the language line "feeds input payment_status"
ERROR - 2017-06-16 17:53:45 --> Severity: Notice --> Undefined variable: paymentlist /home/youmeopc/public_html/demo/elevaweb/application/application/views/admin/feeds/form.php 66
ERROR - 2017-06-16 17:55:29 --> Could not find the language line "feeds msg edit_feed_success"
ERROR - 2017-06-16 17:55:30 --> Could not find the language line "feeds tooltip add_new_feed"
ERROR - 2017-06-16 17:55:30 --> Could not find the language line "feeds input email"
ERROR - 2017-06-16 17:55:30 --> Could not find the language line "feeds input mobile_no"
ERROR - 2017-06-16 17:55:30 --> Could not find the language line "feeds input feed_name"
ERROR - 2017-06-16 17:55:30 --> Could not find the language line "feeds input email"
ERROR - 2017-06-16 17:55:30 --> Could not find the language line "feeds input mobile_no"
ERROR - 2017-06-16 17:55:30 --> Severity: Notice --> Undefined index: email_id /home/youmeopc/public_html/demo/elevaweb/application/application/views/admin/feeds/list.php 78
ERROR - 2017-06-16 17:55:30 --> Severity: Notice --> Undefined index: mobile_no /home/youmeopc/public_html/demo/elevaweb/application/application/views/admin/feeds/list.php 82
ERROR - 2017-06-16 17:55:30 --> Severity: Notice --> Undefined index: email_id /home/youmeopc/public_html/demo/elevaweb/application/application/views/admin/feeds/list.php 78
ERROR - 2017-06-16 17:55:30 --> Severity: Notice --> Undefined index: mobile_no /home/youmeopc/public_html/demo/elevaweb/application/application/views/admin/feeds/list.php 82
ERROR - 2017-06-16 17:55:30 --> Could not find the language line "feeds title feed_delete"
ERROR - 2017-06-16 17:55:30 --> Could not find the language line "feeds msg delete_confirm"
ERROR - 2017-06-16 17:55:30 --> Could not find the language line "feeds title feed_delete"
ERROR - 2017-06-16 17:55:30 --> Could not find the language line "feeds msg delete_confirm"
ERROR - 2017-06-16 17:55:33 --> Could not find the language line "feeds input payment_status"
ERROR - 2017-06-16 17:55:33 --> Severity: Notice --> Undefined variable: paymentlist /home/youmeopc/public_html/demo/elevaweb/application/application/views/admin/feeds/form.php 66
ERROR - 2017-06-16 17:55:42 --> Could not find the language line "feeds msg edit_feed_success"
ERROR - 2017-06-16 17:55:42 --> Could not find the language line "feeds tooltip add_new_feed"
ERROR - 2017-06-16 17:55:42 --> Could not find the language line "feeds input email"
ERROR - 2017-06-16 17:55:42 --> Could not find the language line "feeds input mobile_no"
ERROR - 2017-06-16 17:55:42 --> Could not find the language line "feeds input feed_name"
ERROR - 2017-06-16 17:55:42 --> Could not find the language line "feeds input email"
ERROR - 2017-06-16 17:55:42 --> Could not find the language line "feeds input mobile_no"
ERROR - 2017-06-16 17:55:42 --> Severity: Notice --> Undefined index: email_id /home/youmeopc/public_html/demo/elevaweb/application/application/views/admin/feeds/list.php 78
ERROR - 2017-06-16 17:55:42 --> Severity: Notice --> Undefined index: mobile_no /home/youmeopc/public_html/demo/elevaweb/application/application/views/admin/feeds/list.php 82
ERROR - 2017-06-16 17:55:42 --> Severity: Notice --> Undefined index: email_id /home/youmeopc/public_html/demo/elevaweb/application/application/views/admin/feeds/list.php 78
ERROR - 2017-06-16 17:55:42 --> Severity: Notice --> Undefined index: mobile_no /home/youmeopc/public_html/demo/elevaweb/application/application/views/admin/feeds/list.php 82
ERROR - 2017-06-16 17:55:42 --> Could not find the language line "feeds title feed_delete"
ERROR - 2017-06-16 17:55:42 --> Could not find the language line "feeds msg delete_confirm"
ERROR - 2017-06-16 17:55:42 --> Could not find the language line "feeds title feed_delete"
ERROR - 2017-06-16 17:55:42 --> Could not find the language line "feeds msg delete_confirm"
ERROR - 2017-06-16 17:55:45 --> Could not find the language line "feeds input payment_status"
ERROR - 2017-06-16 17:55:45 --> Severity: Notice --> Undefined variable: paymentlist /home/youmeopc/public_html/demo/elevaweb/application/application/views/admin/feeds/form.php 66
ERROR - 2017-06-16 20:56:52 --> Could not find the language line "customers col last_name"
ERROR - 2017-06-16 20:56:53 --> Could not find the language line "customers input last_name"
ERROR - 2017-06-16 21:25:00 --> Could not find the language line "customers col last_name"
ERROR - 2017-06-16 21:25:00 --> Could not find the language line "customers input last_name"
