ERROR - 2017-06-22 07:10:21 --> Could not find the language line "form_validation__check_login"
ERROR - 2017-06-22 17:50:16 --> 404 Page Not Found: Themes/admin
ERROR - 2017-06-22 13:20:20 --> Could not find the language line "customers col last_name"
ERROR - 2017-06-22 13:20:20 --> Could not find the language line "customers input last_name"
ERROR - 2017-06-22 13:20:20 --> Severity: Notice --> Undefined index: last_name /home/youmeopc/public_html/demo/elevaweb/application/application/views/admin/customers/list.php 114
ERROR - 2017-06-22 13:20:20 --> Severity: Notice --> Undefined index: last_name /home/youmeopc/public_html/demo/elevaweb/application/application/views/admin/customers/list.php 114
ERROR - 2017-06-22 13:20:20 --> Severity: Notice --> Undefined index: last_name /home/youmeopc/public_html/demo/elevaweb/application/application/views/admin/customers/list.php 114
ERROR - 2017-06-22 13:20:20 --> Severity: Notice --> Undefined index: last_name /home/youmeopc/public_html/demo/elevaweb/application/application/views/admin/customers/list.php 114
ERROR - 2017-06-22 13:20:20 --> Severity: Notice --> Undefined index: last_name /home/youmeopc/public_html/demo/elevaweb/application/application/views/admin/customers/list.php 114
ERROR - 2017-06-22 13:20:20 --> Severity: Notice --> Undefined index: last_name /home/youmeopc/public_html/demo/elevaweb/application/application/views/admin/customers/list.php 114
ERROR - 2017-06-22 13:20:20 --> Severity: Notice --> Undefined index: last_name /home/youmeopc/public_html/demo/elevaweb/application/application/views/admin/customers/list.php 114
ERROR - 2017-06-22 13:20:20 --> Severity: Notice --> Undefined index: last_name /home/youmeopc/public_html/demo/elevaweb/application/application/views/admin/customers/list.php 114
ERROR - 2017-06-22 13:20:20 --> Severity: Notice --> Undefined index: last_name /home/youmeopc/public_html/demo/elevaweb/application/application/views/admin/customers/list.php 114
ERROR - 2017-06-22 13:20:20 --> Severity: Notice --> Undefined index: last_name /home/youmeopc/public_html/demo/elevaweb/application/application/views/admin/customers/list.php 114
ERROR - 2017-06-22 17:51:50 --> 404 Page Not Found: Themes/admin
ERROR - 2017-06-22 13:21:52 --> Could not find the language line "feeds tooltip add_new_feed"
ERROR - 2017-06-22 13:21:52 --> Could not find the language line "feeds input email"
ERROR - 2017-06-22 13:21:52 --> Could not find the language line "feeds input mobile_no"
ERROR - 2017-06-22 13:21:52 --> Could not find the language line "feeds input feed_name"
ERROR - 2017-06-22 13:21:52 --> Could not find the language line "feeds input email"
ERROR - 2017-06-22 13:21:52 --> Could not find the language line "feeds input mobile_no"
ERROR - 2017-06-22 13:21:52 --> Severity: Notice --> Undefined index: email_id /home/youmeopc/public_html/demo/elevaweb/application/application/views/admin/feeds/list.php 78
ERROR - 2017-06-22 13:21:52 --> Severity: Notice --> Undefined index: mobile_no /home/youmeopc/public_html/demo/elevaweb/application/application/views/admin/feeds/list.php 82
ERROR - 2017-06-22 13:21:52 --> Severity: Notice --> Undefined index: email_id /home/youmeopc/public_html/demo/elevaweb/application/application/views/admin/feeds/list.php 78
ERROR - 2017-06-22 13:21:52 --> Severity: Notice --> Undefined index: mobile_no /home/youmeopc/public_html/demo/elevaweb/application/application/views/admin/feeds/list.php 82
ERROR - 2017-06-22 13:21:52 --> Could not find the language line "feeds title feed_delete"
ERROR - 2017-06-22 13:21:52 --> Could not find the language line "feeds msg delete_confirm"
ERROR - 2017-06-22 13:21:52 --> Could not find the language line "feeds title feed_delete"
ERROR - 2017-06-22 13:21:52 --> Could not find the language line "feeds msg delete_confirm"
ERROR - 2017-06-22 23:14:06 --> 404 Page Not Found: Themes/admin
ERROR - 2017-06-22 18:44:17 --> Could not find the language line "feeds tooltip add_new_feed"
ERROR - 2017-06-22 18:44:17 --> Could not find the language line "feeds input email"
ERROR - 2017-06-22 18:44:17 --> Could not find the language line "feeds input mobile_no"
ERROR - 2017-06-22 18:44:17 --> Could not find the language line "feeds input feed_name"
ERROR - 2017-06-22 18:44:17 --> Could not find the language line "feeds input email"
ERROR - 2017-06-22 18:44:17 --> Could not find the language line "feeds input mobile_no"
ERROR - 2017-06-22 18:44:17 --> Severity: Notice --> Undefined index: email_id /home/youmeopc/public_html/demo/elevaweb/application/application/views/admin/feeds/list.php 78
ERROR - 2017-06-22 18:44:17 --> Severity: Notice --> Undefined index: mobile_no /home/youmeopc/public_html/demo/elevaweb/application/application/views/admin/feeds/list.php 82
ERROR - 2017-06-22 18:44:17 --> Severity: Notice --> Undefined index: email_id /home/youmeopc/public_html/demo/elevaweb/application/application/views/admin/feeds/list.php 78
ERROR - 2017-06-22 18:44:17 --> Severity: Notice --> Undefined index: mobile_no /home/youmeopc/public_html/demo/elevaweb/application/application/views/admin/feeds/list.php 82
ERROR - 2017-06-22 18:44:17 --> Could not find the language line "feeds title feed_delete"
ERROR - 2017-06-22 18:44:17 --> Could not find the language line "feeds msg delete_confirm"
ERROR - 2017-06-22 18:44:17 --> Could not find the language line "feeds title feed_delete"
ERROR - 2017-06-22 18:44:17 --> Could not find the language line "feeds msg delete_confirm"
ERROR - 2017-06-22 18:44:22 --> Could not find the language line "feeds input payment_status"
ERROR - 2017-06-22 18:44:22 --> Severity: Notice --> Undefined variable: paymentlist /home/youmeopc/public_html/demo/elevaweb/application/application/views/admin/feeds/form.php 66
ERROR - 2017-06-22 20:19:45 --> Could not find the language line "form_validation__check_login"
ERROR - 2017-06-22 20:19:45 --> Could not find the language line "form_validation__check_login"
