ERROR - 2017-05-13 05:25:35 --> 404 Page Not Found: Themes/admin
ERROR - 2017-05-13 06:25:50 --> Could not find the language line "customers input status"
ERROR - 2017-05-13 06:26:17 --> Could not find the language line "customers input status"
ERROR - 2017-05-13 06:26:36 --> Could not find the language line "customers input status"
ERROR - 2017-05-13 06:26:46 --> Could not find the language line "customers input status"
ERROR - 2017-05-13 06:26:55 --> Could not find the language line "customers input status"
ERROR - 2017-05-13 06:26:58 --> Could not find the language line "customers input status"
ERROR - 2017-05-13 06:26:58 --> Severity: Notice --> Undefined index: registration_date /home/youmeopc/public_html/demo/mlm/application/models/Customers_model.php 201
ERROR - 2017-05-13 06:27:14 --> Could not find the language line "products input status"
ERROR - 2017-05-13 06:33:55 --> Could not find the language line "products input status"
ERROR - 2017-05-13 06:34:22 --> Could not find the language line "products input status"
ERROR - 2017-05-13 06:35:26 --> Could not find the language line "customers input status"
ERROR - 2017-05-13 06:35:38 --> Could not find the language line "users input status"
ERROR - 2017-05-13 06:36:12 --> Could not find the language line "menus input name"
ERROR - 2017-05-13 06:38:28 --> Could not find the language line "users input status"
ERROR - 2017-05-13 06:41:14 --> Could not find the language line "customers input status"
ERROR - 2017-05-13 06:42:04 --> Could not find the language line "customers input status"
ERROR - 2017-05-13 06:43:11 --> Could not find the language line "categorys input first name"
ERROR - 2017-05-13 06:43:23 --> Could not find the language line "categorys input first name"
ERROR - 2017-05-13 06:43:41 --> Could not find the language line "subcategorys input first name"
ERROR - 2017-05-13 06:43:54 --> Could not find the language line "categorys input first name"
ERROR - 2017-05-13 06:43:57 --> Could not find the language line "subcategorys input first name"
ERROR - 2017-05-13 07:15:07 --> Could not find the language line "products input status"
ERROR - 2017-05-13 07:17:16 --> Could not find the language line "menus input name"
ERROR - 2017-05-13 08:17:49 --> 404 Page Not Found: Themes/admin
ERROR - 2017-05-13 09:18:06 --> Could not find the language line "products input status"
ERROR - 2017-05-13 09:18:36 --> Could not find the language line "categorys input first name"
ERROR - 2017-05-13 09:18:38 --> Could not find the language line "subcategorys input first name"
ERROR - 2017-05-13 08:20:23 --> 404 Page Not Found: Themes/admin
ERROR - 2017-05-13 09:20:48 --> Could not find the language line "products input status"
ERROR - 2017-05-13 09:22:18 --> Could not find the language line "products input status"
ERROR - 2017-05-13 09:29:06 --> Could not find the language line "products input status"
ERROR - 2017-05-13 09:30:41 --> Could not find the language line "users input status"
ERROR - 2017-05-13 08:37:29 --> 404 Page Not Found: Themes/admin
ERROR - 2017-05-13 09:37:33 --> Could not find the language line "users input status"
ERROR - 2017-05-13 09:37:34 --> Could not find the language line "users input status"
ERROR - 2017-05-13 09:43:45 --> Could not find the language line "users input status"
ERROR - 2017-05-13 09:46:09 --> Could not find the language line "users input status"
ERROR - 2017-05-13 09:46:19 --> Could not find the language line "users input status"
ERROR - 2017-05-13 09:46:24 --> Could not find the language line "users input status"
ERROR - 2017-05-13 09:46:24 --> Severity: Notice --> Undefined index: id /home/youmeopc/public_html/demo/mlm/application/views/admin/users/form.php 134
ERROR - 2017-05-13 09:46:29 --> Could not find the language line "users input status"
ERROR - 2017-05-13 09:47:17 --> Could not find the language line "users input status"
ERROR - 2017-05-13 09:47:31 --> Could not find the language line "users input status"
ERROR - 2017-05-13 09:47:38 --> Could not find the language line "users input status"
ERROR - 2017-05-13 09:47:41 --> Could not find the language line "users input status"
ERROR - 2017-05-13 09:47:44 --> Could not find the language line "users input status"
ERROR - 2017-05-13 09:47:48 --> Could not find the language line "users input status"
ERROR - 2017-05-13 09:49:23 --> Could not find the language line "users input status"
ERROR - 2017-05-13 09:50:37 --> Could not find the language line "users input status"
ERROR - 2017-05-13 10:05:20 --> Could not find the language line "users input status"
ERROR - 2017-05-13 10:05:24 --> Could not find the language line "users input status"
ERROR - 2017-05-13 10:07:09 --> Could not find the language line "users input status"
ERROR - 2017-05-13 10:09:43 --> Could not find the language line "users input status"
ERROR - 2017-05-13 10:13:09 --> Could not find the language line "users input status"
ERROR - 2017-05-13 11:05:59 --> Could not find the language line "users input status"
ERROR - 2017-05-13 11:06:11 --> Could not find the language line "users input status"
ERROR - 2017-05-13 11:06:17 --> Could not find the language line "users input status"
ERROR - 2017-05-13 11:06:23 --> Could not find the language line "users input status"
ERROR - 2017-05-13 11:24:10 --> Could not find the language line "users input status"
ERROR - 2017-05-13 11:27:06 --> Could not find the language line "users input status"
ERROR - 2017-05-13 11:27:12 --> Could not find the language line "users input status"
ERROR - 2017-05-13 11:27:16 --> Could not find the language line "users input status"
ERROR - 2017-05-13 11:28:50 --> Could not find the language line "users input status"
ERROR - 2017-05-13 11:30:33 --> Could not find the language line "users input status"
ERROR - 2017-05-13 11:32:11 --> Could not find the language line "customers input status"
ERROR - 2017-05-13 11:55:51 --> Could not find the language line "customers input status"
ERROR - 2017-05-13 11:56:06 --> Could not find the language line "customers input status"
ERROR - 2017-05-13 12:07:44 --> Could not find the language line "customers input status"
ERROR - 2017-05-13 12:08:44 --> Could not find the language line "customers input status"
ERROR - 2017-05-13 12:08:56 --> Could not find the language line "customers input status"
ERROR - 2017-05-13 12:09:02 --> Could not find the language line "customers input status"
ERROR - 2017-05-13 12:10:59 --> Could not find the language line "menus input name"
ERROR - 2017-05-13 12:21:13 --> Could not find the language line "menus input name"
ERROR - 2017-05-13 12:50:31 --> Could not find the language line "products input status"
ERROR - 2017-05-13 12:51:13 --> Severity: Error --> Call to undefined method Users_model::login_attempts() /home/youmeopc/public_html/demo/mlm/application/controllers/admin/User.php 297
ERROR - 2017-05-13 11:51:44 --> 404 Page Not Found: Themes/admin
ERROR - 2017-05-13 12:51:58 --> Severity: Error --> Call to undefined method Users_model::login_attempts() /home/youmeopc/public_html/demo/mlm/application/controllers/admin/User.php 297
ERROR - 2017-05-13 11:54:06 --> 404 Page Not Found: Themes/admin
ERROR - 2017-05-13 11:54:08 --> 404 Page Not Found: Themes/admin
ERROR - 2017-05-13 11:54:10 --> 404 Page Not Found: Themes/admin
ERROR - 2017-05-13 11:54:18 --> 404 Page Not Found: Themes/admin
ERROR - 2017-05-13 12:54:19 --> Could not find the language line "users input status"
ERROR - 2017-05-13 12:54:38 --> Could not find the language line "products input status"
ERROR - 2017-05-13 11:54:41 --> 404 Page Not Found: admin/Products/undefinedproducts
ERROR - 2017-05-13 11:54:45 --> 404 Page Not Found: admin/Products/undefinedproducts
ERROR - 2017-05-13 12:55:43 --> Could not find the language line "products input status"
ERROR - 2017-05-13 12:00:00 --> 404 Page Not Found: Themes/admin
ERROR - 2017-05-13 13:00:20 --> Could not find the language line "products input status"
ERROR - 2017-05-13 13:04:02 --> Could not find the language line "users input status"
ERROR - 2017-05-13 13:04:14 --> Could not find the language line "customers input status"
ERROR - 2017-05-13 13:04:41 --> Could not find the language line "customers input status"
