ERROR - 2017-05-24 07:37:21 --> 404 Page Not Found: Themes/admin
ERROR - 2017-05-24 08:37:27 --> Could not find the language line "products input status"
ERROR - 2017-05-24 08:37:27 --> Could not find the language line "categorys input unit_id"
ERROR - 2017-05-24 08:38:07 --> Could not find the language line "products input status"
ERROR - 2017-05-24 08:38:07 --> Could not find the language line "categorys input unit_id"
ERROR - 2017-05-24 08:38:07 --> Severity: Notice --> Undefined index: h_productimage /home/youmeopc/public_html/demo/mlm/application/models/Products_model.php 177
ERROR - 2017-05-24 08:38:18 --> Could not find the language line "products input status"
ERROR - 2017-05-24 08:38:18 --> Could not find the language line "categorys input unit_id"
ERROR - 2017-05-24 08:38:22 --> Could not find the language line "products input status"
ERROR - 2017-05-24 08:38:22 --> Could not find the language line "categorys input unit_id"
ERROR - 2017-05-24 08:38:50 --> Could not find the language line "products input status"
ERROR - 2017-05-24 08:38:50 --> Could not find the language line "categorys input unit_id"
ERROR - 2017-05-24 08:38:50 --> Severity: Notice --> Undefined index: h_productimage /home/youmeopc/public_html/demo/mlm/application/models/Products_model.php 177
ERROR - 2017-05-24 08:38:54 --> Could not find the language line "products input status"
ERROR - 2017-05-24 08:38:54 --> Could not find the language line "categorys input unit_id"
ERROR - 2017-05-24 08:40:18 --> 404 Page Not Found: Themes/admin
ERROR - 2017-05-24 09:40:25 --> Could not find the language line "products input status"
ERROR - 2017-05-24 09:40:25 --> Could not find the language line "categorys input unit_id"
ERROR - 2017-05-24 10:46:09 --> Could not find the language line "products input status"
ERROR - 2017-05-24 10:46:09 --> Could not find the language line "categorys input unit_id"
ERROR - 2017-05-24 10:16:04 --> 404 Page Not Found: Themes/admin
ERROR - 2017-05-24 11:17:08 --> Could not find the language line "users input status"
ERROR - 2017-05-24 10:17:18 --> 404 Page Not Found: Themes/admin
ERROR - 2017-05-24 11:17:31 --> Could not find the language line "menus input name"
ERROR - 2017-05-24 15:20:00 --> 404 Page Not Found: Themes/admin
ERROR - 2017-05-24 16:20:07 --> Could not find the language line "products input status"
ERROR - 2017-05-24 16:20:07 --> Could not find the language line "categorys input unit_id"
ERROR - 2017-05-24 15:20:12 --> 404 Page Not Found: admin/Products/undefinedproducts
