ERROR - 2017-05-12 04:56:45 --> 404 Page Not Found: Themes/admin
ERROR - 2017-05-12 06:08:56 --> Could not find the language line "categorys input first name"
ERROR - 2017-05-12 06:25:33 --> Could not find the language line "menus input name"
ERROR - 2017-05-12 06:25:35 --> Could not find the language line "subcategorys input first name"
ERROR - 2017-05-12 06:25:52 --> Could not find the language line "categorys input first name"
ERROR - 2017-05-12 06:25:54 --> Could not find the language line "subcategorys input first name"
ERROR - 2017-05-12 06:26:09 --> Could not find the language line "customers input status"
ERROR - 2017-05-12 06:26:20 --> Could not find the language line "users input status"
ERROR - 2017-05-12 06:26:47 --> Could not find the language line "customers input status"
ERROR - 2017-05-12 08:55:55 --> Could not find the language line "users input status"
ERROR - 2017-05-12 08:55:55 --> Could not find the language line "admin menu products"
ERROR - 2017-05-12 08:56:47 --> Could not find the language line "users input status"
ERROR - 2017-05-12 08:56:51 --> Query error: Unknown column 'product_id' in 'order clause' - Invalid query: 
            SELECT SQL_CALC_FOUND_ROWS *
            FROM products
            WHERE deleted = '0'
         ORDER BY product_id desc LIMIT 0, 10
ERROR - 2017-05-12 08:58:30 --> Could not find the language line "products input status"
ERROR - 2017-05-12 08:58:59 --> Could not find the language line "products input status"
ERROR - 2017-05-12 08:59:14 --> Could not find the language line "products input status"
ERROR - 2017-05-12 08:59:28 --> Could not find the language line "products input status"
ERROR - 2017-05-12 08:59:42 --> Could not find the language line "products input status"
ERROR - 2017-05-12 08:59:57 --> Could not find the language line "products input status"
ERROR - 2017-05-12 09:00:06 --> Could not find the language line "products input status"
ERROR - 2017-05-12 09:00:19 --> Could not find the language line "products input status"
ERROR - 2017-05-12 09:00:21 --> Could not find the language line "products input status"
ERROR - 2017-05-12 09:00:21 --> Severity: Notice --> Undefined index: registration_date C:\wamp\www\mlm\application\models\Products_model.php 201
ERROR - 2017-05-12 09:00:26 --> Could not find the language line "products input status"
ERROR - 2017-05-12 09:00:31 --> Could not find the language line "products input status"
ERROR - 2017-05-12 09:02:58 --> Could not find the language line "products input status"
ERROR - 2017-05-12 09:10:35 --> Could not find the language line "products input status"
ERROR - 2017-05-12 09:11:28 --> Could not find the language line "products input status"
ERROR - 2017-05-12 09:13:05 --> Could not find the language line "products input status"
ERROR - 2017-05-12 09:13:25 --> Could not find the language line "products input status"
ERROR - 2017-05-12 09:13:41 --> Could not find the language line "customers input status"
ERROR - 2017-05-12 09:19:19 --> Could not find the language line "customers input status"
ERROR - 2017-05-12 09:19:25 --> Could not find the language line "products input status"
ERROR - 2017-05-12 09:19:25 --> Severity: Error --> Call to undefined method Products_model::accessLevelDropDownList() C:\wamp\www\mlm\application\controllers\admin\Products.php 369
ERROR - 2017-05-12 09:19:53 --> Could not find the language line "products input status"
ERROR - 2017-05-12 09:19:53 --> Severity: Error --> Call to undefined method Products_model::accessLevelDropDownList() C:\wamp\www\mlm\application\controllers\admin\Products.php 369
ERROR - 2017-05-12 09:20:13 --> Could not find the language line "products input status"
ERROR - 2017-05-12 09:20:13 --> Severity: Notice --> Undefined variable: accessLevel C:\wamp\www\mlm\application\controllers\admin\Products.php 379
ERROR - 2017-05-12 09:20:13 --> Severity: Notice --> Undefined variable: clientList C:\wamp\www\mlm\application\controllers\admin\Products.php 382
ERROR - 2017-05-12 09:21:24 --> Could not find the language line "products input status"
ERROR - 2017-05-12 09:26:50 --> Could not find the language line "products input mobile_no"
ERROR - 2017-05-12 09:26:50 --> Could not find the language line "products input status"
ERROR - 2017-05-12 09:26:50 --> Could not find the language line "products input password"
ERROR - 2017-05-12 09:26:50 --> Could not find the language line "products input password_repeat"
ERROR - 2017-05-12 09:26:59 --> Could not find the language line "products input mobile_no"
ERROR - 2017-05-12 09:26:59 --> Could not find the language line "products input status"
ERROR - 2017-05-12 09:26:59 --> Could not find the language line "products input password"
ERROR - 2017-05-12 09:26:59 --> Could not find the language line "products input password_repeat"
ERROR - 2017-05-12 09:27:08 --> Could not find the language line "products input mobile_no"
ERROR - 2017-05-12 09:27:08 --> Could not find the language line "products input status"
ERROR - 2017-05-12 09:27:08 --> Could not find the language line "products input password"
ERROR - 2017-05-12 09:27:08 --> Could not find the language line "products input password_repeat"
ERROR - 2017-05-12 09:27:24 --> Could not find the language line "products input mobile_no"
ERROR - 2017-05-12 09:27:24 --> Could not find the language line "products input status"
ERROR - 2017-05-12 09:27:24 --> Could not find the language line "products input password"
ERROR - 2017-05-12 09:27:25 --> Could not find the language line "products input password_repeat"
ERROR - 2017-05-12 09:27:59 --> Could not find the language line "products input mobile_no"
ERROR - 2017-05-12 09:27:59 --> Could not find the language line "products input status"
ERROR - 2017-05-12 09:27:59 --> Could not find the language line "products input password"
ERROR - 2017-05-12 09:27:59 --> Could not find the language line "products input password_repeat"
ERROR - 2017-05-12 09:30:02 --> Could not find the language line "products input status"
ERROR - 2017-05-12 09:30:02 --> Query error: Unknown column 'long_desc' in 'field list' - Invalid query: UPDATE `products` SET `p_name` = 'Pratik1', `short_desc` = 'Nayak1', `long_desc` = 'test', `ip_address` = '127.0.0.1', `updated_by` = NULL, `updated_on` = '2017-05-12 09:30:02', `is_active` = '0'
WHERE `product_id` = '16'
ERROR - 2017-05-12 09:32:12 --> Could not find the language line "products input status"
ERROR - 2017-05-12 09:32:12 --> Query error: Unknown column 'long_desc' in 'field list' - Invalid query: UPDATE `products` SET `p_name` = 'Pratik1', `short_desc` = 'Nayak1', `long_desc` = 'test', `ip_address` = '127.0.0.1', `updated_by` = NULL, `updated_on` = '2017-05-12 09:32:12', `is_active` = '0'
WHERE `product_id` = '16'
ERROR - 2017-05-12 09:34:02 --> Could not find the language line "products input status"
ERROR - 2017-05-12 09:34:33 --> Could not find the language line "customers input status"
ERROR - 2017-05-12 09:35:13 --> Could not find the language line "products input email"
ERROR - 2017-05-12 09:35:13 --> Could not find the language line "products input mobile_no"
ERROR - 2017-05-12 09:35:13 --> Could not find the language line "products input email"
ERROR - 2017-05-12 09:35:13 --> Could not find the language line "products input mobile_no"
ERROR - 2017-05-12 09:35:15 --> Could not find the language line "products input status"
ERROR - 2017-05-12 09:35:34 --> Could not find the language line "products input status"
ERROR - 2017-05-12 09:35:34 --> Could not find the language line "products input email"
ERROR - 2017-05-12 09:35:34 --> Could not find the language line "products input mobile_no"
ERROR - 2017-05-12 09:35:34 --> Could not find the language line "products input email"
ERROR - 2017-05-12 09:35:34 --> Could not find the language line "products input mobile_no"
ERROR - 2017-05-12 09:35:34 --> Severity: Notice --> Undefined index: email_id C:\wamp\www\mlm\application\views\admin\products\list.php 117
ERROR - 2017-05-12 09:35:34 --> Severity: Notice --> Undefined index: mobile_no C:\wamp\www\mlm\application\views\admin\products\list.php 121
ERROR - 2017-05-12 09:36:05 --> Could not find the language line "products input email"
ERROR - 2017-05-12 09:36:05 --> Could not find the language line "products input mobile_no"
ERROR - 2017-05-12 09:36:05 --> Severity: Notice --> Undefined index: email_id C:\wamp\www\mlm\application\views\admin\products\list.php 110
ERROR - 2017-05-12 09:36:05 --> Severity: Notice --> Undefined index: mobile_no C:\wamp\www\mlm\application\views\admin\products\list.php 114
ERROR - 2017-05-12 09:36:23 --> Severity: Notice --> Undefined index: email_id C:\wamp\www\mlm\application\views\admin\products\list.php 96
ERROR - 2017-05-12 09:36:23 --> Severity: Notice --> Undefined index: mobile_no C:\wamp\www\mlm\application\views\admin\products\list.php 100
ERROR - 2017-05-12 09:36:25 --> Severity: Notice --> Undefined index: email_id C:\wamp\www\mlm\application\views\admin\products\list.php 96
ERROR - 2017-05-12 09:36:25 --> Severity: Notice --> Undefined index: mobile_no C:\wamp\www\mlm\application\views\admin\products\list.php 100
ERROR - 2017-05-12 09:36:59 --> Severity: Notice --> Undefined index: email_id C:\wamp\www\mlm\application\views\admin\products\list.php 96
ERROR - 2017-05-12 09:36:59 --> Severity: Notice --> Undefined index: mobile_no C:\wamp\www\mlm\application\views\admin\products\list.php 100
ERROR - 2017-05-12 09:41:16 --> Severity: Notice --> Undefined index: email_id C:\wamp\www\mlm\application\controllers\admin\Products.php 325
ERROR - 2017-05-12 09:41:16 --> Could not find the language line "products input status"
ERROR - 2017-05-12 09:41:20 --> Severity: Notice --> Undefined index: email_id C:\wamp\www\mlm\application\controllers\admin\Products.php 325
ERROR - 2017-05-12 09:41:20 --> Could not find the language line "products input status"
ERROR - 2017-05-12 09:41:28 --> Severity: Notice --> Undefined index: email_id C:\wamp\www\mlm\application\controllers\admin\Products.php 325
ERROR - 2017-05-12 09:41:28 --> Could not find the language line "products input status"
ERROR - 2017-05-12 09:41:35 --> Severity: Notice --> Undefined index: email_id C:\wamp\www\mlm\application\controllers\admin\Products.php 325
ERROR - 2017-05-12 09:41:35 --> Could not find the language line "products input status"
ERROR - 2017-05-12 09:41:40 --> Severity: Notice --> Undefined index: email_id C:\wamp\www\mlm\application\controllers\admin\Products.php 325
ERROR - 2017-05-12 09:41:40 --> Could not find the language line "products input status"
ERROR - 2017-05-12 09:41:58 --> Could not find the language line "products input status"
ERROR - 2017-05-12 09:42:02 --> Severity: Notice --> Undefined index: email_id C:\wamp\www\mlm\application\controllers\admin\Products.php 325
ERROR - 2017-05-12 09:42:02 --> Could not find the language line "products input status"
ERROR - 2017-05-12 09:44:39 --> Could not find the language line "customers input status"
ERROR - 2017-05-12 09:48:18 --> Severity: Notice --> Undefined index: email_id C:\wamp\www\mlm\application\controllers\admin\Products.php 326
ERROR - 2017-05-12 09:48:18 --> Could not find the language line "products input status"
ERROR - 2017-05-12 09:48:23 --> Severity: Notice --> Undefined index: email_id C:\wamp\www\mlm\application\controllers\admin\Products.php 326
ERROR - 2017-05-12 09:48:23 --> Could not find the language line "products input status"
ERROR - 2017-05-12 09:48:53 --> Could not find the language line "products input status"
ERROR - 2017-05-12 09:48:57 --> Could not find the language line "products input status"
ERROR - 2017-05-12 09:48:59 --> Could not find the language line "products input status"
ERROR - 2017-05-12 09:49:00 --> Could not find the language line "products input status"
ERROR - 2017-05-12 09:53:26 --> Could not find the language line "customers input status"
ERROR - 2017-05-12 09:53:29 --> Could not find the language line "customers input status"
ERROR - 2017-05-12 09:53:29 --> Severity: Notice --> Undefined index: registration_date C:\wamp\www\mlm\application\models\Customers_model.php 201
ERROR - 2017-05-12 09:53:31 --> Could not find the language line "customers input status"
ERROR - 2017-05-12 09:53:34 --> Could not find the language line "customers input status"
ERROR - 2017-05-12 09:53:34 --> Severity: Notice --> Undefined index: registration_date C:\wamp\www\mlm\application\models\Customers_model.php 201
ERROR - 2017-05-12 10:01:19 --> Could not find the language line "customers input status"
ERROR - 2017-05-12 10:01:22 --> Could not find the language line "customers input status"
ERROR - 2017-05-12 10:01:22 --> Severity: Notice --> Undefined index: registration_date C:\wamp\www\mlm\application\models\Customers_model.php 201
ERROR - 2017-05-12 10:01:35 --> Could not find the language line "categorys input first name"
ERROR - 2017-05-12 10:01:40 --> Could not find the language line "categorys msg edit_client_success"
ERROR - 2017-05-12 10:01:41 --> Could not find the language line "categorys input first name"
ERROR - 2017-05-12 10:01:46 --> Could not find the language line "categorys msg edit_client_success"
ERROR - 2017-05-12 10:01:47 --> Could not find the language line "categorys input first name"
ERROR - 2017-05-12 10:02:27 --> Could not find the language line "products input status"
ERROR - 2017-05-12 10:02:30 --> Could not find the language line "products input status"
ERROR - 2017-05-12 10:02:32 --> Could not find the language line "products input status"
ERROR - 2017-05-12 10:02:34 --> Could not find the language line "products input status"
ERROR - 2017-05-12 10:02:37 --> Could not find the language line "products input status"
ERROR - 2017-05-12 10:02:48 --> Could not find the language line "customers input status"
ERROR - 2017-05-12 10:02:52 --> Could not find the language line "customers input status"
ERROR - 2017-05-12 10:02:55 --> Could not find the language line "customers input status"
ERROR - 2017-05-12 10:02:55 --> Severity: Notice --> Undefined index: registration_date C:\wamp\www\mlm\application\models\Customers_model.php 201
ERROR - 2017-05-12 10:02:59 --> Could not find the language line "customers input status"
ERROR - 2017-05-12 10:03:01 --> Could not find the language line "customers input status"
ERROR - 2017-05-12 10:03:01 --> Severity: Notice --> Undefined index: registration_date C:\wamp\www\mlm\application\models\Customers_model.php 201
ERROR - 2017-05-12 10:03:22 --> Could not find the language line "products input status"
ERROR - 2017-05-12 10:03:32 --> Could not find the language line "products input status"
ERROR - 2017-05-12 10:04:17 --> Could not find the language line "subcategorys input first name"
ERROR - 2017-05-12 10:06:58 --> Could not find the language line "products input status"
ERROR - 2017-05-12 10:06:58 --> Could not find the language line "subcategorys input subcategory name"
ERROR - 2017-05-12 10:06:58 --> Severity: Notice --> Undefined variable: categoryList C:\wamp\www\mlm\application\views\admin\products\form.php 13
ERROR - 2017-05-12 10:08:14 --> Could not find the language line "products input status"
ERROR - 2017-05-12 10:08:14 --> Could not find the language line "subcategorys input subcategory name"
ERROR - 2017-05-12 10:08:14 --> Severity: Notice --> Undefined variable: categoryList C:\wamp\www\mlm\application\views\admin\products\form.php 13
ERROR - 2017-05-12 10:10:26 --> Could not find the language line "subcategorys input first name"
ERROR - 2017-05-12 10:10:38 --> Could not find the language line "subcategorys msg edit_client_success"
ERROR - 2017-05-12 10:10:38 --> Could not find the language line "subcategorys input first name"
ERROR - 2017-05-12 10:15:02 --> Could not find the language line "products input status"
ERROR - 2017-05-12 10:15:02 --> Severity: Notice --> Undefined property: Products::$categorys_model C:\wamp\www\mlm\application\controllers\admin\Products.php 271
ERROR - 2017-05-12 10:15:02 --> Severity: Error --> Call to a member function categoryDropDownList() on a non-object C:\wamp\www\mlm\application\controllers\admin\Products.php 271
ERROR - 2017-05-12 10:16:53 --> Could not find the language line "products input status"
ERROR - 2017-05-12 10:16:53 --> Severity: Notice --> Undefined property: Products::$categorys_model C:\wamp\www\mlm\application\controllers\admin\Products.php 271
ERROR - 2017-05-12 10:16:53 --> Severity: Error --> Call to a member function categoryDropDownList() on a non-object C:\wamp\www\mlm\application\controllers\admin\Products.php 271
ERROR - 2017-05-12 10:20:37 --> Could not find the language line "products input status"
ERROR - 2017-05-12 10:20:37 --> Severity: Notice --> Undefined property: Products::$categorys_model C:\wamp\www\mlm\application\controllers\admin\Products.php 271
ERROR - 2017-05-12 10:20:37 --> Severity: Error --> Call to a member function categoryDropDownList() on a non-object C:\wamp\www\mlm\application\controllers\admin\Products.php 271
ERROR - 2017-05-12 10:20:58 --> Could not find the language line "products input status"
ERROR - 2017-05-12 10:20:58 --> Could not find the language line "subcategorys input subcategory name"
ERROR - 2017-05-12 10:21:06 --> Could not find the language line "categorys input first name"
ERROR - 2017-05-12 10:21:13 --> Could not find the language line "subcategorys input first name"
ERROR - 2017-05-12 10:22:13 --> Could not find the language line "products input status"
ERROR - 2017-05-12 10:22:13 --> Could not find the language line "subcategorys input subcategory name"
ERROR - 2017-05-12 10:22:22 --> Could not find the language line "products input status"
ERROR - 2017-05-12 10:26:29 --> Could not find the language line "products input status"
ERROR - 2017-05-12 10:26:55 --> Could not find the language line "products input status"
ERROR - 2017-05-12 10:27:05 --> Could not find the language line "products input status"
ERROR - 2017-05-12 10:27:18 --> Could not find the language line "products input status"
ERROR - 2017-05-12 10:36:30 --> Could not find the language line "products input status"
ERROR - 2017-05-12 10:40:39 --> Could not find the language line "products input status"
ERROR - 2017-05-12 10:40:51 --> Could not find the language line "products input status"
ERROR - 2017-05-12 10:45:55 --> Could not find the language line "products input status"
ERROR - 2017-05-12 10:46:00 --> Could not find the language line "products input status"
ERROR - 2017-05-12 10:46:20 --> Could not find the language line "products input status"
ERROR - 2017-05-12 10:48:57 --> Could not find the language line "products input status"
ERROR - 2017-05-12 10:49:40 --> Could not find the language line "products input status"
ERROR - 2017-05-12 10:01:51 --> 404 Page Not Found: Uploads/Ujval%20Bhatt.docx
ERROR - 2017-05-12 11:11:57 --> Could not find the language line "products input status"
ERROR - 2017-05-12 11:11:57 --> Severity: Notice --> Undefined variable: candidate C:\wamp\www\mlm\application\views\admin\products\form.php 49
ERROR - 2017-05-12 11:19:32 --> Could not find the language line "products input status"
ERROR - 2017-05-12 11:19:32 --> Severity: Notice --> Undefined index: original_filename C:\wamp\www\mlm\application\views\admin\products\form.php 49
ERROR - 2017-05-12 11:20:46 --> Could not find the language line "products input status"
ERROR - 2017-05-12 11:21:11 --> Could not find the language line "products input status"
ERROR - 2017-05-12 11:21:38 --> Could not find the language line "products input status"
ERROR - 2017-05-12 11:21:43 --> Could not find the language line "products input status"
ERROR - 2017-05-12 11:24:05 --> Could not find the language line "products input status"
ERROR - 2017-05-12 11:24:34 --> Could not find the language line "products input status"
ERROR - 2017-05-12 11:24:36 --> Could not find the language line "products input status"
ERROR - 2017-05-12 11:26:00 --> Could not find the language line "products input status"
ERROR - 2017-05-12 11:26:13 --> Could not find the language line "products input status"
ERROR - 2017-05-12 11:26:18 --> Could not find the language line "products input status"
ERROR - 2017-05-12 11:26:38 --> Could not find the language line "products input status"
ERROR - 2017-05-12 11:26:41 --> Could not find the language line "products input status"
ERROR - 2017-05-12 11:27:50 --> Could not find the language line "products input status"
ERROR - 2017-05-12 11:27:54 --> Could not find the language line "products input status"
ERROR - 2017-05-12 11:30:29 --> Could not find the language line "products input status"
ERROR - 2017-05-12 11:30:31 --> Could not find the language line "products input status"
ERROR - 2017-05-12 11:30:36 --> Could not find the language line "products input status"
ERROR - 2017-05-12 11:30:38 --> Could not find the language line "products input status"
ERROR - 2017-05-12 11:30:42 --> Could not find the language line "products input status"
ERROR - 2017-05-12 11:35:39 --> Could not find the language line "products input status"
ERROR - 2017-05-12 11:35:43 --> Could not find the language line "products input status"
ERROR - 2017-05-12 11:35:57 --> Could not find the language line "products input status"
ERROR - 2017-05-12 10:36:26 --> 404 Page Not Found: Themes/admin
ERROR - 2017-05-12 10:36:54 --> 404 Page Not Found: Themes/admin
ERROR - 2017-05-12 11:37:02 --> Could not find the language line "categorys input first name"
ERROR - 2017-05-12 11:38:17 --> Could not find the language line "categorys input first name"
ERROR - 2017-05-12 11:38:23 --> Could not find the language line "categorys input first name"
ERROR - 2017-05-12 11:38:24 --> Could not find the language line "categorys input first name"
ERROR - 2017-05-12 11:38:26 --> Could not find the language line "categorys input first name"
ERROR - 2017-05-12 11:38:27 --> Could not find the language line "categorys input first name"
ERROR - 2017-05-12 11:38:30 --> Could not find the language line "categorys input first name"
ERROR - 2017-05-12 11:38:32 --> Could not find the language line "categorys input first name"
ERROR - 2017-05-12 11:38:39 --> Could not find the language line "subcategorys input first name"
ERROR - 2017-05-12 11:39:18 --> Could not find the language line "subcategorys input first name"
ERROR - 2017-05-12 11:39:26 --> Could not find the language line "menus input name"
ERROR - 2017-05-12 11:39:31 --> Could not find the language line "subcategorys input first name"
ERROR - 2017-05-12 11:39:33 --> Could not find the language line "categorys input first name"
ERROR - 2017-05-12 11:39:34 --> Could not find the language line "menus input name"
ERROR - 2017-05-12 11:39:40 --> Could not find the language line "subcategorys input first name"
ERROR - 2017-05-12 11:39:42 --> Could not find the language line "categorys input first name"
ERROR - 2017-05-12 11:39:45 --> Could not find the language line "subcategorys input first name"
ERROR - 2017-05-12 11:39:46 --> Could not find the language line "categorys input first name"
ERROR - 2017-05-12 11:40:06 --> Could not find the language line "users input status"
ERROR - 2017-05-12 11:40:12 --> Could not find the language line "users input status"
ERROR - 2017-05-12 11:40:17 --> Could not find the language line "users input status"
ERROR - 2017-05-12 11:40:17 --> Severity: Notice --> Undefined index: id C:\wamp\www\mlm\application\views\admin\users\form.php 141
ERROR - 2017-05-12 11:41:01 --> Could not find the language line "customers input status"
ERROR - 2017-05-12 11:41:03 --> Could not find the language line "customers input status"
ERROR - 2017-05-12 11:41:03 --> Severity: Notice --> Undefined index: registration_date C:\wamp\www\mlm\application\models\Customers_model.php 201
ERROR - 2017-05-12 11:41:40 --> Could not find the language line "products input status"
ERROR - 2017-05-12 11:41:43 --> Could not find the language line "products input status"
ERROR - 2017-05-12 11:41:46 --> Could not find the language line "products input status"
ERROR - 2017-05-12 11:41:48 --> Could not find the language line "products input status"
ERROR - 2017-05-12 11:41:51 --> Could not find the language line "products input status"
ERROR - 2017-05-12 11:43:30 --> Could not find the language line "products input status"
ERROR - 2017-05-12 11:45:45 --> Could not find the language line "products input status"
ERROR - 2017-05-12 11:45:51 --> Could not find the language line "categorys input first name"
ERROR - 2017-05-12 11:45:59 --> Could not find the language line "products input status"
ERROR - 2017-05-12 11:45:59 --> Could not find the language line "categorys input first name"
ERROR - 2017-05-12 11:46:08 --> Could not find the language line "products input status"
ERROR - 2017-05-12 11:46:11 --> Could not find the language line "products input status"
ERROR - 2017-05-12 11:46:15 --> Could not find the language line "products input status"
ERROR - 2017-05-12 11:46:19 --> Could not find the language line "products input status"
ERROR - 2017-05-12 11:47:19 --> Could not find the language line "products input status"
ERROR - 2017-05-12 11:48:11 --> Could not find the language line "customers input status"
ERROR - 2017-05-12 11:48:14 --> Could not find the language line "customers input status"
ERROR - 2017-05-12 11:48:14 --> Severity: Notice --> Undefined index: registration_date C:\wamp\www\mlm\application\models\Customers_model.php 201
ERROR - 2017-05-12 11:48:16 --> Could not find the language line "customers input status"
ERROR - 2017-05-12 11:48:18 --> Could not find the language line "customers input status"
ERROR - 2017-05-12 11:48:18 --> Severity: Notice --> Undefined index: registration_date C:\wamp\www\mlm\application\models\Customers_model.php 201
ERROR - 2017-05-12 11:48:20 --> Could not find the language line "customers input status"
ERROR - 2017-05-12 11:48:36 --> Could not find the language line "products input status"
ERROR - 2017-05-12 11:48:40 --> Could not find the language line "products input status"
ERROR - 2017-05-12 11:49:19 --> Could not find the language line "products input status"
ERROR - 2017-05-12 11:49:23 --> Could not find the language line "products input status"
ERROR - 2017-05-12 11:49:27 --> Could not find the language line "categorys input first name"
ERROR - 2017-05-12 11:49:29 --> Could not find the language line "customers input status"
ERROR - 2017-05-12 11:49:31 --> Could not find the language line "customers input status"
ERROR - 2017-05-12 11:49:31 --> Severity: Notice --> Undefined index: registration_date C:\wamp\www\mlm\application\models\Customers_model.php 201
ERROR - 2017-05-12 11:51:38 --> Could not find the language line "products input status"
ERROR - 2017-05-12 11:51:43 --> Could not find the language line "products input status"
ERROR - 2017-05-12 11:04:32 --> 404 Page Not Found: Themes/admin
ERROR - 2017-05-12 12:04:34 --> Could not find the language line "menus input name"
ERROR - 2017-05-12 12:04:46 --> Could not find the language line "customers input status"
ERROR - 2017-05-12 12:04:49 --> Could not find the language line "customers input status"
ERROR - 2017-05-12 12:04:49 --> Severity: Notice --> Undefined index: registration_date /home/youmeopc/public_html/demo/mlm/application/models/Customers_model.php 201
ERROR - 2017-05-12 12:04:59 --> Could not find the language line "products input status"
ERROR - 2017-05-12 12:05:08 --> Could not find the language line "products input status"
ERROR - 2017-05-12 12:05:16 --> Could not find the language line "subcategorys input first name"
ERROR - 2017-05-12 12:05:17 --> Could not find the language line "categorys input first name"
ERROR - 2017-05-12 11:39:12 --> 404 Page Not Found: Themes/admin
ERROR - 2017-05-12 11:40:31 --> 404 Page Not Found: Themes/admin
ERROR - 2017-05-12 12:40:56 --> Could not find the language line "categorys input first name"
ERROR - 2017-05-12 12:41:01 --> Could not find the language line "categorys input first name"
ERROR - 2017-05-12 12:41:02 --> Could not find the language line "subcategorys input first name"
ERROR - 2017-05-12 12:41:06 --> Could not find the language line "subcategorys input first name"
ERROR - 2017-05-12 12:41:11 --> Could not find the language line "subcategorys input first name"
ERROR - 2017-05-12 12:41:25 --> Could not find the language line "menus input name"
ERROR - 2017-05-12 12:41:32 --> Query error: Column 'subcategory_id' in where clause is ambiguous - Invalid query:  SELECT SQL_CALC_FOUND_ROWS * , c.`name` AS catname, subcategorys.`name` AS subcatname FROM products  AS sc
                  LEFT JOIN categorys AS c ON sc.category_id = c.category_id
                  INNER JOIN subcategorys ON sc.subcategory_id = subcategorys.subcategory_id
                  WHERE sc.deleted = '0' AND subcategory_id LIKE '%3%' ORDER BY product_id desc LIMIT 0, 10
ERROR - 2017-05-12 12:41:36 --> Could not find the language line "categorys input first name"
ERROR - 2017-05-12 12:41:40 --> Could not find the language line "subcategorys input first name"
ERROR - 2017-05-12 12:41:44 --> Could not find the language line "subcategorys input first name"
ERROR - 2017-05-12 12:41:47 --> Could not find the language line "menus input name"
ERROR - 2017-05-12 12:42:03 --> Query error: Column 'category_id' in where clause is ambiguous - Invalid query:  SELECT SQL_CALC_FOUND_ROWS * , c.`name` AS catname, subcategorys.`name` AS subcatname FROM products  AS sc
                  LEFT JOIN categorys AS c ON sc.category_id = c.category_id
                  INNER JOIN subcategorys ON sc.subcategory_id = subcategorys.subcategory_id
                  WHERE sc.deleted = '0' AND category_id LIKE '%7%' ORDER BY product_id desc LIMIT 0, 10
ERROR - 2017-05-12 12:45:18 --> 404 Page Not Found: Themes/admin
ERROR - 2017-05-12 13:45:31 --> Could not find the language line "customers input status"
ERROR - 2017-05-12 13:45:35 --> Could not find the language line "customers input status"
ERROR - 2017-05-12 13:45:35 --> Severity: Notice --> Undefined index: registration_date /home/youmeopc/public_html/demo/mlm/application/models/Customers_model.php 201
ERROR - 2017-05-12 13:45:39 --> Could not find the language line "customers input status"
ERROR - 2017-05-12 13:45:42 --> Could not find the language line "customers input status"
ERROR - 2017-05-12 13:45:42 --> Severity: Notice --> Undefined index: registration_date /home/youmeopc/public_html/demo/mlm/application/models/Customers_model.php 201
ERROR - 2017-05-12 13:46:45 --> Query error: Column 'category_id' in where clause is ambiguous - Invalid query:  SELECT SQL_CALC_FOUND_ROWS * , c.`name` AS catname, subcategorys.`name` AS subcatname FROM products  AS sc
                  LEFT JOIN categorys AS c ON sc.category_id = c.category_id
                  INNER JOIN subcategorys ON sc.subcategory_id = subcategorys.subcategory_id
                  WHERE sc.deleted = '0' AND category_id LIKE '%2%' ORDER BY product_id desc LIMIT 0, 10
