ERROR - 2017-07-27 10:39:34 --> 404 Page Not Found: Themes/admin
ERROR - 2017-07-27 06:09:39 --> Could not find the language line "feeds tooltip add_new_feed"
ERROR - 2017-07-27 06:09:39 --> Could not find the language line "feeds input email"
ERROR - 2017-07-27 06:09:39 --> Could not find the language line "feeds input mobile_no"
ERROR - 2017-07-27 06:09:39 --> Could not find the language line "feeds input feed_name"
ERROR - 2017-07-27 06:09:39 --> Could not find the language line "feeds input email"
ERROR - 2017-07-27 06:09:39 --> Could not find the language line "feeds input mobile_no"
ERROR - 2017-07-27 06:09:39 --> Severity: Notice --> Undefined index: email_id /home/aneroidtech29543/public_html/addanyproject.com/weleva/application/application/views/admin/feeds/list.php 78
ERROR - 2017-07-27 06:09:39 --> Severity: Notice --> Undefined index: mobile_no /home/aneroidtech29543/public_html/addanyproject.com/weleva/application/application/views/admin/feeds/list.php 82
ERROR - 2017-07-27 06:09:39 --> Severity: Notice --> Undefined index: email_id /home/aneroidtech29543/public_html/addanyproject.com/weleva/application/application/views/admin/feeds/list.php 78
ERROR - 2017-07-27 06:09:39 --> Severity: Notice --> Undefined index: mobile_no /home/aneroidtech29543/public_html/addanyproject.com/weleva/application/application/views/admin/feeds/list.php 82
ERROR - 2017-07-27 06:09:39 --> Severity: Notice --> Undefined index: email_id /home/aneroidtech29543/public_html/addanyproject.com/weleva/application/application/views/admin/feeds/list.php 78
ERROR - 2017-07-27 06:09:39 --> Severity: Notice --> Undefined index: mobile_no /home/aneroidtech29543/public_html/addanyproject.com/weleva/application/application/views/admin/feeds/list.php 82
ERROR - 2017-07-27 06:11:21 --> Could not find the language line "customers col last_name"
ERROR - 2017-07-27 06:11:21 --> Could not find the language line "customers input last_name"
ERROR - 2017-07-27 06:11:21 --> Severity: Notice --> Undefined index: last_name /home/aneroidtech29543/public_html/addanyproject.com/weleva/application/application/views/admin/customers/list.php 114
ERROR - 2017-07-27 06:11:21 --> Severity: Notice --> Undefined index: last_name /home/aneroidtech29543/public_html/addanyproject.com/weleva/application/application/views/admin/customers/list.php 114
ERROR - 2017-07-27 06:11:21 --> Severity: Notice --> Undefined index: last_name /home/aneroidtech29543/public_html/addanyproject.com/weleva/application/application/views/admin/customers/list.php 114
ERROR - 2017-07-27 06:11:21 --> Severity: Notice --> Undefined index: last_name /home/aneroidtech29543/public_html/addanyproject.com/weleva/application/application/views/admin/customers/list.php 114
ERROR - 2017-07-27 06:11:21 --> Severity: Notice --> Undefined index: last_name /home/aneroidtech29543/public_html/addanyproject.com/weleva/application/application/views/admin/customers/list.php 114
ERROR - 2017-07-27 06:11:21 --> Severity: Notice --> Undefined index: last_name /home/aneroidtech29543/public_html/addanyproject.com/weleva/application/application/views/admin/customers/list.php 114
ERROR - 2017-07-27 06:11:21 --> Severity: Notice --> Undefined index: last_name /home/aneroidtech29543/public_html/addanyproject.com/weleva/application/application/views/admin/customers/list.php 114
ERROR - 2017-07-27 06:11:21 --> Severity: Notice --> Undefined index: last_name /home/aneroidtech29543/public_html/addanyproject.com/weleva/application/application/views/admin/customers/list.php 114
ERROR - 2017-07-27 06:11:21 --> Severity: Notice --> Undefined index: last_name /home/aneroidtech29543/public_html/addanyproject.com/weleva/application/application/views/admin/customers/list.php 114
ERROR - 2017-07-27 06:11:21 --> Severity: Notice --> Undefined index: last_name /home/aneroidtech29543/public_html/addanyproject.com/weleva/application/application/views/admin/customers/list.php 114
ERROR - 2017-07-27 06:11:21 --> Could not find the language line "customers col last_name"
ERROR - 2017-07-27 06:11:21 --> Could not find the language line "customers input last_name"
ERROR - 2017-07-27 06:11:21 --> Severity: Notice --> Undefined index: last_name /home/aneroidtech29543/public_html/addanyproject.com/weleva/application/application/views/admin/customers/list.php 114
ERROR - 2017-07-27 06:11:21 --> Severity: Notice --> Undefined index: last_name /home/aneroidtech29543/public_html/addanyproject.com/weleva/application/application/views/admin/customers/list.php 114
ERROR - 2017-07-27 06:11:21 --> Severity: Notice --> Undefined index: last_name /home/aneroidtech29543/public_html/addanyproject.com/weleva/application/application/views/admin/customers/list.php 114
ERROR - 2017-07-27 06:11:21 --> Severity: Notice --> Undefined index: last_name /home/aneroidtech29543/public_html/addanyproject.com/weleva/application/application/views/admin/customers/list.php 114
ERROR - 2017-07-27 06:11:21 --> Severity: Notice --> Undefined index: last_name /home/aneroidtech29543/public_html/addanyproject.com/weleva/application/application/views/admin/customers/list.php 114
ERROR - 2017-07-27 06:11:21 --> Severity: Notice --> Undefined index: last_name /home/aneroidtech29543/public_html/addanyproject.com/weleva/application/application/views/admin/customers/list.php 114
ERROR - 2017-07-27 06:11:21 --> Severity: Notice --> Undefined index: last_name /home/aneroidtech29543/public_html/addanyproject.com/weleva/application/application/views/admin/customers/list.php 114
ERROR - 2017-07-27 06:11:21 --> Severity: Notice --> Undefined index: last_name /home/aneroidtech29543/public_html/addanyproject.com/weleva/application/application/views/admin/customers/list.php 114
ERROR - 2017-07-27 06:11:21 --> Severity: Notice --> Undefined index: last_name /home/aneroidtech29543/public_html/addanyproject.com/weleva/application/application/views/admin/customers/list.php 114
ERROR - 2017-07-27 06:11:21 --> Severity: Notice --> Undefined index: last_name /home/aneroidtech29543/public_html/addanyproject.com/weleva/application/application/views/admin/customers/list.php 114
ERROR - 2017-07-27 10:41:22 --> 404 Page Not Found: Themes/admin
ERROR - 2017-07-27 06:11:24 --> Could not find the language line "feeds tooltip add_new_feed"
ERROR - 2017-07-27 06:11:24 --> Could not find the language line "feeds input email"
ERROR - 2017-07-27 06:11:24 --> Could not find the language line "feeds input mobile_no"
ERROR - 2017-07-27 06:11:24 --> Could not find the language line "feeds input feed_name"
ERROR - 2017-07-27 06:11:24 --> Could not find the language line "feeds input email"
ERROR - 2017-07-27 06:11:24 --> Could not find the language line "feeds input mobile_no"
ERROR - 2017-07-27 06:11:24 --> Severity: Notice --> Undefined index: email_id /home/aneroidtech29543/public_html/addanyproject.com/weleva/application/application/views/admin/feeds/list.php 78
ERROR - 2017-07-27 06:11:24 --> Severity: Notice --> Undefined index: mobile_no /home/aneroidtech29543/public_html/addanyproject.com/weleva/application/application/views/admin/feeds/list.php 82
ERROR - 2017-07-27 06:11:24 --> Severity: Notice --> Undefined index: email_id /home/aneroidtech29543/public_html/addanyproject.com/weleva/application/application/views/admin/feeds/list.php 78
ERROR - 2017-07-27 06:11:24 --> Severity: Notice --> Undefined index: mobile_no /home/aneroidtech29543/public_html/addanyproject.com/weleva/application/application/views/admin/feeds/list.php 82
ERROR - 2017-07-27 06:11:24 --> Severity: Notice --> Undefined index: email_id /home/aneroidtech29543/public_html/addanyproject.com/weleva/application/application/views/admin/feeds/list.php 78
ERROR - 2017-07-27 06:11:24 --> Severity: Notice --> Undefined index: mobile_no /home/aneroidtech29543/public_html/addanyproject.com/weleva/application/application/views/admin/feeds/list.php 82
ERROR - 2017-07-27 06:11:27 --> Could not find the language line "feeds input payment_status"
ERROR - 2017-07-27 06:11:27 --> Severity: Notice --> Undefined variable: paymentlist /home/aneroidtech29543/public_html/addanyproject.com/weleva/application/application/views/admin/feeds/form.php 66
ERROR - 2017-07-27 06:11:33 --> Could not find the language line "feeds tooltip add_new_feed"
ERROR - 2017-07-27 06:11:33 --> Could not find the language line "feeds input email"
ERROR - 2017-07-27 06:11:33 --> Could not find the language line "feeds input mobile_no"
ERROR - 2017-07-27 06:11:33 --> Could not find the language line "feeds input feed_name"
ERROR - 2017-07-27 06:11:33 --> Could not find the language line "feeds input email"
ERROR - 2017-07-27 06:11:33 --> Could not find the language line "feeds input mobile_no"
ERROR - 2017-07-27 06:11:33 --> Severity: Notice --> Undefined index: email_id /home/aneroidtech29543/public_html/addanyproject.com/weleva/application/application/views/admin/feeds/list.php 78
ERROR - 2017-07-27 06:11:33 --> Severity: Notice --> Undefined index: mobile_no /home/aneroidtech29543/public_html/addanyproject.com/weleva/application/application/views/admin/feeds/list.php 82
ERROR - 2017-07-27 06:11:33 --> Severity: Notice --> Undefined index: email_id /home/aneroidtech29543/public_html/addanyproject.com/weleva/application/application/views/admin/feeds/list.php 78
ERROR - 2017-07-27 06:11:33 --> Severity: Notice --> Undefined index: mobile_no /home/aneroidtech29543/public_html/addanyproject.com/weleva/application/application/views/admin/feeds/list.php 82
ERROR - 2017-07-27 06:11:33 --> Severity: Notice --> Undefined index: email_id /home/aneroidtech29543/public_html/addanyproject.com/weleva/application/application/views/admin/feeds/list.php 78
ERROR - 2017-07-27 06:11:33 --> Severity: Notice --> Undefined index: mobile_no /home/aneroidtech29543/public_html/addanyproject.com/weleva/application/application/views/admin/feeds/list.php 82
ERROR - 2017-07-27 10:00:34 --> Could not find the language line "customers col last_name"
ERROR - 2017-07-27 10:00:34 --> Could not find the language line "customers input last_name"
ERROR - 2017-07-27 10:00:34 --> Severity: Notice --> Undefined index: last_name /home/aneroidtech29543/public_html/addanyproject.com/weleva/application/application/views/admin/customers/list.php 114
ERROR - 2017-07-27 10:00:34 --> Severity: Notice --> Undefined index: last_name /home/aneroidtech29543/public_html/addanyproject.com/weleva/application/application/views/admin/customers/list.php 114
ERROR - 2017-07-27 10:00:34 --> Severity: Notice --> Undefined index: last_name /home/aneroidtech29543/public_html/addanyproject.com/weleva/application/application/views/admin/customers/list.php 114
ERROR - 2017-07-27 10:00:34 --> Severity: Notice --> Undefined index: last_name /home/aneroidtech29543/public_html/addanyproject.com/weleva/application/application/views/admin/customers/list.php 114
ERROR - 2017-07-27 10:00:34 --> Severity: Notice --> Undefined index: last_name /home/aneroidtech29543/public_html/addanyproject.com/weleva/application/application/views/admin/customers/list.php 114
ERROR - 2017-07-27 10:00:34 --> Severity: Notice --> Undefined index: last_name /home/aneroidtech29543/public_html/addanyproject.com/weleva/application/application/views/admin/customers/list.php 114
ERROR - 2017-07-27 10:00:34 --> Severity: Notice --> Undefined index: last_name /home/aneroidtech29543/public_html/addanyproject.com/weleva/application/application/views/admin/customers/list.php 114
ERROR - 2017-07-27 10:00:34 --> Severity: Notice --> Undefined index: last_name /home/aneroidtech29543/public_html/addanyproject.com/weleva/application/application/views/admin/customers/list.php 114
ERROR - 2017-07-27 10:00:34 --> Severity: Notice --> Undefined index: last_name /home/aneroidtech29543/public_html/addanyproject.com/weleva/application/application/views/admin/customers/list.php 114
ERROR - 2017-07-27 10:00:34 --> Severity: Notice --> Undefined index: last_name /home/aneroidtech29543/public_html/addanyproject.com/weleva/application/application/views/admin/customers/list.php 114
ERROR - 2017-07-27 10:01:02 --> Could not find the language line "customers input last_name"
ERROR - 2017-07-27 10:01:37 --> Could not find the language line "customers input last_name"
ERROR - 2017-07-27 10:02:09 --> Could not find the language line "customers input last_name"
ERROR - 2017-07-27 10:02:13 --> Could not find the language line "customers col last_name"
ERROR - 2017-07-27 10:02:13 --> Could not find the language line "customers input last_name"
ERROR - 2017-07-27 10:02:13 --> Severity: Notice --> Undefined index: last_name /home/aneroidtech29543/public_html/addanyproject.com/weleva/application/application/views/admin/customers/list.php 114
ERROR - 2017-07-27 10:02:13 --> Severity: Notice --> Undefined index: last_name /home/aneroidtech29543/public_html/addanyproject.com/weleva/application/application/views/admin/customers/list.php 114
ERROR - 2017-07-27 10:02:13 --> Severity: Notice --> Undefined index: last_name /home/aneroidtech29543/public_html/addanyproject.com/weleva/application/application/views/admin/customers/list.php 114
ERROR - 2017-07-27 10:02:13 --> Severity: Notice --> Undefined index: last_name /home/aneroidtech29543/public_html/addanyproject.com/weleva/application/application/views/admin/customers/list.php 114
ERROR - 2017-07-27 10:02:13 --> Severity: Notice --> Undefined index: last_name /home/aneroidtech29543/public_html/addanyproject.com/weleva/application/application/views/admin/customers/list.php 114
ERROR - 2017-07-27 10:02:13 --> Severity: Notice --> Undefined index: last_name /home/aneroidtech29543/public_html/addanyproject.com/weleva/application/application/views/admin/customers/list.php 114
ERROR - 2017-07-27 10:02:13 --> Severity: Notice --> Undefined index: last_name /home/aneroidtech29543/public_html/addanyproject.com/weleva/application/application/views/admin/customers/list.php 114
ERROR - 2017-07-27 10:02:13 --> Severity: Notice --> Undefined index: last_name /home/aneroidtech29543/public_html/addanyproject.com/weleva/application/application/views/admin/customers/list.php 114
ERROR - 2017-07-27 10:02:13 --> Severity: Notice --> Undefined index: last_name /home/aneroidtech29543/public_html/addanyproject.com/weleva/application/application/views/admin/customers/list.php 114
ERROR - 2017-07-27 10:02:13 --> Severity: Notice --> Undefined index: last_name /home/aneroidtech29543/public_html/addanyproject.com/weleva/application/application/views/admin/customers/list.php 114
ERROR - 2017-07-27 10:02:21 --> Could not find the language line "customers col last_name"
ERROR - 2017-07-27 10:02:21 --> Could not find the language line "customers input last_name"
ERROR - 2017-07-27 10:02:29 --> Could not find the language line "customers input last_name"
ERROR - 2017-07-27 10:04:18 --> Could not find the language line "customers col last_name"
ERROR - 2017-07-27 10:04:18 --> Could not find the language line "customers input last_name"
ERROR - 2017-07-27 10:04:18 --> Severity: Notice --> Undefined index: last_name /home/aneroidtech29543/public_html/addanyproject.com/weleva/application/application/views/admin/customers/list.php 114
ERROR - 2017-07-27 10:07:58 --> Severity: Warning --> Cannot modify header information - headers already sent by (output started at /home/aneroidtech29543/public_html/addanyproject.com/weleva/application/application/controllers/Api.php:278) /home/aneroidtech29543/public_html/addanyproject.com/weleva/application/system/core/Common.php 573
ERROR - 2017-07-27 10:07:58 --> Severity: Error --> Call to undefined function wp_mail() /home/aneroidtech29543/public_html/addanyproject.com/weleva/application/application/controllers/Api.php 278
ERROR - 2017-07-27 10:07:58 --> Severity: Warning --> Cannot modify header information - headers already sent by (output started at /home/aneroidtech29543/public_html/addanyproject.com/weleva/application/application/controllers/Api.php:278) /home/aneroidtech29543/public_html/addanyproject.com/weleva/application/system/core/Common.php 573
ERROR - 2017-07-27 10:07:58 --> Severity: Error --> Call to undefined function wp_mail() /home/aneroidtech29543/public_html/addanyproject.com/weleva/application/application/controllers/Api.php 278
ERROR - 2017-07-27 16:23:17 --> 404 Page Not Found: Themes/admin
ERROR - 2017-07-27 11:53:20 --> Could not find the language line "customers col last_name"
ERROR - 2017-07-27 11:53:20 --> Could not find the language line "customers input last_name"
ERROR - 2017-07-27 11:53:20 --> Severity: Notice --> Undefined index: last_name /home/aneroidtech29543/public_html/addanyproject.com/weleva/application/application/views/admin/customers/list.php 114
ERROR - 2017-07-27 11:53:20 --> Severity: Notice --> Undefined index: last_name /home/aneroidtech29543/public_html/addanyproject.com/weleva/application/application/views/admin/customers/list.php 114
ERROR - 2017-07-27 11:53:20 --> Severity: Notice --> Undefined index: last_name /home/aneroidtech29543/public_html/addanyproject.com/weleva/application/application/views/admin/customers/list.php 114
ERROR - 2017-07-27 11:53:20 --> Severity: Notice --> Undefined index: last_name /home/aneroidtech29543/public_html/addanyproject.com/weleva/application/application/views/admin/customers/list.php 114
ERROR - 2017-07-27 11:53:20 --> Severity: Notice --> Undefined index: last_name /home/aneroidtech29543/public_html/addanyproject.com/weleva/application/application/views/admin/customers/list.php 114
ERROR - 2017-07-27 11:53:20 --> Severity: Notice --> Undefined index: last_name /home/aneroidtech29543/public_html/addanyproject.com/weleva/application/application/views/admin/customers/list.php 114
ERROR - 2017-07-27 11:53:20 --> Severity: Notice --> Undefined index: last_name /home/aneroidtech29543/public_html/addanyproject.com/weleva/application/application/views/admin/customers/list.php 114
ERROR - 2017-07-27 11:53:20 --> Severity: Notice --> Undefined index: last_name /home/aneroidtech29543/public_html/addanyproject.com/weleva/application/application/views/admin/customers/list.php 114
ERROR - 2017-07-27 11:53:20 --> Severity: Notice --> Undefined index: last_name /home/aneroidtech29543/public_html/addanyproject.com/weleva/application/application/views/admin/customers/list.php 114
ERROR - 2017-07-27 11:53:20 --> Severity: Notice --> Undefined index: last_name /home/aneroidtech29543/public_html/addanyproject.com/weleva/application/application/views/admin/customers/list.php 114
ERROR - 2017-07-27 11:53:23 --> Could not find the language line "customers input last_name"
ERROR - 2017-07-27 11:53:25 --> Could not find the language line "customers col last_name"
ERROR - 2017-07-27 11:53:25 --> Could not find the language line "customers input last_name"
ERROR - 2017-07-27 11:53:25 --> Severity: Notice --> Undefined index: last_name /home/aneroidtech29543/public_html/addanyproject.com/weleva/application/application/views/admin/customers/list.php 114
ERROR - 2017-07-27 11:53:25 --> Severity: Notice --> Undefined index: last_name /home/aneroidtech29543/public_html/addanyproject.com/weleva/application/application/views/admin/customers/list.php 114
ERROR - 2017-07-27 11:53:25 --> Severity: Notice --> Undefined index: last_name /home/aneroidtech29543/public_html/addanyproject.com/weleva/application/application/views/admin/customers/list.php 114
ERROR - 2017-07-27 11:53:25 --> Severity: Notice --> Undefined index: last_name /home/aneroidtech29543/public_html/addanyproject.com/weleva/application/application/views/admin/customers/list.php 114
ERROR - 2017-07-27 11:53:25 --> Severity: Notice --> Undefined index: last_name /home/aneroidtech29543/public_html/addanyproject.com/weleva/application/application/views/admin/customers/list.php 114
ERROR - 2017-07-27 11:53:25 --> Severity: Notice --> Undefined index: last_name /home/aneroidtech29543/public_html/addanyproject.com/weleva/application/application/views/admin/customers/list.php 114
ERROR - 2017-07-27 11:53:25 --> Severity: Notice --> Undefined index: last_name /home/aneroidtech29543/public_html/addanyproject.com/weleva/application/application/views/admin/customers/list.php 114
ERROR - 2017-07-27 11:53:25 --> Severity: Notice --> Undefined index: last_name /home/aneroidtech29543/public_html/addanyproject.com/weleva/application/application/views/admin/customers/list.php 114
ERROR - 2017-07-27 11:53:25 --> Severity: Notice --> Undefined index: last_name /home/aneroidtech29543/public_html/addanyproject.com/weleva/application/application/views/admin/customers/list.php 114
ERROR - 2017-07-27 11:53:25 --> Severity: Notice --> Undefined index: last_name /home/aneroidtech29543/public_html/addanyproject.com/weleva/application/application/views/admin/customers/list.php 114
ERROR - 2017-07-27 11:53:48 --> Could not find the language line "customers col last_name"
ERROR - 2017-07-27 11:53:48 --> Could not find the language line "customers input last_name"
ERROR - 2017-07-27 11:53:48 --> Severity: Notice --> Undefined index: last_name /home/aneroidtech29543/public_html/addanyproject.com/weleva/application/application/views/admin/customers/list.php 114
ERROR - 2017-07-27 11:53:50 --> Could not find the language line "customers input last_name"
ERROR - 2017-07-27 12:01:29 --> Could not find the language line "customers col last_name"
ERROR - 2017-07-27 12:01:29 --> Could not find the language line "customers input last_name"
ERROR - 2017-07-27 12:01:29 --> Severity: Notice --> Undefined index: last_name /home/aneroidtech29543/public_html/addanyproject.com/weleva/application/application/views/admin/customers/list.php 114
ERROR - 2017-07-27 12:01:29 --> Severity: Notice --> Undefined index: last_name /home/aneroidtech29543/public_html/addanyproject.com/weleva/application/application/views/admin/customers/list.php 114
ERROR - 2017-07-27 12:01:29 --> Severity: Notice --> Undefined index: last_name /home/aneroidtech29543/public_html/addanyproject.com/weleva/application/application/views/admin/customers/list.php 114
ERROR - 2017-07-27 12:01:29 --> Severity: Notice --> Undefined index: last_name /home/aneroidtech29543/public_html/addanyproject.com/weleva/application/application/views/admin/customers/list.php 114
ERROR - 2017-07-27 12:01:29 --> Severity: Notice --> Undefined index: last_name /home/aneroidtech29543/public_html/addanyproject.com/weleva/application/application/views/admin/customers/list.php 114
ERROR - 2017-07-27 12:01:29 --> Severity: Notice --> Undefined index: last_name /home/aneroidtech29543/public_html/addanyproject.com/weleva/application/application/views/admin/customers/list.php 114
ERROR - 2017-07-27 12:01:29 --> Severity: Notice --> Undefined index: last_name /home/aneroidtech29543/public_html/addanyproject.com/weleva/application/application/views/admin/customers/list.php 114
ERROR - 2017-07-27 12:01:29 --> Severity: Notice --> Undefined index: last_name /home/aneroidtech29543/public_html/addanyproject.com/weleva/application/application/views/admin/customers/list.php 114
ERROR - 2017-07-27 12:01:29 --> Severity: Notice --> Undefined index: last_name /home/aneroidtech29543/public_html/addanyproject.com/weleva/application/application/views/admin/customers/list.php 114
ERROR - 2017-07-27 12:01:29 --> Severity: Notice --> Undefined index: last_name /home/aneroidtech29543/public_html/addanyproject.com/weleva/application/application/views/admin/customers/list.php 114
ERROR - 2017-07-27 12:01:38 --> Could not find the language line "customers input last_name"
ERROR - 2017-07-27 12:41:26 --> Severity: Warning --> Cannot modify header information - headers already sent by (output started at /home/aneroidtech29543/public_html/addanyproject.com/weleva/application/application/models/Customers_model.php:354) /home/aneroidtech29543/public_html/addanyproject.com/weleva/application/system/core/Common.php 573
ERROR - 2017-07-27 12:41:26 --> Severity: Parsing Error --> syntax error, unexpected '=>' (T_DOUBLE_ARROW) /home/aneroidtech29543/public_html/addanyproject.com/weleva/application/application/models/Customers_model.php 354
ERROR - 2017-07-27 12:41:26 --> Severity: Warning --> Cannot modify header information - headers already sent by (output started at /home/aneroidtech29543/public_html/addanyproject.com/weleva/application/application/models/Customers_model.php:354) /home/aneroidtech29543/public_html/addanyproject.com/weleva/application/system/core/Common.php 573
ERROR - 2017-07-27 12:41:26 --> Severity: Parsing Error --> syntax error, unexpected '=>' (T_DOUBLE_ARROW) /home/aneroidtech29543/public_html/addanyproject.com/weleva/application/application/models/Customers_model.php 354
ERROR - 2017-07-27 13:02:47 --> Severity: Warning --> array_push() expects parameter 1 to be array, string given /home/aneroidtech29543/public_html/addanyproject.com/weleva/application/application/models/Customers_model.php 368
ERROR - 2017-07-27 13:02:47 --> Severity: Warning --> Cannot modify header information - headers already sent by (output started at /home/aneroidtech29543/public_html/addanyproject.com/weleva/application/system/core/Exceptions.php:271) /home/aneroidtech29543/public_html/addanyproject.com/weleva/application/application/helpers/core_helper.php 14
ERROR - 2017-07-27 13:02:47 --> Severity: Warning --> Cannot modify header information - headers already sent by (output started at /home/aneroidtech29543/public_html/addanyproject.com/weleva/application/system/core/Exceptions.php:271) /home/aneroidtech29543/public_html/addanyproject.com/weleva/application/application/helpers/core_helper.php 15
ERROR - 2017-07-27 13:02:47 --> Severity: Warning --> Cannot modify header information - headers already sent by (output started at /home/aneroidtech29543/public_html/addanyproject.com/weleva/application/system/core/Exceptions.php:271) /home/aneroidtech29543/public_html/addanyproject.com/weleva/application/application/helpers/core_helper.php 16
ERROR - 2017-07-27 13:02:47 --> Severity: Warning --> array_push() expects parameter 1 to be array, string given /home/aneroidtech29543/public_html/addanyproject.com/weleva/application/application/models/Customers_model.php 368
ERROR - 2017-07-27 13:02:47 --> Severity: Warning --> Cannot modify header information - headers already sent by (output started at /home/aneroidtech29543/public_html/addanyproject.com/weleva/application/system/core/Exceptions.php:271) /home/aneroidtech29543/public_html/addanyproject.com/weleva/application/application/helpers/core_helper.php 14
ERROR - 2017-07-27 13:02:47 --> Severity: Warning --> Cannot modify header information - headers already sent by (output started at /home/aneroidtech29543/public_html/addanyproject.com/weleva/application/system/core/Exceptions.php:271) /home/aneroidtech29543/public_html/addanyproject.com/weleva/application/application/helpers/core_helper.php 15
ERROR - 2017-07-27 13:02:47 --> Severity: Warning --> Cannot modify header information - headers already sent by (output started at /home/aneroidtech29543/public_html/addanyproject.com/weleva/application/system/core/Exceptions.php:271) /home/aneroidtech29543/public_html/addanyproject.com/weleva/application/application/helpers/core_helper.php 16
ERROR - 2017-07-27 13:14:12 --> Could not find the language line "form_validation__check_login"
ERROR - 2017-07-27 13:14:13 --> Could not find the language line "form_validation__check_login"
ERROR - 2017-07-27 13:14:37 --> Could not find the language line "form_validation__check_login"
ERROR - 2017-07-27 13:14:37 --> Could not find the language line "form_validation__check_login"
ERROR - 2017-07-27 13:14:47 --> Severity: Warning --> in_array() expects parameter 2 to be array, integer given /home/aneroidtech29543/public_html/addanyproject.com/weleva/application/application/models/Customers_model.php 363
ERROR - 2017-07-27 13:14:47 --> Severity: Warning --> Cannot modify header information - headers already sent by (output started at /home/aneroidtech29543/public_html/addanyproject.com/weleva/application/system/core/Exceptions.php:271) /home/aneroidtech29543/public_html/addanyproject.com/weleva/application/application/helpers/core_helper.php 14
ERROR - 2017-07-27 13:14:47 --> Severity: Warning --> Cannot modify header information - headers already sent by (output started at /home/aneroidtech29543/public_html/addanyproject.com/weleva/application/system/core/Exceptions.php:271) /home/aneroidtech29543/public_html/addanyproject.com/weleva/application/application/helpers/core_helper.php 15
ERROR - 2017-07-27 13:14:47 --> Severity: Warning --> Cannot modify header information - headers already sent by (output started at /home/aneroidtech29543/public_html/addanyproject.com/weleva/application/system/core/Exceptions.php:271) /home/aneroidtech29543/public_html/addanyproject.com/weleva/application/application/helpers/core_helper.php 16
ERROR - 2017-07-27 13:14:47 --> Severity: Warning --> in_array() expects parameter 2 to be array, integer given /home/aneroidtech29543/public_html/addanyproject.com/weleva/application/application/models/Customers_model.php 363
ERROR - 2017-07-27 13:14:47 --> Severity: Warning --> in_array() expects parameter 2 to be array, integer given /home/aneroidtech29543/public_html/addanyproject.com/weleva/application/application/models/Customers_model.php 363
ERROR - 2017-07-27 13:14:47 --> Severity: Warning --> Cannot modify header information - headers already sent by (output started at /home/aneroidtech29543/public_html/addanyproject.com/weleva/application/system/core/Exceptions.php:271) /home/aneroidtech29543/public_html/addanyproject.com/weleva/application/application/helpers/core_helper.php 14
ERROR - 2017-07-27 13:14:47 --> Severity: Warning --> Cannot modify header information - headers already sent by (output started at /home/aneroidtech29543/public_html/addanyproject.com/weleva/application/system/core/Exceptions.php:271) /home/aneroidtech29543/public_html/addanyproject.com/weleva/application/application/helpers/core_helper.php 15
ERROR - 2017-07-27 13:14:47 --> Severity: Warning --> Cannot modify header information - headers already sent by (output started at /home/aneroidtech29543/public_html/addanyproject.com/weleva/application/system/core/Exceptions.php:271) /home/aneroidtech29543/public_html/addanyproject.com/weleva/application/application/helpers/core_helper.php 16
ERROR - 2017-07-27 13:22:15 --> Severity: Warning --> in_array() expects parameter 2 to be array, integer given /home/aneroidtech29543/public_html/addanyproject.com/weleva/application/application/models/Customers_model.php 363
ERROR - 2017-07-27 13:22:15 --> Severity: Warning --> in_array() expects parameter 2 to be array, integer given /home/aneroidtech29543/public_html/addanyproject.com/weleva/application/application/models/Customers_model.php 363
ERROR - 2017-07-27 13:22:15 --> Severity: Warning --> Cannot modify header information - headers already sent by (output started at /home/aneroidtech29543/public_html/addanyproject.com/weleva/application/system/core/Exceptions.php:271) /home/aneroidtech29543/public_html/addanyproject.com/weleva/application/application/helpers/core_helper.php 14
ERROR - 2017-07-27 13:22:15 --> Severity: Warning --> Cannot modify header information - headers already sent by (output started at /home/aneroidtech29543/public_html/addanyproject.com/weleva/application/system/core/Exceptions.php:271) /home/aneroidtech29543/public_html/addanyproject.com/weleva/application/application/helpers/core_helper.php 15
ERROR - 2017-07-27 13:22:15 --> Severity: Warning --> Cannot modify header information - headers already sent by (output started at /home/aneroidtech29543/public_html/addanyproject.com/weleva/application/system/core/Exceptions.php:271) /home/aneroidtech29543/public_html/addanyproject.com/weleva/application/application/helpers/core_helper.php 16
ERROR - 2017-07-27 13:22:15 --> Severity: Warning --> in_array() expects parameter 2 to be array, integer given /home/aneroidtech29543/public_html/addanyproject.com/weleva/application/application/models/Customers_model.php 363
ERROR - 2017-07-27 13:22:15 --> Severity: Warning --> in_array() expects parameter 2 to be array, integer given /home/aneroidtech29543/public_html/addanyproject.com/weleva/application/application/models/Customers_model.php 363
ERROR - 2017-07-27 13:22:15 --> Severity: Warning --> Cannot modify header information - headers already sent by (output started at /home/aneroidtech29543/public_html/addanyproject.com/weleva/application/system/core/Exceptions.php:271) /home/aneroidtech29543/public_html/addanyproject.com/weleva/application/application/helpers/core_helper.php 14
ERROR - 2017-07-27 13:22:15 --> Severity: Warning --> Cannot modify header information - headers already sent by (output started at /home/aneroidtech29543/public_html/addanyproject.com/weleva/application/system/core/Exceptions.php:271) /home/aneroidtech29543/public_html/addanyproject.com/weleva/application/application/helpers/core_helper.php 15
ERROR - 2017-07-27 13:22:15 --> Severity: Warning --> Cannot modify header information - headers already sent by (output started at /home/aneroidtech29543/public_html/addanyproject.com/weleva/application/system/core/Exceptions.php:271) /home/aneroidtech29543/public_html/addanyproject.com/weleva/application/application/helpers/core_helper.php 16
ERROR - 2017-07-27 13:22:36 --> Severity: Warning --> in_array() expects parameter 2 to be array, integer given /home/aneroidtech29543/public_html/addanyproject.com/weleva/application/application/models/Customers_model.php 363
ERROR - 2017-07-27 13:22:36 --> Severity: Notice --> Undefined variable: str /home/aneroidtech29543/public_html/addanyproject.com/weleva/application/application/models/Customers_model.php 368
ERROR - 2017-07-27 13:22:36 --> Severity: Warning --> in_array() expects parameter 2 to be array, integer given /home/aneroidtech29543/public_html/addanyproject.com/weleva/application/application/models/Customers_model.php 363
ERROR - 2017-07-27 13:22:36 --> Severity: Notice --> Undefined variable: str /home/aneroidtech29543/public_html/addanyproject.com/weleva/application/application/models/Customers_model.php 368
ERROR - 2017-07-27 13:22:36 --> Severity: Warning --> Cannot modify header information - headers already sent by (output started at /home/aneroidtech29543/public_html/addanyproject.com/weleva/application/system/core/Exceptions.php:271) /home/aneroidtech29543/public_html/addanyproject.com/weleva/application/application/helpers/core_helper.php 14
ERROR - 2017-07-27 13:22:36 --> Severity: Warning --> Cannot modify header information - headers already sent by (output started at /home/aneroidtech29543/public_html/addanyproject.com/weleva/application/system/core/Exceptions.php:271) /home/aneroidtech29543/public_html/addanyproject.com/weleva/application/application/helpers/core_helper.php 15
ERROR - 2017-07-27 13:22:36 --> Severity: Warning --> Cannot modify header information - headers already sent by (output started at /home/aneroidtech29543/public_html/addanyproject.com/weleva/application/system/core/Exceptions.php:271) /home/aneroidtech29543/public_html/addanyproject.com/weleva/application/application/helpers/core_helper.php 16
ERROR - 2017-07-27 13:22:36 --> Severity: Warning --> in_array() expects parameter 2 to be array, integer given /home/aneroidtech29543/public_html/addanyproject.com/weleva/application/application/models/Customers_model.php 363
ERROR - 2017-07-27 13:22:36 --> Severity: Notice --> Undefined variable: str /home/aneroidtech29543/public_html/addanyproject.com/weleva/application/application/models/Customers_model.php 368
ERROR - 2017-07-27 13:22:36 --> Severity: Warning --> in_array() expects parameter 2 to be array, integer given /home/aneroidtech29543/public_html/addanyproject.com/weleva/application/application/models/Customers_model.php 363
ERROR - 2017-07-27 13:22:36 --> Severity: Notice --> Undefined variable: str /home/aneroidtech29543/public_html/addanyproject.com/weleva/application/application/models/Customers_model.php 368
ERROR - 2017-07-27 13:22:36 --> Severity: Warning --> Cannot modify header information - headers already sent by (output started at /home/aneroidtech29543/public_html/addanyproject.com/weleva/application/system/core/Exceptions.php:271) /home/aneroidtech29543/public_html/addanyproject.com/weleva/application/application/helpers/core_helper.php 14
ERROR - 2017-07-27 13:22:36 --> Severity: Warning --> Cannot modify header information - headers already sent by (output started at /home/aneroidtech29543/public_html/addanyproject.com/weleva/application/system/core/Exceptions.php:271) /home/aneroidtech29543/public_html/addanyproject.com/weleva/application/application/helpers/core_helper.php 15
ERROR - 2017-07-27 13:22:36 --> Severity: Warning --> Cannot modify header information - headers already sent by (output started at /home/aneroidtech29543/public_html/addanyproject.com/weleva/application/system/core/Exceptions.php:271) /home/aneroidtech29543/public_html/addanyproject.com/weleva/application/application/helpers/core_helper.php 16
ERROR - 2017-07-27 13:23:36 --> Severity: Warning --> in_array() expects parameter 2 to be array, integer given /home/aneroidtech29543/public_html/addanyproject.com/weleva/application/application/models/Customers_model.php 363
ERROR - 2017-07-27 13:23:36 --> Severity: Warning --> in_array() expects parameter 2 to be array, integer given /home/aneroidtech29543/public_html/addanyproject.com/weleva/application/application/models/Customers_model.php 363
ERROR - 2017-07-27 13:23:36 --> Severity: Warning --> Cannot modify header information - headers already sent by (output started at /home/aneroidtech29543/public_html/addanyproject.com/weleva/application/system/core/Exceptions.php:271) /home/aneroidtech29543/public_html/addanyproject.com/weleva/application/application/helpers/core_helper.php 14
ERROR - 2017-07-27 13:23:36 --> Severity: Warning --> Cannot modify header information - headers already sent by (output started at /home/aneroidtech29543/public_html/addanyproject.com/weleva/application/system/core/Exceptions.php:271) /home/aneroidtech29543/public_html/addanyproject.com/weleva/application/application/helpers/core_helper.php 15
ERROR - 2017-07-27 13:23:36 --> Severity: Warning --> Cannot modify header information - headers already sent by (output started at /home/aneroidtech29543/public_html/addanyproject.com/weleva/application/system/core/Exceptions.php:271) /home/aneroidtech29543/public_html/addanyproject.com/weleva/application/application/helpers/core_helper.php 16
ERROR - 2017-07-27 13:23:36 --> Severity: Warning --> in_array() expects parameter 2 to be array, integer given /home/aneroidtech29543/public_html/addanyproject.com/weleva/application/application/models/Customers_model.php 363
ERROR - 2017-07-27 13:23:36 --> Severity: Warning --> in_array() expects parameter 2 to be array, integer given /home/aneroidtech29543/public_html/addanyproject.com/weleva/application/application/models/Customers_model.php 363
ERROR - 2017-07-27 13:23:36 --> Severity: Warning --> Cannot modify header information - headers already sent by (output started at /home/aneroidtech29543/public_html/addanyproject.com/weleva/application/system/core/Exceptions.php:271) /home/aneroidtech29543/public_html/addanyproject.com/weleva/application/application/helpers/core_helper.php 14
ERROR - 2017-07-27 13:23:36 --> Severity: Warning --> Cannot modify header information - headers already sent by (output started at /home/aneroidtech29543/public_html/addanyproject.com/weleva/application/system/core/Exceptions.php:271) /home/aneroidtech29543/public_html/addanyproject.com/weleva/application/application/helpers/core_helper.php 15
ERROR - 2017-07-27 13:23:36 --> Severity: Warning --> Cannot modify header information - headers already sent by (output started at /home/aneroidtech29543/public_html/addanyproject.com/weleva/application/system/core/Exceptions.php:271) /home/aneroidtech29543/public_html/addanyproject.com/weleva/application/application/helpers/core_helper.php 16
ERROR - 2017-07-27 13:25:21 --> Severity: Warning --> in_array() expects parameter 2 to be array, integer given /home/aneroidtech29543/public_html/addanyproject.com/weleva/application/application/models/Customers_model.php 363
ERROR - 2017-07-27 13:25:21 --> Severity: Warning --> in_array() expects parameter 2 to be array, integer given /home/aneroidtech29543/public_html/addanyproject.com/weleva/application/application/models/Customers_model.php 363
ERROR - 2017-07-27 13:25:21 --> Severity: Warning --> Cannot modify header information - headers already sent by (output started at /home/aneroidtech29543/public_html/addanyproject.com/weleva/application/system/core/Exceptions.php:271) /home/aneroidtech29543/public_html/addanyproject.com/weleva/application/application/helpers/core_helper.php 14
ERROR - 2017-07-27 13:25:21 --> Severity: Warning --> Cannot modify header information - headers already sent by (output started at /home/aneroidtech29543/public_html/addanyproject.com/weleva/application/system/core/Exceptions.php:271) /home/aneroidtech29543/public_html/addanyproject.com/weleva/application/application/helpers/core_helper.php 15
ERROR - 2017-07-27 13:25:21 --> Severity: Warning --> Cannot modify header information - headers already sent by (output started at /home/aneroidtech29543/public_html/addanyproject.com/weleva/application/system/core/Exceptions.php:271) /home/aneroidtech29543/public_html/addanyproject.com/weleva/application/application/helpers/core_helper.php 16
ERROR - 2017-07-27 13:25:21 --> Severity: Warning --> in_array() expects parameter 2 to be array, integer given /home/aneroidtech29543/public_html/addanyproject.com/weleva/application/application/models/Customers_model.php 363
ERROR - 2017-07-27 13:25:21 --> Severity: Warning --> in_array() expects parameter 2 to be array, integer given /home/aneroidtech29543/public_html/addanyproject.com/weleva/application/application/models/Customers_model.php 363
ERROR - 2017-07-27 13:25:21 --> Severity: Warning --> Cannot modify header information - headers already sent by (output started at /home/aneroidtech29543/public_html/addanyproject.com/weleva/application/system/core/Exceptions.php:271) /home/aneroidtech29543/public_html/addanyproject.com/weleva/application/application/helpers/core_helper.php 14
ERROR - 2017-07-27 13:25:21 --> Severity: Warning --> Cannot modify header information - headers already sent by (output started at /home/aneroidtech29543/public_html/addanyproject.com/weleva/application/system/core/Exceptions.php:271) /home/aneroidtech29543/public_html/addanyproject.com/weleva/application/application/helpers/core_helper.php 15
ERROR - 2017-07-27 13:25:21 --> Severity: Warning --> Cannot modify header information - headers already sent by (output started at /home/aneroidtech29543/public_html/addanyproject.com/weleva/application/system/core/Exceptions.php:271) /home/aneroidtech29543/public_html/addanyproject.com/weleva/application/application/helpers/core_helper.php 16
ERROR - 2017-07-27 13:52:18 --> Could not find the language line "form_validation__check_login"
ERROR - 2017-07-27 13:52:21 --> Could not find the language line "form_validation__check_login"
ERROR - 2017-07-27 13:52:44 --> Could not find the language line "form_validation__check_login"
ERROR - 2017-07-27 13:52:45 --> Could not find the language line "form_validation__check_login"
ERROR - 2017-07-27 13:52:48 --> Could not find the language line "form_validation__check_login"
ERROR - 2017-07-27 13:52:50 --> Could not find the language line "form_validation__check_login"
ERROR - 2017-07-27 13:56:09 --> Could not find the language line "customers input last_name"
ERROR - 2017-07-27 13:56:21 --> Could not find the language line "customers input last_name"
ERROR - 2017-07-27 13:56:56 --> Could not find the language line "customers input last_name"
ERROR - 2017-07-27 13:57:04 --> Could not find the language line "customers input last_name"
ERROR - 2017-07-27 13:57:14 --> Could not find the language line "customers input last_name"
ERROR - 2017-07-27 14:04:43 --> Could not find the language line "customers input last_name"
ERROR - 2017-07-27 14:04:44 --> Could not find the language line "customers input last_name"
ERROR - 2017-07-27 14:05:10 --> Could not find the language line "customers col last_name"
ERROR - 2017-07-27 14:05:10 --> Could not find the language line "customers input last_name"
ERROR - 2017-07-27 14:05:10 --> Severity: Notice --> Undefined index: last_name /home/aneroidtech29543/public_html/addanyproject.com/weleva/application/application/views/admin/customers/list.php 114
ERROR - 2017-07-27 14:05:10 --> Severity: Notice --> Undefined index: last_name /home/aneroidtech29543/public_html/addanyproject.com/weleva/application/application/views/admin/customers/list.php 114
ERROR - 2017-07-27 14:05:10 --> Severity: Notice --> Undefined index: last_name /home/aneroidtech29543/public_html/addanyproject.com/weleva/application/application/views/admin/customers/list.php 114
ERROR - 2017-07-27 14:05:10 --> Severity: Notice --> Undefined index: last_name /home/aneroidtech29543/public_html/addanyproject.com/weleva/application/application/views/admin/customers/list.php 114
ERROR - 2017-07-27 14:05:10 --> Severity: Notice --> Undefined index: last_name /home/aneroidtech29543/public_html/addanyproject.com/weleva/application/application/views/admin/customers/list.php 114
ERROR - 2017-07-27 14:05:10 --> Severity: Notice --> Undefined index: last_name /home/aneroidtech29543/public_html/addanyproject.com/weleva/application/application/views/admin/customers/list.php 114
ERROR - 2017-07-27 14:05:10 --> Severity: Notice --> Undefined index: last_name /home/aneroidtech29543/public_html/addanyproject.com/weleva/application/application/views/admin/customers/list.php 114
ERROR - 2017-07-27 14:05:10 --> Severity: Notice --> Undefined index: last_name /home/aneroidtech29543/public_html/addanyproject.com/weleva/application/application/views/admin/customers/list.php 114
ERROR - 2017-07-27 14:05:10 --> Severity: Notice --> Undefined index: last_name /home/aneroidtech29543/public_html/addanyproject.com/weleva/application/application/views/admin/customers/list.php 114
ERROR - 2017-07-27 14:05:10 --> Severity: Notice --> Undefined index: last_name /home/aneroidtech29543/public_html/addanyproject.com/weleva/application/application/views/admin/customers/list.php 114
ERROR - 2017-07-27 14:05:16 --> Could not find the language line "customers col last_name"
ERROR - 2017-07-27 14:05:16 --> Could not find the language line "customers input last_name"
ERROR - 2017-07-27 14:05:16 --> Severity: Notice --> Undefined index: last_name /home/aneroidtech29543/public_html/addanyproject.com/weleva/application/application/views/admin/customers/list.php 114
ERROR - 2017-07-27 14:05:19 --> Could not find the language line "customers input last_name"
ERROR - 2017-07-27 14:07:56 --> Could not find the language line "customers input last_name"
ERROR - 2017-07-27 14:07:56 --> Severity: Warning --> Illegal string offset 'website_url' /home/aneroidtech29543/public_html/addanyproject.com/weleva/application/application/views/admin/customers/form.php 80
ERROR - 2017-07-27 14:07:56 --> Severity: Warning --> Illegal string offset 'website_url' /home/aneroidtech29543/public_html/addanyproject.com/weleva/application/application/views/admin/customers/form.php 80
ERROR - 2017-07-27 14:08:14 --> Could not find the language line "customers input last_name"
ERROR - 2017-07-27 14:09:59 --> Could not find the language line "form_validation__check_login"
ERROR - 2017-07-27 14:10:01 --> Could not find the language line "form_validation__check_login"
ERROR - 2017-07-27 14:11:53 --> Could not find the language line "customers input last_name"
ERROR - 2017-07-27 14:11:53 --> Severity: Warning --> Illegal string offset 'website_url' /home/aneroidtech29543/public_html/addanyproject.com/weleva/application/application/views/admin/customers/form.php 81
ERROR - 2017-07-27 14:11:53 --> Severity: Warning --> Illegal string offset 'website_url' /home/aneroidtech29543/public_html/addanyproject.com/weleva/application/application/views/admin/customers/form.php 81
ERROR - 2017-07-27 14:12:13 --> Could not find the language line "customers input last_name"
ERROR - 2017-07-27 14:12:45 --> Could not find the language line "customers input last_name"
ERROR - 2017-07-27 14:13:03 --> Could not find the language line "customers input last_name"
ERROR - 2017-07-27 14:14:55 --> Could not find the language line "customers input last_name"
ERROR - 2017-07-27 14:14:55 --> Severity: Notice --> Array to string conversion /home/aneroidtech29543/public_html/addanyproject.com/weleva/application/application/views/admin/customers/form.php 84
ERROR - 2017-07-27 14:19:41 --> Could not find the language line "customers input last_name"
ERROR - 2017-07-27 14:19:41 --> Severity: Notice --> Array to string conversion /home/aneroidtech29543/public_html/addanyproject.com/weleva/application/application/views/admin/customers/form.php 80
ERROR - 2017-07-27 14:19:58 --> Could not find the language line "customers input last_name"
ERROR - 2017-07-27 14:22:24 --> Severity: Warning --> array_push() expects parameter 1 to be array, null given /home/aneroidtech29543/public_html/addanyproject.com/weleva/application/application/models/Customers_model.php 365
ERROR - 2017-07-27 14:22:24 --> Severity: Warning --> Cannot modify header information - headers already sent by (output started at /home/aneroidtech29543/public_html/addanyproject.com/weleva/application/system/core/Exceptions.php:271) /home/aneroidtech29543/public_html/addanyproject.com/weleva/application/application/helpers/core_helper.php 14
ERROR - 2017-07-27 14:22:24 --> Severity: Warning --> Cannot modify header information - headers already sent by (output started at /home/aneroidtech29543/public_html/addanyproject.com/weleva/application/system/core/Exceptions.php:271) /home/aneroidtech29543/public_html/addanyproject.com/weleva/application/application/helpers/core_helper.php 15
ERROR - 2017-07-27 14:22:24 --> Severity: Warning --> Cannot modify header information - headers already sent by (output started at /home/aneroidtech29543/public_html/addanyproject.com/weleva/application/system/core/Exceptions.php:271) /home/aneroidtech29543/public_html/addanyproject.com/weleva/application/application/helpers/core_helper.php 16
ERROR - 2017-07-27 14:33:30 --> Could not find the language line "customers input last_name"
ERROR - 2017-07-27 14:34:20 --> Could not find the language line "customers input last_name"
ERROR - 2017-07-27 14:34:23 --> Could not find the language line "customers input last_name"
ERROR - 2017-07-27 14:37:47 --> Could not find the language line "form_validation__check_login"
ERROR - 2017-07-27 14:40:14 --> Could not find the language line "customers input last_name"
ERROR - 2017-07-27 14:40:32 --> Could not find the language line "customers input last_name"
ERROR - 2017-07-27 14:47:23 --> Could not find the language line "customers input last_name"
ERROR - 2017-07-27 14:47:43 --> Could not find the language line "customers input last_name"
ERROR - 2017-07-27 14:48:35 --> Could not find the language line "customers input last_name"
ERROR - 2017-07-27 14:55:35 --> Could not find the language line "customers input last_name"
ERROR - 2017-07-27 14:56:44 --> Could not find the language line "customers input last_name"
ERROR - 2017-07-27 15:03:09 --> Could not find the language line "customers input last_name"
ERROR - 2017-07-27 15:03:24 --> Could not find the language line "customers input last_name"
ERROR - 2017-07-27 15:18:42 --> Could not find the language line "form_validation__check_login"
ERROR - 2017-07-27 15:18:47 --> Could not find the language line "form_validation__check_login"
ERROR - 2017-07-27 23:31:04 --> Could not find the language line "customers col last_name"
ERROR - 2017-07-27 23:31:04 --> Could not find the language line "customers input last_name"
ERROR - 2017-07-27 23:31:04 --> Severity: Notice --> Undefined index: last_name /home/aneroidtech29543/public_html/addanyproject.com/weleva/application/application/views/admin/customers/list.php 114
ERROR - 2017-07-27 23:31:04 --> Severity: Notice --> Undefined index: last_name /home/aneroidtech29543/public_html/addanyproject.com/weleva/application/application/views/admin/customers/list.php 114
ERROR - 2017-07-27 23:31:04 --> Severity: Notice --> Undefined index: last_name /home/aneroidtech29543/public_html/addanyproject.com/weleva/application/application/views/admin/customers/list.php 114
ERROR - 2017-07-27 23:31:04 --> Severity: Notice --> Undefined index: last_name /home/aneroidtech29543/public_html/addanyproject.com/weleva/application/application/views/admin/customers/list.php 114
ERROR - 2017-07-27 23:31:04 --> Severity: Notice --> Undefined index: last_name /home/aneroidtech29543/public_html/addanyproject.com/weleva/application/application/views/admin/customers/list.php 114
ERROR - 2017-07-27 23:31:04 --> Severity: Notice --> Undefined index: last_name /home/aneroidtech29543/public_html/addanyproject.com/weleva/application/application/views/admin/customers/list.php 114
ERROR - 2017-07-27 23:31:04 --> Severity: Notice --> Undefined index: last_name /home/aneroidtech29543/public_html/addanyproject.com/weleva/application/application/views/admin/customers/list.php 114
ERROR - 2017-07-27 23:31:04 --> Severity: Notice --> Undefined index: last_name /home/aneroidtech29543/public_html/addanyproject.com/weleva/application/application/views/admin/customers/list.php 114
ERROR - 2017-07-27 23:31:04 --> Severity: Notice --> Undefined index: last_name /home/aneroidtech29543/public_html/addanyproject.com/weleva/application/application/views/admin/customers/list.php 114
ERROR - 2017-07-27 23:31:04 --> Severity: Notice --> Undefined index: last_name /home/aneroidtech29543/public_html/addanyproject.com/weleva/application/application/views/admin/customers/list.php 114
ERROR - 2017-07-27 23:31:07 --> Could not find the language line "customers input last_name"
ERROR - 2017-07-27 23:31:12 --> Could not find the language line "customers col last_name"
ERROR - 2017-07-27 23:31:12 --> Could not find the language line "customers input last_name"
ERROR - 2017-07-27 23:31:12 --> Severity: Notice --> Undefined index: last_name /home/aneroidtech29543/public_html/addanyproject.com/weleva/application/application/views/admin/customers/list.php 114
ERROR - 2017-07-27 23:31:12 --> Severity: Notice --> Undefined index: last_name /home/aneroidtech29543/public_html/addanyproject.com/weleva/application/application/views/admin/customers/list.php 114
ERROR - 2017-07-27 23:31:12 --> Severity: Notice --> Undefined index: last_name /home/aneroidtech29543/public_html/addanyproject.com/weleva/application/application/views/admin/customers/list.php 114
ERROR - 2017-07-27 23:31:12 --> Severity: Notice --> Undefined index: last_name /home/aneroidtech29543/public_html/addanyproject.com/weleva/application/application/views/admin/customers/list.php 114
ERROR - 2017-07-27 23:31:12 --> Severity: Notice --> Undefined index: last_name /home/aneroidtech29543/public_html/addanyproject.com/weleva/application/application/views/admin/customers/list.php 114
ERROR - 2017-07-27 23:31:12 --> Severity: Notice --> Undefined index: last_name /home/aneroidtech29543/public_html/addanyproject.com/weleva/application/application/views/admin/customers/list.php 114
ERROR - 2017-07-27 23:31:12 --> Severity: Notice --> Undefined index: last_name /home/aneroidtech29543/public_html/addanyproject.com/weleva/application/application/views/admin/customers/list.php 114
ERROR - 2017-07-27 23:31:12 --> Severity: Notice --> Undefined index: last_name /home/aneroidtech29543/public_html/addanyproject.com/weleva/application/application/views/admin/customers/list.php 114
ERROR - 2017-07-27 23:31:12 --> Severity: Notice --> Undefined index: last_name /home/aneroidtech29543/public_html/addanyproject.com/weleva/application/application/views/admin/customers/list.php 114
ERROR - 2017-07-27 23:31:12 --> Severity: Notice --> Undefined index: last_name /home/aneroidtech29543/public_html/addanyproject.com/weleva/application/application/views/admin/customers/list.php 114
ERROR - 2017-07-27 23:31:18 --> Could not find the language line "customers input last_name"
ERROR - 2017-07-27 23:31:20 --> Could not find the language line "customers col last_name"
ERROR - 2017-07-27 23:31:20 --> Could not find the language line "customers input last_name"
ERROR - 2017-07-27 23:31:20 --> Severity: Notice --> Undefined index: last_name /home/aneroidtech29543/public_html/addanyproject.com/weleva/application/application/views/admin/customers/list.php 114
ERROR - 2017-07-27 23:31:20 --> Severity: Notice --> Undefined index: last_name /home/aneroidtech29543/public_html/addanyproject.com/weleva/application/application/views/admin/customers/list.php 114
ERROR - 2017-07-27 23:31:20 --> Severity: Notice --> Undefined index: last_name /home/aneroidtech29543/public_html/addanyproject.com/weleva/application/application/views/admin/customers/list.php 114
ERROR - 2017-07-27 23:31:20 --> Severity: Notice --> Undefined index: last_name /home/aneroidtech29543/public_html/addanyproject.com/weleva/application/application/views/admin/customers/list.php 114
ERROR - 2017-07-27 23:31:20 --> Severity: Notice --> Undefined index: last_name /home/aneroidtech29543/public_html/addanyproject.com/weleva/application/application/views/admin/customers/list.php 114
ERROR - 2017-07-27 23:31:20 --> Severity: Notice --> Undefined index: last_name /home/aneroidtech29543/public_html/addanyproject.com/weleva/application/application/views/admin/customers/list.php 114
ERROR - 2017-07-27 23:31:20 --> Severity: Notice --> Undefined index: last_name /home/aneroidtech29543/public_html/addanyproject.com/weleva/application/application/views/admin/customers/list.php 114
ERROR - 2017-07-27 23:31:20 --> Severity: Notice --> Undefined index: last_name /home/aneroidtech29543/public_html/addanyproject.com/weleva/application/application/views/admin/customers/list.php 114
ERROR - 2017-07-27 23:31:20 --> Severity: Notice --> Undefined index: last_name /home/aneroidtech29543/public_html/addanyproject.com/weleva/application/application/views/admin/customers/list.php 114
ERROR - 2017-07-27 23:31:20 --> Severity: Notice --> Undefined index: last_name /home/aneroidtech29543/public_html/addanyproject.com/weleva/application/application/views/admin/customers/list.php 114
ERROR - 2017-07-27 23:31:24 --> Could not find the language line "customers col last_name"
ERROR - 2017-07-27 23:31:24 --> Could not find the language line "customers input last_name"
ERROR - 2017-07-27 23:31:24 --> Severity: Notice --> Undefined index: last_name /home/aneroidtech29543/public_html/addanyproject.com/weleva/application/application/views/admin/customers/list.php 114
ERROR - 2017-07-27 23:31:24 --> Severity: Notice --> Undefined index: last_name /home/aneroidtech29543/public_html/addanyproject.com/weleva/application/application/views/admin/customers/list.php 114
ERROR - 2017-07-27 23:31:24 --> Severity: Notice --> Undefined index: last_name /home/aneroidtech29543/public_html/addanyproject.com/weleva/application/application/views/admin/customers/list.php 114
ERROR - 2017-07-27 23:31:24 --> Severity: Notice --> Undefined index: last_name /home/aneroidtech29543/public_html/addanyproject.com/weleva/application/application/views/admin/customers/list.php 114
ERROR - 2017-07-27 23:31:24 --> Severity: Notice --> Undefined index: last_name /home/aneroidtech29543/public_html/addanyproject.com/weleva/application/application/views/admin/customers/list.php 114
ERROR - 2017-07-27 23:31:24 --> Severity: Notice --> Undefined index: last_name /home/aneroidtech29543/public_html/addanyproject.com/weleva/application/application/views/admin/customers/list.php 114
ERROR - 2017-07-27 23:31:24 --> Severity: Notice --> Undefined index: last_name /home/aneroidtech29543/public_html/addanyproject.com/weleva/application/application/views/admin/customers/list.php 114
ERROR - 2017-07-27 23:31:36 --> Could not find the language line "customers input last_name"
ERROR - 2017-07-27 23:31:52 --> Could not find the language line "customers col last_name"
ERROR - 2017-07-27 23:31:52 --> Could not find the language line "customers input last_name"
ERROR - 2017-07-27 23:31:52 --> Severity: Notice --> Undefined index: last_name /home/aneroidtech29543/public_html/addanyproject.com/weleva/application/application/views/admin/customers/list.php 114
ERROR - 2017-07-27 23:31:52 --> Severity: Notice --> Undefined index: last_name /home/aneroidtech29543/public_html/addanyproject.com/weleva/application/application/views/admin/customers/list.php 114
ERROR - 2017-07-27 23:31:52 --> Severity: Notice --> Undefined index: last_name /home/aneroidtech29543/public_html/addanyproject.com/weleva/application/application/views/admin/customers/list.php 114
ERROR - 2017-07-27 23:31:52 --> Severity: Notice --> Undefined index: last_name /home/aneroidtech29543/public_html/addanyproject.com/weleva/application/application/views/admin/customers/list.php 114
ERROR - 2017-07-27 23:31:52 --> Severity: Notice --> Undefined index: last_name /home/aneroidtech29543/public_html/addanyproject.com/weleva/application/application/views/admin/customers/list.php 114
ERROR - 2017-07-27 23:31:52 --> Severity: Notice --> Undefined index: last_name /home/aneroidtech29543/public_html/addanyproject.com/weleva/application/application/views/admin/customers/list.php 114
ERROR - 2017-07-27 23:31:52 --> Severity: Notice --> Undefined index: last_name /home/aneroidtech29543/public_html/addanyproject.com/weleva/application/application/views/admin/customers/list.php 114
