ERROR - 2017-05-26 06:11:25 --> Could not find the language line "users error invalid_login"
ERROR - 2017-05-26 06:17:51 --> Could not find the language line "users error invalid_login"
ERROR - 2017-05-26 05:40:08 --> 404 Page Not Found: Api/logi
ERROR - 2017-05-26 05:40:08 --> 404 Page Not Found: Api/log
ERROR - 2017-05-26 05:40:09 --> 404 Page Not Found: Api/lo
ERROR - 2017-05-26 05:40:09 --> 404 Page Not Found: Api/l
ERROR - 2017-05-26 05:40:11 --> 404 Page Not Found: Api/r
ERROR - 2017-05-26 05:40:11 --> 404 Page Not Found: Api/re
ERROR - 2017-05-26 05:40:12 --> 404 Page Not Found: Api/reg
ERROR - 2017-05-26 05:40:12 --> 404 Page Not Found: Api/regi
ERROR - 2017-05-26 05:40:13 --> 404 Page Not Found: Api/regist
ERROR - 2017-05-26 05:40:13 --> 404 Page Not Found: Api/regis
ERROR - 2017-05-26 05:40:13 --> 404 Page Not Found: Api/registra
ERROR - 2017-05-26 05:40:13 --> 404 Page Not Found: Api/registr
ERROR - 2017-05-26 05:40:14 --> 404 Page Not Found: Api/registrat
ERROR - 2017-05-26 05:40:14 --> 404 Page Not Found: Api/registrati
ERROR - 2017-05-26 05:40:14 --> 404 Page Not Found: Api/registratio
ERROR - 2017-05-26 05:40:15 --> 404 Page Not Found: Api/registration
ERROR - 2017-05-26 05:41:16 --> 404 Page Not Found: Api/registration
ERROR - 2017-05-26 08:16:15 --> Could not find the language line "users error invalid_login"
ERROR - 2017-05-26 08:22:36 --> Could not find the language line "users error invalid_login"
ERROR - 2017-05-26 08:45:29 --> Could not find the language line "users error invalid_login"
ERROR - 2017-05-26 08:48:06 --> Could not find the language line "users error invalid_login"
ERROR - 2017-05-26 07:49:03 --> 404 Page Not Found: Api/registration
ERROR - 2017-05-26 08:49:46 --> Could not find the language line "users error invalid_login"
ERROR - 2017-05-26 08:52:45 --> Could not find the language line "users error invalid_login"
ERROR - 2017-05-26 09:21:51 --> Could not find the language line "users error invalid_login"
ERROR - 2017-05-26 09:22:54 --> Could not find the language line "users error invalid_login"
ERROR - 2017-05-26 09:24:15 --> Could not find the language line "users error invalid_login"
ERROR - 2017-05-26 09:25:05 --> Could not find the language line "users error invalid_login"
ERROR - 2017-05-26 09:26:46 --> Could not find the language line "users error invalid_login"
ERROR - 2017-05-26 09:27:58 --> Could not find the language line "users error invalid_login"
ERROR - 2017-05-26 09:30:06 --> Could not find the language line "users error invalid_login"
ERROR - 2017-05-26 09:33:55 --> Could not find the language line "users error invalid_login"
ERROR - 2017-05-26 10:02:05 --> Could not find the language line "users error invalid_login"
ERROR - 2017-05-26 10:06:23 --> Could not find the language line "users error invalid_login"
ERROR - 2017-05-26 10:10:35 --> Could not find the language line "users error invalid_login"
ERROR - 2017-05-26 10:12:40 --> Could not find the language line "users error invalid_login"
ERROR - 2017-05-26 15:12:41 --> 404 Page Not Found: Themes/admin
ERROR - 2017-05-26 16:12:43 --> Could not find the language line "menus input name"
