ERROR - 2017-07-10 09:34:35 --> 404 Page Not Found: Themes/admin
ERROR - 2017-07-10 05:04:40 --> Could not find the language line "feeds tooltip add_new_feed"
ERROR - 2017-07-10 05:04:40 --> Could not find the language line "feeds input email"
ERROR - 2017-07-10 05:04:40 --> Could not find the language line "feeds input mobile_no"
ERROR - 2017-07-10 05:04:40 --> Could not find the language line "feeds input feed_name"
ERROR - 2017-07-10 05:04:40 --> Could not find the language line "feeds input email"
ERROR - 2017-07-10 05:04:40 --> Could not find the language line "feeds input mobile_no"
ERROR - 2017-07-10 05:04:40 --> Severity: Notice --> Undefined index: email_id /home/youmeopc/public_html/demo/elevaweb/application/application/views/admin/feeds/list.php 78
ERROR - 2017-07-10 05:04:40 --> Severity: Notice --> Undefined index: mobile_no /home/youmeopc/public_html/demo/elevaweb/application/application/views/admin/feeds/list.php 82
ERROR - 2017-07-10 05:04:40 --> Severity: Notice --> Undefined index: email_id /home/youmeopc/public_html/demo/elevaweb/application/application/views/admin/feeds/list.php 78
ERROR - 2017-07-10 05:04:40 --> Severity: Notice --> Undefined index: mobile_no /home/youmeopc/public_html/demo/elevaweb/application/application/views/admin/feeds/list.php 82
ERROR - 2017-07-10 05:04:40 --> Severity: Notice --> Undefined index: email_id /home/youmeopc/public_html/demo/elevaweb/application/application/views/admin/feeds/list.php 78
ERROR - 2017-07-10 05:04:40 --> Severity: Notice --> Undefined index: mobile_no /home/youmeopc/public_html/demo/elevaweb/application/application/views/admin/feeds/list.php 82
ERROR - 2017-07-10 05:04:40 --> Severity: Notice --> Undefined index: email_id /home/youmeopc/public_html/demo/elevaweb/application/application/views/admin/feeds/list.php 78
ERROR - 2017-07-10 05:04:40 --> Severity: Notice --> Undefined index: mobile_no /home/youmeopc/public_html/demo/elevaweb/application/application/views/admin/feeds/list.php 82
ERROR - 2017-07-10 05:04:40 --> Severity: Notice --> Undefined index: email_id /home/youmeopc/public_html/demo/elevaweb/application/application/views/admin/feeds/list.php 78
ERROR - 2017-07-10 05:04:40 --> Severity: Notice --> Undefined index: mobile_no /home/youmeopc/public_html/demo/elevaweb/application/application/views/admin/feeds/list.php 82
ERROR - 2017-07-10 05:04:40 --> Severity: Notice --> Undefined index: email_id /home/youmeopc/public_html/demo/elevaweb/application/application/views/admin/feeds/list.php 78
ERROR - 2017-07-10 05:04:40 --> Severity: Notice --> Undefined index: mobile_no /home/youmeopc/public_html/demo/elevaweb/application/application/views/admin/feeds/list.php 82
ERROR - 2017-07-10 05:12:59 --> Could not find the language line "feeds input payment_status"
ERROR - 2017-07-10 05:12:59 --> Severity: Notice --> Undefined variable: paymentlist /home/youmeopc/public_html/demo/elevaweb/application/application/views/admin/feeds/form.php 66
ERROR - 2017-07-10 05:13:51 --> Could not find the language line "feeds tooltip add_new_feed"
ERROR - 2017-07-10 05:13:51 --> Could not find the language line "feeds input email"
ERROR - 2017-07-10 05:13:51 --> Could not find the language line "feeds input mobile_no"
ERROR - 2017-07-10 05:13:51 --> Could not find the language line "feeds input feed_name"
ERROR - 2017-07-10 05:13:51 --> Could not find the language line "feeds input email"
ERROR - 2017-07-10 05:13:51 --> Could not find the language line "feeds input mobile_no"
ERROR - 2017-07-10 05:13:51 --> Severity: Notice --> Undefined index: email_id /home/youmeopc/public_html/demo/elevaweb/application/application/views/admin/feeds/list.php 78
ERROR - 2017-07-10 05:13:51 --> Severity: Notice --> Undefined index: mobile_no /home/youmeopc/public_html/demo/elevaweb/application/application/views/admin/feeds/list.php 82
ERROR - 2017-07-10 05:13:51 --> Severity: Notice --> Undefined index: email_id /home/youmeopc/public_html/demo/elevaweb/application/application/views/admin/feeds/list.php 78
ERROR - 2017-07-10 05:13:51 --> Severity: Notice --> Undefined index: mobile_no /home/youmeopc/public_html/demo/elevaweb/application/application/views/admin/feeds/list.php 82
ERROR - 2017-07-10 05:13:51 --> Severity: Notice --> Undefined index: email_id /home/youmeopc/public_html/demo/elevaweb/application/application/views/admin/feeds/list.php 78
ERROR - 2017-07-10 05:13:51 --> Severity: Notice --> Undefined index: mobile_no /home/youmeopc/public_html/demo/elevaweb/application/application/views/admin/feeds/list.php 82
ERROR - 2017-07-10 05:13:51 --> Severity: Notice --> Undefined index: email_id /home/youmeopc/public_html/demo/elevaweb/application/application/views/admin/feeds/list.php 78
ERROR - 2017-07-10 05:13:51 --> Severity: Notice --> Undefined index: mobile_no /home/youmeopc/public_html/demo/elevaweb/application/application/views/admin/feeds/list.php 82
ERROR - 2017-07-10 05:13:51 --> Severity: Notice --> Undefined index: email_id /home/youmeopc/public_html/demo/elevaweb/application/application/views/admin/feeds/list.php 78
ERROR - 2017-07-10 05:13:51 --> Severity: Notice --> Undefined index: mobile_no /home/youmeopc/public_html/demo/elevaweb/application/application/views/admin/feeds/list.php 82
ERROR - 2017-07-10 05:13:51 --> Severity: Notice --> Undefined index: email_id /home/youmeopc/public_html/demo/elevaweb/application/application/views/admin/feeds/list.php 78
ERROR - 2017-07-10 05:13:51 --> Severity: Notice --> Undefined index: mobile_no /home/youmeopc/public_html/demo/elevaweb/application/application/views/admin/feeds/list.php 82
ERROR - 2017-07-10 05:14:06 --> Could not find the language line "feeds tooltip add_new_feed"
ERROR - 2017-07-10 05:14:06 --> Could not find the language line "feeds input email"
ERROR - 2017-07-10 05:14:06 --> Could not find the language line "feeds input mobile_no"
ERROR - 2017-07-10 05:14:06 --> Could not find the language line "feeds input feed_name"
ERROR - 2017-07-10 05:14:06 --> Could not find the language line "feeds input email"
ERROR - 2017-07-10 05:14:06 --> Could not find the language line "feeds input mobile_no"
ERROR - 2017-07-10 05:14:06 --> Severity: Notice --> Undefined index: email_id /home/youmeopc/public_html/demo/elevaweb/application/application/views/admin/feeds/list.php 78
ERROR - 2017-07-10 05:14:06 --> Severity: Notice --> Undefined index: mobile_no /home/youmeopc/public_html/demo/elevaweb/application/application/views/admin/feeds/list.php 82
ERROR - 2017-07-10 05:14:06 --> Severity: Notice --> Undefined index: email_id /home/youmeopc/public_html/demo/elevaweb/application/application/views/admin/feeds/list.php 78
ERROR - 2017-07-10 05:14:06 --> Severity: Notice --> Undefined index: mobile_no /home/youmeopc/public_html/demo/elevaweb/application/application/views/admin/feeds/list.php 82
ERROR - 2017-07-10 05:14:06 --> Severity: Notice --> Undefined index: email_id /home/youmeopc/public_html/demo/elevaweb/application/application/views/admin/feeds/list.php 78
ERROR - 2017-07-10 05:14:06 --> Severity: Notice --> Undefined index: mobile_no /home/youmeopc/public_html/demo/elevaweb/application/application/views/admin/feeds/list.php 82
ERROR - 2017-07-10 05:14:06 --> Severity: Notice --> Undefined index: email_id /home/youmeopc/public_html/demo/elevaweb/application/application/views/admin/feeds/list.php 78
ERROR - 2017-07-10 05:14:06 --> Severity: Notice --> Undefined index: mobile_no /home/youmeopc/public_html/demo/elevaweb/application/application/views/admin/feeds/list.php 82
ERROR - 2017-07-10 05:14:06 --> Severity: Notice --> Undefined index: email_id /home/youmeopc/public_html/demo/elevaweb/application/application/views/admin/feeds/list.php 78
ERROR - 2017-07-10 05:14:06 --> Severity: Notice --> Undefined index: mobile_no /home/youmeopc/public_html/demo/elevaweb/application/application/views/admin/feeds/list.php 82
ERROR - 2017-07-10 05:14:53 --> Could not find the language line "feeds input payment_status"
ERROR - 2017-07-10 05:14:53 --> Severity: Notice --> Undefined variable: paymentlist /home/youmeopc/public_html/demo/elevaweb/application/application/views/admin/feeds/form.php 66
ERROR - 2017-07-10 05:15:54 --> Could not find the language line "feeds tooltip add_new_feed"
ERROR - 2017-07-10 05:15:54 --> Could not find the language line "feeds input email"
ERROR - 2017-07-10 05:15:54 --> Could not find the language line "feeds input mobile_no"
ERROR - 2017-07-10 05:15:54 --> Could not find the language line "feeds input feed_name"
ERROR - 2017-07-10 05:15:54 --> Could not find the language line "feeds input email"
ERROR - 2017-07-10 05:15:54 --> Could not find the language line "feeds input mobile_no"
ERROR - 2017-07-10 05:15:54 --> Severity: Notice --> Undefined index: email_id /home/youmeopc/public_html/demo/elevaweb/application/application/views/admin/feeds/list.php 78
ERROR - 2017-07-10 05:15:54 --> Severity: Notice --> Undefined index: mobile_no /home/youmeopc/public_html/demo/elevaweb/application/application/views/admin/feeds/list.php 82
ERROR - 2017-07-10 05:15:54 --> Severity: Notice --> Undefined index: email_id /home/youmeopc/public_html/demo/elevaweb/application/application/views/admin/feeds/list.php 78
ERROR - 2017-07-10 05:15:54 --> Severity: Notice --> Undefined index: mobile_no /home/youmeopc/public_html/demo/elevaweb/application/application/views/admin/feeds/list.php 82
ERROR - 2017-07-10 05:15:54 --> Severity: Notice --> Undefined index: email_id /home/youmeopc/public_html/demo/elevaweb/application/application/views/admin/feeds/list.php 78
ERROR - 2017-07-10 05:15:54 --> Severity: Notice --> Undefined index: mobile_no /home/youmeopc/public_html/demo/elevaweb/application/application/views/admin/feeds/list.php 82
ERROR - 2017-07-10 05:15:54 --> Severity: Notice --> Undefined index: email_id /home/youmeopc/public_html/demo/elevaweb/application/application/views/admin/feeds/list.php 78
ERROR - 2017-07-10 05:15:54 --> Severity: Notice --> Undefined index: mobile_no /home/youmeopc/public_html/demo/elevaweb/application/application/views/admin/feeds/list.php 82
ERROR - 2017-07-10 05:15:54 --> Severity: Notice --> Undefined index: email_id /home/youmeopc/public_html/demo/elevaweb/application/application/views/admin/feeds/list.php 78
ERROR - 2017-07-10 05:15:54 --> Severity: Notice --> Undefined index: mobile_no /home/youmeopc/public_html/demo/elevaweb/application/application/views/admin/feeds/list.php 82
ERROR - 2017-07-10 05:15:54 --> Severity: Notice --> Undefined index: email_id /home/youmeopc/public_html/demo/elevaweb/application/application/views/admin/feeds/list.php 78
ERROR - 2017-07-10 05:15:54 --> Severity: Notice --> Undefined index: mobile_no /home/youmeopc/public_html/demo/elevaweb/application/application/views/admin/feeds/list.php 82
ERROR - 2017-07-10 05:16:49 --> Could not find the language line "feeds input payment_status"
ERROR - 2017-07-10 05:16:49 --> Severity: Notice --> Undefined variable: paymentlist /home/youmeopc/public_html/demo/elevaweb/application/application/views/admin/feeds/form.php 66
ERROR - 2017-07-10 05:17:06 --> Could not find the language line "feeds tooltip add_new_feed"
ERROR - 2017-07-10 05:17:06 --> Could not find the language line "feeds input email"
ERROR - 2017-07-10 05:17:06 --> Could not find the language line "feeds input mobile_no"
ERROR - 2017-07-10 05:17:06 --> Could not find the language line "feeds input feed_name"
ERROR - 2017-07-10 05:17:06 --> Could not find the language line "feeds input email"
ERROR - 2017-07-10 05:17:06 --> Could not find the language line "feeds input mobile_no"
ERROR - 2017-07-10 05:17:06 --> Severity: Notice --> Undefined index: email_id /home/youmeopc/public_html/demo/elevaweb/application/application/views/admin/feeds/list.php 78
ERROR - 2017-07-10 05:17:06 --> Severity: Notice --> Undefined index: mobile_no /home/youmeopc/public_html/demo/elevaweb/application/application/views/admin/feeds/list.php 82
ERROR - 2017-07-10 05:17:06 --> Severity: Notice --> Undefined index: email_id /home/youmeopc/public_html/demo/elevaweb/application/application/views/admin/feeds/list.php 78
ERROR - 2017-07-10 05:17:06 --> Severity: Notice --> Undefined index: mobile_no /home/youmeopc/public_html/demo/elevaweb/application/application/views/admin/feeds/list.php 82
ERROR - 2017-07-10 05:17:06 --> Severity: Notice --> Undefined index: email_id /home/youmeopc/public_html/demo/elevaweb/application/application/views/admin/feeds/list.php 78
ERROR - 2017-07-10 05:17:06 --> Severity: Notice --> Undefined index: mobile_no /home/youmeopc/public_html/demo/elevaweb/application/application/views/admin/feeds/list.php 82
ERROR - 2017-07-10 05:17:06 --> Severity: Notice --> Undefined index: email_id /home/youmeopc/public_html/demo/elevaweb/application/application/views/admin/feeds/list.php 78
ERROR - 2017-07-10 05:17:06 --> Severity: Notice --> Undefined index: mobile_no /home/youmeopc/public_html/demo/elevaweb/application/application/views/admin/feeds/list.php 82
ERROR - 2017-07-10 05:17:06 --> Severity: Notice --> Undefined index: email_id /home/youmeopc/public_html/demo/elevaweb/application/application/views/admin/feeds/list.php 78
ERROR - 2017-07-10 05:17:06 --> Severity: Notice --> Undefined index: mobile_no /home/youmeopc/public_html/demo/elevaweb/application/application/views/admin/feeds/list.php 82
ERROR - 2017-07-10 05:17:06 --> Severity: Notice --> Undefined index: email_id /home/youmeopc/public_html/demo/elevaweb/application/application/views/admin/feeds/list.php 78
ERROR - 2017-07-10 05:17:06 --> Severity: Notice --> Undefined index: mobile_no /home/youmeopc/public_html/demo/elevaweb/application/application/views/admin/feeds/list.php 82
ERROR - 2017-07-10 05:17:11 --> Could not find the language line "feeds input payment_status"
ERROR - 2017-07-10 05:17:11 --> Severity: Notice --> Undefined variable: paymentlist /home/youmeopc/public_html/demo/elevaweb/application/application/views/admin/feeds/form.php 66
ERROR - 2017-07-10 05:17:48 --> Could not find the language line "feeds msg edit_feed_success"
ERROR - 2017-07-10 05:17:49 --> Could not find the language line "feeds tooltip add_new_feed"
ERROR - 2017-07-10 05:17:49 --> Could not find the language line "feeds input email"
ERROR - 2017-07-10 05:17:49 --> Could not find the language line "feeds input mobile_no"
ERROR - 2017-07-10 05:17:49 --> Could not find the language line "feeds input feed_name"
ERROR - 2017-07-10 05:17:49 --> Could not find the language line "feeds input email"
ERROR - 2017-07-10 05:17:49 --> Could not find the language line "feeds input mobile_no"
ERROR - 2017-07-10 05:17:49 --> Severity: Notice --> Undefined index: email_id /home/youmeopc/public_html/demo/elevaweb/application/application/views/admin/feeds/list.php 78
ERROR - 2017-07-10 05:17:49 --> Severity: Notice --> Undefined index: mobile_no /home/youmeopc/public_html/demo/elevaweb/application/application/views/admin/feeds/list.php 82
ERROR - 2017-07-10 05:17:49 --> Severity: Notice --> Undefined index: email_id /home/youmeopc/public_html/demo/elevaweb/application/application/views/admin/feeds/list.php 78
ERROR - 2017-07-10 05:17:49 --> Severity: Notice --> Undefined index: mobile_no /home/youmeopc/public_html/demo/elevaweb/application/application/views/admin/feeds/list.php 82
ERROR - 2017-07-10 05:17:49 --> Severity: Notice --> Undefined index: email_id /home/youmeopc/public_html/demo/elevaweb/application/application/views/admin/feeds/list.php 78
ERROR - 2017-07-10 05:17:49 --> Severity: Notice --> Undefined index: mobile_no /home/youmeopc/public_html/demo/elevaweb/application/application/views/admin/feeds/list.php 82
ERROR - 2017-07-10 05:17:49 --> Severity: Notice --> Undefined index: email_id /home/youmeopc/public_html/demo/elevaweb/application/application/views/admin/feeds/list.php 78
ERROR - 2017-07-10 05:17:49 --> Severity: Notice --> Undefined index: mobile_no /home/youmeopc/public_html/demo/elevaweb/application/application/views/admin/feeds/list.php 82
ERROR - 2017-07-10 05:17:49 --> Severity: Notice --> Undefined index: email_id /home/youmeopc/public_html/demo/elevaweb/application/application/views/admin/feeds/list.php 78
ERROR - 2017-07-10 05:17:49 --> Severity: Notice --> Undefined index: mobile_no /home/youmeopc/public_html/demo/elevaweb/application/application/views/admin/feeds/list.php 82
ERROR - 2017-07-10 05:17:49 --> Severity: Notice --> Undefined index: email_id /home/youmeopc/public_html/demo/elevaweb/application/application/views/admin/feeds/list.php 78
ERROR - 2017-07-10 05:17:49 --> Severity: Notice --> Undefined index: mobile_no /home/youmeopc/public_html/demo/elevaweb/application/application/views/admin/feeds/list.php 82
ERROR - 2017-07-10 05:18:38 --> Could not find the language line "feeds input payment_status"
ERROR - 2017-07-10 05:18:38 --> Severity: Notice --> Undefined variable: paymentlist /home/youmeopc/public_html/demo/elevaweb/application/application/views/admin/feeds/form.php 66
ERROR - 2017-07-10 05:18:52 --> Could not find the language line "feeds tooltip add_new_feed"
ERROR - 2017-07-10 05:18:52 --> Could not find the language line "feeds input email"
ERROR - 2017-07-10 05:18:52 --> Could not find the language line "feeds input mobile_no"
ERROR - 2017-07-10 05:18:52 --> Could not find the language line "feeds input feed_name"
ERROR - 2017-07-10 05:18:52 --> Could not find the language line "feeds input email"
ERROR - 2017-07-10 05:18:52 --> Could not find the language line "feeds input mobile_no"
ERROR - 2017-07-10 05:18:52 --> Severity: Notice --> Undefined index: email_id /home/youmeopc/public_html/demo/elevaweb/application/application/views/admin/feeds/list.php 78
ERROR - 2017-07-10 05:18:52 --> Severity: Notice --> Undefined index: mobile_no /home/youmeopc/public_html/demo/elevaweb/application/application/views/admin/feeds/list.php 82
ERROR - 2017-07-10 05:18:52 --> Severity: Notice --> Undefined index: email_id /home/youmeopc/public_html/demo/elevaweb/application/application/views/admin/feeds/list.php 78
ERROR - 2017-07-10 05:18:52 --> Severity: Notice --> Undefined index: mobile_no /home/youmeopc/public_html/demo/elevaweb/application/application/views/admin/feeds/list.php 82
ERROR - 2017-07-10 05:18:52 --> Severity: Notice --> Undefined index: email_id /home/youmeopc/public_html/demo/elevaweb/application/application/views/admin/feeds/list.php 78
ERROR - 2017-07-10 05:18:52 --> Severity: Notice --> Undefined index: mobile_no /home/youmeopc/public_html/demo/elevaweb/application/application/views/admin/feeds/list.php 82
ERROR - 2017-07-10 05:18:52 --> Severity: Notice --> Undefined index: email_id /home/youmeopc/public_html/demo/elevaweb/application/application/views/admin/feeds/list.php 78
ERROR - 2017-07-10 05:18:52 --> Severity: Notice --> Undefined index: mobile_no /home/youmeopc/public_html/demo/elevaweb/application/application/views/admin/feeds/list.php 82
ERROR - 2017-07-10 05:18:52 --> Severity: Notice --> Undefined index: email_id /home/youmeopc/public_html/demo/elevaweb/application/application/views/admin/feeds/list.php 78
ERROR - 2017-07-10 05:18:52 --> Severity: Notice --> Undefined index: mobile_no /home/youmeopc/public_html/demo/elevaweb/application/application/views/admin/feeds/list.php 82
ERROR - 2017-07-10 05:18:52 --> Severity: Notice --> Undefined index: email_id /home/youmeopc/public_html/demo/elevaweb/application/application/views/admin/feeds/list.php 78
ERROR - 2017-07-10 05:18:52 --> Severity: Notice --> Undefined index: mobile_no /home/youmeopc/public_html/demo/elevaweb/application/application/views/admin/feeds/list.php 82
ERROR - 2017-07-10 05:18:57 --> Could not find the language line "feeds input payment_status"
ERROR - 2017-07-10 05:18:57 --> Severity: Notice --> Undefined variable: paymentlist /home/youmeopc/public_html/demo/elevaweb/application/application/views/admin/feeds/form.php 66
ERROR - 2017-07-10 05:19:22 --> Could not find the language line "feeds tooltip add_new_feed"
ERROR - 2017-07-10 05:19:22 --> Could not find the language line "feeds input email"
ERROR - 2017-07-10 05:19:22 --> Could not find the language line "feeds input mobile_no"
ERROR - 2017-07-10 05:19:22 --> Could not find the language line "feeds input feed_name"
ERROR - 2017-07-10 05:19:22 --> Could not find the language line "feeds input email"
ERROR - 2017-07-10 05:19:22 --> Could not find the language line "feeds input mobile_no"
ERROR - 2017-07-10 05:19:22 --> Severity: Notice --> Undefined index: email_id /home/youmeopc/public_html/demo/elevaweb/application/application/views/admin/feeds/list.php 78
ERROR - 2017-07-10 05:19:22 --> Severity: Notice --> Undefined index: mobile_no /home/youmeopc/public_html/demo/elevaweb/application/application/views/admin/feeds/list.php 82
ERROR - 2017-07-10 05:19:22 --> Severity: Notice --> Undefined index: email_id /home/youmeopc/public_html/demo/elevaweb/application/application/views/admin/feeds/list.php 78
ERROR - 2017-07-10 05:19:22 --> Severity: Notice --> Undefined index: mobile_no /home/youmeopc/public_html/demo/elevaweb/application/application/views/admin/feeds/list.php 82
ERROR - 2017-07-10 05:19:22 --> Severity: Notice --> Undefined index: email_id /home/youmeopc/public_html/demo/elevaweb/application/application/views/admin/feeds/list.php 78
ERROR - 2017-07-10 05:19:22 --> Severity: Notice --> Undefined index: mobile_no /home/youmeopc/public_html/demo/elevaweb/application/application/views/admin/feeds/list.php 82
ERROR - 2017-07-10 05:19:22 --> Severity: Notice --> Undefined index: email_id /home/youmeopc/public_html/demo/elevaweb/application/application/views/admin/feeds/list.php 78
ERROR - 2017-07-10 05:19:22 --> Severity: Notice --> Undefined index: mobile_no /home/youmeopc/public_html/demo/elevaweb/application/application/views/admin/feeds/list.php 82
ERROR - 2017-07-10 05:19:22 --> Severity: Notice --> Undefined index: email_id /home/youmeopc/public_html/demo/elevaweb/application/application/views/admin/feeds/list.php 78
ERROR - 2017-07-10 05:19:22 --> Severity: Notice --> Undefined index: mobile_no /home/youmeopc/public_html/demo/elevaweb/application/application/views/admin/feeds/list.php 82
ERROR - 2017-07-10 05:19:22 --> Severity: Notice --> Undefined index: email_id /home/youmeopc/public_html/demo/elevaweb/application/application/views/admin/feeds/list.php 78
ERROR - 2017-07-10 05:19:22 --> Severity: Notice --> Undefined index: mobile_no /home/youmeopc/public_html/demo/elevaweb/application/application/views/admin/feeds/list.php 82
ERROR - 2017-07-10 05:19:27 --> Could not find the language line "feeds input payment_status"
ERROR - 2017-07-10 05:19:27 --> Severity: Notice --> Undefined variable: paymentlist /home/youmeopc/public_html/demo/elevaweb/application/application/views/admin/feeds/form.php 66
ERROR - 2017-07-10 05:21:35 --> Could not find the language line "feeds tooltip add_new_feed"
ERROR - 2017-07-10 05:21:35 --> Could not find the language line "feeds input email"
ERROR - 2017-07-10 05:21:35 --> Could not find the language line "feeds input mobile_no"
ERROR - 2017-07-10 05:21:35 --> Could not find the language line "feeds input feed_name"
ERROR - 2017-07-10 05:21:35 --> Could not find the language line "feeds input email"
ERROR - 2017-07-10 05:21:35 --> Could not find the language line "feeds input mobile_no"
ERROR - 2017-07-10 05:21:35 --> Severity: Notice --> Undefined index: email_id /home/youmeopc/public_html/demo/elevaweb/application/application/views/admin/feeds/list.php 78
ERROR - 2017-07-10 05:21:35 --> Severity: Notice --> Undefined index: mobile_no /home/youmeopc/public_html/demo/elevaweb/application/application/views/admin/feeds/list.php 82
ERROR - 2017-07-10 05:21:35 --> Severity: Notice --> Undefined index: email_id /home/youmeopc/public_html/demo/elevaweb/application/application/views/admin/feeds/list.php 78
ERROR - 2017-07-10 05:21:35 --> Severity: Notice --> Undefined index: mobile_no /home/youmeopc/public_html/demo/elevaweb/application/application/views/admin/feeds/list.php 82
ERROR - 2017-07-10 05:21:35 --> Severity: Notice --> Undefined index: email_id /home/youmeopc/public_html/demo/elevaweb/application/application/views/admin/feeds/list.php 78
ERROR - 2017-07-10 05:21:35 --> Severity: Notice --> Undefined index: mobile_no /home/youmeopc/public_html/demo/elevaweb/application/application/views/admin/feeds/list.php 82
ERROR - 2017-07-10 05:21:35 --> Severity: Notice --> Undefined index: email_id /home/youmeopc/public_html/demo/elevaweb/application/application/views/admin/feeds/list.php 78
ERROR - 2017-07-10 05:21:35 --> Severity: Notice --> Undefined index: mobile_no /home/youmeopc/public_html/demo/elevaweb/application/application/views/admin/feeds/list.php 82
ERROR - 2017-07-10 05:21:35 --> Severity: Notice --> Undefined index: email_id /home/youmeopc/public_html/demo/elevaweb/application/application/views/admin/feeds/list.php 78
ERROR - 2017-07-10 05:21:35 --> Severity: Notice --> Undefined index: mobile_no /home/youmeopc/public_html/demo/elevaweb/application/application/views/admin/feeds/list.php 82
ERROR - 2017-07-10 05:21:35 --> Severity: Notice --> Undefined index: email_id /home/youmeopc/public_html/demo/elevaweb/application/application/views/admin/feeds/list.php 78
ERROR - 2017-07-10 05:21:35 --> Severity: Notice --> Undefined index: mobile_no /home/youmeopc/public_html/demo/elevaweb/application/application/views/admin/feeds/list.php 82
ERROR - 2017-07-10 05:21:41 --> Could not find the language line "feeds input payment_status"
ERROR - 2017-07-10 05:21:41 --> Severity: Notice --> Undefined variable: paymentlist /home/youmeopc/public_html/demo/elevaweb/application/application/views/admin/feeds/form.php 66
ERROR - 2017-07-10 05:23:22 --> Could not find the language line "feeds tooltip add_new_feed"
ERROR - 2017-07-10 05:23:22 --> Could not find the language line "feeds input email"
ERROR - 2017-07-10 05:23:22 --> Could not find the language line "feeds input mobile_no"
ERROR - 2017-07-10 05:23:22 --> Could not find the language line "feeds input feed_name"
ERROR - 2017-07-10 05:23:22 --> Could not find the language line "feeds input email"
ERROR - 2017-07-10 05:23:22 --> Could not find the language line "feeds input mobile_no"
ERROR - 2017-07-10 05:23:22 --> Severity: Notice --> Undefined index: email_id /home/youmeopc/public_html/demo/elevaweb/application/application/views/admin/feeds/list.php 78
ERROR - 2017-07-10 05:23:22 --> Severity: Notice --> Undefined index: mobile_no /home/youmeopc/public_html/demo/elevaweb/application/application/views/admin/feeds/list.php 82
ERROR - 2017-07-10 05:23:22 --> Severity: Notice --> Undefined index: email_id /home/youmeopc/public_html/demo/elevaweb/application/application/views/admin/feeds/list.php 78
ERROR - 2017-07-10 05:23:22 --> Severity: Notice --> Undefined index: mobile_no /home/youmeopc/public_html/demo/elevaweb/application/application/views/admin/feeds/list.php 82
ERROR - 2017-07-10 05:23:22 --> Severity: Notice --> Undefined index: email_id /home/youmeopc/public_html/demo/elevaweb/application/application/views/admin/feeds/list.php 78
ERROR - 2017-07-10 05:23:22 --> Severity: Notice --> Undefined index: mobile_no /home/youmeopc/public_html/demo/elevaweb/application/application/views/admin/feeds/list.php 82
ERROR - 2017-07-10 05:23:22 --> Severity: Notice --> Undefined index: email_id /home/youmeopc/public_html/demo/elevaweb/application/application/views/admin/feeds/list.php 78
ERROR - 2017-07-10 05:23:22 --> Severity: Notice --> Undefined index: mobile_no /home/youmeopc/public_html/demo/elevaweb/application/application/views/admin/feeds/list.php 82
ERROR - 2017-07-10 05:23:22 --> Severity: Notice --> Undefined index: email_id /home/youmeopc/public_html/demo/elevaweb/application/application/views/admin/feeds/list.php 78
ERROR - 2017-07-10 05:23:22 --> Severity: Notice --> Undefined index: mobile_no /home/youmeopc/public_html/demo/elevaweb/application/application/views/admin/feeds/list.php 82
ERROR - 2017-07-10 05:23:22 --> Severity: Notice --> Undefined index: email_id /home/youmeopc/public_html/demo/elevaweb/application/application/views/admin/feeds/list.php 78
ERROR - 2017-07-10 05:23:22 --> Severity: Notice --> Undefined index: mobile_no /home/youmeopc/public_html/demo/elevaweb/application/application/views/admin/feeds/list.php 82
ERROR - 2017-07-10 05:23:26 --> Could not find the language line "feeds input payment_status"
ERROR - 2017-07-10 05:23:26 --> Severity: Notice --> Undefined variable: paymentlist /home/youmeopc/public_html/demo/elevaweb/application/application/views/admin/feeds/form.php 66
ERROR - 2017-07-10 05:24:27 --> Could not find the language line "feeds msg edit_feed_success"
ERROR - 2017-07-10 05:24:27 --> Could not find the language line "feeds tooltip add_new_feed"
ERROR - 2017-07-10 05:24:27 --> Could not find the language line "feeds input email"
ERROR - 2017-07-10 05:24:27 --> Could not find the language line "feeds input mobile_no"
ERROR - 2017-07-10 05:24:27 --> Could not find the language line "feeds input feed_name"
ERROR - 2017-07-10 05:24:27 --> Could not find the language line "feeds input email"
ERROR - 2017-07-10 05:24:27 --> Could not find the language line "feeds input mobile_no"
ERROR - 2017-07-10 05:24:27 --> Severity: Notice --> Undefined index: email_id /home/youmeopc/public_html/demo/elevaweb/application/application/views/admin/feeds/list.php 78
ERROR - 2017-07-10 05:24:27 --> Severity: Notice --> Undefined index: mobile_no /home/youmeopc/public_html/demo/elevaweb/application/application/views/admin/feeds/list.php 82
ERROR - 2017-07-10 05:24:27 --> Severity: Notice --> Undefined index: email_id /home/youmeopc/public_html/demo/elevaweb/application/application/views/admin/feeds/list.php 78
ERROR - 2017-07-10 05:24:27 --> Severity: Notice --> Undefined index: mobile_no /home/youmeopc/public_html/demo/elevaweb/application/application/views/admin/feeds/list.php 82
ERROR - 2017-07-10 05:24:27 --> Severity: Notice --> Undefined index: email_id /home/youmeopc/public_html/demo/elevaweb/application/application/views/admin/feeds/list.php 78
ERROR - 2017-07-10 05:24:27 --> Severity: Notice --> Undefined index: mobile_no /home/youmeopc/public_html/demo/elevaweb/application/application/views/admin/feeds/list.php 82
ERROR - 2017-07-10 05:24:27 --> Severity: Notice --> Undefined index: email_id /home/youmeopc/public_html/demo/elevaweb/application/application/views/admin/feeds/list.php 78
ERROR - 2017-07-10 05:24:27 --> Severity: Notice --> Undefined index: mobile_no /home/youmeopc/public_html/demo/elevaweb/application/application/views/admin/feeds/list.php 82
ERROR - 2017-07-10 05:24:27 --> Severity: Notice --> Undefined index: email_id /home/youmeopc/public_html/demo/elevaweb/application/application/views/admin/feeds/list.php 78
ERROR - 2017-07-10 05:24:27 --> Severity: Notice --> Undefined index: mobile_no /home/youmeopc/public_html/demo/elevaweb/application/application/views/admin/feeds/list.php 82
ERROR - 2017-07-10 05:24:27 --> Severity: Notice --> Undefined index: email_id /home/youmeopc/public_html/demo/elevaweb/application/application/views/admin/feeds/list.php 78
ERROR - 2017-07-10 05:24:27 --> Severity: Notice --> Undefined index: mobile_no /home/youmeopc/public_html/demo/elevaweb/application/application/views/admin/feeds/list.php 82
ERROR - 2017-07-10 05:25:37 --> Could not find the language line "feeds input payment_status"
ERROR - 2017-07-10 05:25:37 --> Severity: Notice --> Undefined variable: paymentlist /home/youmeopc/public_html/demo/elevaweb/application/application/views/admin/feeds/form.php 66
ERROR - 2017-07-10 05:26:07 --> Could not find the language line "feeds msg edit_feed_success"
ERROR - 2017-07-10 05:26:07 --> Could not find the language line "feeds tooltip add_new_feed"
ERROR - 2017-07-10 05:26:07 --> Could not find the language line "feeds input email"
ERROR - 2017-07-10 05:26:07 --> Could not find the language line "feeds input mobile_no"
ERROR - 2017-07-10 05:26:07 --> Could not find the language line "feeds input feed_name"
ERROR - 2017-07-10 05:26:07 --> Could not find the language line "feeds input email"
ERROR - 2017-07-10 05:26:07 --> Could not find the language line "feeds input mobile_no"
ERROR - 2017-07-10 05:26:07 --> Severity: Notice --> Undefined index: email_id /home/youmeopc/public_html/demo/elevaweb/application/application/views/admin/feeds/list.php 78
ERROR - 2017-07-10 05:26:07 --> Severity: Notice --> Undefined index: mobile_no /home/youmeopc/public_html/demo/elevaweb/application/application/views/admin/feeds/list.php 82
ERROR - 2017-07-10 05:26:07 --> Severity: Notice --> Undefined index: email_id /home/youmeopc/public_html/demo/elevaweb/application/application/views/admin/feeds/list.php 78
ERROR - 2017-07-10 05:26:07 --> Severity: Notice --> Undefined index: mobile_no /home/youmeopc/public_html/demo/elevaweb/application/application/views/admin/feeds/list.php 82
ERROR - 2017-07-10 05:26:07 --> Severity: Notice --> Undefined index: email_id /home/youmeopc/public_html/demo/elevaweb/application/application/views/admin/feeds/list.php 78
ERROR - 2017-07-10 05:26:07 --> Severity: Notice --> Undefined index: mobile_no /home/youmeopc/public_html/demo/elevaweb/application/application/views/admin/feeds/list.php 82
ERROR - 2017-07-10 05:26:07 --> Severity: Notice --> Undefined index: email_id /home/youmeopc/public_html/demo/elevaweb/application/application/views/admin/feeds/list.php 78
ERROR - 2017-07-10 05:26:07 --> Severity: Notice --> Undefined index: mobile_no /home/youmeopc/public_html/demo/elevaweb/application/application/views/admin/feeds/list.php 82
ERROR - 2017-07-10 05:26:07 --> Severity: Notice --> Undefined index: email_id /home/youmeopc/public_html/demo/elevaweb/application/application/views/admin/feeds/list.php 78
ERROR - 2017-07-10 05:26:07 --> Severity: Notice --> Undefined index: mobile_no /home/youmeopc/public_html/demo/elevaweb/application/application/views/admin/feeds/list.php 82
ERROR - 2017-07-10 05:26:07 --> Severity: Notice --> Undefined index: email_id /home/youmeopc/public_html/demo/elevaweb/application/application/views/admin/feeds/list.php 78
ERROR - 2017-07-10 05:26:07 --> Severity: Notice --> Undefined index: mobile_no /home/youmeopc/public_html/demo/elevaweb/application/application/views/admin/feeds/list.php 82
ERROR - 2017-07-10 05:27:11 --> Could not find the language line "feeds input payment_status"
ERROR - 2017-07-10 05:27:11 --> Severity: Notice --> Undefined variable: paymentlist /home/youmeopc/public_html/demo/elevaweb/application/application/views/admin/feeds/form.php 66
ERROR - 2017-07-10 05:27:56 --> Could not find the language line "feeds msg edit_feed_success"
ERROR - 2017-07-10 05:27:56 --> Could not find the language line "feeds tooltip add_new_feed"
ERROR - 2017-07-10 05:27:56 --> Could not find the language line "feeds input email"
ERROR - 2017-07-10 05:27:56 --> Could not find the language line "feeds input mobile_no"
ERROR - 2017-07-10 05:27:56 --> Could not find the language line "feeds input feed_name"
ERROR - 2017-07-10 05:27:56 --> Could not find the language line "feeds input email"
ERROR - 2017-07-10 05:27:56 --> Could not find the language line "feeds input mobile_no"
ERROR - 2017-07-10 05:27:56 --> Severity: Notice --> Undefined index: email_id /home/youmeopc/public_html/demo/elevaweb/application/application/views/admin/feeds/list.php 78
ERROR - 2017-07-10 05:27:56 --> Severity: Notice --> Undefined index: mobile_no /home/youmeopc/public_html/demo/elevaweb/application/application/views/admin/feeds/list.php 82
ERROR - 2017-07-10 05:27:56 --> Severity: Notice --> Undefined index: email_id /home/youmeopc/public_html/demo/elevaweb/application/application/views/admin/feeds/list.php 78
ERROR - 2017-07-10 05:27:56 --> Severity: Notice --> Undefined index: mobile_no /home/youmeopc/public_html/demo/elevaweb/application/application/views/admin/feeds/list.php 82
ERROR - 2017-07-10 05:27:56 --> Severity: Notice --> Undefined index: email_id /home/youmeopc/public_html/demo/elevaweb/application/application/views/admin/feeds/list.php 78
ERROR - 2017-07-10 05:27:56 --> Severity: Notice --> Undefined index: mobile_no /home/youmeopc/public_html/demo/elevaweb/application/application/views/admin/feeds/list.php 82
ERROR - 2017-07-10 05:27:56 --> Severity: Notice --> Undefined index: email_id /home/youmeopc/public_html/demo/elevaweb/application/application/views/admin/feeds/list.php 78
ERROR - 2017-07-10 05:27:56 --> Severity: Notice --> Undefined index: mobile_no /home/youmeopc/public_html/demo/elevaweb/application/application/views/admin/feeds/list.php 82
ERROR - 2017-07-10 05:27:56 --> Severity: Notice --> Undefined index: email_id /home/youmeopc/public_html/demo/elevaweb/application/application/views/admin/feeds/list.php 78
ERROR - 2017-07-10 05:27:56 --> Severity: Notice --> Undefined index: mobile_no /home/youmeopc/public_html/demo/elevaweb/application/application/views/admin/feeds/list.php 82
ERROR - 2017-07-10 05:27:56 --> Severity: Notice --> Undefined index: email_id /home/youmeopc/public_html/demo/elevaweb/application/application/views/admin/feeds/list.php 78
ERROR - 2017-07-10 05:27:56 --> Severity: Notice --> Undefined index: mobile_no /home/youmeopc/public_html/demo/elevaweb/application/application/views/admin/feeds/list.php 82
ERROR - 2017-07-10 05:29:05 --> Could not find the language line "feeds input payment_status"
ERROR - 2017-07-10 05:29:05 --> Severity: Notice --> Undefined variable: paymentlist /home/youmeopc/public_html/demo/elevaweb/application/application/views/admin/feeds/form.php 66
ERROR - 2017-07-10 05:29:15 --> Could not find the language line "feeds tooltip add_new_feed"
ERROR - 2017-07-10 05:29:15 --> Could not find the language line "feeds input email"
ERROR - 2017-07-10 05:29:15 --> Could not find the language line "feeds input mobile_no"
ERROR - 2017-07-10 05:29:15 --> Could not find the language line "feeds input feed_name"
ERROR - 2017-07-10 05:29:15 --> Could not find the language line "feeds input email"
ERROR - 2017-07-10 05:29:15 --> Could not find the language line "feeds input mobile_no"
ERROR - 2017-07-10 05:29:15 --> Severity: Notice --> Undefined index: email_id /home/youmeopc/public_html/demo/elevaweb/application/application/views/admin/feeds/list.php 78
ERROR - 2017-07-10 05:29:15 --> Severity: Notice --> Undefined index: mobile_no /home/youmeopc/public_html/demo/elevaweb/application/application/views/admin/feeds/list.php 82
ERROR - 2017-07-10 05:29:15 --> Severity: Notice --> Undefined index: email_id /home/youmeopc/public_html/demo/elevaweb/application/application/views/admin/feeds/list.php 78
ERROR - 2017-07-10 05:29:15 --> Severity: Notice --> Undefined index: mobile_no /home/youmeopc/public_html/demo/elevaweb/application/application/views/admin/feeds/list.php 82
ERROR - 2017-07-10 05:29:15 --> Severity: Notice --> Undefined index: email_id /home/youmeopc/public_html/demo/elevaweb/application/application/views/admin/feeds/list.php 78
ERROR - 2017-07-10 05:29:15 --> Severity: Notice --> Undefined index: mobile_no /home/youmeopc/public_html/demo/elevaweb/application/application/views/admin/feeds/list.php 82
ERROR - 2017-07-10 05:29:15 --> Severity: Notice --> Undefined index: email_id /home/youmeopc/public_html/demo/elevaweb/application/application/views/admin/feeds/list.php 78
ERROR - 2017-07-10 05:29:15 --> Severity: Notice --> Undefined index: mobile_no /home/youmeopc/public_html/demo/elevaweb/application/application/views/admin/feeds/list.php 82
ERROR - 2017-07-10 05:29:15 --> Severity: Notice --> Undefined index: email_id /home/youmeopc/public_html/demo/elevaweb/application/application/views/admin/feeds/list.php 78
ERROR - 2017-07-10 05:29:15 --> Severity: Notice --> Undefined index: mobile_no /home/youmeopc/public_html/demo/elevaweb/application/application/views/admin/feeds/list.php 82
ERROR - 2017-07-10 05:29:15 --> Severity: Notice --> Undefined index: email_id /home/youmeopc/public_html/demo/elevaweb/application/application/views/admin/feeds/list.php 78
ERROR - 2017-07-10 05:29:15 --> Severity: Notice --> Undefined index: mobile_no /home/youmeopc/public_html/demo/elevaweb/application/application/views/admin/feeds/list.php 82
ERROR - 2017-07-10 05:29:20 --> Could not find the language line "feeds input payment_status"
ERROR - 2017-07-10 05:29:20 --> Severity: Notice --> Undefined variable: paymentlist /home/youmeopc/public_html/demo/elevaweb/application/application/views/admin/feeds/form.php 66
ERROR - 2017-07-10 05:30:38 --> Could not find the language line "feeds tooltip add_new_feed"
ERROR - 2017-07-10 05:30:38 --> Could not find the language line "feeds input email"
ERROR - 2017-07-10 05:30:38 --> Could not find the language line "feeds input mobile_no"
ERROR - 2017-07-10 05:30:38 --> Could not find the language line "feeds input feed_name"
ERROR - 2017-07-10 05:30:38 --> Could not find the language line "feeds input email"
ERROR - 2017-07-10 05:30:38 --> Could not find the language line "feeds input mobile_no"
ERROR - 2017-07-10 05:30:38 --> Severity: Notice --> Undefined index: email_id /home/youmeopc/public_html/demo/elevaweb/application/application/views/admin/feeds/list.php 78
ERROR - 2017-07-10 05:30:38 --> Severity: Notice --> Undefined index: mobile_no /home/youmeopc/public_html/demo/elevaweb/application/application/views/admin/feeds/list.php 82
ERROR - 2017-07-10 05:30:38 --> Severity: Notice --> Undefined index: email_id /home/youmeopc/public_html/demo/elevaweb/application/application/views/admin/feeds/list.php 78
ERROR - 2017-07-10 05:30:38 --> Severity: Notice --> Undefined index: mobile_no /home/youmeopc/public_html/demo/elevaweb/application/application/views/admin/feeds/list.php 82
ERROR - 2017-07-10 05:30:38 --> Severity: Notice --> Undefined index: email_id /home/youmeopc/public_html/demo/elevaweb/application/application/views/admin/feeds/list.php 78
ERROR - 2017-07-10 05:30:38 --> Severity: Notice --> Undefined index: mobile_no /home/youmeopc/public_html/demo/elevaweb/application/application/views/admin/feeds/list.php 82
ERROR - 2017-07-10 05:30:38 --> Severity: Notice --> Undefined index: email_id /home/youmeopc/public_html/demo/elevaweb/application/application/views/admin/feeds/list.php 78
ERROR - 2017-07-10 05:30:38 --> Severity: Notice --> Undefined index: mobile_no /home/youmeopc/public_html/demo/elevaweb/application/application/views/admin/feeds/list.php 82
ERROR - 2017-07-10 05:30:38 --> Severity: Notice --> Undefined index: email_id /home/youmeopc/public_html/demo/elevaweb/application/application/views/admin/feeds/list.php 78
ERROR - 2017-07-10 05:30:38 --> Severity: Notice --> Undefined index: mobile_no /home/youmeopc/public_html/demo/elevaweb/application/application/views/admin/feeds/list.php 82
ERROR - 2017-07-10 05:30:38 --> Severity: Notice --> Undefined index: email_id /home/youmeopc/public_html/demo/elevaweb/application/application/views/admin/feeds/list.php 78
ERROR - 2017-07-10 05:30:38 --> Severity: Notice --> Undefined index: mobile_no /home/youmeopc/public_html/demo/elevaweb/application/application/views/admin/feeds/list.php 82
ERROR - 2017-07-10 05:30:48 --> Could not find the language line "feeds input payment_status"
ERROR - 2017-07-10 05:30:48 --> Severity: Notice --> Undefined variable: paymentlist /home/youmeopc/public_html/demo/elevaweb/application/application/views/admin/feeds/form.php 66
ERROR - 2017-07-10 05:30:59 --> Could not find the language line "feeds tooltip add_new_feed"
ERROR - 2017-07-10 05:30:59 --> Could not find the language line "feeds input email"
ERROR - 2017-07-10 05:30:59 --> Could not find the language line "feeds input mobile_no"
ERROR - 2017-07-10 05:30:59 --> Could not find the language line "feeds input feed_name"
ERROR - 2017-07-10 05:30:59 --> Could not find the language line "feeds input email"
ERROR - 2017-07-10 05:30:59 --> Could not find the language line "feeds input mobile_no"
ERROR - 2017-07-10 05:30:59 --> Severity: Notice --> Undefined index: email_id /home/youmeopc/public_html/demo/elevaweb/application/application/views/admin/feeds/list.php 78
ERROR - 2017-07-10 05:30:59 --> Severity: Notice --> Undefined index: mobile_no /home/youmeopc/public_html/demo/elevaweb/application/application/views/admin/feeds/list.php 82
ERROR - 2017-07-10 05:30:59 --> Severity: Notice --> Undefined index: email_id /home/youmeopc/public_html/demo/elevaweb/application/application/views/admin/feeds/list.php 78
ERROR - 2017-07-10 05:30:59 --> Severity: Notice --> Undefined index: mobile_no /home/youmeopc/public_html/demo/elevaweb/application/application/views/admin/feeds/list.php 82
ERROR - 2017-07-10 05:30:59 --> Severity: Notice --> Undefined index: email_id /home/youmeopc/public_html/demo/elevaweb/application/application/views/admin/feeds/list.php 78
ERROR - 2017-07-10 05:30:59 --> Severity: Notice --> Undefined index: mobile_no /home/youmeopc/public_html/demo/elevaweb/application/application/views/admin/feeds/list.php 82
ERROR - 2017-07-10 05:30:59 --> Severity: Notice --> Undefined index: email_id /home/youmeopc/public_html/demo/elevaweb/application/application/views/admin/feeds/list.php 78
ERROR - 2017-07-10 05:30:59 --> Severity: Notice --> Undefined index: mobile_no /home/youmeopc/public_html/demo/elevaweb/application/application/views/admin/feeds/list.php 82
ERROR - 2017-07-10 05:30:59 --> Severity: Notice --> Undefined index: email_id /home/youmeopc/public_html/demo/elevaweb/application/application/views/admin/feeds/list.php 78
ERROR - 2017-07-10 05:30:59 --> Severity: Notice --> Undefined index: mobile_no /home/youmeopc/public_html/demo/elevaweb/application/application/views/admin/feeds/list.php 82
ERROR - 2017-07-10 05:30:59 --> Severity: Notice --> Undefined index: email_id /home/youmeopc/public_html/demo/elevaweb/application/application/views/admin/feeds/list.php 78
ERROR - 2017-07-10 05:30:59 --> Severity: Notice --> Undefined index: mobile_no /home/youmeopc/public_html/demo/elevaweb/application/application/views/admin/feeds/list.php 82
ERROR - 2017-07-10 05:31:03 --> Could not find the language line "feeds input payment_status"
ERROR - 2017-07-10 05:31:03 --> Severity: Notice --> Undefined variable: paymentlist /home/youmeopc/public_html/demo/elevaweb/application/application/views/admin/feeds/form.php 66
ERROR - 2017-07-10 05:32:29 --> Could not find the language line "feeds tooltip add_new_feed"
ERROR - 2017-07-10 05:32:29 --> Could not find the language line "feeds input email"
ERROR - 2017-07-10 05:32:29 --> Could not find the language line "feeds input mobile_no"
ERROR - 2017-07-10 05:32:29 --> Could not find the language line "feeds input feed_name"
ERROR - 2017-07-10 05:32:29 --> Could not find the language line "feeds input email"
ERROR - 2017-07-10 05:32:29 --> Could not find the language line "feeds input mobile_no"
ERROR - 2017-07-10 05:32:29 --> Severity: Notice --> Undefined index: email_id /home/youmeopc/public_html/demo/elevaweb/application/application/views/admin/feeds/list.php 78
ERROR - 2017-07-10 05:32:29 --> Severity: Notice --> Undefined index: mobile_no /home/youmeopc/public_html/demo/elevaweb/application/application/views/admin/feeds/list.php 82
ERROR - 2017-07-10 05:32:29 --> Severity: Notice --> Undefined index: email_id /home/youmeopc/public_html/demo/elevaweb/application/application/views/admin/feeds/list.php 78
ERROR - 2017-07-10 05:32:29 --> Severity: Notice --> Undefined index: mobile_no /home/youmeopc/public_html/demo/elevaweb/application/application/views/admin/feeds/list.php 82
ERROR - 2017-07-10 05:32:29 --> Severity: Notice --> Undefined index: email_id /home/youmeopc/public_html/demo/elevaweb/application/application/views/admin/feeds/list.php 78
ERROR - 2017-07-10 05:32:29 --> Severity: Notice --> Undefined index: mobile_no /home/youmeopc/public_html/demo/elevaweb/application/application/views/admin/feeds/list.php 82
ERROR - 2017-07-10 05:32:29 --> Severity: Notice --> Undefined index: email_id /home/youmeopc/public_html/demo/elevaweb/application/application/views/admin/feeds/list.php 78
ERROR - 2017-07-10 05:32:29 --> Severity: Notice --> Undefined index: mobile_no /home/youmeopc/public_html/demo/elevaweb/application/application/views/admin/feeds/list.php 82
ERROR - 2017-07-10 05:32:29 --> Severity: Notice --> Undefined index: email_id /home/youmeopc/public_html/demo/elevaweb/application/application/views/admin/feeds/list.php 78
ERROR - 2017-07-10 05:32:29 --> Severity: Notice --> Undefined index: mobile_no /home/youmeopc/public_html/demo/elevaweb/application/application/views/admin/feeds/list.php 82
ERROR - 2017-07-10 05:32:29 --> Severity: Notice --> Undefined index: email_id /home/youmeopc/public_html/demo/elevaweb/application/application/views/admin/feeds/list.php 78
ERROR - 2017-07-10 05:32:29 --> Severity: Notice --> Undefined index: mobile_no /home/youmeopc/public_html/demo/elevaweb/application/application/views/admin/feeds/list.php 82
ERROR - 2017-07-10 05:32:37 --> Could not find the language line "feeds tooltip add_new_feed"
ERROR - 2017-07-10 05:32:37 --> Could not find the language line "feeds input email"
ERROR - 2017-07-10 05:32:37 --> Could not find the language line "feeds input mobile_no"
ERROR - 2017-07-10 05:32:37 --> Could not find the language line "feeds input feed_name"
ERROR - 2017-07-10 05:32:37 --> Could not find the language line "feeds input email"
ERROR - 2017-07-10 05:32:37 --> Could not find the language line "feeds input mobile_no"
ERROR - 2017-07-10 05:32:37 --> Severity: Notice --> Undefined index: email_id /home/youmeopc/public_html/demo/elevaweb/application/application/views/admin/feeds/list.php 78
ERROR - 2017-07-10 05:32:37 --> Severity: Notice --> Undefined index: mobile_no /home/youmeopc/public_html/demo/elevaweb/application/application/views/admin/feeds/list.php 82
ERROR - 2017-07-10 05:32:37 --> Severity: Notice --> Undefined index: email_id /home/youmeopc/public_html/demo/elevaweb/application/application/views/admin/feeds/list.php 78
ERROR - 2017-07-10 05:32:37 --> Severity: Notice --> Undefined index: mobile_no /home/youmeopc/public_html/demo/elevaweb/application/application/views/admin/feeds/list.php 82
ERROR - 2017-07-10 05:32:37 --> Severity: Notice --> Undefined index: email_id /home/youmeopc/public_html/demo/elevaweb/application/application/views/admin/feeds/list.php 78
ERROR - 2017-07-10 05:32:37 --> Severity: Notice --> Undefined index: mobile_no /home/youmeopc/public_html/demo/elevaweb/application/application/views/admin/feeds/list.php 82
ERROR - 2017-07-10 05:32:37 --> Severity: Notice --> Undefined index: email_id /home/youmeopc/public_html/demo/elevaweb/application/application/views/admin/feeds/list.php 78
ERROR - 2017-07-10 05:32:37 --> Severity: Notice --> Undefined index: mobile_no /home/youmeopc/public_html/demo/elevaweb/application/application/views/admin/feeds/list.php 82
ERROR - 2017-07-10 05:32:37 --> Severity: Notice --> Undefined index: email_id /home/youmeopc/public_html/demo/elevaweb/application/application/views/admin/feeds/list.php 78
ERROR - 2017-07-10 05:32:37 --> Severity: Notice --> Undefined index: mobile_no /home/youmeopc/public_html/demo/elevaweb/application/application/views/admin/feeds/list.php 82
ERROR - 2017-07-10 05:57:27 --> Could not find the language line "feeds tooltip add_new_feed"
ERROR - 2017-07-10 05:57:27 --> Could not find the language line "feeds input email"
ERROR - 2017-07-10 05:57:27 --> Could not find the language line "feeds input mobile_no"
ERROR - 2017-07-10 05:57:27 --> Could not find the language line "feeds input feed_name"
ERROR - 2017-07-10 05:57:27 --> Could not find the language line "feeds input email"
ERROR - 2017-07-10 05:57:27 --> Could not find the language line "feeds input mobile_no"
ERROR - 2017-07-10 05:57:27 --> Severity: Notice --> Undefined index: email_id /home/youmeopc/public_html/demo/elevaweb/application/application/views/admin/feeds/list.php 78
ERROR - 2017-07-10 05:57:27 --> Severity: Notice --> Undefined index: mobile_no /home/youmeopc/public_html/demo/elevaweb/application/application/views/admin/feeds/list.php 82
ERROR - 2017-07-10 05:57:27 --> Severity: Notice --> Undefined index: email_id /home/youmeopc/public_html/demo/elevaweb/application/application/views/admin/feeds/list.php 78
ERROR - 2017-07-10 05:57:27 --> Severity: Notice --> Undefined index: mobile_no /home/youmeopc/public_html/demo/elevaweb/application/application/views/admin/feeds/list.php 82
ERROR - 2017-07-10 05:57:27 --> Severity: Notice --> Undefined index: email_id /home/youmeopc/public_html/demo/elevaweb/application/application/views/admin/feeds/list.php 78
ERROR - 2017-07-10 05:57:27 --> Severity: Notice --> Undefined index: mobile_no /home/youmeopc/public_html/demo/elevaweb/application/application/views/admin/feeds/list.php 82
ERROR - 2017-07-10 05:57:27 --> Severity: Notice --> Undefined index: email_id /home/youmeopc/public_html/demo/elevaweb/application/application/views/admin/feeds/list.php 78
ERROR - 2017-07-10 05:57:27 --> Severity: Notice --> Undefined index: mobile_no /home/youmeopc/public_html/demo/elevaweb/application/application/views/admin/feeds/list.php 82
ERROR - 2017-07-10 05:57:27 --> Severity: Notice --> Undefined index: email_id /home/youmeopc/public_html/demo/elevaweb/application/application/views/admin/feeds/list.php 78
ERROR - 2017-07-10 05:57:27 --> Severity: Notice --> Undefined index: mobile_no /home/youmeopc/public_html/demo/elevaweb/application/application/views/admin/feeds/list.php 82
ERROR - 2017-07-10 07:15:55 --> Could not find the language line "form_validation__check_login"
ERROR - 2017-07-10 14:34:06 --> 404 Page Not Found: Themes/admin
ERROR - 2017-07-10 10:04:11 --> Could not find the language line "feeds tooltip add_new_feed"
ERROR - 2017-07-10 10:04:11 --> Could not find the language line "feeds input email"
ERROR - 2017-07-10 10:04:11 --> Could not find the language line "feeds input mobile_no"
ERROR - 2017-07-10 10:04:11 --> Could not find the language line "feeds input feed_name"
ERROR - 2017-07-10 10:04:11 --> Could not find the language line "feeds input email"
ERROR - 2017-07-10 10:04:11 --> Could not find the language line "feeds input mobile_no"
ERROR - 2017-07-10 10:04:11 --> Severity: Notice --> Undefined index: email_id /home/youmeopc/public_html/demo/elevaweb/application/application/views/admin/feeds/list.php 78
ERROR - 2017-07-10 10:04:11 --> Severity: Notice --> Undefined index: mobile_no /home/youmeopc/public_html/demo/elevaweb/application/application/views/admin/feeds/list.php 82
ERROR - 2017-07-10 10:04:11 --> Severity: Notice --> Undefined index: email_id /home/youmeopc/public_html/demo/elevaweb/application/application/views/admin/feeds/list.php 78
ERROR - 2017-07-10 10:04:11 --> Severity: Notice --> Undefined index: mobile_no /home/youmeopc/public_html/demo/elevaweb/application/application/views/admin/feeds/list.php 82
ERROR - 2017-07-10 10:04:11 --> Severity: Notice --> Undefined index: email_id /home/youmeopc/public_html/demo/elevaweb/application/application/views/admin/feeds/list.php 78
ERROR - 2017-07-10 10:04:11 --> Severity: Notice --> Undefined index: mobile_no /home/youmeopc/public_html/demo/elevaweb/application/application/views/admin/feeds/list.php 82
ERROR - 2017-07-10 10:04:11 --> Severity: Notice --> Undefined index: email_id /home/youmeopc/public_html/demo/elevaweb/application/application/views/admin/feeds/list.php 78
ERROR - 2017-07-10 10:04:11 --> Severity: Notice --> Undefined index: mobile_no /home/youmeopc/public_html/demo/elevaweb/application/application/views/admin/feeds/list.php 82
ERROR - 2017-07-10 10:04:11 --> Severity: Notice --> Undefined index: email_id /home/youmeopc/public_html/demo/elevaweb/application/application/views/admin/feeds/list.php 78
ERROR - 2017-07-10 10:04:11 --> Severity: Notice --> Undefined index: mobile_no /home/youmeopc/public_html/demo/elevaweb/application/application/views/admin/feeds/list.php 82
ERROR - 2017-07-10 10:20:34 --> Could not find the language line "form_validation__check_login"
ERROR - 2017-07-10 10:27:20 --> Could not find the language line "form_validation__check_login"
ERROR - 2017-07-10 10:37:44 --> Could not find the language line "feeds tooltip add_new_feed"
ERROR - 2017-07-10 10:37:44 --> Could not find the language line "feeds input email"
ERROR - 2017-07-10 10:37:44 --> Could not find the language line "feeds input mobile_no"
ERROR - 2017-07-10 10:37:44 --> Could not find the language line "feeds input feed_name"
ERROR - 2017-07-10 10:37:44 --> Could not find the language line "feeds input email"
ERROR - 2017-07-10 10:37:44 --> Could not find the language line "feeds input mobile_no"
ERROR - 2017-07-10 10:37:44 --> Severity: Notice --> Undefined index: email_id /home/youmeopc/public_html/demo/elevaweb/application/application/views/admin/feeds/list.php 78
ERROR - 2017-07-10 10:37:44 --> Severity: Notice --> Undefined index: mobile_no /home/youmeopc/public_html/demo/elevaweb/application/application/views/admin/feeds/list.php 82
ERROR - 2017-07-10 10:37:44 --> Severity: Notice --> Undefined index: email_id /home/youmeopc/public_html/demo/elevaweb/application/application/views/admin/feeds/list.php 78
ERROR - 2017-07-10 10:37:44 --> Severity: Notice --> Undefined index: mobile_no /home/youmeopc/public_html/demo/elevaweb/application/application/views/admin/feeds/list.php 82
ERROR - 2017-07-10 10:37:44 --> Severity: Notice --> Undefined index: email_id /home/youmeopc/public_html/demo/elevaweb/application/application/views/admin/feeds/list.php 78
ERROR - 2017-07-10 10:37:44 --> Severity: Notice --> Undefined index: mobile_no /home/youmeopc/public_html/demo/elevaweb/application/application/views/admin/feeds/list.php 82
ERROR - 2017-07-10 10:37:44 --> Severity: Notice --> Undefined index: email_id /home/youmeopc/public_html/demo/elevaweb/application/application/views/admin/feeds/list.php 78
ERROR - 2017-07-10 10:37:44 --> Severity: Notice --> Undefined index: mobile_no /home/youmeopc/public_html/demo/elevaweb/application/application/views/admin/feeds/list.php 82
ERROR - 2017-07-10 10:37:44 --> Severity: Notice --> Undefined index: email_id /home/youmeopc/public_html/demo/elevaweb/application/application/views/admin/feeds/list.php 78
ERROR - 2017-07-10 10:37:44 --> Severity: Notice --> Undefined index: mobile_no /home/youmeopc/public_html/demo/elevaweb/application/application/views/admin/feeds/list.php 82
ERROR - 2017-07-10 10:44:56 --> Could not find the language line "feeds input payment_status"
ERROR - 2017-07-10 10:44:56 --> Severity: Notice --> Undefined variable: paymentlist /home/youmeopc/public_html/demo/elevaweb/application/application/views/admin/feeds/form.php 66
ERROR - 2017-07-10 11:29:07 --> Could not find the language line "form_validation__check_login"
ERROR - 2017-07-10 12:27:15 --> Could not find the language line "form_validation__check_login"
ERROR - 2017-07-10 19:07:49 --> 404 Page Not Found: Themes/admin
ERROR - 2017-07-10 14:38:45 --> Could not find the language line "feeds tooltip add_new_feed"
ERROR - 2017-07-10 14:38:45 --> Could not find the language line "feeds input email"
ERROR - 2017-07-10 14:38:45 --> Could not find the language line "feeds input mobile_no"
ERROR - 2017-07-10 14:38:45 --> Could not find the language line "feeds input feed_name"
ERROR - 2017-07-10 14:38:45 --> Could not find the language line "feeds input email"
ERROR - 2017-07-10 14:38:45 --> Could not find the language line "feeds input mobile_no"
ERROR - 2017-07-10 14:38:45 --> Severity: Notice --> Undefined index: email_id /home/youmeopc/public_html/demo/elevaweb/application/application/views/admin/feeds/list.php 78
ERROR - 2017-07-10 14:38:45 --> Severity: Notice --> Undefined index: mobile_no /home/youmeopc/public_html/demo/elevaweb/application/application/views/admin/feeds/list.php 82
ERROR - 2017-07-10 14:38:45 --> Severity: Notice --> Undefined index: email_id /home/youmeopc/public_html/demo/elevaweb/application/application/views/admin/feeds/list.php 78
ERROR - 2017-07-10 14:38:45 --> Severity: Notice --> Undefined index: mobile_no /home/youmeopc/public_html/demo/elevaweb/application/application/views/admin/feeds/list.php 82
ERROR - 2017-07-10 14:38:45 --> Severity: Notice --> Undefined index: email_id /home/youmeopc/public_html/demo/elevaweb/application/application/views/admin/feeds/list.php 78
ERROR - 2017-07-10 14:38:45 --> Severity: Notice --> Undefined index: mobile_no /home/youmeopc/public_html/demo/elevaweb/application/application/views/admin/feeds/list.php 82
ERROR - 2017-07-10 14:38:45 --> Severity: Notice --> Undefined index: email_id /home/youmeopc/public_html/demo/elevaweb/application/application/views/admin/feeds/list.php 78
ERROR - 2017-07-10 14:38:45 --> Severity: Notice --> Undefined index: mobile_no /home/youmeopc/public_html/demo/elevaweb/application/application/views/admin/feeds/list.php 82
ERROR - 2017-07-10 14:38:45 --> Severity: Notice --> Undefined index: email_id /home/youmeopc/public_html/demo/elevaweb/application/application/views/admin/feeds/list.php 78
ERROR - 2017-07-10 14:38:45 --> Severity: Notice --> Undefined index: mobile_no /home/youmeopc/public_html/demo/elevaweb/application/application/views/admin/feeds/list.php 82
ERROR - 2017-07-10 20:10:43 --> Severity: Warning --> fopen(/home/youmeopc/public_html/demo/elevaweb/application/application/sessions/ci_session6u1iu49u48bpb5u57prqf17k1r1l3dk7): failed to open stream: Disk quota exceeded /home/youmeopc/public_html/demo/elevaweb/application/system/libraries/Session/drivers/Session_files_driver.php 172
ERROR - 2017-07-10 20:10:43 --> Session: Unable to open file '/home/youmeopc/public_html/demo/elevaweb/application/application/sessions/ci_session6u1iu49u48bpb5u57prqf17k1r1l3dk7'.
ERROR - 2017-07-10 15:40:43 --> Could not find the language line "form_validation__check_login"
ERROR - 2017-07-10 15:40:43 --> Severity: Warning --> Unknown: Failed to write session data (user). Please verify that the current setting of session.save_path is correct (/home/youmeopc/public_html/demo/elevaweb/application/application/sessions) Unknown 0
ERROR - 2017-07-10 20:10:51 --> Severity: Warning --> fopen(/home/youmeopc/public_html/demo/elevaweb/application/application/sessions/ci_session5m8e8pt429qn7bm40famf5slmmovju8s): failed to open stream: Disk quota exceeded /home/youmeopc/public_html/demo/elevaweb/application/system/libraries/Session/drivers/Session_files_driver.php 172
ERROR - 2017-07-10 20:10:51 --> Session: Unable to open file '/home/youmeopc/public_html/demo/elevaweb/application/application/sessions/ci_session5m8e8pt429qn7bm40famf5slmmovju8s'.
ERROR - 2017-07-10 15:40:51 --> Severity: Warning --> Unknown: Failed to write session data (user). Please verify that the current setting of session.save_path is correct (/home/youmeopc/public_html/demo/elevaweb/application/application/sessions) Unknown 0
ERROR - 2017-07-10 20:10:59 --> Severity: Warning --> fopen(/home/youmeopc/public_html/demo/elevaweb/application/application/sessions/ci_sessiongracfc7jl4p6ium1mgt0a64jf12vjiik): failed to open stream: Disk quota exceeded /home/youmeopc/public_html/demo/elevaweb/application/system/libraries/Session/drivers/Session_files_driver.php 172
ERROR - 2017-07-10 20:10:59 --> Session: Unable to open file '/home/youmeopc/public_html/demo/elevaweb/application/application/sessions/ci_sessiongracfc7jl4p6ium1mgt0a64jf12vjiik'.
ERROR - 2017-07-10 15:40:59 --> Severity: Warning --> Unknown: Failed to write session data (user). Please verify that the current setting of session.save_path is correct (/home/youmeopc/public_html/demo/elevaweb/application/application/sessions) Unknown 0
ERROR - 2017-07-10 20:11:38 --> Severity: Warning --> fopen(/home/youmeopc/public_html/demo/elevaweb/application/application/sessions/ci_session20pf90jlvhnde7uim8rl0333hgoiocji): failed to open stream: Disk quota exceeded /home/youmeopc/public_html/demo/elevaweb/application/system/libraries/Session/drivers/Session_files_driver.php 172
ERROR - 2017-07-10 20:11:38 --> Session: Unable to open file '/home/youmeopc/public_html/demo/elevaweb/application/application/sessions/ci_session20pf90jlvhnde7uim8rl0333hgoiocji'.
ERROR - 2017-07-10 15:41:38 --> Severity: Warning --> Unknown: Failed to write session data (user). Please verify that the current setting of session.save_path is correct (/home/youmeopc/public_html/demo/elevaweb/application/application/sessions) Unknown 0
ERROR - 2017-07-10 20:12:05 --> Severity: Warning --> fopen(/home/youmeopc/public_html/demo/elevaweb/application/application/sessions/ci_sessiontrcv5ovtrfto9s4fhfjev0vvjt0nnjk3): failed to open stream: Disk quota exceeded /home/youmeopc/public_html/demo/elevaweb/application/system/libraries/Session/drivers/Session_files_driver.php 172
ERROR - 2017-07-10 20:12:05 --> Session: Unable to open file '/home/youmeopc/public_html/demo/elevaweb/application/application/sessions/ci_sessiontrcv5ovtrfto9s4fhfjev0vvjt0nnjk3'.
ERROR - 2017-07-10 15:42:05 --> Severity: Warning --> Unknown: Failed to write session data (user). Please verify that the current setting of session.save_path is correct (/home/youmeopc/public_html/demo/elevaweb/application/application/sessions) Unknown 0
ERROR - 2017-07-10 20:14:54 --> Severity: Warning --> fopen(/home/youmeopc/public_html/demo/elevaweb/application/application/sessions/ci_sessionf0a3ql0efis8ri9f6f1jc4m3n351fl4b): failed to open stream: Disk quota exceeded /home/youmeopc/public_html/demo/elevaweb/application/system/libraries/Session/drivers/Session_files_driver.php 172
ERROR - 2017-07-10 20:14:54 --> Session: Unable to open file '/home/youmeopc/public_html/demo/elevaweb/application/application/sessions/ci_sessionf0a3ql0efis8ri9f6f1jc4m3n351fl4b'.
ERROR - 2017-07-10 15:44:54 --> Severity: Warning --> Unknown: Failed to write session data (user). Please verify that the current setting of session.save_path is correct (/home/youmeopc/public_html/demo/elevaweb/application/application/sessions) Unknown 0
ERROR - 2017-07-10 20:15:00 --> Severity: Warning --> fopen(/home/youmeopc/public_html/demo/elevaweb/application/application/sessions/ci_sessionda4rvgmovlivmousqfn460mdkbet4ob6): failed to open stream: Disk quota exceeded /home/youmeopc/public_html/demo/elevaweb/application/system/libraries/Session/drivers/Session_files_driver.php 172
ERROR - 2017-07-10 20:15:00 --> Session: Unable to open file '/home/youmeopc/public_html/demo/elevaweb/application/application/sessions/ci_sessionda4rvgmovlivmousqfn460mdkbet4ob6'.
ERROR - 2017-07-10 15:45:00 --> Severity: Warning --> Unknown: Failed to write session data (user). Please verify that the current setting of session.save_path is correct (/home/youmeopc/public_html/demo/elevaweb/application/application/sessions) Unknown 0
ERROR - 2017-07-10 20:15:06 --> Severity: Warning --> fopen(/home/youmeopc/public_html/demo/elevaweb/application/application/sessions/ci_sessionu35lfsfo6h1eigh8p0luopsmo6p3sjlb): failed to open stream: Disk quota exceeded /home/youmeopc/public_html/demo/elevaweb/application/system/libraries/Session/drivers/Session_files_driver.php 172
ERROR - 2017-07-10 20:15:06 --> Session: Unable to open file '/home/youmeopc/public_html/demo/elevaweb/application/application/sessions/ci_sessionu35lfsfo6h1eigh8p0luopsmo6p3sjlb'.
ERROR - 2017-07-10 15:45:06 --> Severity: Warning --> Unknown: Failed to write session data (user). Please verify that the current setting of session.save_path is correct (/home/youmeopc/public_html/demo/elevaweb/application/application/sessions) Unknown 0
ERROR - 2017-07-10 17:12:55 --> Could not find the language line "form_validation__check_login"
ERROR - 2017-07-10 17:25:52 --> Could not find the language line "form_validation__check_login"
ERROR - 2017-07-10 17:25:55 --> Could not find the language line "form_validation__check_login"
ERROR - 2017-07-10 22:21:06 --> Severity: Warning --> fopen(/home/youmeopc/public_html/demo/elevaweb/application/application/sessions/ci_sessionk9ki500rvf1ntqfotbkkcm7h6st5f3ma): failed to open stream: Disk quota exceeded /home/youmeopc/public_html/demo/elevaweb/application/system/libraries/Session/drivers/Session_files_driver.php 172
ERROR - 2017-07-10 22:21:06 --> Session: Unable to open file '/home/youmeopc/public_html/demo/elevaweb/application/application/sessions/ci_sessionk9ki500rvf1ntqfotbkkcm7h6st5f3ma'.
ERROR - 2017-07-10 17:51:06 --> Severity: Warning --> Unknown: Failed to write session data (user). Please verify that the current setting of session.save_path is correct (/home/youmeopc/public_html/demo/elevaweb/application/application/sessions) Unknown 0
ERROR - 2017-07-10 22:21:33 --> Severity: Warning --> fopen(/home/youmeopc/public_html/demo/elevaweb/application/application/sessions/ci_sessionk9ki500rvf1ntqfotbkkcm7h6st5f3ma): failed to open stream: Disk quota exceeded /home/youmeopc/public_html/demo/elevaweb/application/system/libraries/Session/drivers/Session_files_driver.php 172
ERROR - 2017-07-10 22:21:33 --> Session: Unable to open file '/home/youmeopc/public_html/demo/elevaweb/application/application/sessions/ci_sessionk9ki500rvf1ntqfotbkkcm7h6st5f3ma'.
ERROR - 2017-07-10 17:51:33 --> Severity: Warning --> Unknown: Failed to write session data (user). Please verify that the current setting of session.save_path is correct (/home/youmeopc/public_html/demo/elevaweb/application/application/sessions) Unknown 0
ERROR - 2017-07-10 22:21:34 --> Severity: Warning --> fopen(/home/youmeopc/public_html/demo/elevaweb/application/application/sessions/ci_sessionk9ki500rvf1ntqfotbkkcm7h6st5f3ma): failed to open stream: Disk quota exceeded /home/youmeopc/public_html/demo/elevaweb/application/system/libraries/Session/drivers/Session_files_driver.php 172
ERROR - 2017-07-10 22:21:34 --> Session: Unable to open file '/home/youmeopc/public_html/demo/elevaweb/application/application/sessions/ci_sessionk9ki500rvf1ntqfotbkkcm7h6st5f3ma'.
ERROR - 2017-07-10 17:51:34 --> Severity: Warning --> Unknown: Failed to write session data (user). Please verify that the current setting of session.save_path is correct (/home/youmeopc/public_html/demo/elevaweb/application/application/sessions) Unknown 0
ERROR - 2017-07-10 22:21:34 --> Severity: Warning --> fopen(/home/youmeopc/public_html/demo/elevaweb/application/application/sessions/ci_sessionk9ki500rvf1ntqfotbkkcm7h6st5f3ma): failed to open stream: Disk quota exceeded /home/youmeopc/public_html/demo/elevaweb/application/system/libraries/Session/drivers/Session_files_driver.php 172
ERROR - 2017-07-10 22:21:34 --> Session: Unable to open file '/home/youmeopc/public_html/demo/elevaweb/application/application/sessions/ci_sessionk9ki500rvf1ntqfotbkkcm7h6st5f3ma'.
ERROR - 2017-07-10 17:51:34 --> Severity: Warning --> Unknown: Failed to write session data (user). Please verify that the current setting of session.save_path is correct (/home/youmeopc/public_html/demo/elevaweb/application/application/sessions) Unknown 0
ERROR - 2017-07-10 22:21:39 --> Severity: Warning --> fopen(/home/youmeopc/public_html/demo/elevaweb/application/application/sessions/ci_sessionk9ki500rvf1ntqfotbkkcm7h6st5f3ma): failed to open stream: Disk quota exceeded /home/youmeopc/public_html/demo/elevaweb/application/system/libraries/Session/drivers/Session_files_driver.php 172
ERROR - 2017-07-10 22:21:39 --> Session: Unable to open file '/home/youmeopc/public_html/demo/elevaweb/application/application/sessions/ci_sessionk9ki500rvf1ntqfotbkkcm7h6st5f3ma'.
ERROR - 2017-07-10 17:51:39 --> Severity: Warning --> Unknown: Failed to write session data (user). Please verify that the current setting of session.save_path is correct (/home/youmeopc/public_html/demo/elevaweb/application/application/sessions) Unknown 0
ERROR - 2017-07-10 22:22:11 --> 404 Page Not Found: Themes/admin
ERROR - 2017-07-10 17:52:27 --> Could not find the language line "feeds tooltip add_new_feed"
ERROR - 2017-07-10 17:52:27 --> Could not find the language line "feeds input email"
ERROR - 2017-07-10 17:52:27 --> Could not find the language line "feeds input mobile_no"
ERROR - 2017-07-10 17:52:27 --> Could not find the language line "feeds input feed_name"
ERROR - 2017-07-10 17:52:27 --> Could not find the language line "feeds input email"
ERROR - 2017-07-10 17:52:27 --> Could not find the language line "feeds input mobile_no"
ERROR - 2017-07-10 17:52:27 --> Severity: Notice --> Undefined index: email_id /home/youmeopc/public_html/demo/elevaweb/application/application/views/admin/feeds/list.php 78
ERROR - 2017-07-10 17:52:27 --> Severity: Notice --> Undefined index: mobile_no /home/youmeopc/public_html/demo/elevaweb/application/application/views/admin/feeds/list.php 82
ERROR - 2017-07-10 17:52:27 --> Severity: Notice --> Undefined index: email_id /home/youmeopc/public_html/demo/elevaweb/application/application/views/admin/feeds/list.php 78
ERROR - 2017-07-10 17:52:27 --> Severity: Notice --> Undefined index: mobile_no /home/youmeopc/public_html/demo/elevaweb/application/application/views/admin/feeds/list.php 82
ERROR - 2017-07-10 17:52:27 --> Severity: Notice --> Undefined index: email_id /home/youmeopc/public_html/demo/elevaweb/application/application/views/admin/feeds/list.php 78
ERROR - 2017-07-10 17:52:27 --> Severity: Notice --> Undefined index: mobile_no /home/youmeopc/public_html/demo/elevaweb/application/application/views/admin/feeds/list.php 82
ERROR - 2017-07-10 17:52:27 --> Severity: Notice --> Undefined index: email_id /home/youmeopc/public_html/demo/elevaweb/application/application/views/admin/feeds/list.php 78
ERROR - 2017-07-10 17:52:27 --> Severity: Notice --> Undefined index: mobile_no /home/youmeopc/public_html/demo/elevaweb/application/application/views/admin/feeds/list.php 82
ERROR - 2017-07-10 17:52:27 --> Severity: Notice --> Undefined index: email_id /home/youmeopc/public_html/demo/elevaweb/application/application/views/admin/feeds/list.php 78
ERROR - 2017-07-10 17:52:27 --> Severity: Notice --> Undefined index: mobile_no /home/youmeopc/public_html/demo/elevaweb/application/application/views/admin/feeds/list.php 82
ERROR - 2017-07-10 17:52:29 --> Could not find the language line "feeds input payment_status"
ERROR - 2017-07-10 17:52:29 --> Severity: Notice --> Undefined variable: paymentlist /home/youmeopc/public_html/demo/elevaweb/application/application/views/admin/feeds/form.php 66
ERROR - 2017-07-10 17:54:29 --> Could not find the language line "feeds msg edit_feed_success"
ERROR - 2017-07-10 17:54:30 --> Could not find the language line "feeds tooltip add_new_feed"
ERROR - 2017-07-10 17:54:30 --> Could not find the language line "feeds input email"
ERROR - 2017-07-10 17:54:30 --> Could not find the language line "feeds input mobile_no"
ERROR - 2017-07-10 17:54:30 --> Could not find the language line "feeds input feed_name"
ERROR - 2017-07-10 17:54:30 --> Could not find the language line "feeds input email"
ERROR - 2017-07-10 17:54:30 --> Could not find the language line "feeds input mobile_no"
ERROR - 2017-07-10 17:54:30 --> Severity: Notice --> Undefined index: email_id /home/youmeopc/public_html/demo/elevaweb/application/application/views/admin/feeds/list.php 78
ERROR - 2017-07-10 17:54:30 --> Severity: Notice --> Undefined index: mobile_no /home/youmeopc/public_html/demo/elevaweb/application/application/views/admin/feeds/list.php 82
ERROR - 2017-07-10 17:54:30 --> Severity: Notice --> Undefined index: email_id /home/youmeopc/public_html/demo/elevaweb/application/application/views/admin/feeds/list.php 78
ERROR - 2017-07-10 17:54:30 --> Severity: Notice --> Undefined index: mobile_no /home/youmeopc/public_html/demo/elevaweb/application/application/views/admin/feeds/list.php 82
ERROR - 2017-07-10 17:54:30 --> Severity: Notice --> Undefined index: email_id /home/youmeopc/public_html/demo/elevaweb/application/application/views/admin/feeds/list.php 78
ERROR - 2017-07-10 17:54:30 --> Severity: Notice --> Undefined index: mobile_no /home/youmeopc/public_html/demo/elevaweb/application/application/views/admin/feeds/list.php 82
ERROR - 2017-07-10 17:54:30 --> Severity: Notice --> Undefined index: email_id /home/youmeopc/public_html/demo/elevaweb/application/application/views/admin/feeds/list.php 78
ERROR - 2017-07-10 17:54:30 --> Severity: Notice --> Undefined index: mobile_no /home/youmeopc/public_html/demo/elevaweb/application/application/views/admin/feeds/list.php 82
ERROR - 2017-07-10 17:54:30 --> Severity: Notice --> Undefined index: email_id /home/youmeopc/public_html/demo/elevaweb/application/application/views/admin/feeds/list.php 78
ERROR - 2017-07-10 17:54:30 --> Severity: Notice --> Undefined index: mobile_no /home/youmeopc/public_html/demo/elevaweb/application/application/views/admin/feeds/list.php 82
ERROR - 2017-07-10 17:57:43 --> Could not find the language line "feeds input payment_status"
ERROR - 2017-07-10 17:57:43 --> Severity: Notice --> Undefined variable: paymentlist /home/youmeopc/public_html/demo/elevaweb/application/application/views/admin/feeds/form.php 66
ERROR - 2017-07-10 17:59:23 --> Could not find the language line "feeds msg edit_feed_success"
ERROR - 2017-07-10 17:59:23 --> Could not find the language line "feeds tooltip add_new_feed"
ERROR - 2017-07-10 17:59:23 --> Could not find the language line "feeds input email"
ERROR - 2017-07-10 17:59:23 --> Could not find the language line "feeds input mobile_no"
ERROR - 2017-07-10 17:59:23 --> Could not find the language line "feeds input feed_name"
ERROR - 2017-07-10 17:59:23 --> Could not find the language line "feeds input email"
ERROR - 2017-07-10 17:59:23 --> Could not find the language line "feeds input mobile_no"
ERROR - 2017-07-10 17:59:23 --> Severity: Notice --> Undefined index: email_id /home/youmeopc/public_html/demo/elevaweb/application/application/views/admin/feeds/list.php 78
ERROR - 2017-07-10 17:59:23 --> Severity: Notice --> Undefined index: mobile_no /home/youmeopc/public_html/demo/elevaweb/application/application/views/admin/feeds/list.php 82
ERROR - 2017-07-10 17:59:23 --> Severity: Notice --> Undefined index: email_id /home/youmeopc/public_html/demo/elevaweb/application/application/views/admin/feeds/list.php 78
ERROR - 2017-07-10 17:59:23 --> Severity: Notice --> Undefined index: mobile_no /home/youmeopc/public_html/demo/elevaweb/application/application/views/admin/feeds/list.php 82
ERROR - 2017-07-10 17:59:23 --> Severity: Notice --> Undefined index: email_id /home/youmeopc/public_html/demo/elevaweb/application/application/views/admin/feeds/list.php 78
ERROR - 2017-07-10 17:59:23 --> Severity: Notice --> Undefined index: mobile_no /home/youmeopc/public_html/demo/elevaweb/application/application/views/admin/feeds/list.php 82
ERROR - 2017-07-10 17:59:23 --> Severity: Notice --> Undefined index: email_id /home/youmeopc/public_html/demo/elevaweb/application/application/views/admin/feeds/list.php 78
ERROR - 2017-07-10 17:59:23 --> Severity: Notice --> Undefined index: mobile_no /home/youmeopc/public_html/demo/elevaweb/application/application/views/admin/feeds/list.php 82
ERROR - 2017-07-10 17:59:23 --> Severity: Notice --> Undefined index: email_id /home/youmeopc/public_html/demo/elevaweb/application/application/views/admin/feeds/list.php 78
ERROR - 2017-07-10 17:59:23 --> Severity: Notice --> Undefined index: mobile_no /home/youmeopc/public_html/demo/elevaweb/application/application/views/admin/feeds/list.php 82
ERROR - 2017-07-10 18:03:48 --> Could not find the language line "feeds input payment_status"
ERROR - 2017-07-10 18:03:48 --> Severity: Notice --> Undefined variable: paymentlist /home/youmeopc/public_html/demo/elevaweb/application/application/views/admin/feeds/form.php 66
ERROR - 2017-07-10 18:03:58 --> Could not find the language line "feeds msg edit_feed_success"
ERROR - 2017-07-10 18:03:58 --> Could not find the language line "feeds tooltip add_new_feed"
ERROR - 2017-07-10 18:03:58 --> Could not find the language line "feeds input email"
ERROR - 2017-07-10 18:03:58 --> Could not find the language line "feeds input mobile_no"
ERROR - 2017-07-10 18:03:58 --> Could not find the language line "feeds input feed_name"
ERROR - 2017-07-10 18:03:58 --> Could not find the language line "feeds input email"
ERROR - 2017-07-10 18:03:58 --> Could not find the language line "feeds input mobile_no"
ERROR - 2017-07-10 18:03:58 --> Severity: Notice --> Undefined index: email_id /home/youmeopc/public_html/demo/elevaweb/application/application/views/admin/feeds/list.php 78
ERROR - 2017-07-10 18:03:58 --> Severity: Notice --> Undefined index: mobile_no /home/youmeopc/public_html/demo/elevaweb/application/application/views/admin/feeds/list.php 82
ERROR - 2017-07-10 18:03:58 --> Severity: Notice --> Undefined index: email_id /home/youmeopc/public_html/demo/elevaweb/application/application/views/admin/feeds/list.php 78
ERROR - 2017-07-10 18:03:58 --> Severity: Notice --> Undefined index: mobile_no /home/youmeopc/public_html/demo/elevaweb/application/application/views/admin/feeds/list.php 82
ERROR - 2017-07-10 18:03:58 --> Severity: Notice --> Undefined index: email_id /home/youmeopc/public_html/demo/elevaweb/application/application/views/admin/feeds/list.php 78
ERROR - 2017-07-10 18:03:58 --> Severity: Notice --> Undefined index: mobile_no /home/youmeopc/public_html/demo/elevaweb/application/application/views/admin/feeds/list.php 82
ERROR - 2017-07-10 18:03:58 --> Severity: Notice --> Undefined index: email_id /home/youmeopc/public_html/demo/elevaweb/application/application/views/admin/feeds/list.php 78
ERROR - 2017-07-10 18:03:58 --> Severity: Notice --> Undefined index: mobile_no /home/youmeopc/public_html/demo/elevaweb/application/application/views/admin/feeds/list.php 82
ERROR - 2017-07-10 18:03:58 --> Severity: Notice --> Undefined index: email_id /home/youmeopc/public_html/demo/elevaweb/application/application/views/admin/feeds/list.php 78
ERROR - 2017-07-10 18:03:58 --> Severity: Notice --> Undefined index: mobile_no /home/youmeopc/public_html/demo/elevaweb/application/application/views/admin/feeds/list.php 82
ERROR - 2017-07-10 18:04:25 --> Could not find the language line "feeds tooltip add_new_feed"
ERROR - 2017-07-10 18:04:25 --> Could not find the language line "feeds input email"
ERROR - 2017-07-10 18:04:25 --> Could not find the language line "feeds input mobile_no"
ERROR - 2017-07-10 18:04:25 --> Could not find the language line "feeds input feed_name"
ERROR - 2017-07-10 18:04:25 --> Could not find the language line "feeds input email"
ERROR - 2017-07-10 18:04:25 --> Could not find the language line "feeds input mobile_no"
ERROR - 2017-07-10 18:04:25 --> Severity: Notice --> Undefined index: email_id /home/youmeopc/public_html/demo/elevaweb/application/application/views/admin/feeds/list.php 78
ERROR - 2017-07-10 18:04:25 --> Severity: Notice --> Undefined index: mobile_no /home/youmeopc/public_html/demo/elevaweb/application/application/views/admin/feeds/list.php 82
ERROR - 2017-07-10 18:04:25 --> Severity: Notice --> Undefined index: email_id /home/youmeopc/public_html/demo/elevaweb/application/application/views/admin/feeds/list.php 78
ERROR - 2017-07-10 18:04:25 --> Severity: Notice --> Undefined index: mobile_no /home/youmeopc/public_html/demo/elevaweb/application/application/views/admin/feeds/list.php 82
ERROR - 2017-07-10 18:04:25 --> Severity: Notice --> Undefined index: email_id /home/youmeopc/public_html/demo/elevaweb/application/application/views/admin/feeds/list.php 78
ERROR - 2017-07-10 18:04:25 --> Severity: Notice --> Undefined index: mobile_no /home/youmeopc/public_html/demo/elevaweb/application/application/views/admin/feeds/list.php 82
ERROR - 2017-07-10 18:04:25 --> Severity: Notice --> Undefined index: email_id /home/youmeopc/public_html/demo/elevaweb/application/application/views/admin/feeds/list.php 78
ERROR - 2017-07-10 18:04:25 --> Severity: Notice --> Undefined index: mobile_no /home/youmeopc/public_html/demo/elevaweb/application/application/views/admin/feeds/list.php 82
ERROR - 2017-07-10 18:04:25 --> Severity: Notice --> Undefined index: email_id /home/youmeopc/public_html/demo/elevaweb/application/application/views/admin/feeds/list.php 78
ERROR - 2017-07-10 18:04:25 --> Severity: Notice --> Undefined index: mobile_no /home/youmeopc/public_html/demo/elevaweb/application/application/views/admin/feeds/list.php 82
ERROR - 2017-07-10 18:06:48 --> Could not find the language line "feeds input payment_status"
ERROR - 2017-07-10 18:06:48 --> Severity: Notice --> Undefined variable: paymentlist /home/youmeopc/public_html/demo/elevaweb/application/application/views/admin/feeds/form.php 66
ERROR - 2017-07-10 18:29:53 --> Could not find the language line "form_validation__check_login"
ERROR - 2017-07-10 20:20:56 --> Severity: Warning --> Unknown: Failed to write session data (user). Please verify that the current setting of session.save_path is correct (/home/youmeopc/public_html/demo/elevaweb/application/application/sessions) Unknown 0
ERROR - 2017-07-10 20:20:58 --> Severity: Warning --> Unknown: Failed to write session data (user). Please verify that the current setting of session.save_path is correct (/home/youmeopc/public_html/demo/elevaweb/application/application/sessions) Unknown 0
ERROR - 2017-07-10 20:21:02 --> Severity: Warning --> Unknown: Failed to write session data (user). Please verify that the current setting of session.save_path is correct (/home/youmeopc/public_html/demo/elevaweb/application/application/sessions) Unknown 0
ERROR - 2017-07-10 20:21:12 --> Severity: Warning --> Unknown: Failed to write session data (user). Please verify that the current setting of session.save_path is correct (/home/youmeopc/public_html/demo/elevaweb/application/application/sessions) Unknown 0
ERROR - 2017-07-10 20:21:17 --> Severity: Warning --> Unknown: Failed to write session data (user). Please verify that the current setting of session.save_path is correct (/home/youmeopc/public_html/demo/elevaweb/application/application/sessions) Unknown 0
ERROR - 2017-07-10 20:21:27 --> Severity: Warning --> Unknown: Failed to write session data (user). Please verify that the current setting of session.save_path is correct (/home/youmeopc/public_html/demo/elevaweb/application/application/sessions) Unknown 0
ERROR - 2017-07-10 20:21:46 --> Severity: Warning --> Unknown: Failed to write session data (user). Please verify that the current setting of session.save_path is correct (/home/youmeopc/public_html/demo/elevaweb/application/application/sessions) Unknown 0
ERROR - 2017-07-10 20:21:55 --> Severity: Warning --> Unknown: Failed to write session data (user). Please verify that the current setting of session.save_path is correct (/home/youmeopc/public_html/demo/elevaweb/application/application/sessions) Unknown 0
ERROR - 2017-07-10 21:40:55 --> Severity: Warning --> Unknown: Failed to write session data (user). Please verify that the current setting of session.save_path is correct (/home/youmeopc/public_html/demo/elevaweb/application/application/sessions) Unknown 0
ERROR - 2017-07-10 21:41:08 --> Severity: Warning --> Unknown: Failed to write session data (user). Please verify that the current setting of session.save_path is correct (/home/youmeopc/public_html/demo/elevaweb/application/application/sessions) Unknown 0
ERROR - 2017-07-10 21:41:13 --> Severity: Warning --> Unknown: Failed to write session data (user). Please verify that the current setting of session.save_path is correct (/home/youmeopc/public_html/demo/elevaweb/application/application/sessions) Unknown 0
ERROR - 2017-07-10 21:43:41 --> Severity: Warning --> Unknown: Failed to write session data (user). Please verify that the current setting of session.save_path is correct (/home/youmeopc/public_html/demo/elevaweb/application/application/sessions) Unknown 0
ERROR - 2017-07-10 21:50:41 --> Severity: Warning --> Unknown: Failed to write session data (user). Please verify that the current setting of session.save_path is correct (/home/youmeopc/public_html/demo/elevaweb/application/application/sessions) Unknown 0
ERROR - 2017-07-10 21:50:41 --> Severity: Warning --> Unknown: Failed to write session data (user). Please verify that the current setting of session.save_path is correct (/home/youmeopc/public_html/demo/elevaweb/application/application/sessions) Unknown 0
ERROR - 2017-07-10 21:50:42 --> Severity: Warning --> Unknown: Failed to write session data (user). Please verify that the current setting of session.save_path is correct (/home/youmeopc/public_html/demo/elevaweb/application/application/sessions) Unknown 0
ERROR - 2017-07-10 21:51:26 --> Severity: Warning --> Unknown: Failed to write session data (user). Please verify that the current setting of session.save_path is correct (/home/youmeopc/public_html/demo/elevaweb/application/application/sessions) Unknown 0
ERROR - 2017-07-10 21:51:53 --> Severity: Warning --> Unknown: Failed to write session data (user). Please verify that the current setting of session.save_path is correct (/home/youmeopc/public_html/demo/elevaweb/application/application/sessions) Unknown 0
ERROR - 2017-07-10 21:51:59 --> Severity: Warning --> Unknown: Failed to write session data (user). Please verify that the current setting of session.save_path is correct (/home/youmeopc/public_html/demo/elevaweb/application/application/sessions) Unknown 0
ERROR - 2017-07-10 21:52:00 --> Severity: Warning --> Unknown: Failed to write session data (user). Please verify that the current setting of session.save_path is correct (/home/youmeopc/public_html/demo/elevaweb/application/application/sessions) Unknown 0
ERROR - 2017-07-10 21:52:00 --> Severity: Warning --> Unknown: Failed to write session data (user). Please verify that the current setting of session.save_path is correct (/home/youmeopc/public_html/demo/elevaweb/application/application/sessions) Unknown 0
ERROR - 2017-07-10 21:52:11 --> Severity: Warning --> Unknown: Failed to write session data (user). Please verify that the current setting of session.save_path is correct (/home/youmeopc/public_html/demo/elevaweb/application/application/sessions) Unknown 0
ERROR - 2017-07-10 21:52:40 --> Severity: Warning --> Unknown: Failed to write session data (user). Please verify that the current setting of session.save_path is correct (/home/youmeopc/public_html/demo/elevaweb/application/application/sessions) Unknown 0
ERROR - 2017-07-10 21:52:41 --> Severity: Warning --> Unknown: Failed to write session data (user). Please verify that the current setting of session.save_path is correct (/home/youmeopc/public_html/demo/elevaweb/application/application/sessions) Unknown 0
ERROR - 2017-07-10 21:52:41 --> Severity: Warning --> Unknown: Failed to write session data (user). Please verify that the current setting of session.save_path is correct (/home/youmeopc/public_html/demo/elevaweb/application/application/sessions) Unknown 0
ERROR - 2017-07-10 21:53:32 --> Severity: Warning --> Unknown: Failed to write session data (user). Please verify that the current setting of session.save_path is correct (/home/youmeopc/public_html/demo/elevaweb/application/application/sessions) Unknown 0
ERROR - 2017-07-10 21:53:47 --> Severity: Warning --> Unknown: Failed to write session data (user). Please verify that the current setting of session.save_path is correct (/home/youmeopc/public_html/demo/elevaweb/application/application/sessions) Unknown 0
ERROR - 2017-07-10 21:54:00 --> Could not find the language line "form_validation__check_login"
ERROR - 2017-07-10 21:54:00 --> Severity: Warning --> Unknown: Failed to write session data (user). Please verify that the current setting of session.save_path is correct (/home/youmeopc/public_html/demo/elevaweb/application/application/sessions) Unknown 0
ERROR - 2017-07-10 21:54:06 --> Severity: Warning --> Unknown: Failed to write session data (user). Please verify that the current setting of session.save_path is correct (/home/youmeopc/public_html/demo/elevaweb/application/application/sessions) Unknown 0
ERROR - 2017-07-10 21:55:49 --> Severity: Warning --> Unknown: Failed to write session data (user). Please verify that the current setting of session.save_path is correct (/home/youmeopc/public_html/demo/elevaweb/application/application/sessions) Unknown 0
ERROR - 2017-07-10 21:55:55 --> Severity: Warning --> Unknown: Failed to write session data (user). Please verify that the current setting of session.save_path is correct (/home/youmeopc/public_html/demo/elevaweb/application/application/sessions) Unknown 0
ERROR - 2017-07-10 21:56:59 --> Severity: Warning --> Unknown: Failed to write session data (user). Please verify that the current setting of session.save_path is correct (/home/youmeopc/public_html/demo/elevaweb/application/application/sessions) Unknown 0
