ERROR - 2017-06-27 07:35:11 --> Could not find the language line "form_validation__check_login"
ERROR - 2017-06-27 12:05:45 --> 404 Page Not Found: Themes/admin
ERROR - 2017-06-27 07:35:54 --> Could not find the language line "feeds tooltip add_new_feed"
ERROR - 2017-06-27 07:35:54 --> Could not find the language line "feeds input email"
ERROR - 2017-06-27 07:35:54 --> Could not find the language line "feeds input mobile_no"
ERROR - 2017-06-27 07:35:54 --> Could not find the language line "feeds input feed_name"
ERROR - 2017-06-27 07:35:54 --> Could not find the language line "feeds input email"
ERROR - 2017-06-27 07:35:54 --> Could not find the language line "feeds input mobile_no"
ERROR - 2017-06-27 07:35:54 --> Severity: Notice --> Undefined index: email_id /home/youmeopc/public_html/demo/elevaweb/application/application/views/admin/feeds/list.php 78
ERROR - 2017-06-27 07:35:54 --> Severity: Notice --> Undefined index: mobile_no /home/youmeopc/public_html/demo/elevaweb/application/application/views/admin/feeds/list.php 82
ERROR - 2017-06-27 07:35:54 --> Severity: Notice --> Undefined index: email_id /home/youmeopc/public_html/demo/elevaweb/application/application/views/admin/feeds/list.php 78
ERROR - 2017-06-27 07:35:54 --> Severity: Notice --> Undefined index: mobile_no /home/youmeopc/public_html/demo/elevaweb/application/application/views/admin/feeds/list.php 82
ERROR - 2017-06-27 07:35:54 --> Could not find the language line "feeds title feed_delete"
ERROR - 2017-06-27 07:35:54 --> Could not find the language line "feeds msg delete_confirm"
ERROR - 2017-06-27 07:35:54 --> Could not find the language line "feeds title feed_delete"
ERROR - 2017-06-27 07:35:54 --> Could not find the language line "feeds msg delete_confirm"
ERROR - 2017-06-27 07:35:58 --> Could not find the language line "feeds input payment_status"
ERROR - 2017-06-27 07:35:58 --> Severity: Notice --> Undefined variable: paymentlist /home/youmeopc/public_html/demo/elevaweb/application/application/views/admin/feeds/form.php 66
ERROR - 2017-06-27 22:58:12 --> 404 Page Not Found: Themes/admin
ERROR - 2017-06-27 18:28:16 --> Could not find the language line "feeds tooltip add_new_feed"
ERROR - 2017-06-27 18:28:16 --> Could not find the language line "feeds input email"
ERROR - 2017-06-27 18:28:16 --> Could not find the language line "feeds input mobile_no"
ERROR - 2017-06-27 18:28:16 --> Could not find the language line "feeds input feed_name"
ERROR - 2017-06-27 18:28:16 --> Could not find the language line "feeds input email"
ERROR - 2017-06-27 18:28:16 --> Could not find the language line "feeds input mobile_no"
ERROR - 2017-06-27 18:28:16 --> Severity: Notice --> Undefined index: email_id /home/youmeopc/public_html/demo/elevaweb/application/application/views/admin/feeds/list.php 78
ERROR - 2017-06-27 18:28:16 --> Severity: Notice --> Undefined index: mobile_no /home/youmeopc/public_html/demo/elevaweb/application/application/views/admin/feeds/list.php 82
ERROR - 2017-06-27 18:28:16 --> Severity: Notice --> Undefined index: email_id /home/youmeopc/public_html/demo/elevaweb/application/application/views/admin/feeds/list.php 78
ERROR - 2017-06-27 18:28:16 --> Severity: Notice --> Undefined index: mobile_no /home/youmeopc/public_html/demo/elevaweb/application/application/views/admin/feeds/list.php 82
ERROR - 2017-06-27 18:28:16 --> Could not find the language line "feeds title feed_delete"
ERROR - 2017-06-27 18:28:16 --> Could not find the language line "feeds msg delete_confirm"
ERROR - 2017-06-27 18:28:16 --> Could not find the language line "feeds title feed_delete"
ERROR - 2017-06-27 18:28:16 --> Could not find the language line "feeds msg delete_confirm"
ERROR - 2017-06-27 18:28:18 --> Could not find the language line "feeds input payment_status"
ERROR - 2017-06-27 18:28:18 --> Severity: Notice --> Undefined variable: paymentlist /home/youmeopc/public_html/demo/elevaweb/application/application/views/admin/feeds/form.php 66
ERROR - 2017-06-27 18:28:44 --> Could not find the language line "feeds tooltip add_new_feed"
ERROR - 2017-06-27 18:28:44 --> Could not find the language line "feeds input email"
ERROR - 2017-06-27 18:28:44 --> Could not find the language line "feeds input mobile_no"
ERROR - 2017-06-27 18:28:44 --> Could not find the language line "feeds input feed_name"
ERROR - 2017-06-27 18:28:44 --> Could not find the language line "feeds input email"
ERROR - 2017-06-27 18:28:44 --> Could not find the language line "feeds input mobile_no"
ERROR - 2017-06-27 18:28:44 --> Severity: Notice --> Undefined index: email_id /home/youmeopc/public_html/demo/elevaweb/application/application/views/admin/feeds/list.php 78
ERROR - 2017-06-27 18:28:44 --> Severity: Notice --> Undefined index: mobile_no /home/youmeopc/public_html/demo/elevaweb/application/application/views/admin/feeds/list.php 82
ERROR - 2017-06-27 18:28:44 --> Severity: Notice --> Undefined index: email_id /home/youmeopc/public_html/demo/elevaweb/application/application/views/admin/feeds/list.php 78
ERROR - 2017-06-27 18:28:44 --> Severity: Notice --> Undefined index: mobile_no /home/youmeopc/public_html/demo/elevaweb/application/application/views/admin/feeds/list.php 82
ERROR - 2017-06-27 18:28:44 --> Could not find the language line "feeds title feed_delete"
ERROR - 2017-06-27 18:28:44 --> Could not find the language line "feeds msg delete_confirm"
ERROR - 2017-06-27 18:28:44 --> Could not find the language line "feeds title feed_delete"
ERROR - 2017-06-27 18:28:44 --> Could not find the language line "feeds msg delete_confirm"
ERROR - 2017-06-27 18:28:46 --> Could not find the language line "feeds input payment_status"
ERROR - 2017-06-27 18:28:46 --> Severity: Notice --> Undefined variable: paymentlist /home/youmeopc/public_html/demo/elevaweb/application/application/views/admin/feeds/form.php 66
ERROR - 2017-06-27 18:29:26 --> Could not find the language line "customers col last_name"
ERROR - 2017-06-27 18:29:26 --> Could not find the language line "customers input last_name"
ERROR - 2017-06-27 18:29:26 --> Severity: Notice --> Undefined index: last_name /home/youmeopc/public_html/demo/elevaweb/application/application/views/admin/customers/list.php 114
ERROR - 2017-06-27 18:29:26 --> Severity: Notice --> Undefined index: last_name /home/youmeopc/public_html/demo/elevaweb/application/application/views/admin/customers/list.php 114
ERROR - 2017-06-27 18:29:26 --> Severity: Notice --> Undefined index: last_name /home/youmeopc/public_html/demo/elevaweb/application/application/views/admin/customers/list.php 114
ERROR - 2017-06-27 18:29:26 --> Severity: Notice --> Undefined index: last_name /home/youmeopc/public_html/demo/elevaweb/application/application/views/admin/customers/list.php 114
ERROR - 2017-06-27 18:29:26 --> Severity: Notice --> Undefined index: last_name /home/youmeopc/public_html/demo/elevaweb/application/application/views/admin/customers/list.php 114
ERROR - 2017-06-27 18:29:26 --> Severity: Notice --> Undefined index: last_name /home/youmeopc/public_html/demo/elevaweb/application/application/views/admin/customers/list.php 114
ERROR - 2017-06-27 18:29:26 --> Severity: Notice --> Undefined index: last_name /home/youmeopc/public_html/demo/elevaweb/application/application/views/admin/customers/list.php 114
ERROR - 2017-06-27 18:29:26 --> Severity: Notice --> Undefined index: last_name /home/youmeopc/public_html/demo/elevaweb/application/application/views/admin/customers/list.php 114
ERROR - 2017-06-27 18:29:26 --> Severity: Notice --> Undefined index: last_name /home/youmeopc/public_html/demo/elevaweb/application/application/views/admin/customers/list.php 114
ERROR - 2017-06-27 18:29:26 --> Severity: Notice --> Undefined index: last_name /home/youmeopc/public_html/demo/elevaweb/application/application/views/admin/customers/list.php 114
ERROR - 2017-06-27 22:59:35 --> 404 Page Not Found: Themes/admin
ERROR - 2017-06-27 18:29:37 --> Could not find the language line "feeds tooltip add_new_feed"
ERROR - 2017-06-27 18:29:37 --> Could not find the language line "feeds input email"
ERROR - 2017-06-27 18:29:37 --> Could not find the language line "feeds input mobile_no"
ERROR - 2017-06-27 18:29:37 --> Could not find the language line "feeds input feed_name"
ERROR - 2017-06-27 18:29:37 --> Could not find the language line "feeds input email"
ERROR - 2017-06-27 18:29:37 --> Could not find the language line "feeds input mobile_no"
ERROR - 2017-06-27 18:29:37 --> Severity: Notice --> Undefined index: email_id /home/youmeopc/public_html/demo/elevaweb/application/application/views/admin/feeds/list.php 78
ERROR - 2017-06-27 18:29:37 --> Severity: Notice --> Undefined index: mobile_no /home/youmeopc/public_html/demo/elevaweb/application/application/views/admin/feeds/list.php 82
ERROR - 2017-06-27 18:29:37 --> Severity: Notice --> Undefined index: email_id /home/youmeopc/public_html/demo/elevaweb/application/application/views/admin/feeds/list.php 78
ERROR - 2017-06-27 18:29:37 --> Severity: Notice --> Undefined index: mobile_no /home/youmeopc/public_html/demo/elevaweb/application/application/views/admin/feeds/list.php 82
ERROR - 2017-06-27 18:29:37 --> Could not find the language line "feeds title feed_delete"
ERROR - 2017-06-27 18:29:37 --> Could not find the language line "feeds msg delete_confirm"
ERROR - 2017-06-27 18:29:37 --> Could not find the language line "feeds title feed_delete"
ERROR - 2017-06-27 18:29:37 --> Could not find the language line "feeds msg delete_confirm"
ERROR - 2017-06-27 18:29:39 --> Could not find the language line "feeds input payment_status"
ERROR - 2017-06-27 18:29:39 --> Severity: Notice --> Undefined variable: paymentlist /home/youmeopc/public_html/demo/elevaweb/application/application/views/admin/feeds/form.php 66
ERROR - 2017-06-27 23:03:07 --> 404 Page Not Found: Themes/admin
ERROR - 2017-06-27 18:33:08 --> Could not find the language line "feeds tooltip add_new_feed"
ERROR - 2017-06-27 18:33:08 --> Could not find the language line "feeds input email"
ERROR - 2017-06-27 18:33:08 --> Could not find the language line "feeds input mobile_no"
ERROR - 2017-06-27 18:33:08 --> Could not find the language line "feeds input feed_name"
ERROR - 2017-06-27 18:33:08 --> Could not find the language line "feeds input email"
ERROR - 2017-06-27 18:33:08 --> Could not find the language line "feeds input mobile_no"
ERROR - 2017-06-27 18:33:08 --> Severity: Notice --> Undefined index: email_id /home/youmeopc/public_html/demo/elevaweb/application/application/views/admin/feeds/list.php 78
ERROR - 2017-06-27 18:33:08 --> Severity: Notice --> Undefined index: mobile_no /home/youmeopc/public_html/demo/elevaweb/application/application/views/admin/feeds/list.php 82
ERROR - 2017-06-27 18:33:08 --> Severity: Notice --> Undefined index: email_id /home/youmeopc/public_html/demo/elevaweb/application/application/views/admin/feeds/list.php 78
ERROR - 2017-06-27 18:33:08 --> Severity: Notice --> Undefined index: mobile_no /home/youmeopc/public_html/demo/elevaweb/application/application/views/admin/feeds/list.php 82
ERROR - 2017-06-27 18:33:08 --> Could not find the language line "feeds title feed_delete"
ERROR - 2017-06-27 18:33:08 --> Could not find the language line "feeds msg delete_confirm"
ERROR - 2017-06-27 18:33:08 --> Could not find the language line "feeds title feed_delete"
ERROR - 2017-06-27 18:33:08 --> Could not find the language line "feeds msg delete_confirm"
ERROR - 2017-06-27 18:33:10 --> Could not find the language line "feeds input payment_status"
ERROR - 2017-06-27 18:33:10 --> Severity: Notice --> Undefined variable: paymentlist /home/youmeopc/public_html/demo/elevaweb/application/application/views/admin/feeds/form.php 66
ERROR - 2017-06-27 18:33:14 --> Could not find the language line "feeds tooltip add_new_feed"
ERROR - 2017-06-27 18:33:14 --> Could not find the language line "feeds input email"
ERROR - 2017-06-27 18:33:14 --> Could not find the language line "feeds input mobile_no"
ERROR - 2017-06-27 18:33:14 --> Could not find the language line "feeds input feed_name"
ERROR - 2017-06-27 18:33:14 --> Could not find the language line "feeds input email"
ERROR - 2017-06-27 18:33:14 --> Could not find the language line "feeds input mobile_no"
ERROR - 2017-06-27 18:33:14 --> Severity: Notice --> Undefined index: email_id /home/youmeopc/public_html/demo/elevaweb/application/application/views/admin/feeds/list.php 78
ERROR - 2017-06-27 18:33:14 --> Severity: Notice --> Undefined index: mobile_no /home/youmeopc/public_html/demo/elevaweb/application/application/views/admin/feeds/list.php 82
ERROR - 2017-06-27 18:33:14 --> Severity: Notice --> Undefined index: email_id /home/youmeopc/public_html/demo/elevaweb/application/application/views/admin/feeds/list.php 78
ERROR - 2017-06-27 18:33:14 --> Severity: Notice --> Undefined index: mobile_no /home/youmeopc/public_html/demo/elevaweb/application/application/views/admin/feeds/list.php 82
ERROR - 2017-06-27 18:33:14 --> Could not find the language line "feeds title feed_delete"
ERROR - 2017-06-27 18:33:14 --> Could not find the language line "feeds msg delete_confirm"
ERROR - 2017-06-27 18:33:14 --> Could not find the language line "feeds title feed_delete"
ERROR - 2017-06-27 18:33:14 --> Could not find the language line "feeds msg delete_confirm"
ERROR - 2017-06-27 18:33:15 --> Could not find the language line "feeds input payment_status"
ERROR - 2017-06-27 18:33:15 --> Severity: Notice --> Undefined variable: paymentlist /home/youmeopc/public_html/demo/elevaweb/application/application/views/admin/feeds/form.php 66
ERROR - 2017-06-27 18:34:33 --> Could not find the language line "feeds tooltip add_new_feed"
ERROR - 2017-06-27 18:34:33 --> Could not find the language line "feeds input email"
ERROR - 2017-06-27 18:34:33 --> Could not find the language line "feeds input mobile_no"
ERROR - 2017-06-27 18:34:33 --> Could not find the language line "feeds input feed_name"
ERROR - 2017-06-27 18:34:33 --> Could not find the language line "feeds input email"
ERROR - 2017-06-27 18:34:33 --> Could not find the language line "feeds input mobile_no"
ERROR - 2017-06-27 18:34:33 --> Severity: Notice --> Undefined index: email_id /home/youmeopc/public_html/demo/elevaweb/application/application/views/admin/feeds/list.php 78
ERROR - 2017-06-27 18:34:33 --> Severity: Notice --> Undefined index: mobile_no /home/youmeopc/public_html/demo/elevaweb/application/application/views/admin/feeds/list.php 82
ERROR - 2017-06-27 18:34:33 --> Severity: Notice --> Undefined index: email_id /home/youmeopc/public_html/demo/elevaweb/application/application/views/admin/feeds/list.php 78
ERROR - 2017-06-27 18:34:33 --> Severity: Notice --> Undefined index: mobile_no /home/youmeopc/public_html/demo/elevaweb/application/application/views/admin/feeds/list.php 82
ERROR - 2017-06-27 18:34:33 --> Could not find the language line "feeds title feed_delete"
ERROR - 2017-06-27 18:34:33 --> Could not find the language line "feeds msg delete_confirm"
ERROR - 2017-06-27 18:34:33 --> Could not find the language line "feeds title feed_delete"
ERROR - 2017-06-27 18:34:33 --> Could not find the language line "feeds msg delete_confirm"
ERROR - 2017-06-27 18:34:35 --> Could not find the language line "feeds input payment_status"
ERROR - 2017-06-27 18:34:35 --> Severity: Notice --> Undefined variable: paymentlist /home/youmeopc/public_html/demo/elevaweb/application/application/views/admin/feeds/form.php 66
ERROR - 2017-06-27 18:35:18 --> Could not find the language line "customers col last_name"
ERROR - 2017-06-27 18:35:18 --> Could not find the language line "customers input last_name"
ERROR - 2017-06-27 18:35:18 --> Severity: Notice --> Undefined index: last_name /home/youmeopc/public_html/demo/elevaweb/application/application/views/admin/customers/list.php 114
ERROR - 2017-06-27 18:35:18 --> Severity: Notice --> Undefined index: last_name /home/youmeopc/public_html/demo/elevaweb/application/application/views/admin/customers/list.php 114
ERROR - 2017-06-27 18:35:18 --> Severity: Notice --> Undefined index: last_name /home/youmeopc/public_html/demo/elevaweb/application/application/views/admin/customers/list.php 114
ERROR - 2017-06-27 18:35:18 --> Severity: Notice --> Undefined index: last_name /home/youmeopc/public_html/demo/elevaweb/application/application/views/admin/customers/list.php 114
ERROR - 2017-06-27 18:35:18 --> Severity: Notice --> Undefined index: last_name /home/youmeopc/public_html/demo/elevaweb/application/application/views/admin/customers/list.php 114
ERROR - 2017-06-27 18:35:18 --> Severity: Notice --> Undefined index: last_name /home/youmeopc/public_html/demo/elevaweb/application/application/views/admin/customers/list.php 114
ERROR - 2017-06-27 18:35:18 --> Severity: Notice --> Undefined index: last_name /home/youmeopc/public_html/demo/elevaweb/application/application/views/admin/customers/list.php 114
ERROR - 2017-06-27 18:35:18 --> Severity: Notice --> Undefined index: last_name /home/youmeopc/public_html/demo/elevaweb/application/application/views/admin/customers/list.php 114
ERROR - 2017-06-27 18:35:18 --> Severity: Notice --> Undefined index: last_name /home/youmeopc/public_html/demo/elevaweb/application/application/views/admin/customers/list.php 114
ERROR - 2017-06-27 18:35:18 --> Severity: Notice --> Undefined index: last_name /home/youmeopc/public_html/demo/elevaweb/application/application/views/admin/customers/list.php 114
ERROR - 2017-06-27 23:05:23 --> 404 Page Not Found: Themes/admin
ERROR - 2017-06-27 18:35:24 --> Could not find the language line "feeds tooltip add_new_feed"
ERROR - 2017-06-27 18:35:24 --> Could not find the language line "feeds input email"
ERROR - 2017-06-27 18:35:24 --> Could not find the language line "feeds input mobile_no"
ERROR - 2017-06-27 18:35:24 --> Could not find the language line "feeds input feed_name"
ERROR - 2017-06-27 18:35:24 --> Could not find the language line "feeds input email"
ERROR - 2017-06-27 18:35:24 --> Could not find the language line "feeds input mobile_no"
ERROR - 2017-06-27 18:35:24 --> Severity: Notice --> Undefined index: email_id /home/youmeopc/public_html/demo/elevaweb/application/application/views/admin/feeds/list.php 78
ERROR - 2017-06-27 18:35:24 --> Severity: Notice --> Undefined index: mobile_no /home/youmeopc/public_html/demo/elevaweb/application/application/views/admin/feeds/list.php 82
ERROR - 2017-06-27 18:35:24 --> Severity: Notice --> Undefined index: email_id /home/youmeopc/public_html/demo/elevaweb/application/application/views/admin/feeds/list.php 78
ERROR - 2017-06-27 18:35:24 --> Severity: Notice --> Undefined index: mobile_no /home/youmeopc/public_html/demo/elevaweb/application/application/views/admin/feeds/list.php 82
ERROR - 2017-06-27 18:35:24 --> Could not find the language line "feeds title feed_delete"
ERROR - 2017-06-27 18:35:24 --> Could not find the language line "feeds msg delete_confirm"
ERROR - 2017-06-27 18:35:24 --> Could not find the language line "feeds title feed_delete"
ERROR - 2017-06-27 18:35:24 --> Could not find the language line "feeds msg delete_confirm"
ERROR - 2017-06-27 18:35:27 --> Could not find the language line "feeds input payment_status"
ERROR - 2017-06-27 18:35:27 --> Severity: Notice --> Undefined variable: paymentlist /home/youmeopc/public_html/demo/elevaweb/application/application/views/admin/feeds/form.php 66
ERROR - 2017-06-27 23:08:12 --> 404 Page Not Found: Themes/admin
ERROR - 2017-06-27 18:38:14 --> Could not find the language line "feeds tooltip add_new_feed"
ERROR - 2017-06-27 18:38:14 --> Could not find the language line "feeds input email"
ERROR - 2017-06-27 18:38:14 --> Could not find the language line "feeds input mobile_no"
ERROR - 2017-06-27 18:38:14 --> Could not find the language line "feeds input feed_name"
ERROR - 2017-06-27 18:38:14 --> Could not find the language line "feeds input email"
ERROR - 2017-06-27 18:38:14 --> Could not find the language line "feeds input mobile_no"
ERROR - 2017-06-27 18:38:14 --> Severity: Notice --> Undefined index: email_id /home/youmeopc/public_html/demo/elevaweb/application/application/views/admin/feeds/list.php 78
ERROR - 2017-06-27 18:38:14 --> Severity: Notice --> Undefined index: mobile_no /home/youmeopc/public_html/demo/elevaweb/application/application/views/admin/feeds/list.php 82
ERROR - 2017-06-27 18:38:14 --> Severity: Notice --> Undefined index: email_id /home/youmeopc/public_html/demo/elevaweb/application/application/views/admin/feeds/list.php 78
ERROR - 2017-06-27 18:38:14 --> Severity: Notice --> Undefined index: mobile_no /home/youmeopc/public_html/demo/elevaweb/application/application/views/admin/feeds/list.php 82
ERROR - 2017-06-27 18:38:14 --> Could not find the language line "feeds title feed_delete"
ERROR - 2017-06-27 18:38:14 --> Could not find the language line "feeds msg delete_confirm"
ERROR - 2017-06-27 18:38:14 --> Could not find the language line "feeds title feed_delete"
ERROR - 2017-06-27 18:38:14 --> Could not find the language line "feeds msg delete_confirm"
ERROR - 2017-06-27 18:38:17 --> Could not find the language line "feeds input payment_status"
ERROR - 2017-06-27 18:38:17 --> Severity: Notice --> Undefined variable: paymentlist /home/youmeopc/public_html/demo/elevaweb/application/application/views/admin/feeds/form.php 66
ERROR - 2017-06-27 18:40:00 --> Could not find the language line "feeds tooltip add_new_feed"
ERROR - 2017-06-27 18:40:00 --> Could not find the language line "feeds input email"
ERROR - 2017-06-27 18:40:00 --> Could not find the language line "feeds input mobile_no"
ERROR - 2017-06-27 18:40:00 --> Could not find the language line "feeds input feed_name"
ERROR - 2017-06-27 18:40:00 --> Could not find the language line "feeds input email"
ERROR - 2017-06-27 18:40:00 --> Could not find the language line "feeds input mobile_no"
ERROR - 2017-06-27 18:40:00 --> Severity: Notice --> Undefined index: email_id /home/youmeopc/public_html/demo/elevaweb/application/application/views/admin/feeds/list.php 78
ERROR - 2017-06-27 18:40:00 --> Severity: Notice --> Undefined index: mobile_no /home/youmeopc/public_html/demo/elevaweb/application/application/views/admin/feeds/list.php 82
ERROR - 2017-06-27 18:40:00 --> Severity: Notice --> Undefined index: email_id /home/youmeopc/public_html/demo/elevaweb/application/application/views/admin/feeds/list.php 78
ERROR - 2017-06-27 18:40:00 --> Severity: Notice --> Undefined index: mobile_no /home/youmeopc/public_html/demo/elevaweb/application/application/views/admin/feeds/list.php 82
ERROR - 2017-06-27 18:40:00 --> Severity: Notice --> Undefined index: email_id /home/youmeopc/public_html/demo/elevaweb/application/application/views/admin/feeds/list.php 78
ERROR - 2017-06-27 18:40:00 --> Severity: Notice --> Undefined index: mobile_no /home/youmeopc/public_html/demo/elevaweb/application/application/views/admin/feeds/list.php 82
ERROR - 2017-06-27 18:40:00 --> Could not find the language line "feeds title feed_delete"
ERROR - 2017-06-27 18:40:00 --> Could not find the language line "feeds msg delete_confirm"
ERROR - 2017-06-27 18:40:00 --> Could not find the language line "feeds title feed_delete"
ERROR - 2017-06-27 18:40:00 --> Could not find the language line "feeds msg delete_confirm"
ERROR - 2017-06-27 18:40:00 --> Could not find the language line "feeds title feed_delete"
ERROR - 2017-06-27 18:40:00 --> Could not find the language line "feeds msg delete_confirm"
ERROR - 2017-06-27 18:41:02 --> Could not find the language line "feeds input payment_status"
ERROR - 2017-06-27 18:41:02 --> Severity: Notice --> Undefined variable: paymentlist /home/youmeopc/public_html/demo/elevaweb/application/application/views/admin/feeds/form.php 66
ERROR - 2017-06-27 18:41:34 --> Could not find the language line "feeds msg edit_feed_success"
ERROR - 2017-06-27 18:41:34 --> Could not find the language line "feeds tooltip add_new_feed"
ERROR - 2017-06-27 18:41:34 --> Could not find the language line "feeds input email"
ERROR - 2017-06-27 18:41:34 --> Could not find the language line "feeds input mobile_no"
ERROR - 2017-06-27 18:41:34 --> Could not find the language line "feeds input feed_name"
ERROR - 2017-06-27 18:41:34 --> Could not find the language line "feeds input email"
ERROR - 2017-06-27 18:41:34 --> Could not find the language line "feeds input mobile_no"
ERROR - 2017-06-27 18:41:34 --> Severity: Notice --> Undefined index: email_id /home/youmeopc/public_html/demo/elevaweb/application/application/views/admin/feeds/list.php 78
ERROR - 2017-06-27 18:41:34 --> Severity: Notice --> Undefined index: mobile_no /home/youmeopc/public_html/demo/elevaweb/application/application/views/admin/feeds/list.php 82
ERROR - 2017-06-27 18:41:34 --> Severity: Notice --> Undefined index: email_id /home/youmeopc/public_html/demo/elevaweb/application/application/views/admin/feeds/list.php 78
ERROR - 2017-06-27 18:41:34 --> Severity: Notice --> Undefined index: mobile_no /home/youmeopc/public_html/demo/elevaweb/application/application/views/admin/feeds/list.php 82
ERROR - 2017-06-27 18:41:34 --> Severity: Notice --> Undefined index: email_id /home/youmeopc/public_html/demo/elevaweb/application/application/views/admin/feeds/list.php 78
ERROR - 2017-06-27 18:41:34 --> Severity: Notice --> Undefined index: mobile_no /home/youmeopc/public_html/demo/elevaweb/application/application/views/admin/feeds/list.php 82
ERROR - 2017-06-27 18:41:34 --> Could not find the language line "feeds title feed_delete"
ERROR - 2017-06-27 18:41:34 --> Could not find the language line "feeds msg delete_confirm"
ERROR - 2017-06-27 18:41:34 --> Could not find the language line "feeds title feed_delete"
ERROR - 2017-06-27 18:41:34 --> Could not find the language line "feeds msg delete_confirm"
ERROR - 2017-06-27 18:41:34 --> Could not find the language line "feeds title feed_delete"
ERROR - 2017-06-27 18:41:34 --> Could not find the language line "feeds msg delete_confirm"
ERROR - 2017-06-27 18:41:37 --> Could not find the language line "feeds input payment_status"
ERROR - 2017-06-27 18:41:37 --> Severity: Notice --> Undefined variable: paymentlist /home/youmeopc/public_html/demo/elevaweb/application/application/views/admin/feeds/form.php 66
ERROR - 2017-06-27 18:41:50 --> Could not find the language line "feeds msg edit_feed_success"
ERROR - 2017-06-27 18:41:51 --> Could not find the language line "feeds tooltip add_new_feed"
ERROR - 2017-06-27 18:41:51 --> Could not find the language line "feeds input email"
ERROR - 2017-06-27 18:41:51 --> Could not find the language line "feeds input mobile_no"
ERROR - 2017-06-27 18:41:51 --> Could not find the language line "feeds input feed_name"
ERROR - 2017-06-27 18:41:51 --> Could not find the language line "feeds input email"
ERROR - 2017-06-27 18:41:51 --> Could not find the language line "feeds input mobile_no"
ERROR - 2017-06-27 18:41:51 --> Severity: Notice --> Undefined index: email_id /home/youmeopc/public_html/demo/elevaweb/application/application/views/admin/feeds/list.php 78
ERROR - 2017-06-27 18:41:51 --> Severity: Notice --> Undefined index: mobile_no /home/youmeopc/public_html/demo/elevaweb/application/application/views/admin/feeds/list.php 82
ERROR - 2017-06-27 18:41:51 --> Severity: Notice --> Undefined index: email_id /home/youmeopc/public_html/demo/elevaweb/application/application/views/admin/feeds/list.php 78
ERROR - 2017-06-27 18:41:51 --> Severity: Notice --> Undefined index: mobile_no /home/youmeopc/public_html/demo/elevaweb/application/application/views/admin/feeds/list.php 82
ERROR - 2017-06-27 18:41:51 --> Severity: Notice --> Undefined index: email_id /home/youmeopc/public_html/demo/elevaweb/application/application/views/admin/feeds/list.php 78
ERROR - 2017-06-27 18:41:51 --> Severity: Notice --> Undefined index: mobile_no /home/youmeopc/public_html/demo/elevaweb/application/application/views/admin/feeds/list.php 82
ERROR - 2017-06-27 18:41:51 --> Could not find the language line "feeds title feed_delete"
ERROR - 2017-06-27 18:41:51 --> Could not find the language line "feeds msg delete_confirm"
ERROR - 2017-06-27 18:41:51 --> Could not find the language line "feeds title feed_delete"
ERROR - 2017-06-27 18:41:51 --> Could not find the language line "feeds msg delete_confirm"
ERROR - 2017-06-27 18:41:51 --> Could not find the language line "feeds title feed_delete"
ERROR - 2017-06-27 18:41:51 --> Could not find the language line "feeds msg delete_confirm"
ERROR - 2017-06-27 18:41:57 --> Could not find the language line "feeds input payment_status"
ERROR - 2017-06-27 18:41:57 --> Severity: Notice --> Undefined variable: paymentlist /home/youmeopc/public_html/demo/elevaweb/application/application/views/admin/feeds/form.php 66
ERROR - 2017-06-27 19:20:13 --> Could not find the language line "feeds msg edit_feed_success"
ERROR - 2017-06-27 19:20:13 --> Could not find the language line "feeds tooltip add_new_feed"
ERROR - 2017-06-27 19:20:13 --> Could not find the language line "feeds input email"
ERROR - 2017-06-27 19:20:13 --> Could not find the language line "feeds input mobile_no"
ERROR - 2017-06-27 19:20:13 --> Could not find the language line "feeds input feed_name"
ERROR - 2017-06-27 19:20:13 --> Could not find the language line "feeds input email"
ERROR - 2017-06-27 19:20:13 --> Could not find the language line "feeds input mobile_no"
ERROR - 2017-06-27 19:20:13 --> Severity: Notice --> Undefined index: email_id /home/youmeopc/public_html/demo/elevaweb/application/application/views/admin/feeds/list.php 78
ERROR - 2017-06-27 19:20:13 --> Severity: Notice --> Undefined index: mobile_no /home/youmeopc/public_html/demo/elevaweb/application/application/views/admin/feeds/list.php 82
ERROR - 2017-06-27 19:20:13 --> Severity: Notice --> Undefined index: email_id /home/youmeopc/public_html/demo/elevaweb/application/application/views/admin/feeds/list.php 78
ERROR - 2017-06-27 19:20:13 --> Severity: Notice --> Undefined index: mobile_no /home/youmeopc/public_html/demo/elevaweb/application/application/views/admin/feeds/list.php 82
ERROR - 2017-06-27 19:20:13 --> Severity: Notice --> Undefined index: email_id /home/youmeopc/public_html/demo/elevaweb/application/application/views/admin/feeds/list.php 78
ERROR - 2017-06-27 19:20:13 --> Severity: Notice --> Undefined index: mobile_no /home/youmeopc/public_html/demo/elevaweb/application/application/views/admin/feeds/list.php 82
ERROR - 2017-06-27 19:20:13 --> Could not find the language line "feeds title feed_delete"
ERROR - 2017-06-27 19:20:13 --> Could not find the language line "feeds msg delete_confirm"
ERROR - 2017-06-27 19:20:13 --> Could not find the language line "feeds title feed_delete"
ERROR - 2017-06-27 19:20:13 --> Could not find the language line "feeds msg delete_confirm"
ERROR - 2017-06-27 19:20:13 --> Could not find the language line "feeds title feed_delete"
ERROR - 2017-06-27 19:20:13 --> Could not find the language line "feeds msg delete_confirm"
ERROR - 2017-06-27 23:46:37 --> Could not find the language line "feeds tooltip add_new_feed"
ERROR - 2017-06-27 23:46:37 --> Could not find the language line "feeds input email"
ERROR - 2017-06-27 23:46:37 --> Could not find the language line "feeds input mobile_no"
ERROR - 2017-06-27 23:46:37 --> Could not find the language line "feeds input feed_name"
ERROR - 2017-06-27 23:46:37 --> Could not find the language line "feeds input email"
ERROR - 2017-06-27 23:46:37 --> Could not find the language line "feeds input mobile_no"
ERROR - 2017-06-27 23:46:37 --> Severity: Notice --> Undefined index: email_id /home/youmeopc/public_html/demo/elevaweb/application/application/views/admin/feeds/list.php 78
ERROR - 2017-06-27 23:46:37 --> Severity: Notice --> Undefined index: mobile_no /home/youmeopc/public_html/demo/elevaweb/application/application/views/admin/feeds/list.php 82
ERROR - 2017-06-27 23:46:37 --> Severity: Notice --> Undefined index: email_id /home/youmeopc/public_html/demo/elevaweb/application/application/views/admin/feeds/list.php 78
ERROR - 2017-06-27 23:46:37 --> Severity: Notice --> Undefined index: mobile_no /home/youmeopc/public_html/demo/elevaweb/application/application/views/admin/feeds/list.php 82
ERROR - 2017-06-27 23:46:37 --> Severity: Notice --> Undefined index: email_id /home/youmeopc/public_html/demo/elevaweb/application/application/views/admin/feeds/list.php 78
ERROR - 2017-06-27 23:46:37 --> Severity: Notice --> Undefined index: mobile_no /home/youmeopc/public_html/demo/elevaweb/application/application/views/admin/feeds/list.php 82
ERROR - 2017-06-27 23:46:37 --> Could not find the language line "feeds title feed_delete"
ERROR - 2017-06-27 23:46:37 --> Could not find the language line "feeds msg delete_confirm"
ERROR - 2017-06-27 23:46:37 --> Could not find the language line "feeds title feed_delete"
ERROR - 2017-06-27 23:46:37 --> Could not find the language line "feeds msg delete_confirm"
ERROR - 2017-06-27 23:46:37 --> Could not find the language line "feeds title feed_delete"
ERROR - 2017-06-27 23:46:37 --> Could not find the language line "feeds msg delete_confirm"
ERROR - 2017-06-27 23:46:45 --> Could not find the language line "feeds input payment_status"
ERROR - 2017-06-27 23:46:45 --> Severity: Notice --> Undefined variable: paymentlist /home/youmeopc/public_html/demo/elevaweb/application/application/views/admin/feeds/form.php 66
ERROR - 2017-06-27 23:47:09 --> Could not find the language line "feeds msg edit_feed_success"
ERROR - 2017-06-27 23:47:09 --> Could not find the language line "feeds tooltip add_new_feed"
ERROR - 2017-06-27 23:47:09 --> Could not find the language line "feeds input email"
ERROR - 2017-06-27 23:47:09 --> Could not find the language line "feeds input mobile_no"
ERROR - 2017-06-27 23:47:09 --> Could not find the language line "feeds input feed_name"
ERROR - 2017-06-27 23:47:09 --> Could not find the language line "feeds input email"
ERROR - 2017-06-27 23:47:09 --> Could not find the language line "feeds input mobile_no"
ERROR - 2017-06-27 23:47:09 --> Severity: Notice --> Undefined index: email_id /home/youmeopc/public_html/demo/elevaweb/application/application/views/admin/feeds/list.php 78
ERROR - 2017-06-27 23:47:09 --> Severity: Notice --> Undefined index: mobile_no /home/youmeopc/public_html/demo/elevaweb/application/application/views/admin/feeds/list.php 82
ERROR - 2017-06-27 23:47:09 --> Severity: Notice --> Undefined index: email_id /home/youmeopc/public_html/demo/elevaweb/application/application/views/admin/feeds/list.php 78
ERROR - 2017-06-27 23:47:09 --> Severity: Notice --> Undefined index: mobile_no /home/youmeopc/public_html/demo/elevaweb/application/application/views/admin/feeds/list.php 82
ERROR - 2017-06-27 23:47:09 --> Severity: Notice --> Undefined index: email_id /home/youmeopc/public_html/demo/elevaweb/application/application/views/admin/feeds/list.php 78
ERROR - 2017-06-27 23:47:09 --> Severity: Notice --> Undefined index: mobile_no /home/youmeopc/public_html/demo/elevaweb/application/application/views/admin/feeds/list.php 82
ERROR - 2017-06-27 23:47:09 --> Could not find the language line "feeds title feed_delete"
ERROR - 2017-06-27 23:47:09 --> Could not find the language line "feeds msg delete_confirm"
ERROR - 2017-06-27 23:47:09 --> Could not find the language line "feeds title feed_delete"
ERROR - 2017-06-27 23:47:09 --> Could not find the language line "feeds msg delete_confirm"
ERROR - 2017-06-27 23:47:09 --> Could not find the language line "feeds title feed_delete"
ERROR - 2017-06-27 23:47:09 --> Could not find the language line "feeds msg delete_confirm"
ERROR - 2017-06-27 23:48:11 --> Could not find the language line "feeds input payment_status"
ERROR - 2017-06-27 23:48:11 --> Severity: Notice --> Undefined variable: paymentlist /home/youmeopc/public_html/demo/elevaweb/application/application/views/admin/feeds/form.php 66
ERROR - 2017-06-27 23:51:27 --> Could not find the language line "feeds tooltip add_new_feed"
ERROR - 2017-06-27 23:51:27 --> Could not find the language line "feeds input email"
ERROR - 2017-06-27 23:51:27 --> Could not find the language line "feeds input mobile_no"
ERROR - 2017-06-27 23:51:27 --> Could not find the language line "feeds input feed_name"
ERROR - 2017-06-27 23:51:27 --> Could not find the language line "feeds input email"
ERROR - 2017-06-27 23:51:27 --> Could not find the language line "feeds input mobile_no"
ERROR - 2017-06-27 23:51:27 --> Severity: Notice --> Undefined index: email_id /home/youmeopc/public_html/demo/elevaweb/application/application/views/admin/feeds/list.php 78
ERROR - 2017-06-27 23:51:27 --> Severity: Notice --> Undefined index: mobile_no /home/youmeopc/public_html/demo/elevaweb/application/application/views/admin/feeds/list.php 82
ERROR - 2017-06-27 23:51:27 --> Severity: Notice --> Undefined index: email_id /home/youmeopc/public_html/demo/elevaweb/application/application/views/admin/feeds/list.php 78
ERROR - 2017-06-27 23:51:27 --> Severity: Notice --> Undefined index: mobile_no /home/youmeopc/public_html/demo/elevaweb/application/application/views/admin/feeds/list.php 82
ERROR - 2017-06-27 23:51:27 --> Severity: Notice --> Undefined index: email_id /home/youmeopc/public_html/demo/elevaweb/application/application/views/admin/feeds/list.php 78
ERROR - 2017-06-27 23:51:27 --> Severity: Notice --> Undefined index: mobile_no /home/youmeopc/public_html/demo/elevaweb/application/application/views/admin/feeds/list.php 82
ERROR - 2017-06-27 23:51:27 --> Severity: Notice --> Undefined index: email_id /home/youmeopc/public_html/demo/elevaweb/application/application/views/admin/feeds/list.php 78
ERROR - 2017-06-27 23:51:27 --> Severity: Notice --> Undefined index: mobile_no /home/youmeopc/public_html/demo/elevaweb/application/application/views/admin/feeds/list.php 82
ERROR - 2017-06-27 23:51:27 --> Could not find the language line "feeds title feed_delete"
ERROR - 2017-06-27 23:51:27 --> Could not find the language line "feeds msg delete_confirm"
ERROR - 2017-06-27 23:51:27 --> Could not find the language line "feeds title feed_delete"
ERROR - 2017-06-27 23:51:27 --> Could not find the language line "feeds msg delete_confirm"
ERROR - 2017-06-27 23:51:27 --> Could not find the language line "feeds title feed_delete"
ERROR - 2017-06-27 23:51:27 --> Could not find the language line "feeds msg delete_confirm"
ERROR - 2017-06-27 23:51:27 --> Could not find the language line "feeds title feed_delete"
ERROR - 2017-06-27 23:51:27 --> Could not find the language line "feeds msg delete_confirm"
ERROR - 2017-06-27 23:51:53 --> Query error: Unknown column 'updated_by' in 'field list' - Invalid query: UPDATE `feeds` SET `is_active` = 0, `deleted` = 1, `updated_by` = NULL, `updated_on` = '2017-06-27 23:51:53'
WHERE `feed_id` > 1
AND `feed_id` = '4'
ERROR - 2017-06-27 23:52:01 --> Could not find the language line "feeds tooltip add_new_feed"
ERROR - 2017-06-27 23:52:01 --> Could not find the language line "feeds input email"
ERROR - 2017-06-27 23:52:01 --> Could not find the language line "feeds input mobile_no"
ERROR - 2017-06-27 23:52:01 --> Could not find the language line "feeds input feed_name"
ERROR - 2017-06-27 23:52:01 --> Could not find the language line "feeds input email"
ERROR - 2017-06-27 23:52:01 --> Could not find the language line "feeds input mobile_no"
ERROR - 2017-06-27 23:52:01 --> Severity: Notice --> Undefined index: email_id /home/youmeopc/public_html/demo/elevaweb/application/application/views/admin/feeds/list.php 78
ERROR - 2017-06-27 23:52:01 --> Severity: Notice --> Undefined index: mobile_no /home/youmeopc/public_html/demo/elevaweb/application/application/views/admin/feeds/list.php 82
ERROR - 2017-06-27 23:52:01 --> Severity: Notice --> Undefined index: email_id /home/youmeopc/public_html/demo/elevaweb/application/application/views/admin/feeds/list.php 78
ERROR - 2017-06-27 23:52:01 --> Severity: Notice --> Undefined index: mobile_no /home/youmeopc/public_html/demo/elevaweb/application/application/views/admin/feeds/list.php 82
ERROR - 2017-06-27 23:52:01 --> Severity: Notice --> Undefined index: email_id /home/youmeopc/public_html/demo/elevaweb/application/application/views/admin/feeds/list.php 78
ERROR - 2017-06-27 23:52:01 --> Severity: Notice --> Undefined index: mobile_no /home/youmeopc/public_html/demo/elevaweb/application/application/views/admin/feeds/list.php 82
ERROR - 2017-06-27 23:52:01 --> Severity: Notice --> Undefined index: email_id /home/youmeopc/public_html/demo/elevaweb/application/application/views/admin/feeds/list.php 78
ERROR - 2017-06-27 23:52:01 --> Severity: Notice --> Undefined index: mobile_no /home/youmeopc/public_html/demo/elevaweb/application/application/views/admin/feeds/list.php 82
ERROR - 2017-06-27 23:52:01 --> Could not find the language line "feeds title feed_delete"
ERROR - 2017-06-27 23:52:01 --> Could not find the language line "feeds msg delete_confirm"
ERROR - 2017-06-27 23:52:01 --> Could not find the language line "feeds title feed_delete"
ERROR - 2017-06-27 23:52:01 --> Could not find the language line "feeds msg delete_confirm"
ERROR - 2017-06-27 23:52:01 --> Could not find the language line "feeds title feed_delete"
ERROR - 2017-06-27 23:52:01 --> Could not find the language line "feeds msg delete_confirm"
ERROR - 2017-06-27 23:52:01 --> Could not find the language line "feeds title feed_delete"
ERROR - 2017-06-27 23:52:01 --> Could not find the language line "feeds msg delete_confirm"
ERROR - 2017-06-27 23:52:12 --> Query error: Unknown column 'updated_by' in 'field list' - Invalid query: UPDATE `feeds` SET `is_active` = 0, `deleted` = 1, `updated_by` = NULL, `updated_on` = '2017-06-27 23:52:12'
WHERE `feed_id` > 1
AND `feed_id` = '4'
ERROR - 2017-06-27 23:52:14 --> Could not find the language line "feeds tooltip add_new_feed"
ERROR - 2017-06-27 23:52:14 --> Could not find the language line "feeds input email"
ERROR - 2017-06-27 23:52:14 --> Could not find the language line "feeds input mobile_no"
ERROR - 2017-06-27 23:52:14 --> Could not find the language line "feeds input feed_name"
ERROR - 2017-06-27 23:52:14 --> Could not find the language line "feeds input email"
ERROR - 2017-06-27 23:52:14 --> Could not find the language line "feeds input mobile_no"
ERROR - 2017-06-27 23:52:14 --> Severity: Notice --> Undefined index: email_id /home/youmeopc/public_html/demo/elevaweb/application/application/views/admin/feeds/list.php 78
ERROR - 2017-06-27 23:52:14 --> Severity: Notice --> Undefined index: mobile_no /home/youmeopc/public_html/demo/elevaweb/application/application/views/admin/feeds/list.php 82
ERROR - 2017-06-27 23:52:14 --> Severity: Notice --> Undefined index: email_id /home/youmeopc/public_html/demo/elevaweb/application/application/views/admin/feeds/list.php 78
ERROR - 2017-06-27 23:52:14 --> Severity: Notice --> Undefined index: mobile_no /home/youmeopc/public_html/demo/elevaweb/application/application/views/admin/feeds/list.php 82
ERROR - 2017-06-27 23:52:14 --> Severity: Notice --> Undefined index: email_id /home/youmeopc/public_html/demo/elevaweb/application/application/views/admin/feeds/list.php 78
ERROR - 2017-06-27 23:52:14 --> Severity: Notice --> Undefined index: mobile_no /home/youmeopc/public_html/demo/elevaweb/application/application/views/admin/feeds/list.php 82
ERROR - 2017-06-27 23:52:14 --> Severity: Notice --> Undefined index: email_id /home/youmeopc/public_html/demo/elevaweb/application/application/views/admin/feeds/list.php 78
ERROR - 2017-06-27 23:52:14 --> Severity: Notice --> Undefined index: mobile_no /home/youmeopc/public_html/demo/elevaweb/application/application/views/admin/feeds/list.php 82
ERROR - 2017-06-27 23:52:14 --> Could not find the language line "feeds title feed_delete"
ERROR - 2017-06-27 23:52:14 --> Could not find the language line "feeds msg delete_confirm"
ERROR - 2017-06-27 23:52:14 --> Could not find the language line "feeds title feed_delete"
ERROR - 2017-06-27 23:52:14 --> Could not find the language line "feeds msg delete_confirm"
ERROR - 2017-06-27 23:52:14 --> Could not find the language line "feeds title feed_delete"
ERROR - 2017-06-27 23:52:14 --> Could not find the language line "feeds msg delete_confirm"
ERROR - 2017-06-27 23:52:14 --> Could not find the language line "feeds title feed_delete"
ERROR - 2017-06-27 23:52:14 --> Could not find the language line "feeds msg delete_confirm"
