ERROR - 2017-06-17 01:26:49 --> 404 Page Not Found: Themes/admin
ERROR - 2017-06-17 01:54:07 --> 404 Page Not Found: Themes/admin
ERROR - 2017-06-17 13:00:05 --> 404 Page Not Found: Themes/admin
ERROR - 2017-06-17 08:31:07 --> Could not find the language line "feeds tooltip add_new_feed"
ERROR - 2017-06-17 08:31:07 --> Could not find the language line "feeds input email"
ERROR - 2017-06-17 08:31:07 --> Could not find the language line "feeds input mobile_no"
ERROR - 2017-06-17 08:31:07 --> Could not find the language line "feeds input feed_name"
ERROR - 2017-06-17 08:31:07 --> Could not find the language line "feeds input email"
ERROR - 2017-06-17 08:31:07 --> Could not find the language line "feeds input mobile_no"
ERROR - 2017-06-17 08:31:07 --> Severity: Notice --> Undefined index: email_id /home/youmeopc/public_html/demo/elevaweb/application/application/views/admin/feeds/list.php 78
ERROR - 2017-06-17 08:31:07 --> Severity: Notice --> Undefined index: mobile_no /home/youmeopc/public_html/demo/elevaweb/application/application/views/admin/feeds/list.php 82
ERROR - 2017-06-17 08:31:07 --> Severity: Notice --> Undefined index: email_id /home/youmeopc/public_html/demo/elevaweb/application/application/views/admin/feeds/list.php 78
ERROR - 2017-06-17 08:31:07 --> Severity: Notice --> Undefined index: mobile_no /home/youmeopc/public_html/demo/elevaweb/application/application/views/admin/feeds/list.php 82
ERROR - 2017-06-17 08:31:07 --> Could not find the language line "feeds title feed_delete"
ERROR - 2017-06-17 08:31:07 --> Could not find the language line "feeds msg delete_confirm"
ERROR - 2017-06-17 08:31:07 --> Could not find the language line "feeds title feed_delete"
ERROR - 2017-06-17 08:31:07 --> Could not find the language line "feeds msg delete_confirm"
ERROR - 2017-06-17 08:31:09 --> Could not find the language line "feeds input payment_status"
ERROR - 2017-06-17 08:31:09 --> Severity: Notice --> Undefined variable: paymentlist /home/youmeopc/public_html/demo/elevaweb/application/application/views/admin/feeds/form.php 66
ERROR - 2017-06-17 08:31:13 --> Could not find the language line "feeds tooltip add_new_feed"
ERROR - 2017-06-17 08:31:13 --> Could not find the language line "feeds input email"
ERROR - 2017-06-17 08:31:13 --> Could not find the language line "feeds input mobile_no"
ERROR - 2017-06-17 08:31:13 --> Could not find the language line "feeds input feed_name"
ERROR - 2017-06-17 08:31:13 --> Could not find the language line "feeds input email"
ERROR - 2017-06-17 08:31:13 --> Could not find the language line "feeds input mobile_no"
ERROR - 2017-06-17 08:31:13 --> Severity: Notice --> Undefined index: email_id /home/youmeopc/public_html/demo/elevaweb/application/application/views/admin/feeds/list.php 78
ERROR - 2017-06-17 08:31:13 --> Severity: Notice --> Undefined index: mobile_no /home/youmeopc/public_html/demo/elevaweb/application/application/views/admin/feeds/list.php 82
ERROR - 2017-06-17 08:31:13 --> Severity: Notice --> Undefined index: email_id /home/youmeopc/public_html/demo/elevaweb/application/application/views/admin/feeds/list.php 78
ERROR - 2017-06-17 08:31:13 --> Severity: Notice --> Undefined index: mobile_no /home/youmeopc/public_html/demo/elevaweb/application/application/views/admin/feeds/list.php 82
ERROR - 2017-06-17 08:31:13 --> Could not find the language line "feeds title feed_delete"
ERROR - 2017-06-17 08:31:13 --> Could not find the language line "feeds msg delete_confirm"
ERROR - 2017-06-17 08:31:13 --> Could not find the language line "feeds title feed_delete"
ERROR - 2017-06-17 08:31:13 --> Could not find the language line "feeds msg delete_confirm"
ERROR - 2017-06-17 08:31:17 --> Could not find the language line "feeds input payment_status"
ERROR - 2017-06-17 08:31:17 --> Severity: Notice --> Undefined variable: paymentlist /home/youmeopc/public_html/demo/elevaweb/application/application/views/admin/feeds/form.php 66
ERROR - 2017-06-17 08:32:06 --> Could not find the language line "feeds msg edit_feed_success"
ERROR - 2017-06-17 08:32:06 --> Could not find the language line "feeds tooltip add_new_feed"
ERROR - 2017-06-17 08:32:06 --> Could not find the language line "feeds input email"
ERROR - 2017-06-17 08:32:06 --> Could not find the language line "feeds input mobile_no"
ERROR - 2017-06-17 08:32:06 --> Could not find the language line "feeds input feed_name"
ERROR - 2017-06-17 08:32:06 --> Could not find the language line "feeds input email"
ERROR - 2017-06-17 08:32:06 --> Could not find the language line "feeds input mobile_no"
ERROR - 2017-06-17 08:32:06 --> Severity: Notice --> Undefined index: email_id /home/youmeopc/public_html/demo/elevaweb/application/application/views/admin/feeds/list.php 78
ERROR - 2017-06-17 08:32:06 --> Severity: Notice --> Undefined index: mobile_no /home/youmeopc/public_html/demo/elevaweb/application/application/views/admin/feeds/list.php 82
ERROR - 2017-06-17 08:32:06 --> Severity: Notice --> Undefined index: email_id /home/youmeopc/public_html/demo/elevaweb/application/application/views/admin/feeds/list.php 78
ERROR - 2017-06-17 08:32:06 --> Severity: Notice --> Undefined index: mobile_no /home/youmeopc/public_html/demo/elevaweb/application/application/views/admin/feeds/list.php 82
ERROR - 2017-06-17 08:32:06 --> Could not find the language line "feeds title feed_delete"
ERROR - 2017-06-17 08:32:06 --> Could not find the language line "feeds msg delete_confirm"
ERROR - 2017-06-17 08:32:06 --> Could not find the language line "feeds title feed_delete"
ERROR - 2017-06-17 08:32:06 --> Could not find the language line "feeds msg delete_confirm"
ERROR - 2017-06-17 08:32:13 --> Could not find the language line "feeds input payment_status"
ERROR - 2017-06-17 08:32:13 --> Severity: Notice --> Undefined variable: paymentlist /home/youmeopc/public_html/demo/elevaweb/application/application/views/admin/feeds/form.php 66
ERROR - 2017-06-17 08:37:12 --> Could not find the language line "feeds msg edit_feed_success"
ERROR - 2017-06-17 08:37:13 --> Could not find the language line "feeds tooltip add_new_feed"
ERROR - 2017-06-17 08:37:13 --> Could not find the language line "feeds input email"
ERROR - 2017-06-17 08:37:13 --> Could not find the language line "feeds input mobile_no"
ERROR - 2017-06-17 08:37:13 --> Could not find the language line "feeds input feed_name"
ERROR - 2017-06-17 08:37:13 --> Could not find the language line "feeds input email"
ERROR - 2017-06-17 08:37:13 --> Could not find the language line "feeds input mobile_no"
ERROR - 2017-06-17 08:37:13 --> Severity: Notice --> Undefined index: email_id /home/youmeopc/public_html/demo/elevaweb/application/application/views/admin/feeds/list.php 78
ERROR - 2017-06-17 08:37:13 --> Severity: Notice --> Undefined index: mobile_no /home/youmeopc/public_html/demo/elevaweb/application/application/views/admin/feeds/list.php 82
ERROR - 2017-06-17 08:37:13 --> Severity: Notice --> Undefined index: email_id /home/youmeopc/public_html/demo/elevaweb/application/application/views/admin/feeds/list.php 78
ERROR - 2017-06-17 08:37:13 --> Severity: Notice --> Undefined index: mobile_no /home/youmeopc/public_html/demo/elevaweb/application/application/views/admin/feeds/list.php 82
ERROR - 2017-06-17 08:37:13 --> Could not find the language line "feeds title feed_delete"
ERROR - 2017-06-17 08:37:13 --> Could not find the language line "feeds msg delete_confirm"
ERROR - 2017-06-17 08:37:13 --> Could not find the language line "feeds title feed_delete"
ERROR - 2017-06-17 08:37:13 --> Could not find the language line "feeds msg delete_confirm"
ERROR - 2017-06-17 08:37:48 --> Could not find the language line "feeds input payment_status"
ERROR - 2017-06-17 08:37:48 --> Severity: Notice --> Undefined variable: paymentlist /home/youmeopc/public_html/demo/elevaweb/application/application/views/admin/feeds/form.php 66
ERROR - 2017-06-17 08:39:25 --> Could not find the language line "feeds msg edit_feed_success"
ERROR - 2017-06-17 08:39:26 --> Could not find the language line "feeds tooltip add_new_feed"
ERROR - 2017-06-17 08:39:26 --> Could not find the language line "feeds input email"
ERROR - 2017-06-17 08:39:26 --> Could not find the language line "feeds input mobile_no"
ERROR - 2017-06-17 08:39:26 --> Could not find the language line "feeds input feed_name"
ERROR - 2017-06-17 08:39:26 --> Could not find the language line "feeds input email"
ERROR - 2017-06-17 08:39:26 --> Could not find the language line "feeds input mobile_no"
ERROR - 2017-06-17 08:39:26 --> Severity: Notice --> Undefined index: email_id /home/youmeopc/public_html/demo/elevaweb/application/application/views/admin/feeds/list.php 78
ERROR - 2017-06-17 08:39:26 --> Severity: Notice --> Undefined index: mobile_no /home/youmeopc/public_html/demo/elevaweb/application/application/views/admin/feeds/list.php 82
ERROR - 2017-06-17 08:39:26 --> Severity: Notice --> Undefined index: email_id /home/youmeopc/public_html/demo/elevaweb/application/application/views/admin/feeds/list.php 78
ERROR - 2017-06-17 08:39:26 --> Severity: Notice --> Undefined index: mobile_no /home/youmeopc/public_html/demo/elevaweb/application/application/views/admin/feeds/list.php 82
ERROR - 2017-06-17 08:39:26 --> Could not find the language line "feeds title feed_delete"
ERROR - 2017-06-17 08:39:26 --> Could not find the language line "feeds msg delete_confirm"
ERROR - 2017-06-17 08:39:26 --> Could not find the language line "feeds title feed_delete"
ERROR - 2017-06-17 08:39:26 --> Could not find the language line "feeds msg delete_confirm"
ERROR - 2017-06-17 08:39:29 --> Could not find the language line "feeds input payment_status"
ERROR - 2017-06-17 08:39:29 --> Severity: Notice --> Undefined variable: paymentlist /home/youmeopc/public_html/demo/elevaweb/application/application/views/admin/feeds/form.php 66
ERROR - 2017-06-17 08:40:25 --> Could not find the language line "feeds msg edit_feed_success"
ERROR - 2017-06-17 08:40:25 --> Could not find the language line "feeds tooltip add_new_feed"
ERROR - 2017-06-17 08:40:25 --> Could not find the language line "feeds input email"
ERROR - 2017-06-17 08:40:25 --> Could not find the language line "feeds input mobile_no"
ERROR - 2017-06-17 08:40:25 --> Could not find the language line "feeds input feed_name"
ERROR - 2017-06-17 08:40:25 --> Could not find the language line "feeds input email"
ERROR - 2017-06-17 08:40:25 --> Could not find the language line "feeds input mobile_no"
ERROR - 2017-06-17 08:40:25 --> Severity: Notice --> Undefined index: email_id /home/youmeopc/public_html/demo/elevaweb/application/application/views/admin/feeds/list.php 78
ERROR - 2017-06-17 08:40:25 --> Severity: Notice --> Undefined index: mobile_no /home/youmeopc/public_html/demo/elevaweb/application/application/views/admin/feeds/list.php 82
ERROR - 2017-06-17 08:40:25 --> Severity: Notice --> Undefined index: email_id /home/youmeopc/public_html/demo/elevaweb/application/application/views/admin/feeds/list.php 78
ERROR - 2017-06-17 08:40:25 --> Severity: Notice --> Undefined index: mobile_no /home/youmeopc/public_html/demo/elevaweb/application/application/views/admin/feeds/list.php 82
ERROR - 2017-06-17 08:40:25 --> Could not find the language line "feeds title feed_delete"
ERROR - 2017-06-17 08:40:25 --> Could not find the language line "feeds msg delete_confirm"
ERROR - 2017-06-17 08:40:25 --> Could not find the language line "feeds title feed_delete"
ERROR - 2017-06-17 08:40:25 --> Could not find the language line "feeds msg delete_confirm"
ERROR - 2017-06-17 08:40:29 --> Could not find the language line "feeds input payment_status"
ERROR - 2017-06-17 08:40:29 --> Severity: Notice --> Undefined variable: paymentlist /home/youmeopc/public_html/demo/elevaweb/application/application/views/admin/feeds/form.php 66
ERROR - 2017-06-17 08:52:44 --> Could not find the language line "feeds msg edit_feed_success"
ERROR - 2017-06-17 08:52:44 --> Could not find the language line "feeds tooltip add_new_feed"
ERROR - 2017-06-17 08:52:44 --> Could not find the language line "feeds input email"
ERROR - 2017-06-17 08:52:44 --> Could not find the language line "feeds input mobile_no"
ERROR - 2017-06-17 08:52:44 --> Could not find the language line "feeds input feed_name"
ERROR - 2017-06-17 08:52:44 --> Could not find the language line "feeds input email"
ERROR - 2017-06-17 08:52:44 --> Could not find the language line "feeds input mobile_no"
ERROR - 2017-06-17 08:52:44 --> Severity: Notice --> Undefined index: email_id /home/youmeopc/public_html/demo/elevaweb/application/application/views/admin/feeds/list.php 78
ERROR - 2017-06-17 08:52:44 --> Severity: Notice --> Undefined index: mobile_no /home/youmeopc/public_html/demo/elevaweb/application/application/views/admin/feeds/list.php 82
ERROR - 2017-06-17 08:52:44 --> Severity: Notice --> Undefined index: email_id /home/youmeopc/public_html/demo/elevaweb/application/application/views/admin/feeds/list.php 78
ERROR - 2017-06-17 08:52:44 --> Severity: Notice --> Undefined index: mobile_no /home/youmeopc/public_html/demo/elevaweb/application/application/views/admin/feeds/list.php 82
ERROR - 2017-06-17 08:52:44 --> Could not find the language line "feeds title feed_delete"
ERROR - 2017-06-17 08:52:44 --> Could not find the language line "feeds msg delete_confirm"
ERROR - 2017-06-17 08:52:44 --> Could not find the language line "feeds title feed_delete"
ERROR - 2017-06-17 08:52:44 --> Could not find the language line "feeds msg delete_confirm"
ERROR - 2017-06-17 08:53:29 --> Could not find the language line "feeds input payment_status"
ERROR - 2017-06-17 08:53:29 --> Severity: Notice --> Undefined variable: paymentlist /home/youmeopc/public_html/demo/elevaweb/application/application/views/admin/feeds/form.php 66
