ERROR - 2017-07-25 12:09:12 --> 404 Page Not Found: Themes/admin
ERROR - 2017-07-25 07:39:17 --> Could not find the language line "customers col last_name"
ERROR - 2017-07-25 07:39:17 --> Could not find the language line "customers input last_name"
ERROR - 2017-07-25 07:39:17 --> Severity: Notice --> Undefined index: last_name /home/aneroidtech29543/public_html/addanyproject.com/weleva/application/application/views/admin/customers/list.php 114
ERROR - 2017-07-25 07:39:17 --> Severity: Notice --> Undefined index: last_name /home/aneroidtech29543/public_html/addanyproject.com/weleva/application/application/views/admin/customers/list.php 114
ERROR - 2017-07-25 07:39:17 --> Severity: Notice --> Undefined index: last_name /home/aneroidtech29543/public_html/addanyproject.com/weleva/application/application/views/admin/customers/list.php 114
ERROR - 2017-07-25 07:39:17 --> Severity: Notice --> Undefined index: last_name /home/aneroidtech29543/public_html/addanyproject.com/weleva/application/application/views/admin/customers/list.php 114
ERROR - 2017-07-25 07:39:17 --> Severity: Notice --> Undefined index: last_name /home/aneroidtech29543/public_html/addanyproject.com/weleva/application/application/views/admin/customers/list.php 114
ERROR - 2017-07-25 07:39:17 --> Severity: Notice --> Undefined index: last_name /home/aneroidtech29543/public_html/addanyproject.com/weleva/application/application/views/admin/customers/list.php 114
ERROR - 2017-07-25 07:39:17 --> Severity: Notice --> Undefined index: last_name /home/aneroidtech29543/public_html/addanyproject.com/weleva/application/application/views/admin/customers/list.php 114
ERROR - 2017-07-25 07:39:17 --> Severity: Notice --> Undefined index: last_name /home/aneroidtech29543/public_html/addanyproject.com/weleva/application/application/views/admin/customers/list.php 114
ERROR - 2017-07-25 07:39:17 --> Severity: Notice --> Undefined index: last_name /home/aneroidtech29543/public_html/addanyproject.com/weleva/application/application/views/admin/customers/list.php 114
ERROR - 2017-07-25 07:39:17 --> Severity: Notice --> Undefined index: last_name /home/aneroidtech29543/public_html/addanyproject.com/weleva/application/application/views/admin/customers/list.php 114
ERROR - 2017-07-25 07:39:25 --> Could not find the language line "customers input last_name"
ERROR - 2017-07-25 07:44:34 --> Could not find the language line "customers col last_name"
ERROR - 2017-07-25 07:44:40 --> Could not find the language line "customers input last_name"
ERROR - 2017-07-25 07:44:40 --> Severity: Notice --> Undefined index: last_name /home/aneroidtech29543/public_html/addanyproject.com/weleva/application/application/views/admin/customers/list.php 114
ERROR - 2017-07-25 07:44:40 --> Severity: Notice --> Undefined index: last_name /home/aneroidtech29543/public_html/addanyproject.com/weleva/application/application/views/admin/customers/list.php 114
ERROR - 2017-07-25 07:44:40 --> Severity: Notice --> Undefined index: last_name /home/aneroidtech29543/public_html/addanyproject.com/weleva/application/application/views/admin/customers/list.php 114
ERROR - 2017-07-25 07:44:40 --> Severity: Notice --> Undefined index: last_name /home/aneroidtech29543/public_html/addanyproject.com/weleva/application/application/views/admin/customers/list.php 114
ERROR - 2017-07-25 07:44:40 --> Severity: Notice --> Undefined index: last_name /home/aneroidtech29543/public_html/addanyproject.com/weleva/application/application/views/admin/customers/list.php 114
ERROR - 2017-07-25 07:44:40 --> Severity: Notice --> Undefined index: last_name /home/aneroidtech29543/public_html/addanyproject.com/weleva/application/application/views/admin/customers/list.php 114
ERROR - 2017-07-25 07:44:40 --> Severity: Notice --> Undefined index: last_name /home/aneroidtech29543/public_html/addanyproject.com/weleva/application/application/views/admin/customers/list.php 114
ERROR - 2017-07-25 07:44:40 --> Severity: Notice --> Undefined index: last_name /home/aneroidtech29543/public_html/addanyproject.com/weleva/application/application/views/admin/customers/list.php 114
ERROR - 2017-07-25 07:44:40 --> Severity: Notice --> Undefined index: last_name /home/aneroidtech29543/public_html/addanyproject.com/weleva/application/application/views/admin/customers/list.php 114
ERROR - 2017-07-25 07:44:40 --> Severity: Notice --> Undefined index: last_name /home/aneroidtech29543/public_html/addanyproject.com/weleva/application/application/views/admin/customers/list.php 114
ERROR - 2017-07-25 07:44:56 --> Could not find the language line "customers col last_name"
ERROR - 2017-07-25 07:44:56 --> Could not find the language line "customers input last_name"
ERROR - 2017-07-25 07:44:56 --> Severity: Notice --> Undefined index: last_name /home/aneroidtech29543/public_html/addanyproject.com/weleva/application/application/views/admin/customers/list.php 114
ERROR - 2017-07-25 07:44:58 --> Could not find the language line "customers input last_name"
ERROR - 2017-07-25 07:45:01 --> Could not find the language line "customers col last_name"
ERROR - 2017-07-25 07:45:01 --> Could not find the language line "customers input last_name"
ERROR - 2017-07-25 07:45:01 --> Severity: Notice --> Undefined index: last_name /home/aneroidtech29543/public_html/addanyproject.com/weleva/application/application/views/admin/customers/list.php 114
ERROR - 2017-07-25 08:15:16 --> Could not find the language line "form_validation__check_login"
ERROR - 2017-07-25 08:15:16 --> Could not find the language line "form_validation__check_login"
ERROR - 2017-07-25 08:15:33 --> Could not find the language line "customers input last_name"
ERROR - 2017-07-25 08:15:37 --> Could not find the language line "customers col last_name"
ERROR - 2017-07-25 08:15:37 --> Could not find the language line "customers input last_name"
ERROR - 2017-07-25 08:15:37 --> Severity: Notice --> Undefined index: last_name /home/aneroidtech29543/public_html/addanyproject.com/weleva/application/application/views/admin/customers/list.php 114
ERROR - 2017-07-25 08:27:06 --> Could not find the language line "customers col last_name"
ERROR - 2017-07-25 08:27:06 --> Could not find the language line "customers input last_name"
ERROR - 2017-07-25 08:27:06 --> Severity: Notice --> Undefined index: last_name /home/aneroidtech29543/public_html/addanyproject.com/weleva/application/application/views/admin/customers/list.php 114
ERROR - 2017-07-25 08:27:06 --> Severity: Notice --> Undefined index: last_name /home/aneroidtech29543/public_html/addanyproject.com/weleva/application/application/views/admin/customers/list.php 114
ERROR - 2017-07-25 08:27:06 --> Severity: Notice --> Undefined index: last_name /home/aneroidtech29543/public_html/addanyproject.com/weleva/application/application/views/admin/customers/list.php 114
ERROR - 2017-07-25 08:27:06 --> Severity: Notice --> Undefined index: last_name /home/aneroidtech29543/public_html/addanyproject.com/weleva/application/application/views/admin/customers/list.php 114
ERROR - 2017-07-25 08:27:06 --> Severity: Notice --> Undefined index: last_name /home/aneroidtech29543/public_html/addanyproject.com/weleva/application/application/views/admin/customers/list.php 114
ERROR - 2017-07-25 08:27:06 --> Severity: Notice --> Undefined index: last_name /home/aneroidtech29543/public_html/addanyproject.com/weleva/application/application/views/admin/customers/list.php 114
ERROR - 2017-07-25 08:27:06 --> Severity: Notice --> Undefined index: last_name /home/aneroidtech29543/public_html/addanyproject.com/weleva/application/application/views/admin/customers/list.php 114
ERROR - 2017-07-25 08:27:06 --> Severity: Notice --> Undefined index: last_name /home/aneroidtech29543/public_html/addanyproject.com/weleva/application/application/views/admin/customers/list.php 114
ERROR - 2017-07-25 08:27:06 --> Severity: Notice --> Undefined index: last_name /home/aneroidtech29543/public_html/addanyproject.com/weleva/application/application/views/admin/customers/list.php 114
ERROR - 2017-07-25 08:27:06 --> Severity: Notice --> Undefined index: last_name /home/aneroidtech29543/public_html/addanyproject.com/weleva/application/application/views/admin/customers/list.php 114
ERROR - 2017-07-25 14:19:23 --> 404 Page Not Found: Themes/admin
ERROR - 2017-07-25 09:49:26 --> Could not find the language line "customers col last_name"
ERROR - 2017-07-25 09:49:26 --> Could not find the language line "customers input last_name"
ERROR - 2017-07-25 09:49:26 --> Severity: Notice --> Undefined index: last_name /home/aneroidtech29543/public_html/addanyproject.com/weleva/application/application/views/admin/customers/list.php 114
ERROR - 2017-07-25 09:49:26 --> Severity: Notice --> Undefined index: last_name /home/aneroidtech29543/public_html/addanyproject.com/weleva/application/application/views/admin/customers/list.php 114
ERROR - 2017-07-25 09:49:26 --> Severity: Notice --> Undefined index: last_name /home/aneroidtech29543/public_html/addanyproject.com/weleva/application/application/views/admin/customers/list.php 114
ERROR - 2017-07-25 09:49:26 --> Severity: Notice --> Undefined index: last_name /home/aneroidtech29543/public_html/addanyproject.com/weleva/application/application/views/admin/customers/list.php 114
ERROR - 2017-07-25 09:49:26 --> Severity: Notice --> Undefined index: last_name /home/aneroidtech29543/public_html/addanyproject.com/weleva/application/application/views/admin/customers/list.php 114
ERROR - 2017-07-25 09:49:26 --> Severity: Notice --> Undefined index: last_name /home/aneroidtech29543/public_html/addanyproject.com/weleva/application/application/views/admin/customers/list.php 114
ERROR - 2017-07-25 09:49:26 --> Severity: Notice --> Undefined index: last_name /home/aneroidtech29543/public_html/addanyproject.com/weleva/application/application/views/admin/customers/list.php 114
ERROR - 2017-07-25 09:49:26 --> Severity: Notice --> Undefined index: last_name /home/aneroidtech29543/public_html/addanyproject.com/weleva/application/application/views/admin/customers/list.php 114
ERROR - 2017-07-25 09:49:26 --> Severity: Notice --> Undefined index: last_name /home/aneroidtech29543/public_html/addanyproject.com/weleva/application/application/views/admin/customers/list.php 114
ERROR - 2017-07-25 09:49:26 --> Severity: Notice --> Undefined index: last_name /home/aneroidtech29543/public_html/addanyproject.com/weleva/application/application/views/admin/customers/list.php 114
ERROR - 2017-07-25 16:02:38 --> 404 Page Not Found: Themes/admin
ERROR - 2017-07-25 14:02:18 --> Severity: Notice --> Undefined offset: 1 /home/aneroidtech29543/public_html/addanyproject.com/weleva/application/application/models/Customers_model.php 153
ERROR - 2017-07-25 14:02:18 --> Severity: Notice --> Undefined offset: 1 /home/aneroidtech29543/public_html/addanyproject.com/weleva/application/application/models/Customers_model.php 154
ERROR - 2017-07-25 14:02:18 --> Severity: Warning --> Illegal string offset 'full_name' /home/aneroidtech29543/public_html/addanyproject.com/weleva/application/application/models/Customers_model.php 167
ERROR - 2017-07-25 14:02:18 --> Severity: Notice --> Uninitialized string offset: 0 /home/aneroidtech29543/public_html/addanyproject.com/weleva/application/application/models/Customers_model.php 167
ERROR - 2017-07-25 14:02:18 --> Severity: Warning --> Illegal string offset 'email_id' /home/aneroidtech29543/public_html/addanyproject.com/weleva/application/application/models/Customers_model.php 169
ERROR - 2017-07-25 14:02:18 --> Severity: Notice --> Uninitialized string offset: 0 /home/aneroidtech29543/public_html/addanyproject.com/weleva/application/application/models/Customers_model.php 169
ERROR - 2017-07-25 14:02:18 --> Severity: Warning --> Illegal string offset 'mobile_no' /home/aneroidtech29543/public_html/addanyproject.com/weleva/application/application/models/Customers_model.php 170
ERROR - 2017-07-25 14:02:18 --> Severity: Notice --> Uninitialized string offset: 0 /home/aneroidtech29543/public_html/addanyproject.com/weleva/application/application/models/Customers_model.php 170
ERROR - 2017-07-25 14:02:18 --> Severity: Warning --> Illegal string offset 'website' /home/aneroidtech29543/public_html/addanyproject.com/weleva/application/application/models/Customers_model.php 172
ERROR - 2017-07-25 14:02:18 --> Severity: Notice --> Uninitialized string offset: 0 /home/aneroidtech29543/public_html/addanyproject.com/weleva/application/application/models/Customers_model.php 172
ERROR - 2017-07-25 14:02:18 --> Severity: Warning --> Illegal string offset 'is_active' /home/aneroidtech29543/public_html/addanyproject.com/weleva/application/application/models/Customers_model.php 175
ERROR - 2017-07-25 14:02:18 --> Severity: Notice --> Uninitialized string offset: 0 /home/aneroidtech29543/public_html/addanyproject.com/weleva/application/application/models/Customers_model.php 175
ERROR - 2017-07-25 14:02:18 --> Severity: Warning --> Illegal string offset 'payment_status' /home/aneroidtech29543/public_html/addanyproject.com/weleva/application/application/models/Customers_model.php 176
ERROR - 2017-07-25 14:02:18 --> Severity: Notice --> Uninitialized string offset: 0 /home/aneroidtech29543/public_html/addanyproject.com/weleva/application/application/models/Customers_model.php 176
ERROR - 2017-07-25 14:02:18 --> Severity: Warning --> Illegal string offset 'id' /home/aneroidtech29543/public_html/addanyproject.com/weleva/application/application/models/Customers_model.php 191
ERROR - 2017-07-25 14:02:18 --> Severity: Notice --> Uninitialized string offset: 0 /home/aneroidtech29543/public_html/addanyproject.com/weleva/application/application/models/Customers_model.php 191
ERROR - 2017-07-25 14:02:18 --> Severity: Warning --> Cannot modify header information - headers already sent by (output started at /home/aneroidtech29543/public_html/addanyproject.com/weleva/application/system/core/Exceptions.php:271) /home/aneroidtech29543/public_html/addanyproject.com/weleva/application/application/helpers/core_helper.php 14
ERROR - 2017-07-25 14:02:18 --> Severity: Warning --> Cannot modify header information - headers already sent by (output started at /home/aneroidtech29543/public_html/addanyproject.com/weleva/application/system/core/Exceptions.php:271) /home/aneroidtech29543/public_html/addanyproject.com/weleva/application/application/helpers/core_helper.php 15
ERROR - 2017-07-25 14:02:18 --> Severity: Warning --> Cannot modify header information - headers already sent by (output started at /home/aneroidtech29543/public_html/addanyproject.com/weleva/application/system/core/Exceptions.php:271) /home/aneroidtech29543/public_html/addanyproject.com/weleva/application/application/helpers/core_helper.php 16
ERROR - 2017-07-25 14:03:39 --> Severity: Warning --> Illegal string offset 'full_name' /home/aneroidtech29543/public_html/addanyproject.com/weleva/application/application/models/Customers_model.php 167
ERROR - 2017-07-25 14:03:39 --> Severity: Warning --> Illegal string offset 'email_id' /home/aneroidtech29543/public_html/addanyproject.com/weleva/application/application/models/Customers_model.php 169
ERROR - 2017-07-25 14:03:39 --> Severity: Warning --> Illegal string offset 'mobile_no' /home/aneroidtech29543/public_html/addanyproject.com/weleva/application/application/models/Customers_model.php 170
ERROR - 2017-07-25 14:03:39 --> Severity: Warning --> Illegal string offset 'website' /home/aneroidtech29543/public_html/addanyproject.com/weleva/application/application/models/Customers_model.php 172
ERROR - 2017-07-25 14:03:39 --> Severity: Warning --> Illegal string offset 'is_active' /home/aneroidtech29543/public_html/addanyproject.com/weleva/application/application/models/Customers_model.php 175
ERROR - 2017-07-25 14:03:39 --> Severity: Warning --> Illegal string offset 'payment_status' /home/aneroidtech29543/public_html/addanyproject.com/weleva/application/application/models/Customers_model.php 176
ERROR - 2017-07-25 14:03:39 --> Severity: Warning --> Illegal string offset 'id' /home/aneroidtech29543/public_html/addanyproject.com/weleva/application/application/models/Customers_model.php 191
ERROR - 2017-07-25 14:03:39 --> Severity: Warning --> Cannot modify header information - headers already sent by (output started at /home/aneroidtech29543/public_html/addanyproject.com/weleva/application/system/core/Exceptions.php:271) /home/aneroidtech29543/public_html/addanyproject.com/weleva/application/application/helpers/core_helper.php 14
ERROR - 2017-07-25 14:03:39 --> Severity: Warning --> Cannot modify header information - headers already sent by (output started at /home/aneroidtech29543/public_html/addanyproject.com/weleva/application/system/core/Exceptions.php:271) /home/aneroidtech29543/public_html/addanyproject.com/weleva/application/application/helpers/core_helper.php 15
ERROR - 2017-07-25 14:03:39 --> Severity: Warning --> Cannot modify header information - headers already sent by (output started at /home/aneroidtech29543/public_html/addanyproject.com/weleva/application/system/core/Exceptions.php:271) /home/aneroidtech29543/public_html/addanyproject.com/weleva/application/application/helpers/core_helper.php 16
