ERROR - 2017-05-31 09:09:43 --> 404 Page Not Found: Themes/admin
ERROR - 2017-05-31 10:10:50 --> Could not find the language line "form_validation__check_login"
ERROR - 2017-05-31 10:10:57 --> Could not find the language line "customers col last_name"
ERROR - 2017-05-31 10:10:57 --> Could not find the language line "customers input last_name"
ERROR - 2017-05-31 09:11:56 --> 404 Page Not Found: Themes/admin
ERROR - 2017-05-31 09:12:30 --> 404 Page Not Found: Themes/admin
ERROR - 2017-05-31 10:13:44 --> Could not find the language line "customers col last_name"
ERROR - 2017-05-31 10:13:44 --> Could not find the language line "customers input last_name"
ERROR - 2017-05-31 09:13:47 --> 404 Page Not Found: Themes/admin
ERROR - 2017-05-31 09:25:09 --> 404 Page Not Found: Themes/admin
ERROR - 2017-05-31 09:29:19 --> 404 Page Not Found: Themes/admin
ERROR - 2017-05-31 09:38:54 --> 404 Page Not Found: Themes/admin
ERROR - 2017-05-31 09:39:03 --> 404 Page Not Found: Themes/admin
ERROR - 2017-05-31 09:39:10 --> 404 Page Not Found: Themes/admin
ERROR - 2017-05-31 09:41:04 --> 404 Page Not Found: Themes/admin
ERROR - 2017-05-31 09:45:55 --> 404 Page Not Found: Themes/admin
ERROR - 2017-05-31 09:47:10 --> 404 Page Not Found: Themes/admin
ERROR - 2017-05-31 09:54:31 --> 404 Page Not Found: Themes/admin
ERROR - 2017-05-31 09:55:59 --> 404 Page Not Found: Themes/admin
ERROR - 2017-05-31 09:57:11 --> 404 Page Not Found: Themes/admin
ERROR - 2017-05-31 10:57:18 --> Could not find the language line "customers col last_name"
ERROR - 2017-05-31 10:57:18 --> Could not find the language line "customers input last_name"
ERROR - 2017-05-31 09:57:20 --> 404 Page Not Found: Themes/admin
ERROR - 2017-05-31 09:59:19 --> 404 Page Not Found: Themes/admin
ERROR - 2017-05-31 09:59:24 --> 404 Page Not Found: Themes/admin
ERROR - 2017-05-31 10:01:20 --> 404 Page Not Found: Themes/admin
ERROR - 2017-05-31 10:01:48 --> 404 Page Not Found: Themes/admin
ERROR - 2017-05-31 10:03:10 --> 404 Page Not Found: Themes/admin
ERROR - 2017-05-31 10:03:34 --> 404 Page Not Found: Themes/admin
ERROR - 2017-05-31 10:04:36 --> 404 Page Not Found: Themes/admin
ERROR - 2017-05-31 10:05:08 --> 404 Page Not Found: Themes/admin
ERROR - 2017-05-31 10:06:58 --> 404 Page Not Found: Themes/admin
ERROR - 2017-05-31 10:07:03 --> 404 Page Not Found: Themes/admin
ERROR - 2017-05-31 10:07:39 --> 404 Page Not Found: Themes/admin
ERROR - 2017-05-31 10:08:35 --> 404 Page Not Found: Themes/admin
ERROR - 2017-05-31 10:09:22 --> 404 Page Not Found: Themes/admin
ERROR - 2017-05-31 10:11:13 --> 404 Page Not Found: Themes/admin
ERROR - 2017-05-31 15:38:37 --> 404 Page Not Found: Themes/admin
ERROR - 2017-05-31 16:39:41 --> Could not find the language line "form_validation__check_login"
ERROR - 2017-05-31 16:39:57 --> Could not find the language line "users input status"
ERROR - 2017-05-31 16:40:33 --> Could not find the language line "form_validation__check_login"
ERROR - 2017-05-31 16:41:27 --> Could not find the language line "form_validation__check_login"
ERROR - 2017-05-31 16:41:45 --> Could not find the language line "customers col last_name"
ERROR - 2017-05-31 16:41:45 --> Could not find the language line "customers input last_name"
ERROR - 2017-05-31 16:41:52 --> Could not find the language line "customers input last_name"
ERROR - 2017-05-31 16:41:58 --> Could not find the language line "customers col last_name"
ERROR - 2017-05-31 16:41:58 --> Could not find the language line "customers input last_name"
ERROR - 2017-05-31 16:42:28 --> Could not find the language line "form_validation__check_login"
ERROR - 2017-05-31 16:42:53 --> Could not find the language line "form_validation__check_login"
ERROR - 2017-05-31 16:44:36 --> Could not find the language line "customers col last_name"
ERROR - 2017-05-31 16:44:36 --> Could not find the language line "customers input last_name"
ERROR - 2017-05-31 16:44:41 --> Could not find the language line "customers col last_name"
ERROR - 2017-05-31 16:44:41 --> Could not find the language line "customers input last_name"
ERROR - 2017-05-31 16:45:12 --> Query error: Unknown column 'updated_by' in 'field list' - Invalid query: UPDATE `customers` SET `is_active` = 0, `deleted` = 1, `updated_by` = NULL, `updated_on` = '2017-05-31 16:45:12'
WHERE `customer_id` > 1
AND `customer_id` = '17'
ERROR - 2017-05-31 16:45:15 --> Could not find the language line "customers col last_name"
ERROR - 2017-05-31 16:45:15 --> Could not find the language line "customers input last_name"
ERROR - 2017-05-31 16:45:26 --> Could not find the language line "customers col last_name"
ERROR - 2017-05-31 16:45:26 --> Could not find the language line "customers input last_name"
ERROR - 2017-05-31 16:46:51 --> Could not find the language line "form_validation__check_login"
ERROR - 2017-05-31 16:47:02 --> Could not find the language line "customers col last_name"
ERROR - 2017-05-31 16:47:02 --> Could not find the language line "customers input last_name"
ERROR - 2017-05-31 16:47:04 --> Could not find the language line "customers col last_name"
ERROR - 2017-05-31 16:47:04 --> Could not find the language line "customers input last_name"
ERROR - 2017-05-31 16:47:13 --> Could not find the language line "customers col last_name"
ERROR - 2017-05-31 16:47:13 --> Could not find the language line "customers input last_name"
ERROR - 2017-05-31 16:47:20 --> Could not find the language line "customers input last_name"
ERROR - 2017-05-31 16:48:02 --> Could not find the language line "customers col last_name"
ERROR - 2017-05-31 16:48:02 --> Could not find the language line "customers input last_name"
ERROR - 2017-05-31 16:48:16 --> Could not find the language line "form_validation__check_login"
ERROR - 2017-05-31 16:48:32 --> Could not find the language line "menus input name"
ERROR - 2017-05-31 16:54:16 --> Severity: Parsing Error --> syntax error, unexpected end of file, expecting function (T_FUNCTION) /home/youmeopc/public_html/demo/elevaweb/application/application/controllers/Api.php 306
ERROR - 2017-05-31 18:10:35 --> Severity: Notice --> fwrite(): send of 5 bytes failed with errno=32 Broken pipe /home/youmeopc/public_html/demo/elevaweb/application/system/libraries/Email.php 2250
ERROR - 2017-05-31 18:10:35 --> Severity: Notice --> fwrite(): send of 5 bytes failed with errno=32 Broken pipe /home/youmeopc/public_html/demo/elevaweb/application/system/libraries/Email.php 2250
ERROR - 2017-05-31 18:10:35 --> Severity: Notice --> fwrite(): send of 5 bytes failed with errno=32 Broken pipe /home/youmeopc/public_html/demo/elevaweb/application/system/libraries/Email.php 2250
ERROR - 2017-05-31 18:10:35 --> Severity: Notice --> fwrite(): send of 5 bytes failed with errno=32 Broken pipe /home/youmeopc/public_html/demo/elevaweb/application/system/libraries/Email.php 2250
ERROR - 2017-05-31 18:10:36 --> Severity: Notice --> fwrite(): send of 5 bytes failed with errno=32 Broken pipe /home/youmeopc/public_html/demo/elevaweb/application/system/libraries/Email.php 2250
ERROR - 2017-05-31 18:10:36 --> Severity: Notice --> fwrite(): send of 5 bytes failed with errno=32 Broken pipe /home/youmeopc/public_html/demo/elevaweb/application/system/libraries/Email.php 2250
ERROR - 2017-05-31 18:10:36 --> Severity: Notice --> fwrite(): send of 5 bytes failed with errno=32 Broken pipe /home/youmeopc/public_html/demo/elevaweb/application/system/libraries/Email.php 2250
ERROR - 2017-05-31 18:10:36 --> Severity: Notice --> fwrite(): send of 5 bytes failed with errno=32 Broken pipe /home/youmeopc/public_html/demo/elevaweb/application/system/libraries/Email.php 2250
ERROR - 2017-05-31 18:10:37 --> Severity: Notice --> fwrite(): send of 5 bytes failed with errno=32 Broken pipe /home/youmeopc/public_html/demo/elevaweb/application/system/libraries/Email.php 2250
ERROR - 2017-05-31 18:10:37 --> Severity: Notice --> fwrite(): send of 5 bytes failed with errno=32 Broken pipe /home/youmeopc/public_html/demo/elevaweb/application/system/libraries/Email.php 2250
ERROR - 2017-05-31 18:10:37 --> Severity: Notice --> fwrite(): send of 5 bytes failed with errno=32 Broken pipe /home/youmeopc/public_html/demo/elevaweb/application/system/libraries/Email.php 2250
ERROR - 2017-05-31 18:10:37 --> Severity: Notice --> fwrite(): send of 5 bytes failed with errno=32 Broken pipe /home/youmeopc/public_html/demo/elevaweb/application/system/libraries/Email.php 2250
ERROR - 2017-05-31 18:10:38 --> Severity: Notice --> fwrite(): send of 5 bytes failed with errno=32 Broken pipe /home/youmeopc/public_html/demo/elevaweb/application/system/libraries/Email.php 2250
ERROR - 2017-05-31 18:10:38 --> Severity: Notice --> fwrite(): send of 5 bytes failed with errno=32 Broken pipe /home/youmeopc/public_html/demo/elevaweb/application/system/libraries/Email.php 2250
ERROR - 2017-05-31 18:10:38 --> Severity: Notice --> fwrite(): send of 5 bytes failed with errno=32 Broken pipe /home/youmeopc/public_html/demo/elevaweb/application/system/libraries/Email.php 2250
ERROR - 2017-05-31 18:10:38 --> Severity: Notice --> fwrite(): send of 5 bytes failed with errno=32 Broken pipe /home/youmeopc/public_html/demo/elevaweb/application/system/libraries/Email.php 2250
ERROR - 2017-05-31 18:10:39 --> Severity: Notice --> fwrite(): send of 5 bytes failed with errno=32 Broken pipe /home/youmeopc/public_html/demo/elevaweb/application/system/libraries/Email.php 2250
ERROR - 2017-05-31 18:10:39 --> Severity: Notice --> fwrite(): send of 5 bytes failed with errno=32 Broken pipe /home/youmeopc/public_html/demo/elevaweb/application/system/libraries/Email.php 2250
ERROR - 2017-05-31 18:10:39 --> Severity: Notice --> fwrite(): send of 5 bytes failed with errno=32 Broken pipe /home/youmeopc/public_html/demo/elevaweb/application/system/libraries/Email.php 2250
ERROR - 2017-05-31 18:10:39 --> Severity: Notice --> fwrite(): send of 5 bytes failed with errno=32 Broken pipe /home/youmeopc/public_html/demo/elevaweb/application/system/libraries/Email.php 2250
ERROR - 2017-05-31 18:10:40 --> Severity: Notice --> fwrite(): send of 5 bytes failed with errno=32 Broken pipe /home/youmeopc/public_html/demo/elevaweb/application/system/libraries/Email.php 2250
ERROR - 2017-05-31 18:10:40 --> Severity: Notice --> fwrite(): send of 5 bytes failed with errno=32 Broken pipe /home/youmeopc/public_html/demo/elevaweb/application/system/libraries/Email.php 2250
ERROR - 2017-05-31 18:10:40 --> Severity: Notice --> fwrite(): send of 5 bytes failed with errno=32 Broken pipe /home/youmeopc/public_html/demo/elevaweb/application/system/libraries/Email.php 2250
ERROR - 2017-05-31 18:10:40 --> Severity: Notice --> fwrite(): send of 5 bytes failed with errno=32 Broken pipe /home/youmeopc/public_html/demo/elevaweb/application/system/libraries/Email.php 2250
ERROR - 2017-05-31 18:10:41 --> Severity: Notice --> fwrite(): send of 5 bytes failed with errno=32 Broken pipe /home/youmeopc/public_html/demo/elevaweb/application/system/libraries/Email.php 2250
ERROR - 2017-05-31 17:19:06 --> 404 Page Not Found: Themes/admin
ERROR - 2017-05-31 18:19:58 --> Could not find the language line "customers col last_name"
ERROR - 2017-05-31 18:19:58 --> Could not find the language line "customers input last_name"
ERROR - 2017-05-31 18:20:04 --> Could not find the language line "customers input last_name"
ERROR - 2017-05-31 18:20:14 --> Could not find the language line "customers col last_name"
ERROR - 2017-05-31 18:20:14 --> Could not find the language line "customers input last_name"
ERROR - 2017-05-31 18:20:53 --> Could not find the language line "menus input name"
ERROR - 2017-05-31 18:20:55 --> Could not find the language line "customers col last_name"
ERROR - 2017-05-31 18:20:55 --> Could not find the language line "customers input last_name"
ERROR - 2017-05-31 18:31:13 --> Could not find the language line "customers col last_name"
ERROR - 2017-05-31 18:31:13 --> Could not find the language line "customers input last_name"
ERROR - 2017-05-31 17:33:21 --> 404 Page Not Found: Themes/admin
ERROR - 2017-05-31 17:35:09 --> 404 Page Not Found: Feedhtml/index
