ERROR - 2017-07-04 07:35:29 --> Could not find the language line "form_validation__check_login"
ERROR - 2017-07-04 09:32:26 --> Could not find the language line "form_validation__check_login"
ERROR - 2017-07-04 12:28:05 --> Could not find the language line "form_validation__check_login"
ERROR - 2017-07-04 14:44:04 --> Could not find the language line "form_validation__check_login"
ERROR - 2017-07-04 17:41:33 --> Could not find the language line "form_validation__check_login"
ERROR - 2017-07-04 23:53:29 --> 404 Page Not Found: Themes/admin
ERROR - 2017-07-04 19:29:58 --> Could not find the language line "feeds tooltip add_new_feed"
ERROR - 2017-07-04 19:29:58 --> Could not find the language line "feeds input email"
ERROR - 2017-07-04 19:29:58 --> Could not find the language line "feeds input mobile_no"
ERROR - 2017-07-04 19:29:58 --> Could not find the language line "feeds input feed_name"
ERROR - 2017-07-04 19:29:58 --> Could not find the language line "feeds input email"
ERROR - 2017-07-04 19:29:58 --> Could not find the language line "feeds input mobile_no"
ERROR - 2017-07-04 19:29:58 --> Severity: Notice --> Undefined index: email_id /home/youmeopc/public_html/demo/elevaweb/application/application/views/admin/feeds/list.php 78
ERROR - 2017-07-04 19:29:58 --> Severity: Notice --> Undefined index: mobile_no /home/youmeopc/public_html/demo/elevaweb/application/application/views/admin/feeds/list.php 82
ERROR - 2017-07-04 19:29:58 --> Severity: Notice --> Undefined index: email_id /home/youmeopc/public_html/demo/elevaweb/application/application/views/admin/feeds/list.php 78
ERROR - 2017-07-04 19:29:58 --> Severity: Notice --> Undefined index: mobile_no /home/youmeopc/public_html/demo/elevaweb/application/application/views/admin/feeds/list.php 82
ERROR - 2017-07-04 19:29:58 --> Severity: Notice --> Undefined index: email_id /home/youmeopc/public_html/demo/elevaweb/application/application/views/admin/feeds/list.php 78
ERROR - 2017-07-04 19:29:58 --> Severity: Notice --> Undefined index: mobile_no /home/youmeopc/public_html/demo/elevaweb/application/application/views/admin/feeds/list.php 82
ERROR - 2017-07-04 19:29:58 --> Could not find the language line "feeds tooltip add_new_feed"
ERROR - 2017-07-04 19:29:58 --> Could not find the language line "feeds input email"
ERROR - 2017-07-04 19:29:58 --> Could not find the language line "feeds input mobile_no"
ERROR - 2017-07-04 19:29:58 --> Could not find the language line "feeds input feed_name"
ERROR - 2017-07-04 19:29:58 --> Could not find the language line "feeds input email"
ERROR - 2017-07-04 19:29:58 --> Could not find the language line "feeds input mobile_no"
ERROR - 2017-07-04 19:29:58 --> Severity: Notice --> Undefined index: email_id /home/youmeopc/public_html/demo/elevaweb/application/application/views/admin/feeds/list.php 78
ERROR - 2017-07-04 19:29:58 --> Severity: Notice --> Undefined index: mobile_no /home/youmeopc/public_html/demo/elevaweb/application/application/views/admin/feeds/list.php 82
ERROR - 2017-07-04 19:29:58 --> Severity: Notice --> Undefined index: email_id /home/youmeopc/public_html/demo/elevaweb/application/application/views/admin/feeds/list.php 78
ERROR - 2017-07-04 19:29:58 --> Severity: Notice --> Undefined index: mobile_no /home/youmeopc/public_html/demo/elevaweb/application/application/views/admin/feeds/list.php 82
ERROR - 2017-07-04 19:29:58 --> Severity: Notice --> Undefined index: email_id /home/youmeopc/public_html/demo/elevaweb/application/application/views/admin/feeds/list.php 78
ERROR - 2017-07-04 19:29:58 --> Severity: Notice --> Undefined index: mobile_no /home/youmeopc/public_html/demo/elevaweb/application/application/views/admin/feeds/list.php 82
ERROR - 2017-07-04 19:30:04 --> Could not find the language line "customers col last_name"
ERROR - 2017-07-04 19:30:04 --> Could not find the language line "customers input last_name"
ERROR - 2017-07-04 19:30:04 --> Severity: Notice --> Undefined index: last_name /home/youmeopc/public_html/demo/elevaweb/application/application/views/admin/customers/list.php 114
ERROR - 2017-07-04 19:30:04 --> Severity: Notice --> Undefined index: last_name /home/youmeopc/public_html/demo/elevaweb/application/application/views/admin/customers/list.php 114
ERROR - 2017-07-04 19:30:04 --> Severity: Notice --> Undefined index: last_name /home/youmeopc/public_html/demo/elevaweb/application/application/views/admin/customers/list.php 114
ERROR - 2017-07-04 19:30:04 --> Severity: Notice --> Undefined index: last_name /home/youmeopc/public_html/demo/elevaweb/application/application/views/admin/customers/list.php 114
ERROR - 2017-07-04 19:30:04 --> Severity: Notice --> Undefined index: last_name /home/youmeopc/public_html/demo/elevaweb/application/application/views/admin/customers/list.php 114
ERROR - 2017-07-04 19:30:04 --> Severity: Notice --> Undefined index: last_name /home/youmeopc/public_html/demo/elevaweb/application/application/views/admin/customers/list.php 114
ERROR - 2017-07-04 19:30:04 --> Severity: Notice --> Undefined index: last_name /home/youmeopc/public_html/demo/elevaweb/application/application/views/admin/customers/list.php 114
ERROR - 2017-07-04 19:30:04 --> Severity: Notice --> Undefined index: last_name /home/youmeopc/public_html/demo/elevaweb/application/application/views/admin/customers/list.php 114
ERROR - 2017-07-04 19:30:04 --> Severity: Notice --> Undefined index: last_name /home/youmeopc/public_html/demo/elevaweb/application/application/views/admin/customers/list.php 114
ERROR - 2017-07-04 19:30:04 --> Severity: Notice --> Undefined index: last_name /home/youmeopc/public_html/demo/elevaweb/application/application/views/admin/customers/list.php 114
ERROR - 2017-07-04 19:38:18 --> Could not find the language line "customers input last_name"
ERROR - 2017-07-04 19:38:26 --> Could not find the language line "customers col last_name"
ERROR - 2017-07-04 19:38:26 --> Could not find the language line "customers input last_name"
ERROR - 2017-07-04 19:38:26 --> Severity: Notice --> Undefined index: last_name /home/youmeopc/public_html/demo/elevaweb/application/application/views/admin/customers/list.php 114
ERROR - 2017-07-04 19:38:26 --> Severity: Notice --> Undefined index: last_name /home/youmeopc/public_html/demo/elevaweb/application/application/views/admin/customers/list.php 114
ERROR - 2017-07-04 19:38:26 --> Severity: Notice --> Undefined index: last_name /home/youmeopc/public_html/demo/elevaweb/application/application/views/admin/customers/list.php 114
ERROR - 2017-07-04 19:38:26 --> Severity: Notice --> Undefined index: last_name /home/youmeopc/public_html/demo/elevaweb/application/application/views/admin/customers/list.php 114
ERROR - 2017-07-04 19:38:26 --> Severity: Notice --> Undefined index: last_name /home/youmeopc/public_html/demo/elevaweb/application/application/views/admin/customers/list.php 114
ERROR - 2017-07-04 19:38:26 --> Severity: Notice --> Undefined index: last_name /home/youmeopc/public_html/demo/elevaweb/application/application/views/admin/customers/list.php 114
ERROR - 2017-07-04 19:38:26 --> Severity: Notice --> Undefined index: last_name /home/youmeopc/public_html/demo/elevaweb/application/application/views/admin/customers/list.php 114
ERROR - 2017-07-04 19:38:26 --> Severity: Notice --> Undefined index: last_name /home/youmeopc/public_html/demo/elevaweb/application/application/views/admin/customers/list.php 114
ERROR - 2017-07-04 19:38:26 --> Severity: Notice --> Undefined index: last_name /home/youmeopc/public_html/demo/elevaweb/application/application/views/admin/customers/list.php 114
ERROR - 2017-07-04 19:38:26 --> Severity: Notice --> Undefined index: last_name /home/youmeopc/public_html/demo/elevaweb/application/application/views/admin/customers/list.php 114
