ERROR - 2017-07-03 06:08:10 --> Could not find the language line "form_validation__check_login"
ERROR - 2017-07-03 10:38:20 --> 404 Page Not Found: Themes/admin
ERROR - 2017-07-03 06:08:29 --> Could not find the language line "customers col last_name"
ERROR - 2017-07-03 06:08:29 --> Could not find the language line "customers input last_name"
ERROR - 2017-07-03 06:08:29 --> Severity: Notice --> Undefined index: last_name /home/youmeopc/public_html/demo/elevaweb/application/application/views/admin/customers/list.php 114
ERROR - 2017-07-03 06:08:29 --> Severity: Notice --> Undefined index: last_name /home/youmeopc/public_html/demo/elevaweb/application/application/views/admin/customers/list.php 114
ERROR - 2017-07-03 06:08:29 --> Severity: Notice --> Undefined index: last_name /home/youmeopc/public_html/demo/elevaweb/application/application/views/admin/customers/list.php 114
ERROR - 2017-07-03 06:08:29 --> Severity: Notice --> Undefined index: last_name /home/youmeopc/public_html/demo/elevaweb/application/application/views/admin/customers/list.php 114
ERROR - 2017-07-03 06:08:29 --> Severity: Notice --> Undefined index: last_name /home/youmeopc/public_html/demo/elevaweb/application/application/views/admin/customers/list.php 114
ERROR - 2017-07-03 06:08:29 --> Severity: Notice --> Undefined index: last_name /home/youmeopc/public_html/demo/elevaweb/application/application/views/admin/customers/list.php 114
ERROR - 2017-07-03 06:08:29 --> Severity: Notice --> Undefined index: last_name /home/youmeopc/public_html/demo/elevaweb/application/application/views/admin/customers/list.php 114
ERROR - 2017-07-03 06:08:29 --> Severity: Notice --> Undefined index: last_name /home/youmeopc/public_html/demo/elevaweb/application/application/views/admin/customers/list.php 114
ERROR - 2017-07-03 06:08:29 --> Severity: Notice --> Undefined index: last_name /home/youmeopc/public_html/demo/elevaweb/application/application/views/admin/customers/list.php 114
ERROR - 2017-07-03 06:08:29 --> Severity: Notice --> Undefined index: last_name /home/youmeopc/public_html/demo/elevaweb/application/application/views/admin/customers/list.php 114
ERROR - 2017-07-03 10:38:35 --> 404 Page Not Found: Themes/admin
ERROR - 2017-07-03 06:08:38 --> Could not find the language line "feeds tooltip add_new_feed"
ERROR - 2017-07-03 06:08:38 --> Could not find the language line "feeds input email"
ERROR - 2017-07-03 06:08:38 --> Could not find the language line "feeds input mobile_no"
ERROR - 2017-07-03 06:08:38 --> Could not find the language line "feeds input feed_name"
ERROR - 2017-07-03 06:08:38 --> Could not find the language line "feeds input email"
ERROR - 2017-07-03 06:08:38 --> Could not find the language line "feeds input mobile_no"
ERROR - 2017-07-03 06:08:38 --> Severity: Notice --> Undefined index: email_id /home/youmeopc/public_html/demo/elevaweb/application/application/views/admin/feeds/list.php 78
ERROR - 2017-07-03 06:08:38 --> Severity: Notice --> Undefined index: mobile_no /home/youmeopc/public_html/demo/elevaweb/application/application/views/admin/feeds/list.php 82
ERROR - 2017-07-03 06:08:38 --> Severity: Notice --> Undefined index: email_id /home/youmeopc/public_html/demo/elevaweb/application/application/views/admin/feeds/list.php 78
ERROR - 2017-07-03 06:08:38 --> Severity: Notice --> Undefined index: mobile_no /home/youmeopc/public_html/demo/elevaweb/application/application/views/admin/feeds/list.php 82
ERROR - 2017-07-03 06:08:38 --> Severity: Notice --> Undefined index: email_id /home/youmeopc/public_html/demo/elevaweb/application/application/views/admin/feeds/list.php 78
ERROR - 2017-07-03 06:08:38 --> Severity: Notice --> Undefined index: mobile_no /home/youmeopc/public_html/demo/elevaweb/application/application/views/admin/feeds/list.php 82
ERROR - 2017-07-03 06:08:50 --> Could not find the language line "feeds input payment_status"
ERROR - 2017-07-03 06:08:50 --> Severity: Notice --> Undefined variable: paymentlist /home/youmeopc/public_html/demo/elevaweb/application/application/views/admin/feeds/form.php 66
ERROR - 2017-07-03 06:25:19 --> Could not find the language line "feeds tooltip add_new_feed"
ERROR - 2017-07-03 06:25:19 --> Could not find the language line "feeds input email"
ERROR - 2017-07-03 06:25:19 --> Could not find the language line "feeds input mobile_no"
ERROR - 2017-07-03 06:25:19 --> Could not find the language line "feeds input feed_name"
ERROR - 2017-07-03 06:25:19 --> Could not find the language line "feeds input email"
ERROR - 2017-07-03 06:25:19 --> Could not find the language line "feeds input mobile_no"
ERROR - 2017-07-03 06:25:19 --> Severity: Notice --> Undefined index: email_id /home/youmeopc/public_html/demo/elevaweb/application/application/views/admin/feeds/list.php 78
ERROR - 2017-07-03 06:25:19 --> Severity: Notice --> Undefined index: mobile_no /home/youmeopc/public_html/demo/elevaweb/application/application/views/admin/feeds/list.php 82
ERROR - 2017-07-03 06:25:19 --> Severity: Notice --> Undefined index: email_id /home/youmeopc/public_html/demo/elevaweb/application/application/views/admin/feeds/list.php 78
ERROR - 2017-07-03 06:25:19 --> Severity: Notice --> Undefined index: mobile_no /home/youmeopc/public_html/demo/elevaweb/application/application/views/admin/feeds/list.php 82
ERROR - 2017-07-03 06:25:19 --> Severity: Notice --> Undefined index: email_id /home/youmeopc/public_html/demo/elevaweb/application/application/views/admin/feeds/list.php 78
ERROR - 2017-07-03 06:25:19 --> Severity: Notice --> Undefined index: mobile_no /home/youmeopc/public_html/demo/elevaweb/application/application/views/admin/feeds/list.php 82
ERROR - 2017-07-03 06:25:23 --> Could not find the language line "feeds input payment_status"
ERROR - 2017-07-03 06:25:23 --> Severity: Notice --> Undefined variable: paymentlist /home/youmeopc/public_html/demo/elevaweb/application/application/views/admin/feeds/form.php 66
ERROR - 2017-07-03 06:25:58 --> Could not find the language line "feeds msg edit_feed_success"
ERROR - 2017-07-03 06:25:59 --> Could not find the language line "feeds tooltip add_new_feed"
ERROR - 2017-07-03 06:25:59 --> Could not find the language line "feeds input email"
ERROR - 2017-07-03 06:25:59 --> Could not find the language line "feeds input mobile_no"
ERROR - 2017-07-03 06:25:59 --> Could not find the language line "feeds input feed_name"
ERROR - 2017-07-03 06:25:59 --> Could not find the language line "feeds input email"
ERROR - 2017-07-03 06:25:59 --> Could not find the language line "feeds input mobile_no"
ERROR - 2017-07-03 06:25:59 --> Severity: Notice --> Undefined index: email_id /home/youmeopc/public_html/demo/elevaweb/application/application/views/admin/feeds/list.php 78
ERROR - 2017-07-03 06:25:59 --> Severity: Notice --> Undefined index: mobile_no /home/youmeopc/public_html/demo/elevaweb/application/application/views/admin/feeds/list.php 82
ERROR - 2017-07-03 06:25:59 --> Severity: Notice --> Undefined index: email_id /home/youmeopc/public_html/demo/elevaweb/application/application/views/admin/feeds/list.php 78
ERROR - 2017-07-03 06:25:59 --> Severity: Notice --> Undefined index: mobile_no /home/youmeopc/public_html/demo/elevaweb/application/application/views/admin/feeds/list.php 82
ERROR - 2017-07-03 06:25:59 --> Severity: Notice --> Undefined index: email_id /home/youmeopc/public_html/demo/elevaweb/application/application/views/admin/feeds/list.php 78
ERROR - 2017-07-03 06:25:59 --> Severity: Notice --> Undefined index: mobile_no /home/youmeopc/public_html/demo/elevaweb/application/application/views/admin/feeds/list.php 82
ERROR - 2017-07-03 06:26:00 --> Could not find the language line "feeds input payment_status"
ERROR - 2017-07-03 06:26:00 --> Severity: Notice --> Undefined variable: paymentlist /home/youmeopc/public_html/demo/elevaweb/application/application/views/admin/feeds/form.php 66
ERROR - 2017-07-03 06:26:11 --> Could not find the language line "feeds tooltip add_new_feed"
ERROR - 2017-07-03 06:26:11 --> Could not find the language line "feeds input email"
ERROR - 2017-07-03 06:26:11 --> Could not find the language line "feeds input mobile_no"
ERROR - 2017-07-03 06:26:11 --> Could not find the language line "feeds input feed_name"
ERROR - 2017-07-03 06:26:11 --> Could not find the language line "feeds input email"
ERROR - 2017-07-03 06:26:11 --> Could not find the language line "feeds input mobile_no"
ERROR - 2017-07-03 06:26:11 --> Severity: Notice --> Undefined index: email_id /home/youmeopc/public_html/demo/elevaweb/application/application/views/admin/feeds/list.php 78
ERROR - 2017-07-03 06:26:11 --> Severity: Notice --> Undefined index: mobile_no /home/youmeopc/public_html/demo/elevaweb/application/application/views/admin/feeds/list.php 82
ERROR - 2017-07-03 06:26:11 --> Severity: Notice --> Undefined index: email_id /home/youmeopc/public_html/demo/elevaweb/application/application/views/admin/feeds/list.php 78
ERROR - 2017-07-03 06:26:11 --> Severity: Notice --> Undefined index: mobile_no /home/youmeopc/public_html/demo/elevaweb/application/application/views/admin/feeds/list.php 82
ERROR - 2017-07-03 06:26:11 --> Severity: Notice --> Undefined index: email_id /home/youmeopc/public_html/demo/elevaweb/application/application/views/admin/feeds/list.php 78
ERROR - 2017-07-03 06:26:11 --> Severity: Notice --> Undefined index: mobile_no /home/youmeopc/public_html/demo/elevaweb/application/application/views/admin/feeds/list.php 82
ERROR - 2017-07-03 06:26:19 --> Could not find the language line "feeds input payment_status"
ERROR - 2017-07-03 06:26:19 --> Severity: Notice --> Undefined variable: paymentlist /home/youmeopc/public_html/demo/elevaweb/application/application/views/admin/feeds/form.php 66
ERROR - 2017-07-03 06:26:22 --> Could not find the language line "feeds tooltip add_new_feed"
ERROR - 2017-07-03 06:26:22 --> Could not find the language line "feeds input email"
ERROR - 2017-07-03 06:26:22 --> Could not find the language line "feeds input mobile_no"
ERROR - 2017-07-03 06:26:22 --> Could not find the language line "feeds input feed_name"
ERROR - 2017-07-03 06:26:22 --> Could not find the language line "feeds input email"
ERROR - 2017-07-03 06:26:22 --> Could not find the language line "feeds input mobile_no"
ERROR - 2017-07-03 06:26:22 --> Severity: Notice --> Undefined index: email_id /home/youmeopc/public_html/demo/elevaweb/application/application/views/admin/feeds/list.php 78
ERROR - 2017-07-03 06:26:22 --> Severity: Notice --> Undefined index: mobile_no /home/youmeopc/public_html/demo/elevaweb/application/application/views/admin/feeds/list.php 82
ERROR - 2017-07-03 06:26:22 --> Severity: Notice --> Undefined index: email_id /home/youmeopc/public_html/demo/elevaweb/application/application/views/admin/feeds/list.php 78
ERROR - 2017-07-03 06:26:22 --> Severity: Notice --> Undefined index: mobile_no /home/youmeopc/public_html/demo/elevaweb/application/application/views/admin/feeds/list.php 82
ERROR - 2017-07-03 06:26:22 --> Severity: Notice --> Undefined index: email_id /home/youmeopc/public_html/demo/elevaweb/application/application/views/admin/feeds/list.php 78
ERROR - 2017-07-03 06:26:22 --> Severity: Notice --> Undefined index: mobile_no /home/youmeopc/public_html/demo/elevaweb/application/application/views/admin/feeds/list.php 82
ERROR - 2017-07-03 06:26:24 --> Could not find the language line "feeds input payment_status"
ERROR - 2017-07-03 06:26:24 --> Severity: Notice --> Undefined variable: paymentlist /home/youmeopc/public_html/demo/elevaweb/application/application/views/admin/feeds/form.php 66
ERROR - 2017-07-03 11:35:12 --> Could not find the language line "form_validation__check_login"
ERROR - 2017-07-03 11:42:48 --> Could not find the language line "form_validation__check_login"
ERROR - 2017-07-03 18:21:57 --> 404 Page Not Found: Themes/admin
ERROR - 2017-07-03 13:52:02 --> Could not find the language line "feeds tooltip add_new_feed"
ERROR - 2017-07-03 13:52:02 --> Could not find the language line "feeds input email"
ERROR - 2017-07-03 13:52:02 --> Could not find the language line "feeds input mobile_no"
ERROR - 2017-07-03 13:52:02 --> Could not find the language line "feeds input feed_name"
ERROR - 2017-07-03 13:52:02 --> Could not find the language line "feeds input email"
ERROR - 2017-07-03 13:52:02 --> Could not find the language line "feeds input mobile_no"
ERROR - 2017-07-03 13:52:02 --> Severity: Notice --> Undefined index: email_id /home/youmeopc/public_html/demo/elevaweb/application/application/views/admin/feeds/list.php 78
ERROR - 2017-07-03 13:52:02 --> Severity: Notice --> Undefined index: mobile_no /home/youmeopc/public_html/demo/elevaweb/application/application/views/admin/feeds/list.php 82
ERROR - 2017-07-03 13:52:02 --> Severity: Notice --> Undefined index: email_id /home/youmeopc/public_html/demo/elevaweb/application/application/views/admin/feeds/list.php 78
ERROR - 2017-07-03 13:52:02 --> Severity: Notice --> Undefined index: mobile_no /home/youmeopc/public_html/demo/elevaweb/application/application/views/admin/feeds/list.php 82
ERROR - 2017-07-03 13:52:02 --> Severity: Notice --> Undefined index: email_id /home/youmeopc/public_html/demo/elevaweb/application/application/views/admin/feeds/list.php 78
ERROR - 2017-07-03 13:52:02 --> Severity: Notice --> Undefined index: mobile_no /home/youmeopc/public_html/demo/elevaweb/application/application/views/admin/feeds/list.php 82
ERROR - 2017-07-03 13:54:07 --> Could not find the language line "feeds input payment_status"
ERROR - 2017-07-03 13:54:07 --> Severity: Notice --> Undefined variable: paymentlist /home/youmeopc/public_html/demo/elevaweb/application/application/views/admin/feeds/form.php 66
ERROR - 2017-07-03 13:54:14 --> Could not find the language line "feeds msg edit_feed_success"
ERROR - 2017-07-03 13:54:14 --> Could not find the language line "feeds tooltip add_new_feed"
ERROR - 2017-07-03 13:54:14 --> Could not find the language line "feeds input email"
ERROR - 2017-07-03 13:54:14 --> Could not find the language line "feeds input mobile_no"
ERROR - 2017-07-03 13:54:14 --> Could not find the language line "feeds input feed_name"
ERROR - 2017-07-03 13:54:14 --> Could not find the language line "feeds input email"
ERROR - 2017-07-03 13:54:14 --> Could not find the language line "feeds input mobile_no"
ERROR - 2017-07-03 13:54:14 --> Severity: Notice --> Undefined index: email_id /home/youmeopc/public_html/demo/elevaweb/application/application/views/admin/feeds/list.php 78
ERROR - 2017-07-03 13:54:14 --> Severity: Notice --> Undefined index: mobile_no /home/youmeopc/public_html/demo/elevaweb/application/application/views/admin/feeds/list.php 82
ERROR - 2017-07-03 13:54:14 --> Severity: Notice --> Undefined index: email_id /home/youmeopc/public_html/demo/elevaweb/application/application/views/admin/feeds/list.php 78
ERROR - 2017-07-03 13:54:14 --> Severity: Notice --> Undefined index: mobile_no /home/youmeopc/public_html/demo/elevaweb/application/application/views/admin/feeds/list.php 82
ERROR - 2017-07-03 13:54:14 --> Severity: Notice --> Undefined index: email_id /home/youmeopc/public_html/demo/elevaweb/application/application/views/admin/feeds/list.php 78
ERROR - 2017-07-03 13:54:14 --> Severity: Notice --> Undefined index: mobile_no /home/youmeopc/public_html/demo/elevaweb/application/application/views/admin/feeds/list.php 82
ERROR - 2017-07-03 13:56:42 --> Could not find the language line "feeds input payment_status"
ERROR - 2017-07-03 13:56:42 --> Severity: Notice --> Undefined variable: paymentlist /home/youmeopc/public_html/demo/elevaweb/application/application/views/admin/feeds/form.php 66
ERROR - 2017-07-03 13:57:25 --> Could not find the language line "feeds msg edit_feed_success"
ERROR - 2017-07-03 13:57:26 --> Could not find the language line "feeds tooltip add_new_feed"
ERROR - 2017-07-03 13:57:26 --> Could not find the language line "feeds input email"
ERROR - 2017-07-03 13:57:26 --> Could not find the language line "feeds input mobile_no"
ERROR - 2017-07-03 13:57:26 --> Could not find the language line "feeds input feed_name"
ERROR - 2017-07-03 13:57:26 --> Could not find the language line "feeds input email"
ERROR - 2017-07-03 13:57:26 --> Could not find the language line "feeds input mobile_no"
ERROR - 2017-07-03 13:57:26 --> Severity: Notice --> Undefined index: email_id /home/youmeopc/public_html/demo/elevaweb/application/application/views/admin/feeds/list.php 78
ERROR - 2017-07-03 13:57:26 --> Severity: Notice --> Undefined index: mobile_no /home/youmeopc/public_html/demo/elevaweb/application/application/views/admin/feeds/list.php 82
ERROR - 2017-07-03 13:57:26 --> Severity: Notice --> Undefined index: email_id /home/youmeopc/public_html/demo/elevaweb/application/application/views/admin/feeds/list.php 78
ERROR - 2017-07-03 13:57:26 --> Severity: Notice --> Undefined index: mobile_no /home/youmeopc/public_html/demo/elevaweb/application/application/views/admin/feeds/list.php 82
ERROR - 2017-07-03 13:57:26 --> Severity: Notice --> Undefined index: email_id /home/youmeopc/public_html/demo/elevaweb/application/application/views/admin/feeds/list.php 78
ERROR - 2017-07-03 13:57:26 --> Severity: Notice --> Undefined index: mobile_no /home/youmeopc/public_html/demo/elevaweb/application/application/views/admin/feeds/list.php 82
ERROR - 2017-07-03 18:29:37 --> 404 Page Not Found: Themes/admin
ERROR - 2017-07-03 13:59:43 --> Could not find the language line "feeds tooltip add_new_feed"
ERROR - 2017-07-03 13:59:43 --> Could not find the language line "feeds input email"
ERROR - 2017-07-03 13:59:43 --> Could not find the language line "feeds input mobile_no"
ERROR - 2017-07-03 13:59:43 --> Could not find the language line "feeds input feed_name"
ERROR - 2017-07-03 13:59:43 --> Could not find the language line "feeds input email"
ERROR - 2017-07-03 13:59:43 --> Could not find the language line "feeds input mobile_no"
ERROR - 2017-07-03 13:59:43 --> Severity: Notice --> Undefined index: email_id /home/youmeopc/public_html/demo/elevaweb/application/application/views/admin/feeds/list.php 78
ERROR - 2017-07-03 13:59:43 --> Severity: Notice --> Undefined index: mobile_no /home/youmeopc/public_html/demo/elevaweb/application/application/views/admin/feeds/list.php 82
ERROR - 2017-07-03 13:59:43 --> Severity: Notice --> Undefined index: email_id /home/youmeopc/public_html/demo/elevaweb/application/application/views/admin/feeds/list.php 78
ERROR - 2017-07-03 13:59:43 --> Severity: Notice --> Undefined index: mobile_no /home/youmeopc/public_html/demo/elevaweb/application/application/views/admin/feeds/list.php 82
ERROR - 2017-07-03 13:59:43 --> Severity: Notice --> Undefined index: email_id /home/youmeopc/public_html/demo/elevaweb/application/application/views/admin/feeds/list.php 78
ERROR - 2017-07-03 13:59:43 --> Severity: Notice --> Undefined index: mobile_no /home/youmeopc/public_html/demo/elevaweb/application/application/views/admin/feeds/list.php 82
ERROR - 2017-07-03 21:24:46 --> 404 Page Not Found: Themes/admin
ERROR - 2017-07-03 16:54:52 --> Could not find the language line "customers col last_name"
ERROR - 2017-07-03 16:54:52 --> Could not find the language line "customers input last_name"
ERROR - 2017-07-03 16:54:52 --> Severity: Notice --> Undefined index: last_name /home/youmeopc/public_html/demo/elevaweb/application/application/views/admin/customers/list.php 114
ERROR - 2017-07-03 16:54:52 --> Severity: Notice --> Undefined index: last_name /home/youmeopc/public_html/demo/elevaweb/application/application/views/admin/customers/list.php 114
ERROR - 2017-07-03 16:54:52 --> Severity: Notice --> Undefined index: last_name /home/youmeopc/public_html/demo/elevaweb/application/application/views/admin/customers/list.php 114
ERROR - 2017-07-03 16:54:52 --> Severity: Notice --> Undefined index: last_name /home/youmeopc/public_html/demo/elevaweb/application/application/views/admin/customers/list.php 114
ERROR - 2017-07-03 16:54:52 --> Severity: Notice --> Undefined index: last_name /home/youmeopc/public_html/demo/elevaweb/application/application/views/admin/customers/list.php 114
ERROR - 2017-07-03 16:54:52 --> Severity: Notice --> Undefined index: last_name /home/youmeopc/public_html/demo/elevaweb/application/application/views/admin/customers/list.php 114
ERROR - 2017-07-03 16:54:52 --> Severity: Notice --> Undefined index: last_name /home/youmeopc/public_html/demo/elevaweb/application/application/views/admin/customers/list.php 114
ERROR - 2017-07-03 16:54:52 --> Severity: Notice --> Undefined index: last_name /home/youmeopc/public_html/demo/elevaweb/application/application/views/admin/customers/list.php 114
ERROR - 2017-07-03 16:54:52 --> Severity: Notice --> Undefined index: last_name /home/youmeopc/public_html/demo/elevaweb/application/application/views/admin/customers/list.php 114
ERROR - 2017-07-03 16:54:52 --> Severity: Notice --> Undefined index: last_name /home/youmeopc/public_html/demo/elevaweb/application/application/views/admin/customers/list.php 114
ERROR - 2017-07-03 16:54:55 --> Could not find the language line "customers input last_name"
ERROR - 2017-07-03 16:55:02 --> Could not find the language line "feeds tooltip add_new_feed"
ERROR - 2017-07-03 16:55:02 --> Could not find the language line "feeds input email"
ERROR - 2017-07-03 16:55:02 --> Could not find the language line "feeds input mobile_no"
ERROR - 2017-07-03 16:55:02 --> Could not find the language line "feeds input feed_name"
ERROR - 2017-07-03 16:55:02 --> Could not find the language line "feeds input email"
ERROR - 2017-07-03 16:55:02 --> Could not find the language line "feeds input mobile_no"
ERROR - 2017-07-03 16:55:02 --> Severity: Notice --> Undefined index: email_id /home/youmeopc/public_html/demo/elevaweb/application/application/views/admin/feeds/list.php 78
ERROR - 2017-07-03 16:55:02 --> Severity: Notice --> Undefined index: mobile_no /home/youmeopc/public_html/demo/elevaweb/application/application/views/admin/feeds/list.php 82
ERROR - 2017-07-03 16:55:02 --> Severity: Notice --> Undefined index: email_id /home/youmeopc/public_html/demo/elevaweb/application/application/views/admin/feeds/list.php 78
ERROR - 2017-07-03 16:55:02 --> Severity: Notice --> Undefined index: mobile_no /home/youmeopc/public_html/demo/elevaweb/application/application/views/admin/feeds/list.php 82
ERROR - 2017-07-03 16:55:02 --> Severity: Notice --> Undefined index: email_id /home/youmeopc/public_html/demo/elevaweb/application/application/views/admin/feeds/list.php 78
ERROR - 2017-07-03 16:55:02 --> Severity: Notice --> Undefined index: mobile_no /home/youmeopc/public_html/demo/elevaweb/application/application/views/admin/feeds/list.php 82
ERROR - 2017-07-03 18:25:12 --> Could not find the language line "form_validation__check_login"
ERROR - 2017-07-03 18:26:01 --> Could not find the language line "form_validation__check_login"
ERROR - 2017-07-03 18:27:30 --> Could not find the language line "form_validation__check_login"
ERROR - 2017-07-03 18:28:26 --> Could not find the language line "form_validation__check_login"
ERROR - 2017-07-03 18:29:29 --> Could not find the language line "form_validation__check_login"
ERROR - 2017-07-03 18:30:49 --> Could not find the language line "form_validation__check_login"
ERROR - 2017-07-03 18:36:01 --> Could not find the language line "form_validation__check_login"
ERROR - 2017-07-03 18:36:42 --> Could not find the language line "form_validation__check_login"
ERROR - 2017-07-03 18:46:56 --> Could not find the language line "form_validation__check_changepass"
ERROR - 2017-07-03 18:47:18 --> Could not find the language line "form_validation__check_changepass"
ERROR - 2017-07-03 23:18:33 --> 404 Page Not Found: Themes/admin
ERROR - 2017-07-03 18:48:42 --> Could not find the language line "customers col last_name"
ERROR - 2017-07-03 18:48:42 --> Could not find the language line "customers input last_name"
ERROR - 2017-07-03 18:48:42 --> Severity: Notice --> Undefined index: last_name /home/youmeopc/public_html/demo/elevaweb/application/application/views/admin/customers/list.php 114
ERROR - 2017-07-03 18:48:42 --> Severity: Notice --> Undefined index: last_name /home/youmeopc/public_html/demo/elevaweb/application/application/views/admin/customers/list.php 114
ERROR - 2017-07-03 18:48:42 --> Severity: Notice --> Undefined index: last_name /home/youmeopc/public_html/demo/elevaweb/application/application/views/admin/customers/list.php 114
ERROR - 2017-07-03 18:48:42 --> Severity: Notice --> Undefined index: last_name /home/youmeopc/public_html/demo/elevaweb/application/application/views/admin/customers/list.php 114
ERROR - 2017-07-03 18:48:42 --> Severity: Notice --> Undefined index: last_name /home/youmeopc/public_html/demo/elevaweb/application/application/views/admin/customers/list.php 114
ERROR - 2017-07-03 18:48:42 --> Severity: Notice --> Undefined index: last_name /home/youmeopc/public_html/demo/elevaweb/application/application/views/admin/customers/list.php 114
ERROR - 2017-07-03 18:48:42 --> Severity: Notice --> Undefined index: last_name /home/youmeopc/public_html/demo/elevaweb/application/application/views/admin/customers/list.php 114
ERROR - 2017-07-03 18:48:42 --> Severity: Notice --> Undefined index: last_name /home/youmeopc/public_html/demo/elevaweb/application/application/views/admin/customers/list.php 114
ERROR - 2017-07-03 18:48:42 --> Severity: Notice --> Undefined index: last_name /home/youmeopc/public_html/demo/elevaweb/application/application/views/admin/customers/list.php 114
ERROR - 2017-07-03 18:48:42 --> Severity: Notice --> Undefined index: last_name /home/youmeopc/public_html/demo/elevaweb/application/application/views/admin/customers/list.php 114
ERROR - 2017-07-03 18:48:46 --> Could not find the language line "customers input last_name"
ERROR - 2017-07-03 18:48:58 --> Could not find the language line "customers input last_name"
ERROR - 2017-07-03 18:49:00 --> Could not find the language line "customers input last_name"
ERROR - 2017-07-03 18:49:13 --> Could not find the language line "customers input last_name"
