ERROR - 2017-06-11 06:34:13 --> 404 Page Not Found: Themes/admin
ERROR - 2017-06-11 02:04:17 --> Could not find the language line "feeds tooltip add_new_feed"
ERROR - 2017-06-11 02:04:17 --> Could not find the language line "feeds button add_new_feed"
ERROR - 2017-06-11 02:04:17 --> Could not find the language line "feeds input email"
ERROR - 2017-06-11 02:04:17 --> Could not find the language line "feeds input mobile_no"
ERROR - 2017-06-11 02:04:17 --> Could not find the language line "feeds input feed_name"
ERROR - 2017-06-11 02:04:17 --> Could not find the language line "feeds input email"
ERROR - 2017-06-11 02:04:17 --> Could not find the language line "feeds input mobile_no"
ERROR - 2017-06-11 02:04:17 --> Severity: Notice --> Undefined index: email_id /home/youmeopc/public_html/demo/elevaweb/application/application/views/admin/feeds/list.php 117
ERROR - 2017-06-11 02:04:17 --> Severity: Notice --> Undefined index: mobile_no /home/youmeopc/public_html/demo/elevaweb/application/application/views/admin/feeds/list.php 121
ERROR - 2017-06-11 02:04:17 --> Severity: Notice --> Undefined index: email_id /home/youmeopc/public_html/demo/elevaweb/application/application/views/admin/feeds/list.php 117
ERROR - 2017-06-11 02:04:17 --> Severity: Notice --> Undefined index: mobile_no /home/youmeopc/public_html/demo/elevaweb/application/application/views/admin/feeds/list.php 121
ERROR - 2017-06-11 02:04:17 --> Could not find the language line "feeds title feed_delete"
ERROR - 2017-06-11 02:04:17 --> Could not find the language line "feeds msg delete_confirm"
ERROR - 2017-06-11 02:04:17 --> Could not find the language line "feeds title feed_delete"
ERROR - 2017-06-11 02:04:17 --> Could not find the language line "feeds msg delete_confirm"
ERROR - 2017-06-11 11:02:41 --> 404 Page Not Found: Themes/admin
ERROR - 2017-06-11 06:32:48 --> Could not find the language line "feeds tooltip add_new_feed"
ERROR - 2017-06-11 06:32:48 --> Could not find the language line "feeds input email"
ERROR - 2017-06-11 06:32:48 --> Could not find the language line "feeds input mobile_no"
ERROR - 2017-06-11 06:32:48 --> Could not find the language line "feeds input feed_name"
ERROR - 2017-06-11 06:32:48 --> Could not find the language line "feeds input email"
ERROR - 2017-06-11 06:32:48 --> Could not find the language line "feeds input mobile_no"
ERROR - 2017-06-11 06:32:48 --> Severity: Notice --> Undefined index: email_id /home/youmeopc/public_html/demo/elevaweb/application/application/views/admin/feeds/list.php 78
ERROR - 2017-06-11 06:32:48 --> Severity: Notice --> Undefined index: mobile_no /home/youmeopc/public_html/demo/elevaweb/application/application/views/admin/feeds/list.php 82
ERROR - 2017-06-11 06:32:48 --> Severity: Notice --> Undefined index: email_id /home/youmeopc/public_html/demo/elevaweb/application/application/views/admin/feeds/list.php 78
ERROR - 2017-06-11 06:32:48 --> Severity: Notice --> Undefined index: mobile_no /home/youmeopc/public_html/demo/elevaweb/application/application/views/admin/feeds/list.php 82
ERROR - 2017-06-11 06:32:48 --> Could not find the language line "feeds title feed_delete"
ERROR - 2017-06-11 06:32:48 --> Could not find the language line "feeds msg delete_confirm"
ERROR - 2017-06-11 06:32:48 --> Could not find the language line "feeds title feed_delete"
ERROR - 2017-06-11 06:32:48 --> Could not find the language line "feeds msg delete_confirm"
ERROR - 2017-06-11 06:32:54 --> Could not find the language line "feeds input payment_status"
ERROR - 2017-06-11 06:32:54 --> Severity: Notice --> Undefined variable: paymentlist /home/youmeopc/public_html/demo/elevaweb/application/application/views/admin/feeds/form.php 66
ERROR - 2017-06-11 06:33:05 --> Could not find the language line "feeds tooltip add_new_feed"
ERROR - 2017-06-11 06:33:05 --> Could not find the language line "feeds input email"
ERROR - 2017-06-11 06:33:05 --> Could not find the language line "feeds input mobile_no"
ERROR - 2017-06-11 06:33:05 --> Could not find the language line "feeds input feed_name"
ERROR - 2017-06-11 06:33:05 --> Could not find the language line "feeds input email"
ERROR - 2017-06-11 06:33:05 --> Could not find the language line "feeds input mobile_no"
ERROR - 2017-06-11 06:33:05 --> Severity: Notice --> Undefined index: email_id /home/youmeopc/public_html/demo/elevaweb/application/application/views/admin/feeds/list.php 78
ERROR - 2017-06-11 06:33:05 --> Severity: Notice --> Undefined index: mobile_no /home/youmeopc/public_html/demo/elevaweb/application/application/views/admin/feeds/list.php 82
ERROR - 2017-06-11 06:33:05 --> Severity: Notice --> Undefined index: email_id /home/youmeopc/public_html/demo/elevaweb/application/application/views/admin/feeds/list.php 78
ERROR - 2017-06-11 06:33:05 --> Severity: Notice --> Undefined index: mobile_no /home/youmeopc/public_html/demo/elevaweb/application/application/views/admin/feeds/list.php 82
ERROR - 2017-06-11 06:33:05 --> Could not find the language line "feeds title feed_delete"
ERROR - 2017-06-11 06:33:05 --> Could not find the language line "feeds msg delete_confirm"
ERROR - 2017-06-11 06:33:05 --> Could not find the language line "feeds title feed_delete"
ERROR - 2017-06-11 06:33:05 --> Could not find the language line "feeds msg delete_confirm"
ERROR - 2017-06-11 06:33:13 --> Could not find the language line "feeds input payment_status"
ERROR - 2017-06-11 06:33:13 --> Severity: Notice --> Undefined variable: paymentlist /home/youmeopc/public_html/demo/elevaweb/application/application/views/admin/feeds/form.php 66
ERROR - 2017-06-11 06:33:49 --> Could not find the language line "feeds tooltip add_new_feed"
ERROR - 2017-06-11 06:33:49 --> Could not find the language line "feeds input email"
ERROR - 2017-06-11 06:33:49 --> Could not find the language line "feeds input mobile_no"
ERROR - 2017-06-11 06:33:49 --> Could not find the language line "feeds input feed_name"
ERROR - 2017-06-11 06:33:49 --> Could not find the language line "feeds input email"
ERROR - 2017-06-11 06:33:49 --> Could not find the language line "feeds input mobile_no"
ERROR - 2017-06-11 06:33:49 --> Severity: Notice --> Undefined index: email_id /home/youmeopc/public_html/demo/elevaweb/application/application/views/admin/feeds/list.php 78
ERROR - 2017-06-11 06:33:49 --> Severity: Notice --> Undefined index: mobile_no /home/youmeopc/public_html/demo/elevaweb/application/application/views/admin/feeds/list.php 82
ERROR - 2017-06-11 06:33:49 --> Severity: Notice --> Undefined index: email_id /home/youmeopc/public_html/demo/elevaweb/application/application/views/admin/feeds/list.php 78
ERROR - 2017-06-11 06:33:49 --> Severity: Notice --> Undefined index: mobile_no /home/youmeopc/public_html/demo/elevaweb/application/application/views/admin/feeds/list.php 82
ERROR - 2017-06-11 06:33:49 --> Could not find the language line "feeds title feed_delete"
ERROR - 2017-06-11 06:33:49 --> Could not find the language line "feeds msg delete_confirm"
ERROR - 2017-06-11 06:33:49 --> Could not find the language line "feeds title feed_delete"
ERROR - 2017-06-11 06:33:49 --> Could not find the language line "feeds msg delete_confirm"
ERROR - 2017-06-11 11:07:00 --> 404 Page Not Found: admin/F/index
ERROR - 2017-06-11 06:37:26 --> Could not find the language line "feeds input payment_status"
ERROR - 2017-06-11 06:37:26 --> Severity: Notice --> Undefined variable: paymentlist /home/youmeopc/public_html/demo/elevaweb/application/application/views/admin/feeds/form.php 66
ERROR - 2017-06-11 06:37:36 --> Could not find the language line "feeds input payment_status"
ERROR - 2017-06-11 06:37:36 --> Severity: Notice --> Undefined variable: paymentlist /home/youmeopc/public_html/demo/elevaweb/application/application/views/admin/feeds/form.php 66
ERROR - 2017-06-11 06:37:48 --> Could not find the language line "feeds input payment_status"
ERROR - 2017-06-11 06:37:48 --> Severity: Notice --> Undefined variable: paymentlist /home/youmeopc/public_html/demo/elevaweb/application/application/views/admin/feeds/form.php 66
ERROR - 2017-06-11 06:42:56 --> Could not find the language line "feeds tooltip add_new_feed"
ERROR - 2017-06-11 06:42:56 --> Could not find the language line "feeds input email"
ERROR - 2017-06-11 06:42:56 --> Could not find the language line "feeds input mobile_no"
ERROR - 2017-06-11 06:42:56 --> Could not find the language line "feeds input feed_name"
ERROR - 2017-06-11 06:42:56 --> Could not find the language line "feeds input email"
ERROR - 2017-06-11 06:42:56 --> Could not find the language line "feeds input mobile_no"
ERROR - 2017-06-11 06:42:56 --> Severity: Notice --> Undefined index: email_id /home/youmeopc/public_html/demo/elevaweb/application/application/views/admin/feeds/list.php 78
ERROR - 2017-06-11 06:42:56 --> Severity: Notice --> Undefined index: mobile_no /home/youmeopc/public_html/demo/elevaweb/application/application/views/admin/feeds/list.php 82
ERROR - 2017-06-11 06:42:56 --> Severity: Notice --> Undefined index: email_id /home/youmeopc/public_html/demo/elevaweb/application/application/views/admin/feeds/list.php 78
ERROR - 2017-06-11 06:42:56 --> Severity: Notice --> Undefined index: mobile_no /home/youmeopc/public_html/demo/elevaweb/application/application/views/admin/feeds/list.php 82
ERROR - 2017-06-11 06:42:56 --> Could not find the language line "feeds title feed_delete"
ERROR - 2017-06-11 06:42:56 --> Could not find the language line "feeds msg delete_confirm"
ERROR - 2017-06-11 06:42:56 --> Could not find the language line "feeds title feed_delete"
ERROR - 2017-06-11 06:42:56 --> Could not find the language line "feeds msg delete_confirm"
ERROR - 2017-06-11 11:21:48 --> 404 Page Not Found: Themes/admin
ERROR - 2017-06-11 11:25:21 --> 404 Page Not Found: admin/F/index
ERROR - 2017-06-11 11:25:47 --> 404 Page Not Found: Themes/admin
ERROR - 2017-06-11 11:26:06 --> 404 Page Not Found: Themes/admin
ERROR - 2017-06-11 11:35:42 --> 404 Page Not Found: Themes/admin
ERROR - 2017-06-11 07:05:46 --> Could not find the language line "feeds tooltip add_new_feed"
ERROR - 2017-06-11 07:05:46 --> Could not find the language line "feeds input email"
ERROR - 2017-06-11 07:05:46 --> Could not find the language line "feeds input mobile_no"
ERROR - 2017-06-11 07:05:46 --> Could not find the language line "feeds input feed_name"
ERROR - 2017-06-11 07:05:46 --> Could not find the language line "feeds input email"
ERROR - 2017-06-11 07:05:46 --> Could not find the language line "feeds input mobile_no"
ERROR - 2017-06-11 07:05:46 --> Severity: Notice --> Undefined index: email_id /home/youmeopc/public_html/demo/elevaweb/application/application/views/admin/feeds/list.php 78
ERROR - 2017-06-11 07:05:46 --> Severity: Notice --> Undefined index: mobile_no /home/youmeopc/public_html/demo/elevaweb/application/application/views/admin/feeds/list.php 82
ERROR - 2017-06-11 07:05:46 --> Severity: Notice --> Undefined index: email_id /home/youmeopc/public_html/demo/elevaweb/application/application/views/admin/feeds/list.php 78
ERROR - 2017-06-11 07:05:46 --> Severity: Notice --> Undefined index: mobile_no /home/youmeopc/public_html/demo/elevaweb/application/application/views/admin/feeds/list.php 82
ERROR - 2017-06-11 07:05:46 --> Could not find the language line "feeds title feed_delete"
ERROR - 2017-06-11 07:05:46 --> Could not find the language line "feeds msg delete_confirm"
ERROR - 2017-06-11 07:05:46 --> Could not find the language line "feeds title feed_delete"
ERROR - 2017-06-11 07:05:46 --> Could not find the language line "feeds msg delete_confirm"
ERROR - 2017-06-11 07:05:48 --> Could not find the language line "feeds input payment_status"
ERROR - 2017-06-11 07:05:48 --> Severity: Notice --> Undefined variable: paymentlist /home/youmeopc/public_html/demo/elevaweb/application/application/views/admin/feeds/form.php 66
ERROR - 2017-06-11 07:05:53 --> Could not find the language line "feeds tooltip add_new_feed"
ERROR - 2017-06-11 07:05:53 --> Could not find the language line "feeds input email"
ERROR - 2017-06-11 07:05:53 --> Could not find the language line "feeds input mobile_no"
ERROR - 2017-06-11 07:05:53 --> Could not find the language line "feeds input feed_name"
ERROR - 2017-06-11 07:05:53 --> Could not find the language line "feeds input email"
ERROR - 2017-06-11 07:05:53 --> Could not find the language line "feeds input mobile_no"
ERROR - 2017-06-11 07:05:53 --> Severity: Notice --> Undefined index: email_id /home/youmeopc/public_html/demo/elevaweb/application/application/views/admin/feeds/list.php 78
ERROR - 2017-06-11 07:05:53 --> Severity: Notice --> Undefined index: mobile_no /home/youmeopc/public_html/demo/elevaweb/application/application/views/admin/feeds/list.php 82
ERROR - 2017-06-11 07:05:53 --> Severity: Notice --> Undefined index: email_id /home/youmeopc/public_html/demo/elevaweb/application/application/views/admin/feeds/list.php 78
ERROR - 2017-06-11 07:05:53 --> Severity: Notice --> Undefined index: mobile_no /home/youmeopc/public_html/demo/elevaweb/application/application/views/admin/feeds/list.php 82
ERROR - 2017-06-11 07:05:53 --> Could not find the language line "feeds title feed_delete"
ERROR - 2017-06-11 07:05:53 --> Could not find the language line "feeds msg delete_confirm"
ERROR - 2017-06-11 07:05:53 --> Could not find the language line "feeds title feed_delete"
ERROR - 2017-06-11 07:05:53 --> Could not find the language line "feeds msg delete_confirm"
ERROR - 2017-06-11 07:05:55 --> Could not find the language line "feeds input payment_status"
ERROR - 2017-06-11 07:05:55 --> Severity: Notice --> Undefined variable: paymentlist /home/youmeopc/public_html/demo/elevaweb/application/application/views/admin/feeds/form.php 66
ERROR - 2017-06-11 13:43:24 --> 404 Page Not Found: Themes/admin
ERROR - 2017-06-11 18:39:03 --> 404 Page Not Found: Themes/admin
ERROR - 2017-06-11 14:09:14 --> Could not find the language line "feeds tooltip add_new_feed"
ERROR - 2017-06-11 14:09:14 --> Could not find the language line "feeds input email"
ERROR - 2017-06-11 14:09:14 --> Could not find the language line "feeds input mobile_no"
ERROR - 2017-06-11 14:09:14 --> Could not find the language line "feeds input feed_name"
ERROR - 2017-06-11 14:09:14 --> Could not find the language line "feeds input email"
ERROR - 2017-06-11 14:09:14 --> Could not find the language line "feeds input mobile_no"
ERROR - 2017-06-11 14:09:14 --> Severity: Notice --> Undefined index: email_id /home/youmeopc/public_html/demo/elevaweb/application/application/views/admin/feeds/list.php 78
ERROR - 2017-06-11 14:09:14 --> Severity: Notice --> Undefined index: mobile_no /home/youmeopc/public_html/demo/elevaweb/application/application/views/admin/feeds/list.php 82
ERROR - 2017-06-11 14:09:14 --> Severity: Notice --> Undefined index: email_id /home/youmeopc/public_html/demo/elevaweb/application/application/views/admin/feeds/list.php 78
ERROR - 2017-06-11 14:09:14 --> Severity: Notice --> Undefined index: mobile_no /home/youmeopc/public_html/demo/elevaweb/application/application/views/admin/feeds/list.php 82
ERROR - 2017-06-11 14:09:14 --> Could not find the language line "feeds title feed_delete"
ERROR - 2017-06-11 14:09:14 --> Could not find the language line "feeds msg delete_confirm"
ERROR - 2017-06-11 14:09:14 --> Could not find the language line "feeds title feed_delete"
ERROR - 2017-06-11 14:09:14 --> Could not find the language line "feeds msg delete_confirm"
ERROR - 2017-06-11 14:09:20 --> Could not find the language line "feeds input payment_status"
ERROR - 2017-06-11 14:09:20 --> Severity: Notice --> Undefined variable: paymentlist /home/youmeopc/public_html/demo/elevaweb/application/application/views/admin/feeds/form.php 66
