ERROR - 2017-06-21 04:35:44 --> Could not find the language line "form_validation__check_login"
ERROR - 2017-06-21 14:19:01 --> 404 Page Not Found: Themes/admin
ERROR - 2017-06-21 14:21:13 --> 404 Page Not Found: Themes/admin
ERROR - 2017-06-21 09:51:21 --> Could not find the language line "customers col last_name"
ERROR - 2017-06-21 09:51:21 --> Could not find the language line "customers input last_name"
ERROR - 2017-06-21 09:51:21 --> Severity: Notice --> Undefined index: last_name /home/youmeopc/public_html/demo/elevaweb/application/application/views/admin/customers/list.php 114
ERROR - 2017-06-21 09:51:21 --> Severity: Notice --> Undefined index: last_name /home/youmeopc/public_html/demo/elevaweb/application/application/views/admin/customers/list.php 114
ERROR - 2017-06-21 09:51:21 --> Severity: Notice --> Undefined index: last_name /home/youmeopc/public_html/demo/elevaweb/application/application/views/admin/customers/list.php 114
ERROR - 2017-06-21 09:51:21 --> Severity: Notice --> Undefined index: last_name /home/youmeopc/public_html/demo/elevaweb/application/application/views/admin/customers/list.php 114
ERROR - 2017-06-21 09:51:21 --> Severity: Notice --> Undefined index: last_name /home/youmeopc/public_html/demo/elevaweb/application/application/views/admin/customers/list.php 114
ERROR - 2017-06-21 09:51:21 --> Severity: Notice --> Undefined index: last_name /home/youmeopc/public_html/demo/elevaweb/application/application/views/admin/customers/list.php 114
ERROR - 2017-06-21 09:51:21 --> Severity: Notice --> Undefined index: last_name /home/youmeopc/public_html/demo/elevaweb/application/application/views/admin/customers/list.php 114
ERROR - 2017-06-21 09:51:21 --> Severity: Notice --> Undefined index: last_name /home/youmeopc/public_html/demo/elevaweb/application/application/views/admin/customers/list.php 114
ERROR - 2017-06-21 09:51:21 --> Severity: Notice --> Undefined index: last_name /home/youmeopc/public_html/demo/elevaweb/application/application/views/admin/customers/list.php 114
ERROR - 2017-06-21 09:51:21 --> Severity: Notice --> Undefined index: last_name /home/youmeopc/public_html/demo/elevaweb/application/application/views/admin/customers/list.php 114
ERROR - 2017-06-21 09:51:28 --> Could not find the language line "feeds tooltip add_new_feed"
ERROR - 2017-06-21 09:51:28 --> Could not find the language line "feeds input email"
ERROR - 2017-06-21 09:51:28 --> Could not find the language line "feeds input mobile_no"
ERROR - 2017-06-21 09:51:28 --> Could not find the language line "feeds input feed_name"
ERROR - 2017-06-21 09:51:28 --> Could not find the language line "feeds input email"
ERROR - 2017-06-21 09:51:28 --> Could not find the language line "feeds input mobile_no"
ERROR - 2017-06-21 09:51:28 --> Severity: Notice --> Undefined index: email_id /home/youmeopc/public_html/demo/elevaweb/application/application/views/admin/feeds/list.php 78
ERROR - 2017-06-21 09:51:28 --> Severity: Notice --> Undefined index: mobile_no /home/youmeopc/public_html/demo/elevaweb/application/application/views/admin/feeds/list.php 82
ERROR - 2017-06-21 09:51:28 --> Severity: Notice --> Undefined index: email_id /home/youmeopc/public_html/demo/elevaweb/application/application/views/admin/feeds/list.php 78
ERROR - 2017-06-21 09:51:28 --> Severity: Notice --> Undefined index: mobile_no /home/youmeopc/public_html/demo/elevaweb/application/application/views/admin/feeds/list.php 82
ERROR - 2017-06-21 09:51:28 --> Could not find the language line "feeds title feed_delete"
ERROR - 2017-06-21 09:51:28 --> Could not find the language line "feeds msg delete_confirm"
ERROR - 2017-06-21 09:51:28 --> Could not find the language line "feeds title feed_delete"
ERROR - 2017-06-21 09:51:28 --> Could not find the language line "feeds msg delete_confirm"
ERROR - 2017-06-21 09:51:31 --> Could not find the language line "feeds input payment_status"
ERROR - 2017-06-21 09:51:31 --> Severity: Notice --> Undefined variable: paymentlist /home/youmeopc/public_html/demo/elevaweb/application/application/views/admin/feeds/form.php 66
ERROR - 2017-06-21 09:51:42 --> Could not find the language line "feeds tooltip add_new_feed"
ERROR - 2017-06-21 09:51:42 --> Could not find the language line "feeds input email"
ERROR - 2017-06-21 09:51:42 --> Could not find the language line "feeds input mobile_no"
ERROR - 2017-06-21 09:51:42 --> Could not find the language line "feeds input feed_name"
ERROR - 2017-06-21 09:51:42 --> Could not find the language line "feeds input email"
ERROR - 2017-06-21 09:51:42 --> Could not find the language line "feeds input mobile_no"
ERROR - 2017-06-21 09:51:42 --> Severity: Notice --> Undefined index: email_id /home/youmeopc/public_html/demo/elevaweb/application/application/views/admin/feeds/list.php 78
ERROR - 2017-06-21 09:51:42 --> Severity: Notice --> Undefined index: mobile_no /home/youmeopc/public_html/demo/elevaweb/application/application/views/admin/feeds/list.php 82
ERROR - 2017-06-21 09:51:42 --> Severity: Notice --> Undefined index: email_id /home/youmeopc/public_html/demo/elevaweb/application/application/views/admin/feeds/list.php 78
ERROR - 2017-06-21 09:51:42 --> Severity: Notice --> Undefined index: mobile_no /home/youmeopc/public_html/demo/elevaweb/application/application/views/admin/feeds/list.php 82
ERROR - 2017-06-21 09:51:42 --> Could not find the language line "feeds title feed_delete"
ERROR - 2017-06-21 09:51:42 --> Could not find the language line "feeds msg delete_confirm"
ERROR - 2017-06-21 09:51:42 --> Could not find the language line "feeds title feed_delete"
ERROR - 2017-06-21 09:51:42 --> Could not find the language line "feeds msg delete_confirm"
ERROR - 2017-06-21 09:51:54 --> Could not find the language line "customers col last_name"
ERROR - 2017-06-21 09:51:54 --> Could not find the language line "customers input last_name"
ERROR - 2017-06-21 09:51:54 --> Severity: Notice --> Undefined index: last_name /home/youmeopc/public_html/demo/elevaweb/application/application/views/admin/customers/list.php 114
ERROR - 2017-06-21 09:51:54 --> Severity: Notice --> Undefined index: last_name /home/youmeopc/public_html/demo/elevaweb/application/application/views/admin/customers/list.php 114
ERROR - 2017-06-21 09:51:54 --> Severity: Notice --> Undefined index: last_name /home/youmeopc/public_html/demo/elevaweb/application/application/views/admin/customers/list.php 114
ERROR - 2017-06-21 09:51:54 --> Severity: Notice --> Undefined index: last_name /home/youmeopc/public_html/demo/elevaweb/application/application/views/admin/customers/list.php 114
ERROR - 2017-06-21 09:51:54 --> Severity: Notice --> Undefined index: last_name /home/youmeopc/public_html/demo/elevaweb/application/application/views/admin/customers/list.php 114
ERROR - 2017-06-21 09:51:54 --> Severity: Notice --> Undefined index: last_name /home/youmeopc/public_html/demo/elevaweb/application/application/views/admin/customers/list.php 114
ERROR - 2017-06-21 09:51:54 --> Severity: Notice --> Undefined index: last_name /home/youmeopc/public_html/demo/elevaweb/application/application/views/admin/customers/list.php 114
ERROR - 2017-06-21 09:51:54 --> Severity: Notice --> Undefined index: last_name /home/youmeopc/public_html/demo/elevaweb/application/application/views/admin/customers/list.php 114
ERROR - 2017-06-21 09:51:54 --> Severity: Notice --> Undefined index: last_name /home/youmeopc/public_html/demo/elevaweb/application/application/views/admin/customers/list.php 114
ERROR - 2017-06-21 09:51:54 --> Severity: Notice --> Undefined index: last_name /home/youmeopc/public_html/demo/elevaweb/application/application/views/admin/customers/list.php 114
ERROR - 2017-06-21 14:21:59 --> 404 Page Not Found: Themes/admin
ERROR - 2017-06-21 09:52:01 --> Could not find the language line "customers col last_name"
ERROR - 2017-06-21 09:52:01 --> Could not find the language line "customers input last_name"
ERROR - 2017-06-21 09:52:01 --> Severity: Notice --> Undefined index: last_name /home/youmeopc/public_html/demo/elevaweb/application/application/views/admin/customers/list.php 114
ERROR - 2017-06-21 09:52:01 --> Severity: Notice --> Undefined index: last_name /home/youmeopc/public_html/demo/elevaweb/application/application/views/admin/customers/list.php 114
ERROR - 2017-06-21 09:52:01 --> Severity: Notice --> Undefined index: last_name /home/youmeopc/public_html/demo/elevaweb/application/application/views/admin/customers/list.php 114
ERROR - 2017-06-21 09:52:01 --> Severity: Notice --> Undefined index: last_name /home/youmeopc/public_html/demo/elevaweb/application/application/views/admin/customers/list.php 114
ERROR - 2017-06-21 09:52:01 --> Severity: Notice --> Undefined index: last_name /home/youmeopc/public_html/demo/elevaweb/application/application/views/admin/customers/list.php 114
ERROR - 2017-06-21 09:52:01 --> Severity: Notice --> Undefined index: last_name /home/youmeopc/public_html/demo/elevaweb/application/application/views/admin/customers/list.php 114
ERROR - 2017-06-21 09:52:01 --> Severity: Notice --> Undefined index: last_name /home/youmeopc/public_html/demo/elevaweb/application/application/views/admin/customers/list.php 114
ERROR - 2017-06-21 09:52:01 --> Severity: Notice --> Undefined index: last_name /home/youmeopc/public_html/demo/elevaweb/application/application/views/admin/customers/list.php 114
ERROR - 2017-06-21 09:52:01 --> Severity: Notice --> Undefined index: last_name /home/youmeopc/public_html/demo/elevaweb/application/application/views/admin/customers/list.php 114
ERROR - 2017-06-21 09:52:01 --> Severity: Notice --> Undefined index: last_name /home/youmeopc/public_html/demo/elevaweb/application/application/views/admin/customers/list.php 114
ERROR - 2017-06-21 09:52:03 --> Could not find the language line "customers input last_name"
ERROR - 2017-06-21 09:52:07 --> Could not find the language line "customers col last_name"
ERROR - 2017-06-21 09:52:07 --> Could not find the language line "customers input last_name"
ERROR - 2017-06-21 09:52:07 --> Severity: Notice --> Undefined index: last_name /home/youmeopc/public_html/demo/elevaweb/application/application/views/admin/customers/list.php 114
ERROR - 2017-06-21 09:52:07 --> Severity: Notice --> Undefined index: last_name /home/youmeopc/public_html/demo/elevaweb/application/application/views/admin/customers/list.php 114
ERROR - 2017-06-21 09:52:07 --> Severity: Notice --> Undefined index: last_name /home/youmeopc/public_html/demo/elevaweb/application/application/views/admin/customers/list.php 114
ERROR - 2017-06-21 09:52:07 --> Severity: Notice --> Undefined index: last_name /home/youmeopc/public_html/demo/elevaweb/application/application/views/admin/customers/list.php 114
ERROR - 2017-06-21 09:52:07 --> Severity: Notice --> Undefined index: last_name /home/youmeopc/public_html/demo/elevaweb/application/application/views/admin/customers/list.php 114
ERROR - 2017-06-21 09:52:07 --> Severity: Notice --> Undefined index: last_name /home/youmeopc/public_html/demo/elevaweb/application/application/views/admin/customers/list.php 114
ERROR - 2017-06-21 09:52:07 --> Severity: Notice --> Undefined index: last_name /home/youmeopc/public_html/demo/elevaweb/application/application/views/admin/customers/list.php 114
ERROR - 2017-06-21 09:52:07 --> Severity: Notice --> Undefined index: last_name /home/youmeopc/public_html/demo/elevaweb/application/application/views/admin/customers/list.php 114
ERROR - 2017-06-21 09:52:07 --> Severity: Notice --> Undefined index: last_name /home/youmeopc/public_html/demo/elevaweb/application/application/views/admin/customers/list.php 114
ERROR - 2017-06-21 09:52:07 --> Severity: Notice --> Undefined index: last_name /home/youmeopc/public_html/demo/elevaweb/application/application/views/admin/customers/list.php 114
ERROR - 2017-06-21 09:52:10 --> Could not find the language line "feeds tooltip add_new_feed"
ERROR - 2017-06-21 09:52:10 --> Could not find the language line "feeds input email"
ERROR - 2017-06-21 09:52:10 --> Could not find the language line "feeds input mobile_no"
ERROR - 2017-06-21 09:52:10 --> Could not find the language line "feeds input feed_name"
ERROR - 2017-06-21 09:52:10 --> Could not find the language line "feeds input email"
ERROR - 2017-06-21 09:52:10 --> Could not find the language line "feeds input mobile_no"
ERROR - 2017-06-21 09:52:10 --> Severity: Notice --> Undefined index: email_id /home/youmeopc/public_html/demo/elevaweb/application/application/views/admin/feeds/list.php 78
ERROR - 2017-06-21 09:52:10 --> Severity: Notice --> Undefined index: mobile_no /home/youmeopc/public_html/demo/elevaweb/application/application/views/admin/feeds/list.php 82
ERROR - 2017-06-21 09:52:10 --> Severity: Notice --> Undefined index: email_id /home/youmeopc/public_html/demo/elevaweb/application/application/views/admin/feeds/list.php 78
ERROR - 2017-06-21 09:52:10 --> Severity: Notice --> Undefined index: mobile_no /home/youmeopc/public_html/demo/elevaweb/application/application/views/admin/feeds/list.php 82
ERROR - 2017-06-21 09:52:10 --> Could not find the language line "feeds title feed_delete"
ERROR - 2017-06-21 09:52:10 --> Could not find the language line "feeds msg delete_confirm"
ERROR - 2017-06-21 09:52:10 --> Could not find the language line "feeds title feed_delete"
ERROR - 2017-06-21 09:52:10 --> Could not find the language line "feeds msg delete_confirm"
ERROR - 2017-06-21 09:52:12 --> Could not find the language line "feeds input payment_status"
ERROR - 2017-06-21 09:52:12 --> Severity: Notice --> Undefined variable: paymentlist /home/youmeopc/public_html/demo/elevaweb/application/application/views/admin/feeds/form.php 66
ERROR - 2017-06-21 14:23:42 --> 404 Page Not Found: Themes/admin
ERROR - 2017-06-21 14:23:53 --> 404 Page Not Found: Themes/admin
ERROR - 2017-06-21 09:53:58 --> Could not find the language line "feeds tooltip add_new_feed"
ERROR - 2017-06-21 09:53:58 --> Could not find the language line "feeds input email"
ERROR - 2017-06-21 09:53:58 --> Could not find the language line "feeds input mobile_no"
ERROR - 2017-06-21 09:53:58 --> Could not find the language line "feeds input feed_name"
ERROR - 2017-06-21 09:53:58 --> Could not find the language line "feeds input email"
ERROR - 2017-06-21 09:53:58 --> Could not find the language line "feeds input mobile_no"
ERROR - 2017-06-21 09:53:58 --> Severity: Notice --> Undefined index: email_id /home/youmeopc/public_html/demo/elevaweb/application/application/views/admin/feeds/list.php 78
ERROR - 2017-06-21 09:53:58 --> Severity: Notice --> Undefined index: mobile_no /home/youmeopc/public_html/demo/elevaweb/application/application/views/admin/feeds/list.php 82
ERROR - 2017-06-21 09:53:58 --> Severity: Notice --> Undefined index: email_id /home/youmeopc/public_html/demo/elevaweb/application/application/views/admin/feeds/list.php 78
ERROR - 2017-06-21 09:53:58 --> Severity: Notice --> Undefined index: mobile_no /home/youmeopc/public_html/demo/elevaweb/application/application/views/admin/feeds/list.php 82
ERROR - 2017-06-21 09:53:58 --> Could not find the language line "feeds title feed_delete"
ERROR - 2017-06-21 09:53:58 --> Could not find the language line "feeds msg delete_confirm"
ERROR - 2017-06-21 09:53:58 --> Could not find the language line "feeds title feed_delete"
ERROR - 2017-06-21 09:53:58 --> Could not find the language line "feeds msg delete_confirm"
ERROR - 2017-06-21 09:54:02 --> Could not find the language line "feeds input payment_status"
ERROR - 2017-06-21 09:54:02 --> Severity: Notice --> Undefined variable: paymentlist /home/youmeopc/public_html/demo/elevaweb/application/application/views/admin/feeds/form.php 66
ERROR - 2017-06-21 09:55:13 --> Could not find the language line "feeds input payment_status"
ERROR - 2017-06-21 09:55:13 --> Severity: Notice --> Undefined variable: paymentlist /home/youmeopc/public_html/demo/elevaweb/application/application/views/admin/feeds/form.php 66
ERROR - 2017-06-21 09:55:16 --> Could not find the language line "feeds input payment_status"
ERROR - 2017-06-21 09:55:16 --> Severity: Notice --> Undefined variable: paymentlist /home/youmeopc/public_html/demo/elevaweb/application/application/views/admin/feeds/form.php 66
ERROR - 2017-06-21 15:42:28 --> 404 Page Not Found: Themes/admin
ERROR - 2017-06-21 11:12:34 --> Could not find the language line "customers col last_name"
ERROR - 2017-06-21 11:12:34 --> Could not find the language line "customers input last_name"
ERROR - 2017-06-21 11:12:34 --> Severity: Notice --> Undefined index: last_name /home/youmeopc/public_html/demo/elevaweb/application/application/views/admin/customers/list.php 114
ERROR - 2017-06-21 11:12:34 --> Severity: Notice --> Undefined index: last_name /home/youmeopc/public_html/demo/elevaweb/application/application/views/admin/customers/list.php 114
ERROR - 2017-06-21 11:12:34 --> Severity: Notice --> Undefined index: last_name /home/youmeopc/public_html/demo/elevaweb/application/application/views/admin/customers/list.php 114
ERROR - 2017-06-21 11:12:34 --> Severity: Notice --> Undefined index: last_name /home/youmeopc/public_html/demo/elevaweb/application/application/views/admin/customers/list.php 114
ERROR - 2017-06-21 11:12:34 --> Severity: Notice --> Undefined index: last_name /home/youmeopc/public_html/demo/elevaweb/application/application/views/admin/customers/list.php 114
ERROR - 2017-06-21 11:12:34 --> Severity: Notice --> Undefined index: last_name /home/youmeopc/public_html/demo/elevaweb/application/application/views/admin/customers/list.php 114
ERROR - 2017-06-21 11:12:34 --> Severity: Notice --> Undefined index: last_name /home/youmeopc/public_html/demo/elevaweb/application/application/views/admin/customers/list.php 114
ERROR - 2017-06-21 11:12:34 --> Severity: Notice --> Undefined index: last_name /home/youmeopc/public_html/demo/elevaweb/application/application/views/admin/customers/list.php 114
ERROR - 2017-06-21 11:12:34 --> Severity: Notice --> Undefined index: last_name /home/youmeopc/public_html/demo/elevaweb/application/application/views/admin/customers/list.php 114
ERROR - 2017-06-21 11:12:34 --> Severity: Notice --> Undefined index: last_name /home/youmeopc/public_html/demo/elevaweb/application/application/views/admin/customers/list.php 114
ERROR - 2017-06-21 11:12:47 --> Could not find the language line "customers input last_name"
ERROR - 2017-06-21 11:12:53 --> Could not find the language line "customers col last_name"
ERROR - 2017-06-21 11:12:53 --> Could not find the language line "customers input last_name"
ERROR - 2017-06-21 11:12:53 --> Severity: Notice --> Undefined index: last_name /home/youmeopc/public_html/demo/elevaweb/application/application/views/admin/customers/list.php 114
ERROR - 2017-06-21 11:12:53 --> Severity: Notice --> Undefined index: last_name /home/youmeopc/public_html/demo/elevaweb/application/application/views/admin/customers/list.php 114
ERROR - 2017-06-21 11:12:53 --> Severity: Notice --> Undefined index: last_name /home/youmeopc/public_html/demo/elevaweb/application/application/views/admin/customers/list.php 114
ERROR - 2017-06-21 11:12:53 --> Severity: Notice --> Undefined index: last_name /home/youmeopc/public_html/demo/elevaweb/application/application/views/admin/customers/list.php 114
ERROR - 2017-06-21 11:12:53 --> Severity: Notice --> Undefined index: last_name /home/youmeopc/public_html/demo/elevaweb/application/application/views/admin/customers/list.php 114
ERROR - 2017-06-21 11:12:53 --> Severity: Notice --> Undefined index: last_name /home/youmeopc/public_html/demo/elevaweb/application/application/views/admin/customers/list.php 114
ERROR - 2017-06-21 11:12:53 --> Severity: Notice --> Undefined index: last_name /home/youmeopc/public_html/demo/elevaweb/application/application/views/admin/customers/list.php 114
ERROR - 2017-06-21 11:12:53 --> Severity: Notice --> Undefined index: last_name /home/youmeopc/public_html/demo/elevaweb/application/application/views/admin/customers/list.php 114
ERROR - 2017-06-21 11:12:53 --> Severity: Notice --> Undefined index: last_name /home/youmeopc/public_html/demo/elevaweb/application/application/views/admin/customers/list.php 114
ERROR - 2017-06-21 11:12:53 --> Severity: Notice --> Undefined index: last_name /home/youmeopc/public_html/demo/elevaweb/application/application/views/admin/customers/list.php 114
ERROR - 2017-06-21 11:13:08 --> Could not find the language line "customers input last_name"
ERROR - 2017-06-21 11:13:28 --> Could not find the language line "customers col last_name"
ERROR - 2017-06-21 11:13:28 --> Could not find the language line "customers input last_name"
ERROR - 2017-06-21 11:13:28 --> Severity: Notice --> Undefined index: last_name /home/youmeopc/public_html/demo/elevaweb/application/application/views/admin/customers/list.php 114
ERROR - 2017-06-21 11:13:28 --> Severity: Notice --> Undefined index: last_name /home/youmeopc/public_html/demo/elevaweb/application/application/views/admin/customers/list.php 114
ERROR - 2017-06-21 11:13:28 --> Severity: Notice --> Undefined index: last_name /home/youmeopc/public_html/demo/elevaweb/application/application/views/admin/customers/list.php 114
ERROR - 2017-06-21 11:13:28 --> Severity: Notice --> Undefined index: last_name /home/youmeopc/public_html/demo/elevaweb/application/application/views/admin/customers/list.php 114
ERROR - 2017-06-21 11:13:28 --> Severity: Notice --> Undefined index: last_name /home/youmeopc/public_html/demo/elevaweb/application/application/views/admin/customers/list.php 114
ERROR - 2017-06-21 11:13:28 --> Severity: Notice --> Undefined index: last_name /home/youmeopc/public_html/demo/elevaweb/application/application/views/admin/customers/list.php 114
ERROR - 2017-06-21 11:13:28 --> Severity: Notice --> Undefined index: last_name /home/youmeopc/public_html/demo/elevaweb/application/application/views/admin/customers/list.php 114
ERROR - 2017-06-21 11:13:28 --> Severity: Notice --> Undefined index: last_name /home/youmeopc/public_html/demo/elevaweb/application/application/views/admin/customers/list.php 114
ERROR - 2017-06-21 11:13:28 --> Severity: Notice --> Undefined index: last_name /home/youmeopc/public_html/demo/elevaweb/application/application/views/admin/customers/list.php 114
ERROR - 2017-06-21 11:13:28 --> Severity: Notice --> Undefined index: last_name /home/youmeopc/public_html/demo/elevaweb/application/application/views/admin/customers/list.php 114
ERROR - 2017-06-21 11:13:36 --> Could not find the language line "feeds tooltip add_new_feed"
ERROR - 2017-06-21 11:13:36 --> Could not find the language line "feeds input email"
ERROR - 2017-06-21 11:13:36 --> Could not find the language line "feeds input mobile_no"
ERROR - 2017-06-21 11:13:36 --> Could not find the language line "feeds input feed_name"
ERROR - 2017-06-21 11:13:36 --> Could not find the language line "feeds input email"
ERROR - 2017-06-21 11:13:36 --> Could not find the language line "feeds input mobile_no"
ERROR - 2017-06-21 11:13:36 --> Severity: Notice --> Undefined index: email_id /home/youmeopc/public_html/demo/elevaweb/application/application/views/admin/feeds/list.php 78
ERROR - 2017-06-21 11:13:36 --> Severity: Notice --> Undefined index: mobile_no /home/youmeopc/public_html/demo/elevaweb/application/application/views/admin/feeds/list.php 82
ERROR - 2017-06-21 11:13:36 --> Severity: Notice --> Undefined index: email_id /home/youmeopc/public_html/demo/elevaweb/application/application/views/admin/feeds/list.php 78
ERROR - 2017-06-21 11:13:36 --> Severity: Notice --> Undefined index: mobile_no /home/youmeopc/public_html/demo/elevaweb/application/application/views/admin/feeds/list.php 82
ERROR - 2017-06-21 11:13:36 --> Could not find the language line "feeds title feed_delete"
ERROR - 2017-06-21 11:13:36 --> Could not find the language line "feeds msg delete_confirm"
ERROR - 2017-06-21 11:13:36 --> Could not find the language line "feeds title feed_delete"
ERROR - 2017-06-21 11:13:36 --> Could not find the language line "feeds msg delete_confirm"
ERROR - 2017-06-21 11:14:28 --> Could not find the language line "feeds input payment_status"
ERROR - 2017-06-21 11:14:28 --> Severity: Notice --> Undefined variable: paymentlist /home/youmeopc/public_html/demo/elevaweb/application/application/views/admin/feeds/form.php 66
ERROR - 2017-06-21 16:09:33 --> 404 Page Not Found: Themes/admin
ERROR - 2017-06-21 16:44:26 --> 404 Page Not Found: Themes/admin
ERROR - 2017-06-21 16:44:40 --> 404 Page Not Found: Themes/admin
ERROR - 2017-06-21 18:39:46 --> 404 Page Not Found: Themes/admin
ERROR - 2017-06-21 22:12:55 --> 404 Page Not Found: Themes/admin
ERROR - 2017-06-21 17:43:00 --> Could not find the language line "feeds tooltip add_new_feed"
ERROR - 2017-06-21 17:43:00 --> Could not find the language line "feeds input email"
ERROR - 2017-06-21 17:43:00 --> Could not find the language line "feeds input mobile_no"
ERROR - 2017-06-21 17:43:00 --> Could not find the language line "feeds input feed_name"
ERROR - 2017-06-21 17:43:00 --> Could not find the language line "feeds input email"
ERROR - 2017-06-21 17:43:00 --> Could not find the language line "feeds input mobile_no"
ERROR - 2017-06-21 17:43:00 --> Severity: Notice --> Undefined index: email_id /home/youmeopc/public_html/demo/elevaweb/application/application/views/admin/feeds/list.php 78
ERROR - 2017-06-21 17:43:00 --> Severity: Notice --> Undefined index: mobile_no /home/youmeopc/public_html/demo/elevaweb/application/application/views/admin/feeds/list.php 82
ERROR - 2017-06-21 17:43:00 --> Severity: Notice --> Undefined index: email_id /home/youmeopc/public_html/demo/elevaweb/application/application/views/admin/feeds/list.php 78
ERROR - 2017-06-21 17:43:00 --> Severity: Notice --> Undefined index: mobile_no /home/youmeopc/public_html/demo/elevaweb/application/application/views/admin/feeds/list.php 82
ERROR - 2017-06-21 17:43:00 --> Could not find the language line "feeds title feed_delete"
ERROR - 2017-06-21 17:43:00 --> Could not find the language line "feeds msg delete_confirm"
ERROR - 2017-06-21 17:43:00 --> Could not find the language line "feeds title feed_delete"
ERROR - 2017-06-21 17:43:00 --> Could not find the language line "feeds msg delete_confirm"
ERROR - 2017-06-21 17:43:03 --> Could not find the language line "feeds input payment_status"
ERROR - 2017-06-21 17:43:03 --> Severity: Notice --> Undefined variable: paymentlist /home/youmeopc/public_html/demo/elevaweb/application/application/views/admin/feeds/form.php 66
ERROR - 2017-06-21 17:45:02 --> Could not find the language line "feeds msg edit_feed_success"
ERROR - 2017-06-21 17:45:02 --> Could not find the language line "feeds tooltip add_new_feed"
ERROR - 2017-06-21 17:45:02 --> Could not find the language line "feeds input email"
ERROR - 2017-06-21 17:45:02 --> Could not find the language line "feeds input mobile_no"
ERROR - 2017-06-21 17:45:02 --> Could not find the language line "feeds input feed_name"
ERROR - 2017-06-21 17:45:02 --> Could not find the language line "feeds input email"
ERROR - 2017-06-21 17:45:02 --> Could not find the language line "feeds input mobile_no"
ERROR - 2017-06-21 17:45:02 --> Severity: Notice --> Undefined index: email_id /home/youmeopc/public_html/demo/elevaweb/application/application/views/admin/feeds/list.php 78
ERROR - 2017-06-21 17:45:02 --> Severity: Notice --> Undefined index: mobile_no /home/youmeopc/public_html/demo/elevaweb/application/application/views/admin/feeds/list.php 82
ERROR - 2017-06-21 17:45:02 --> Severity: Notice --> Undefined index: email_id /home/youmeopc/public_html/demo/elevaweb/application/application/views/admin/feeds/list.php 78
ERROR - 2017-06-21 17:45:02 --> Severity: Notice --> Undefined index: mobile_no /home/youmeopc/public_html/demo/elevaweb/application/application/views/admin/feeds/list.php 82
ERROR - 2017-06-21 17:45:02 --> Could not find the language line "feeds title feed_delete"
ERROR - 2017-06-21 17:45:02 --> Could not find the language line "feeds msg delete_confirm"
ERROR - 2017-06-21 17:45:02 --> Could not find the language line "feeds title feed_delete"
ERROR - 2017-06-21 17:45:02 --> Could not find the language line "feeds msg delete_confirm"
ERROR - 2017-06-21 17:45:06 --> Could not find the language line "feeds input payment_status"
ERROR - 2017-06-21 17:45:06 --> Severity: Notice --> Undefined variable: paymentlist /home/youmeopc/public_html/demo/elevaweb/application/application/views/admin/feeds/form.php 66
ERROR - 2017-06-21 17:45:15 --> Could not find the language line "feeds tooltip add_new_feed"
ERROR - 2017-06-21 17:45:15 --> Could not find the language line "feeds input email"
ERROR - 2017-06-21 17:45:15 --> Could not find the language line "feeds input mobile_no"
ERROR - 2017-06-21 17:45:15 --> Could not find the language line "feeds input feed_name"
ERROR - 2017-06-21 17:45:15 --> Could not find the language line "feeds input email"
ERROR - 2017-06-21 17:45:15 --> Could not find the language line "feeds input mobile_no"
ERROR - 2017-06-21 17:45:15 --> Severity: Notice --> Undefined index: email_id /home/youmeopc/public_html/demo/elevaweb/application/application/views/admin/feeds/list.php 78
ERROR - 2017-06-21 17:45:15 --> Severity: Notice --> Undefined index: mobile_no /home/youmeopc/public_html/demo/elevaweb/application/application/views/admin/feeds/list.php 82
ERROR - 2017-06-21 17:45:15 --> Severity: Notice --> Undefined index: email_id /home/youmeopc/public_html/demo/elevaweb/application/application/views/admin/feeds/list.php 78
ERROR - 2017-06-21 17:45:15 --> Severity: Notice --> Undefined index: mobile_no /home/youmeopc/public_html/demo/elevaweb/application/application/views/admin/feeds/list.php 82
ERROR - 2017-06-21 17:45:15 --> Could not find the language line "feeds title feed_delete"
ERROR - 2017-06-21 17:45:15 --> Could not find the language line "feeds msg delete_confirm"
ERROR - 2017-06-21 17:45:15 --> Could not find the language line "feeds title feed_delete"
ERROR - 2017-06-21 17:45:15 --> Could not find the language line "feeds msg delete_confirm"
ERROR - 2017-06-21 17:45:17 --> Could not find the language line "feeds input payment_status"
ERROR - 2017-06-21 17:45:17 --> Severity: Notice --> Undefined variable: paymentlist /home/youmeopc/public_html/demo/elevaweb/application/application/views/admin/feeds/form.php 66
ERROR - 2017-06-21 17:47:17 --> Could not find the language line "feeds msg edit_feed_success"
ERROR - 2017-06-21 17:47:17 --> Could not find the language line "feeds tooltip add_new_feed"
ERROR - 2017-06-21 17:47:17 --> Could not find the language line "feeds input email"
ERROR - 2017-06-21 17:47:17 --> Could not find the language line "feeds input mobile_no"
ERROR - 2017-06-21 17:47:17 --> Could not find the language line "feeds input feed_name"
ERROR - 2017-06-21 17:47:17 --> Could not find the language line "feeds input email"
ERROR - 2017-06-21 17:47:17 --> Could not find the language line "feeds input mobile_no"
ERROR - 2017-06-21 17:47:17 --> Severity: Notice --> Undefined index: email_id /home/youmeopc/public_html/demo/elevaweb/application/application/views/admin/feeds/list.php 78
ERROR - 2017-06-21 17:47:17 --> Severity: Notice --> Undefined index: mobile_no /home/youmeopc/public_html/demo/elevaweb/application/application/views/admin/feeds/list.php 82
ERROR - 2017-06-21 17:47:17 --> Severity: Notice --> Undefined index: email_id /home/youmeopc/public_html/demo/elevaweb/application/application/views/admin/feeds/list.php 78
ERROR - 2017-06-21 17:47:17 --> Severity: Notice --> Undefined index: mobile_no /home/youmeopc/public_html/demo/elevaweb/application/application/views/admin/feeds/list.php 82
ERROR - 2017-06-21 17:47:17 --> Could not find the language line "feeds title feed_delete"
ERROR - 2017-06-21 17:47:17 --> Could not find the language line "feeds msg delete_confirm"
ERROR - 2017-06-21 17:47:17 --> Could not find the language line "feeds title feed_delete"
ERROR - 2017-06-21 17:47:17 --> Could not find the language line "feeds msg delete_confirm"
ERROR - 2017-06-21 17:47:20 --> Could not find the language line "feeds input payment_status"
ERROR - 2017-06-21 17:47:20 --> Severity: Notice --> Undefined variable: paymentlist /home/youmeopc/public_html/demo/elevaweb/application/application/views/admin/feeds/form.php 66
