ERROR - 2017-06-26 10:09:25 --> 404 Page Not Found: Themes/admin
ERROR - 2017-06-26 05:40:48 --> Could not find the language line "customers col last_name"
ERROR - 2017-06-26 05:40:48 --> Could not find the language line "customers input last_name"
ERROR - 2017-06-26 05:40:48 --> Severity: Notice --> Undefined index: last_name /home/youmeopc/public_html/demo/elevaweb/application/application/views/admin/customers/list.php 114
ERROR - 2017-06-26 05:40:48 --> Severity: Notice --> Undefined index: last_name /home/youmeopc/public_html/demo/elevaweb/application/application/views/admin/customers/list.php 114
ERROR - 2017-06-26 05:40:48 --> Severity: Notice --> Undefined index: last_name /home/youmeopc/public_html/demo/elevaweb/application/application/views/admin/customers/list.php 114
ERROR - 2017-06-26 05:40:48 --> Severity: Notice --> Undefined index: last_name /home/youmeopc/public_html/demo/elevaweb/application/application/views/admin/customers/list.php 114
ERROR - 2017-06-26 05:40:48 --> Severity: Notice --> Undefined index: last_name /home/youmeopc/public_html/demo/elevaweb/application/application/views/admin/customers/list.php 114
ERROR - 2017-06-26 05:40:48 --> Severity: Notice --> Undefined index: last_name /home/youmeopc/public_html/demo/elevaweb/application/application/views/admin/customers/list.php 114
ERROR - 2017-06-26 05:40:48 --> Severity: Notice --> Undefined index: last_name /home/youmeopc/public_html/demo/elevaweb/application/application/views/admin/customers/list.php 114
ERROR - 2017-06-26 05:40:48 --> Severity: Notice --> Undefined index: last_name /home/youmeopc/public_html/demo/elevaweb/application/application/views/admin/customers/list.php 114
ERROR - 2017-06-26 05:40:48 --> Severity: Notice --> Undefined index: last_name /home/youmeopc/public_html/demo/elevaweb/application/application/views/admin/customers/list.php 114
ERROR - 2017-06-26 05:40:48 --> Severity: Notice --> Undefined index: last_name /home/youmeopc/public_html/demo/elevaweb/application/application/views/admin/customers/list.php 114
ERROR - 2017-06-26 05:40:52 --> Could not find the language line "customers input last_name"
ERROR - 2017-06-26 05:41:13 --> Could not find the language line "customers col last_name"
ERROR - 2017-06-26 05:41:13 --> Could not find the language line "customers input last_name"
ERROR - 2017-06-26 05:41:13 --> Severity: Notice --> Undefined index: last_name /home/youmeopc/public_html/demo/elevaweb/application/application/views/admin/customers/list.php 114
ERROR - 2017-06-26 05:41:13 --> Severity: Notice --> Undefined index: last_name /home/youmeopc/public_html/demo/elevaweb/application/application/views/admin/customers/list.php 114
ERROR - 2017-06-26 05:41:13 --> Severity: Notice --> Undefined index: last_name /home/youmeopc/public_html/demo/elevaweb/application/application/views/admin/customers/list.php 114
ERROR - 2017-06-26 05:41:13 --> Severity: Notice --> Undefined index: last_name /home/youmeopc/public_html/demo/elevaweb/application/application/views/admin/customers/list.php 114
ERROR - 2017-06-26 05:41:13 --> Severity: Notice --> Undefined index: last_name /home/youmeopc/public_html/demo/elevaweb/application/application/views/admin/customers/list.php 114
ERROR - 2017-06-26 05:41:13 --> Severity: Notice --> Undefined index: last_name /home/youmeopc/public_html/demo/elevaweb/application/application/views/admin/customers/list.php 114
ERROR - 2017-06-26 05:41:13 --> Severity: Notice --> Undefined index: last_name /home/youmeopc/public_html/demo/elevaweb/application/application/views/admin/customers/list.php 114
ERROR - 2017-06-26 05:41:13 --> Severity: Notice --> Undefined index: last_name /home/youmeopc/public_html/demo/elevaweb/application/application/views/admin/customers/list.php 114
ERROR - 2017-06-26 05:41:13 --> Severity: Notice --> Undefined index: last_name /home/youmeopc/public_html/demo/elevaweb/application/application/views/admin/customers/list.php 114
ERROR - 2017-06-26 05:41:13 --> Severity: Notice --> Undefined index: last_name /home/youmeopc/public_html/demo/elevaweb/application/application/views/admin/customers/list.php 114
ERROR - 2017-06-26 10:11:30 --> 404 Page Not Found: Themes/admin
ERROR - 2017-06-26 05:44:06 --> Could not find the language line "customers col last_name"
ERROR - 2017-06-26 05:44:06 --> Could not find the language line "customers input last_name"
ERROR - 2017-06-26 05:44:06 --> Severity: Notice --> Undefined index: last_name /home/youmeopc/public_html/demo/elevaweb/application/application/views/admin/customers/list.php 114
ERROR - 2017-06-26 05:44:06 --> Severity: Notice --> Undefined index: last_name /home/youmeopc/public_html/demo/elevaweb/application/application/views/admin/customers/list.php 114
ERROR - 2017-06-26 05:44:06 --> Severity: Notice --> Undefined index: last_name /home/youmeopc/public_html/demo/elevaweb/application/application/views/admin/customers/list.php 114
ERROR - 2017-06-26 05:44:06 --> Severity: Notice --> Undefined index: last_name /home/youmeopc/public_html/demo/elevaweb/application/application/views/admin/customers/list.php 114
ERROR - 2017-06-26 05:44:06 --> Severity: Notice --> Undefined index: last_name /home/youmeopc/public_html/demo/elevaweb/application/application/views/admin/customers/list.php 114
ERROR - 2017-06-26 05:44:06 --> Severity: Notice --> Undefined index: last_name /home/youmeopc/public_html/demo/elevaweb/application/application/views/admin/customers/list.php 114
ERROR - 2017-06-26 05:44:06 --> Severity: Notice --> Undefined index: last_name /home/youmeopc/public_html/demo/elevaweb/application/application/views/admin/customers/list.php 114
ERROR - 2017-06-26 05:44:06 --> Severity: Notice --> Undefined index: last_name /home/youmeopc/public_html/demo/elevaweb/application/application/views/admin/customers/list.php 114
ERROR - 2017-06-26 05:44:06 --> Severity: Notice --> Undefined index: last_name /home/youmeopc/public_html/demo/elevaweb/application/application/views/admin/customers/list.php 114
ERROR - 2017-06-26 05:44:06 --> Severity: Notice --> Undefined index: last_name /home/youmeopc/public_html/demo/elevaweb/application/application/views/admin/customers/list.php 114
ERROR - 2017-06-26 10:14:24 --> 404 Page Not Found: Themes/admin
ERROR - 2017-06-26 05:44:25 --> Could not find the language line "feeds tooltip add_new_feed"
ERROR - 2017-06-26 05:44:25 --> Could not find the language line "feeds input email"
ERROR - 2017-06-26 05:44:25 --> Could not find the language line "feeds input mobile_no"
ERROR - 2017-06-26 05:44:25 --> Could not find the language line "feeds input feed_name"
ERROR - 2017-06-26 05:44:25 --> Could not find the language line "feeds input email"
ERROR - 2017-06-26 05:44:25 --> Could not find the language line "feeds input mobile_no"
ERROR - 2017-06-26 05:44:25 --> Severity: Notice --> Undefined index: email_id /home/youmeopc/public_html/demo/elevaweb/application/application/views/admin/feeds/list.php 78
ERROR - 2017-06-26 05:44:25 --> Severity: Notice --> Undefined index: mobile_no /home/youmeopc/public_html/demo/elevaweb/application/application/views/admin/feeds/list.php 82
ERROR - 2017-06-26 05:44:25 --> Severity: Notice --> Undefined index: email_id /home/youmeopc/public_html/demo/elevaweb/application/application/views/admin/feeds/list.php 78
ERROR - 2017-06-26 05:44:25 --> Severity: Notice --> Undefined index: mobile_no /home/youmeopc/public_html/demo/elevaweb/application/application/views/admin/feeds/list.php 82
ERROR - 2017-06-26 05:44:25 --> Could not find the language line "feeds title feed_delete"
ERROR - 2017-06-26 05:44:25 --> Could not find the language line "feeds msg delete_confirm"
ERROR - 2017-06-26 05:44:25 --> Could not find the language line "feeds title feed_delete"
ERROR - 2017-06-26 05:44:25 --> Could not find the language line "feeds msg delete_confirm"
ERROR - 2017-06-26 05:44:29 --> Could not find the language line "feeds input payment_status"
ERROR - 2017-06-26 05:44:29 --> Severity: Notice --> Undefined variable: paymentlist /home/youmeopc/public_html/demo/elevaweb/application/application/views/admin/feeds/form.php 66
ERROR - 2017-06-26 18:10:57 --> 404 Page Not Found: Themes/admin
ERROR - 2017-06-26 14:00:02 --> Could not find the language line "customers col last_name"
ERROR - 2017-06-26 14:00:02 --> Could not find the language line "customers input last_name"
ERROR - 2017-06-26 14:00:02 --> Severity: Notice --> Undefined index: last_name /home/youmeopc/public_html/demo/elevaweb/application/application/views/admin/customers/list.php 114
ERROR - 2017-06-26 14:00:02 --> Severity: Notice --> Undefined index: last_name /home/youmeopc/public_html/demo/elevaweb/application/application/views/admin/customers/list.php 114
ERROR - 2017-06-26 14:00:02 --> Severity: Notice --> Undefined index: last_name /home/youmeopc/public_html/demo/elevaweb/application/application/views/admin/customers/list.php 114
ERROR - 2017-06-26 14:00:02 --> Severity: Notice --> Undefined index: last_name /home/youmeopc/public_html/demo/elevaweb/application/application/views/admin/customers/list.php 114
ERROR - 2017-06-26 14:00:02 --> Severity: Notice --> Undefined index: last_name /home/youmeopc/public_html/demo/elevaweb/application/application/views/admin/customers/list.php 114
ERROR - 2017-06-26 14:00:02 --> Severity: Notice --> Undefined index: last_name /home/youmeopc/public_html/demo/elevaweb/application/application/views/admin/customers/list.php 114
ERROR - 2017-06-26 14:00:02 --> Severity: Notice --> Undefined index: last_name /home/youmeopc/public_html/demo/elevaweb/application/application/views/admin/customers/list.php 114
ERROR - 2017-06-26 14:00:02 --> Severity: Notice --> Undefined index: last_name /home/youmeopc/public_html/demo/elevaweb/application/application/views/admin/customers/list.php 114
ERROR - 2017-06-26 14:00:02 --> Severity: Notice --> Undefined index: last_name /home/youmeopc/public_html/demo/elevaweb/application/application/views/admin/customers/list.php 114
ERROR - 2017-06-26 14:00:02 --> Severity: Notice --> Undefined index: last_name /home/youmeopc/public_html/demo/elevaweb/application/application/views/admin/customers/list.php 114
ERROR - 2017-06-26 14:00:13 --> Could not find the language line "feeds tooltip add_new_feed"
ERROR - 2017-06-26 14:00:13 --> Could not find the language line "feeds input email"
ERROR - 2017-06-26 14:00:13 --> Could not find the language line "feeds input mobile_no"
ERROR - 2017-06-26 14:00:13 --> Could not find the language line "feeds input feed_name"
ERROR - 2017-06-26 14:00:13 --> Could not find the language line "feeds input email"
ERROR - 2017-06-26 14:00:13 --> Could not find the language line "feeds input mobile_no"
ERROR - 2017-06-26 14:00:13 --> Severity: Notice --> Undefined index: email_id /home/youmeopc/public_html/demo/elevaweb/application/application/views/admin/feeds/list.php 78
ERROR - 2017-06-26 14:00:13 --> Severity: Notice --> Undefined index: mobile_no /home/youmeopc/public_html/demo/elevaweb/application/application/views/admin/feeds/list.php 82
ERROR - 2017-06-26 14:00:13 --> Severity: Notice --> Undefined index: email_id /home/youmeopc/public_html/demo/elevaweb/application/application/views/admin/feeds/list.php 78
ERROR - 2017-06-26 14:00:13 --> Severity: Notice --> Undefined index: mobile_no /home/youmeopc/public_html/demo/elevaweb/application/application/views/admin/feeds/list.php 82
ERROR - 2017-06-26 14:00:13 --> Could not find the language line "feeds title feed_delete"
ERROR - 2017-06-26 14:00:13 --> Could not find the language line "feeds msg delete_confirm"
ERROR - 2017-06-26 14:00:13 --> Could not find the language line "feeds title feed_delete"
ERROR - 2017-06-26 14:00:13 --> Could not find the language line "feeds msg delete_confirm"
ERROR - 2017-06-26 14:00:19 --> Could not find the language line "feeds input payment_status"
ERROR - 2017-06-26 14:00:19 --> Severity: Notice --> Undefined variable: paymentlist /home/youmeopc/public_html/demo/elevaweb/application/application/views/admin/feeds/form.php 66
ERROR - 2017-06-26 14:32:32 --> Could not find the language line "feeds tooltip add_new_feed"
ERROR - 2017-06-26 14:32:32 --> Could not find the language line "feeds input email"
ERROR - 2017-06-26 14:32:32 --> Could not find the language line "feeds input mobile_no"
ERROR - 2017-06-26 14:32:32 --> Could not find the language line "feeds input feed_name"
ERROR - 2017-06-26 14:32:32 --> Could not find the language line "feeds input email"
ERROR - 2017-06-26 14:32:32 --> Could not find the language line "feeds input mobile_no"
ERROR - 2017-06-26 14:32:32 --> Severity: Notice --> Undefined index: email_id /home/youmeopc/public_html/demo/elevaweb/application/application/views/admin/feeds/list.php 78
ERROR - 2017-06-26 14:32:32 --> Severity: Notice --> Undefined index: mobile_no /home/youmeopc/public_html/demo/elevaweb/application/application/views/admin/feeds/list.php 82
ERROR - 2017-06-26 14:32:32 --> Severity: Notice --> Undefined index: email_id /home/youmeopc/public_html/demo/elevaweb/application/application/views/admin/feeds/list.php 78
ERROR - 2017-06-26 14:32:32 --> Severity: Notice --> Undefined index: mobile_no /home/youmeopc/public_html/demo/elevaweb/application/application/views/admin/feeds/list.php 82
ERROR - 2017-06-26 14:32:32 --> Could not find the language line "feeds title feed_delete"
ERROR - 2017-06-26 14:32:32 --> Could not find the language line "feeds msg delete_confirm"
ERROR - 2017-06-26 14:32:32 --> Could not find the language line "feeds title feed_delete"
ERROR - 2017-06-26 14:32:32 --> Could not find the language line "feeds msg delete_confirm"
ERROR - 2017-06-26 14:32:34 --> Could not find the language line "feeds input payment_status"
ERROR - 2017-06-26 14:32:34 --> Severity: Notice --> Undefined variable: paymentlist /home/youmeopc/public_html/demo/elevaweb/application/application/views/admin/feeds/form.php 66
ERROR - 2017-06-26 14:32:37 --> Could not find the language line "feeds tooltip add_new_feed"
ERROR - 2017-06-26 14:32:37 --> Could not find the language line "feeds input email"
ERROR - 2017-06-26 14:32:37 --> Could not find the language line "feeds input mobile_no"
ERROR - 2017-06-26 14:32:37 --> Could not find the language line "feeds input feed_name"
ERROR - 2017-06-26 14:32:37 --> Could not find the language line "feeds input email"
ERROR - 2017-06-26 14:32:37 --> Could not find the language line "feeds input mobile_no"
ERROR - 2017-06-26 14:32:37 --> Severity: Notice --> Undefined index: email_id /home/youmeopc/public_html/demo/elevaweb/application/application/views/admin/feeds/list.php 78
ERROR - 2017-06-26 14:32:37 --> Severity: Notice --> Undefined index: mobile_no /home/youmeopc/public_html/demo/elevaweb/application/application/views/admin/feeds/list.php 82
ERROR - 2017-06-26 14:32:37 --> Severity: Notice --> Undefined index: email_id /home/youmeopc/public_html/demo/elevaweb/application/application/views/admin/feeds/list.php 78
ERROR - 2017-06-26 14:32:37 --> Severity: Notice --> Undefined index: mobile_no /home/youmeopc/public_html/demo/elevaweb/application/application/views/admin/feeds/list.php 82
ERROR - 2017-06-26 14:32:37 --> Could not find the language line "feeds title feed_delete"
ERROR - 2017-06-26 14:32:37 --> Could not find the language line "feeds msg delete_confirm"
ERROR - 2017-06-26 14:32:37 --> Could not find the language line "feeds title feed_delete"
ERROR - 2017-06-26 14:32:37 --> Could not find the language line "feeds msg delete_confirm"
ERROR - 2017-06-26 14:32:39 --> Could not find the language line "feeds input payment_status"
ERROR - 2017-06-26 14:32:39 --> Severity: Notice --> Undefined variable: paymentlist /home/youmeopc/public_html/demo/elevaweb/application/application/views/admin/feeds/form.php 66
ERROR - 2017-06-26 23:43:57 --> 404 Page Not Found: Themes/admin
