ERROR - 2017-05-10 14:27:05 --> 404 Page Not Found: Themes/admin
ERROR - 2017-05-10 15:27:38 --> Could not find the language line "clients col client_id"
ERROR - 2017-05-10 15:27:39 --> Could not find the language line "contacts col contact_id"
ERROR - 2017-05-10 15:27:40 --> Could not find the language line "menus input name"
ERROR - 2017-05-10 15:29:50 --> Could not find the language line "menus input name"
ERROR - 2017-05-10 15:31:34 --> Could not find the language line "menus input name"
ERROR - 2017-05-10 15:34:20 --> Could not find the language line "contacts col contact_id"
ERROR - 2017-05-10 15:50:03 --> Could not find the language line "contacts col contact_id"
ERROR - 2017-05-10 15:50:04 --> Could not find the language line "categorys input first name"
ERROR - 2017-05-10 15:51:12 --> Could not find the language line "categorys input first name"
ERROR - 2017-05-10 15:51:50 --> Could not find the language line "menus input name"
ERROR - 2017-05-10 15:52:19 --> Could not find the language line "menus input name"
ERROR - 2017-05-10 15:52:19 --> Could not find the language line "categorys input first name"
ERROR - 2017-05-10 15:52:22 --> Could not find the language line "categorys input first name"
ERROR - 2017-05-10 15:52:25 --> Could not find the language line "categorys input first name"
ERROR - 2017-05-10 15:52:37 --> Could not find the language line "users input status"
ERROR - 2017-05-10 15:30:12 --> 404 Page Not Found: Themes/admin
ERROR - 2017-05-10 16:30:16 --> Could not find the language line "categorys input first name"
ERROR - 2017-05-10 16:34:18 --> 404 Page Not Found: Themes/admin
ERROR - 2017-05-10 22:06:00 --> 404 Page Not Found: Themes/admin
ERROR - 2017-05-10 22:06:34 --> 404 Page Not Found: Themes/admin
ERROR - 2017-05-10 23:06:46 --> Could not find the language line "categorys input first name"
ERROR - 2017-05-10 23:06:48 --> Could not find the language line "subcategorys input first name"
ERROR - 2017-05-10 23:06:52 --> Could not find the language line "categorys input first name"
ERROR - 2017-05-10 23:06:54 --> Could not find the language line "subcategorys input first name"
ERROR - 2017-05-10 23:07:51 --> Could not find the language line "categorys input first name"
ERROR - 2017-05-10 23:07:54 --> Could not find the language line "menus input name"
ERROR - 2017-05-10 23:07:59 --> Could not find the language line "categorys input first name"
