ERROR - 2017-06-23 21:57:16 --> 404 Page Not Found: Themes/admin
ERROR - 2017-06-23 17:27:58 --> Could not find the language line "form_validation__check_login"
ERROR - 2017-06-23 17:32:55 --> Could not find the language line "feeds tooltip add_new_feed"
ERROR - 2017-06-23 17:32:55 --> Could not find the language line "feeds input email"
ERROR - 2017-06-23 17:32:55 --> Could not find the language line "feeds input mobile_no"
ERROR - 2017-06-23 17:32:55 --> Could not find the language line "feeds input feed_name"
ERROR - 2017-06-23 17:32:55 --> Could not find the language line "feeds input email"
ERROR - 2017-06-23 17:32:55 --> Could not find the language line "feeds input mobile_no"
ERROR - 2017-06-23 17:32:55 --> Severity: Notice --> Undefined index: email_id /home/youmeopc/public_html/demo/elevaweb/application/application/views/admin/feeds/list.php 78
ERROR - 2017-06-23 17:32:55 --> Severity: Notice --> Undefined index: mobile_no /home/youmeopc/public_html/demo/elevaweb/application/application/views/admin/feeds/list.php 82
ERROR - 2017-06-23 17:32:55 --> Severity: Notice --> Undefined index: email_id /home/youmeopc/public_html/demo/elevaweb/application/application/views/admin/feeds/list.php 78
ERROR - 2017-06-23 17:32:55 --> Severity: Notice --> Undefined index: mobile_no /home/youmeopc/public_html/demo/elevaweb/application/application/views/admin/feeds/list.php 82
ERROR - 2017-06-23 17:32:55 --> Could not find the language line "feeds title feed_delete"
ERROR - 2017-06-23 17:32:55 --> Could not find the language line "feeds msg delete_confirm"
ERROR - 2017-06-23 17:32:55 --> Could not find the language line "feeds title feed_delete"
ERROR - 2017-06-23 17:32:55 --> Could not find the language line "feeds msg delete_confirm"
ERROR - 2017-06-23 17:32:59 --> Could not find the language line "feeds input payment_status"
ERROR - 2017-06-23 17:32:59 --> Severity: Notice --> Undefined variable: paymentlist /home/youmeopc/public_html/demo/elevaweb/application/application/views/admin/feeds/form.php 66
ERROR - 2017-06-23 17:34:13 --> Could not find the language line "feeds tooltip add_new_feed"
ERROR - 2017-06-23 17:34:13 --> Could not find the language line "feeds input email"
ERROR - 2017-06-23 17:34:13 --> Could not find the language line "feeds input mobile_no"
ERROR - 2017-06-23 17:34:13 --> Could not find the language line "feeds input feed_name"
ERROR - 2017-06-23 17:34:13 --> Could not find the language line "feeds input email"
ERROR - 2017-06-23 17:34:13 --> Could not find the language line "feeds input mobile_no"
ERROR - 2017-06-23 17:34:13 --> Severity: Notice --> Undefined index: email_id /home/youmeopc/public_html/demo/elevaweb/application/application/views/admin/feeds/list.php 78
ERROR - 2017-06-23 17:34:13 --> Severity: Notice --> Undefined index: mobile_no /home/youmeopc/public_html/demo/elevaweb/application/application/views/admin/feeds/list.php 82
ERROR - 2017-06-23 17:34:13 --> Severity: Notice --> Undefined index: email_id /home/youmeopc/public_html/demo/elevaweb/application/application/views/admin/feeds/list.php 78
ERROR - 2017-06-23 17:34:13 --> Severity: Notice --> Undefined index: mobile_no /home/youmeopc/public_html/demo/elevaweb/application/application/views/admin/feeds/list.php 82
ERROR - 2017-06-23 17:34:13 --> Could not find the language line "feeds title feed_delete"
ERROR - 2017-06-23 17:34:13 --> Could not find the language line "feeds msg delete_confirm"
ERROR - 2017-06-23 17:34:13 --> Could not find the language line "feeds title feed_delete"
ERROR - 2017-06-23 17:34:13 --> Could not find the language line "feeds msg delete_confirm"
ERROR - 2017-06-23 17:34:16 --> Could not find the language line "feeds input payment_status"
ERROR - 2017-06-23 17:34:16 --> Severity: Notice --> Undefined variable: paymentlist /home/youmeopc/public_html/demo/elevaweb/application/application/views/admin/feeds/form.php 66
ERROR - 2017-06-23 17:35:23 --> Could not find the language line "feeds tooltip add_new_feed"
ERROR - 2017-06-23 17:35:23 --> Could not find the language line "feeds input email"
ERROR - 2017-06-23 17:35:23 --> Could not find the language line "feeds input mobile_no"
ERROR - 2017-06-23 17:35:23 --> Could not find the language line "feeds input feed_name"
ERROR - 2017-06-23 17:35:23 --> Could not find the language line "feeds input email"
ERROR - 2017-06-23 17:35:23 --> Could not find the language line "feeds input mobile_no"
ERROR - 2017-06-23 17:35:23 --> Severity: Notice --> Undefined index: email_id /home/youmeopc/public_html/demo/elevaweb/application/application/views/admin/feeds/list.php 78
ERROR - 2017-06-23 17:35:23 --> Severity: Notice --> Undefined index: mobile_no /home/youmeopc/public_html/demo/elevaweb/application/application/views/admin/feeds/list.php 82
ERROR - 2017-06-23 17:35:23 --> Severity: Notice --> Undefined index: email_id /home/youmeopc/public_html/demo/elevaweb/application/application/views/admin/feeds/list.php 78
ERROR - 2017-06-23 17:35:23 --> Severity: Notice --> Undefined index: mobile_no /home/youmeopc/public_html/demo/elevaweb/application/application/views/admin/feeds/list.php 82
ERROR - 2017-06-23 17:35:23 --> Could not find the language line "feeds title feed_delete"
ERROR - 2017-06-23 17:35:23 --> Could not find the language line "feeds msg delete_confirm"
ERROR - 2017-06-23 17:35:23 --> Could not find the language line "feeds title feed_delete"
ERROR - 2017-06-23 17:35:23 --> Could not find the language line "feeds msg delete_confirm"
ERROR - 2017-06-23 17:35:26 --> Could not find the language line "feeds input payment_status"
ERROR - 2017-06-23 17:35:26 --> Severity: Notice --> Undefined variable: paymentlist /home/youmeopc/public_html/demo/elevaweb/application/application/views/admin/feeds/form.php 66
ERROR - 2017-06-23 19:09:03 --> Could not find the language line "feeds input payment_status"
ERROR - 2017-06-23 19:09:03 --> Severity: Notice --> Undefined variable: paymentlist /home/youmeopc/public_html/demo/elevaweb/application/application/views/admin/feeds/form.php 66
