ERROR - 2017-07-22 13:59:11 --> Could not find the language line "form_validation__check_login"
ERROR - 2017-07-22 13:59:13 --> Could not find the language line "form_validation__check_login"
ERROR - 2017-07-22 13:59:32 --> Could not find the language line "form_validation__check_login"
ERROR - 2017-07-22 13:59:34 --> Could not find the language line "form_validation__check_login"
ERROR - 2017-07-22 18:36:04 --> 404 Page Not Found: Themes/admin
ERROR - 2017-07-22 14:06:08 --> Could not find the language line "feeds tooltip add_new_feed"
ERROR - 2017-07-22 14:06:08 --> Could not find the language line "feeds input email"
ERROR - 2017-07-22 14:06:08 --> Could not find the language line "feeds input mobile_no"
ERROR - 2017-07-22 14:06:08 --> Could not find the language line "feeds input feed_name"
ERROR - 2017-07-22 14:06:08 --> Could not find the language line "feeds input email"
ERROR - 2017-07-22 14:06:08 --> Could not find the language line "feeds input mobile_no"
ERROR - 2017-07-22 14:06:08 --> Severity: Notice --> Undefined index: email_id /home/aneroidtech29543/public_html/addanyproject.com/weleva/application/application/views/admin/feeds/list.php 78
ERROR - 2017-07-22 14:06:08 --> Severity: Notice --> Undefined index: mobile_no /home/aneroidtech29543/public_html/addanyproject.com/weleva/application/application/views/admin/feeds/list.php 82
ERROR - 2017-07-22 14:06:08 --> Severity: Notice --> Undefined index: email_id /home/aneroidtech29543/public_html/addanyproject.com/weleva/application/application/views/admin/feeds/list.php 78
ERROR - 2017-07-22 14:06:08 --> Severity: Notice --> Undefined index: mobile_no /home/aneroidtech29543/public_html/addanyproject.com/weleva/application/application/views/admin/feeds/list.php 82
ERROR - 2017-07-22 14:06:08 --> Severity: Notice --> Undefined index: email_id /home/aneroidtech29543/public_html/addanyproject.com/weleva/application/application/views/admin/feeds/list.php 78
ERROR - 2017-07-22 14:06:08 --> Severity: Notice --> Undefined index: mobile_no /home/aneroidtech29543/public_html/addanyproject.com/weleva/application/application/views/admin/feeds/list.php 82
ERROR - 2017-07-22 14:06:12 --> Could not find the language line "feeds input payment_status"
ERROR - 2017-07-22 14:06:12 --> Severity: Notice --> Undefined variable: paymentlist /home/aneroidtech29543/public_html/addanyproject.com/weleva/application/application/views/admin/feeds/form.php 66
ERROR - 2017-07-22 14:06:55 --> Could not find the language line "feeds msg edit_feed_success"
ERROR - 2017-07-22 14:06:56 --> Could not find the language line "feeds tooltip add_new_feed"
ERROR - 2017-07-22 14:06:56 --> Could not find the language line "feeds input email"
ERROR - 2017-07-22 14:06:56 --> Could not find the language line "feeds input mobile_no"
ERROR - 2017-07-22 14:06:56 --> Could not find the language line "feeds input feed_name"
ERROR - 2017-07-22 14:06:56 --> Could not find the language line "feeds input email"
ERROR - 2017-07-22 14:06:56 --> Could not find the language line "feeds input mobile_no"
ERROR - 2017-07-22 14:06:56 --> Severity: Notice --> Undefined index: email_id /home/aneroidtech29543/public_html/addanyproject.com/weleva/application/application/views/admin/feeds/list.php 78
ERROR - 2017-07-22 14:06:56 --> Severity: Notice --> Undefined index: mobile_no /home/aneroidtech29543/public_html/addanyproject.com/weleva/application/application/views/admin/feeds/list.php 82
ERROR - 2017-07-22 14:06:56 --> Severity: Notice --> Undefined index: email_id /home/aneroidtech29543/public_html/addanyproject.com/weleva/application/application/views/admin/feeds/list.php 78
ERROR - 2017-07-22 14:06:56 --> Severity: Notice --> Undefined index: mobile_no /home/aneroidtech29543/public_html/addanyproject.com/weleva/application/application/views/admin/feeds/list.php 82
ERROR - 2017-07-22 14:06:56 --> Severity: Notice --> Undefined index: email_id /home/aneroidtech29543/public_html/addanyproject.com/weleva/application/application/views/admin/feeds/list.php 78
ERROR - 2017-07-22 14:06:56 --> Severity: Notice --> Undefined index: mobile_no /home/aneroidtech29543/public_html/addanyproject.com/weleva/application/application/views/admin/feeds/list.php 82
ERROR - 2017-07-22 14:06:59 --> Could not find the language line "feeds input payment_status"
ERROR - 2017-07-22 14:06:59 --> Severity: Notice --> Undefined variable: paymentlist /home/aneroidtech29543/public_html/addanyproject.com/weleva/application/application/views/admin/feeds/form.php 66
ERROR - 2017-07-22 14:07:11 --> Could not find the language line "feeds msg edit_feed_success"
ERROR - 2017-07-22 14:07:11 --> Could not find the language line "feeds tooltip add_new_feed"
ERROR - 2017-07-22 14:07:11 --> Could not find the language line "feeds input email"
ERROR - 2017-07-22 14:07:11 --> Could not find the language line "feeds input mobile_no"
ERROR - 2017-07-22 14:07:11 --> Could not find the language line "feeds input feed_name"
ERROR - 2017-07-22 14:07:11 --> Could not find the language line "feeds input email"
ERROR - 2017-07-22 14:07:11 --> Could not find the language line "feeds input mobile_no"
ERROR - 2017-07-22 14:07:11 --> Severity: Notice --> Undefined index: email_id /home/aneroidtech29543/public_html/addanyproject.com/weleva/application/application/views/admin/feeds/list.php 78
ERROR - 2017-07-22 14:07:11 --> Severity: Notice --> Undefined index: mobile_no /home/aneroidtech29543/public_html/addanyproject.com/weleva/application/application/views/admin/feeds/list.php 82
ERROR - 2017-07-22 14:07:11 --> Severity: Notice --> Undefined index: email_id /home/aneroidtech29543/public_html/addanyproject.com/weleva/application/application/views/admin/feeds/list.php 78
ERROR - 2017-07-22 14:07:11 --> Severity: Notice --> Undefined index: mobile_no /home/aneroidtech29543/public_html/addanyproject.com/weleva/application/application/views/admin/feeds/list.php 82
ERROR - 2017-07-22 14:07:11 --> Severity: Notice --> Undefined index: email_id /home/aneroidtech29543/public_html/addanyproject.com/weleva/application/application/views/admin/feeds/list.php 78
ERROR - 2017-07-22 14:07:11 --> Severity: Notice --> Undefined index: mobile_no /home/aneroidtech29543/public_html/addanyproject.com/weleva/application/application/views/admin/feeds/list.php 82
ERROR - 2017-07-22 14:07:20 --> Could not find the language line "feeds input payment_status"
ERROR - 2017-07-22 14:07:20 --> Severity: Notice --> Undefined variable: paymentlist /home/aneroidtech29543/public_html/addanyproject.com/weleva/application/application/views/admin/feeds/form.php 66
ERROR - 2017-07-22 14:09:55 --> Could not find the language line "customers col last_name"
ERROR - 2017-07-22 14:09:55 --> Could not find the language line "customers input last_name"
ERROR - 2017-07-22 14:09:55 --> Severity: Notice --> Undefined index: last_name /home/aneroidtech29543/public_html/addanyproject.com/weleva/application/application/views/admin/customers/list.php 114
ERROR - 2017-07-22 14:09:55 --> Severity: Notice --> Undefined index: last_name /home/aneroidtech29543/public_html/addanyproject.com/weleva/application/application/views/admin/customers/list.php 114
ERROR - 2017-07-22 14:09:55 --> Severity: Notice --> Undefined index: last_name /home/aneroidtech29543/public_html/addanyproject.com/weleva/application/application/views/admin/customers/list.php 114
ERROR - 2017-07-22 14:09:55 --> Severity: Notice --> Undefined index: last_name /home/aneroidtech29543/public_html/addanyproject.com/weleva/application/application/views/admin/customers/list.php 114
ERROR - 2017-07-22 14:09:55 --> Severity: Notice --> Undefined index: last_name /home/aneroidtech29543/public_html/addanyproject.com/weleva/application/application/views/admin/customers/list.php 114
ERROR - 2017-07-22 14:09:55 --> Severity: Notice --> Undefined index: last_name /home/aneroidtech29543/public_html/addanyproject.com/weleva/application/application/views/admin/customers/list.php 114
ERROR - 2017-07-22 14:09:55 --> Severity: Notice --> Undefined index: last_name /home/aneroidtech29543/public_html/addanyproject.com/weleva/application/application/views/admin/customers/list.php 114
ERROR - 2017-07-22 14:09:55 --> Severity: Notice --> Undefined index: last_name /home/aneroidtech29543/public_html/addanyproject.com/weleva/application/application/views/admin/customers/list.php 114
ERROR - 2017-07-22 14:09:55 --> Severity: Notice --> Undefined index: last_name /home/aneroidtech29543/public_html/addanyproject.com/weleva/application/application/views/admin/customers/list.php 114
ERROR - 2017-07-22 14:09:55 --> Severity: Notice --> Undefined index: last_name /home/aneroidtech29543/public_html/addanyproject.com/weleva/application/application/views/admin/customers/list.php 114
ERROR - 2017-07-22 14:10:08 --> Could not find the language line "feeds input payment_status"
ERROR - 2017-07-22 14:10:08 --> Severity: Notice --> Undefined variable: paymentlist /home/aneroidtech29543/public_html/addanyproject.com/weleva/application/application/views/admin/feeds/form.php 66
ERROR - 2017-07-22 14:10:11 --> Could not find the language line "feeds tooltip add_new_feed"
ERROR - 2017-07-22 14:10:11 --> Could not find the language line "feeds input email"
ERROR - 2017-07-22 14:10:11 --> Could not find the language line "feeds input mobile_no"
ERROR - 2017-07-22 14:10:11 --> Could not find the language line "feeds input feed_name"
ERROR - 2017-07-22 14:10:11 --> Could not find the language line "feeds input email"
ERROR - 2017-07-22 14:10:11 --> Could not find the language line "feeds input mobile_no"
ERROR - 2017-07-22 14:10:11 --> Severity: Notice --> Undefined index: email_id /home/aneroidtech29543/public_html/addanyproject.com/weleva/application/application/views/admin/feeds/list.php 78
ERROR - 2017-07-22 14:10:11 --> Severity: Notice --> Undefined index: mobile_no /home/aneroidtech29543/public_html/addanyproject.com/weleva/application/application/views/admin/feeds/list.php 82
ERROR - 2017-07-22 14:10:11 --> Severity: Notice --> Undefined index: email_id /home/aneroidtech29543/public_html/addanyproject.com/weleva/application/application/views/admin/feeds/list.php 78
ERROR - 2017-07-22 14:10:11 --> Severity: Notice --> Undefined index: mobile_no /home/aneroidtech29543/public_html/addanyproject.com/weleva/application/application/views/admin/feeds/list.php 82
ERROR - 2017-07-22 14:10:11 --> Severity: Notice --> Undefined index: email_id /home/aneroidtech29543/public_html/addanyproject.com/weleva/application/application/views/admin/feeds/list.php 78
ERROR - 2017-07-22 14:10:11 --> Severity: Notice --> Undefined index: mobile_no /home/aneroidtech29543/public_html/addanyproject.com/weleva/application/application/views/admin/feeds/list.php 82
ERROR - 2017-07-22 14:10:15 --> Could not find the language line "customers col last_name"
ERROR - 2017-07-22 14:10:15 --> Could not find the language line "customers input last_name"
ERROR - 2017-07-22 14:10:15 --> Severity: Notice --> Undefined index: last_name /home/aneroidtech29543/public_html/addanyproject.com/weleva/application/application/views/admin/customers/list.php 114
ERROR - 2017-07-22 14:10:15 --> Severity: Notice --> Undefined index: last_name /home/aneroidtech29543/public_html/addanyproject.com/weleva/application/application/views/admin/customers/list.php 114
ERROR - 2017-07-22 14:10:15 --> Severity: Notice --> Undefined index: last_name /home/aneroidtech29543/public_html/addanyproject.com/weleva/application/application/views/admin/customers/list.php 114
ERROR - 2017-07-22 14:10:15 --> Severity: Notice --> Undefined index: last_name /home/aneroidtech29543/public_html/addanyproject.com/weleva/application/application/views/admin/customers/list.php 114
ERROR - 2017-07-22 14:10:15 --> Severity: Notice --> Undefined index: last_name /home/aneroidtech29543/public_html/addanyproject.com/weleva/application/application/views/admin/customers/list.php 114
ERROR - 2017-07-22 14:10:15 --> Severity: Notice --> Undefined index: last_name /home/aneroidtech29543/public_html/addanyproject.com/weleva/application/application/views/admin/customers/list.php 114
ERROR - 2017-07-22 14:10:15 --> Severity: Notice --> Undefined index: last_name /home/aneroidtech29543/public_html/addanyproject.com/weleva/application/application/views/admin/customers/list.php 114
ERROR - 2017-07-22 14:10:15 --> Severity: Notice --> Undefined index: last_name /home/aneroidtech29543/public_html/addanyproject.com/weleva/application/application/views/admin/customers/list.php 114
ERROR - 2017-07-22 14:10:15 --> Severity: Notice --> Undefined index: last_name /home/aneroidtech29543/public_html/addanyproject.com/weleva/application/application/views/admin/customers/list.php 114
ERROR - 2017-07-22 14:10:15 --> Severity: Notice --> Undefined index: last_name /home/aneroidtech29543/public_html/addanyproject.com/weleva/application/application/views/admin/customers/list.php 114
ERROR - 2017-07-22 18:40:16 --> 404 Page Not Found: Themes/admin
ERROR - 2017-07-22 14:10:17 --> Could not find the language line "customers col last_name"
ERROR - 2017-07-22 14:10:17 --> Could not find the language line "customers input last_name"
ERROR - 2017-07-22 14:10:17 --> Severity: Notice --> Undefined index: last_name /home/aneroidtech29543/public_html/addanyproject.com/weleva/application/application/views/admin/customers/list.php 114
ERROR - 2017-07-22 14:10:17 --> Severity: Notice --> Undefined index: last_name /home/aneroidtech29543/public_html/addanyproject.com/weleva/application/application/views/admin/customers/list.php 114
ERROR - 2017-07-22 14:10:17 --> Severity: Notice --> Undefined index: last_name /home/aneroidtech29543/public_html/addanyproject.com/weleva/application/application/views/admin/customers/list.php 114
ERROR - 2017-07-22 14:10:17 --> Severity: Notice --> Undefined index: last_name /home/aneroidtech29543/public_html/addanyproject.com/weleva/application/application/views/admin/customers/list.php 114
ERROR - 2017-07-22 14:10:17 --> Severity: Notice --> Undefined index: last_name /home/aneroidtech29543/public_html/addanyproject.com/weleva/application/application/views/admin/customers/list.php 114
ERROR - 2017-07-22 14:10:17 --> Severity: Notice --> Undefined index: last_name /home/aneroidtech29543/public_html/addanyproject.com/weleva/application/application/views/admin/customers/list.php 114
ERROR - 2017-07-22 14:10:17 --> Severity: Notice --> Undefined index: last_name /home/aneroidtech29543/public_html/addanyproject.com/weleva/application/application/views/admin/customers/list.php 114
ERROR - 2017-07-22 14:10:17 --> Severity: Notice --> Undefined index: last_name /home/aneroidtech29543/public_html/addanyproject.com/weleva/application/application/views/admin/customers/list.php 114
ERROR - 2017-07-22 14:10:17 --> Severity: Notice --> Undefined index: last_name /home/aneroidtech29543/public_html/addanyproject.com/weleva/application/application/views/admin/customers/list.php 114
ERROR - 2017-07-22 14:10:17 --> Severity: Notice --> Undefined index: last_name /home/aneroidtech29543/public_html/addanyproject.com/weleva/application/application/views/admin/customers/list.php 114
ERROR - 2017-07-22 14:10:23 --> Could not find the language line "customers input last_name"
ERROR - 2017-07-22 14:10:30 --> Could not find the language line "customers col last_name"
ERROR - 2017-07-22 14:10:30 --> Could not find the language line "customers input last_name"
ERROR - 2017-07-22 14:10:30 --> Severity: Notice --> Undefined index: last_name /home/aneroidtech29543/public_html/addanyproject.com/weleva/application/application/views/admin/customers/list.php 114
ERROR - 2017-07-22 14:10:30 --> Severity: Notice --> Undefined index: last_name /home/aneroidtech29543/public_html/addanyproject.com/weleva/application/application/views/admin/customers/list.php 114
ERROR - 2017-07-22 14:10:30 --> Severity: Notice --> Undefined index: last_name /home/aneroidtech29543/public_html/addanyproject.com/weleva/application/application/views/admin/customers/list.php 114
ERROR - 2017-07-22 14:10:30 --> Severity: Notice --> Undefined index: last_name /home/aneroidtech29543/public_html/addanyproject.com/weleva/application/application/views/admin/customers/list.php 114
ERROR - 2017-07-22 14:10:30 --> Severity: Notice --> Undefined index: last_name /home/aneroidtech29543/public_html/addanyproject.com/weleva/application/application/views/admin/customers/list.php 114
ERROR - 2017-07-22 14:10:30 --> Severity: Notice --> Undefined index: last_name /home/aneroidtech29543/public_html/addanyproject.com/weleva/application/application/views/admin/customers/list.php 114
ERROR - 2017-07-22 14:10:30 --> Severity: Notice --> Undefined index: last_name /home/aneroidtech29543/public_html/addanyproject.com/weleva/application/application/views/admin/customers/list.php 114
ERROR - 2017-07-22 14:10:30 --> Severity: Notice --> Undefined index: last_name /home/aneroidtech29543/public_html/addanyproject.com/weleva/application/application/views/admin/customers/list.php 114
ERROR - 2017-07-22 14:10:30 --> Severity: Notice --> Undefined index: last_name /home/aneroidtech29543/public_html/addanyproject.com/weleva/application/application/views/admin/customers/list.php 114
ERROR - 2017-07-22 14:10:30 --> Severity: Notice --> Undefined index: last_name /home/aneroidtech29543/public_html/addanyproject.com/weleva/application/application/views/admin/customers/list.php 114
ERROR - 2017-07-22 14:10:32 --> Could not find the language line "customers input last_name"
ERROR - 2017-07-22 14:10:46 --> Could not find the language line "customers col last_name"
ERROR - 2017-07-22 14:10:46 --> Could not find the language line "customers input last_name"
ERROR - 2017-07-22 14:10:46 --> Severity: Notice --> Undefined index: last_name /home/aneroidtech29543/public_html/addanyproject.com/weleva/application/application/views/admin/customers/list.php 114
ERROR - 2017-07-22 14:10:46 --> Severity: Notice --> Undefined index: last_name /home/aneroidtech29543/public_html/addanyproject.com/weleva/application/application/views/admin/customers/list.php 114
ERROR - 2017-07-22 14:10:46 --> Severity: Notice --> Undefined index: last_name /home/aneroidtech29543/public_html/addanyproject.com/weleva/application/application/views/admin/customers/list.php 114
ERROR - 2017-07-22 14:10:46 --> Severity: Notice --> Undefined index: last_name /home/aneroidtech29543/public_html/addanyproject.com/weleva/application/application/views/admin/customers/list.php 114
ERROR - 2017-07-22 14:10:46 --> Severity: Notice --> Undefined index: last_name /home/aneroidtech29543/public_html/addanyproject.com/weleva/application/application/views/admin/customers/list.php 114
ERROR - 2017-07-22 14:10:46 --> Severity: Notice --> Undefined index: last_name /home/aneroidtech29543/public_html/addanyproject.com/weleva/application/application/views/admin/customers/list.php 114
ERROR - 2017-07-22 14:10:46 --> Severity: Notice --> Undefined index: last_name /home/aneroidtech29543/public_html/addanyproject.com/weleva/application/application/views/admin/customers/list.php 114
ERROR - 2017-07-22 14:10:46 --> Severity: Notice --> Undefined index: last_name /home/aneroidtech29543/public_html/addanyproject.com/weleva/application/application/views/admin/customers/list.php 114
ERROR - 2017-07-22 14:10:46 --> Severity: Notice --> Undefined index: last_name /home/aneroidtech29543/public_html/addanyproject.com/weleva/application/application/views/admin/customers/list.php 114
ERROR - 2017-07-22 14:10:46 --> Severity: Notice --> Undefined index: last_name /home/aneroidtech29543/public_html/addanyproject.com/weleva/application/application/views/admin/customers/list.php 114
ERROR - 2017-07-22 14:10:49 --> Could not find the language line "customers input last_name"
ERROR - 2017-07-22 14:10:59 --> Could not find the language line "customers col last_name"
ERROR - 2017-07-22 14:10:59 --> Could not find the language line "customers input last_name"
ERROR - 2017-07-22 14:10:59 --> Severity: Notice --> Undefined index: last_name /home/aneroidtech29543/public_html/addanyproject.com/weleva/application/application/views/admin/customers/list.php 114
ERROR - 2017-07-22 14:10:59 --> Severity: Notice --> Undefined index: last_name /home/aneroidtech29543/public_html/addanyproject.com/weleva/application/application/views/admin/customers/list.php 114
ERROR - 2017-07-22 14:10:59 --> Severity: Notice --> Undefined index: last_name /home/aneroidtech29543/public_html/addanyproject.com/weleva/application/application/views/admin/customers/list.php 114
ERROR - 2017-07-22 14:10:59 --> Severity: Notice --> Undefined index: last_name /home/aneroidtech29543/public_html/addanyproject.com/weleva/application/application/views/admin/customers/list.php 114
ERROR - 2017-07-22 14:10:59 --> Severity: Notice --> Undefined index: last_name /home/aneroidtech29543/public_html/addanyproject.com/weleva/application/application/views/admin/customers/list.php 114
ERROR - 2017-07-22 14:10:59 --> Severity: Notice --> Undefined index: last_name /home/aneroidtech29543/public_html/addanyproject.com/weleva/application/application/views/admin/customers/list.php 114
ERROR - 2017-07-22 14:10:59 --> Severity: Notice --> Undefined index: last_name /home/aneroidtech29543/public_html/addanyproject.com/weleva/application/application/views/admin/customers/list.php 114
ERROR - 2017-07-22 14:10:59 --> Severity: Notice --> Undefined index: last_name /home/aneroidtech29543/public_html/addanyproject.com/weleva/application/application/views/admin/customers/list.php 114
ERROR - 2017-07-22 14:10:59 --> Severity: Notice --> Undefined index: last_name /home/aneroidtech29543/public_html/addanyproject.com/weleva/application/application/views/admin/customers/list.php 114
ERROR - 2017-07-22 14:10:59 --> Severity: Notice --> Undefined index: last_name /home/aneroidtech29543/public_html/addanyproject.com/weleva/application/application/views/admin/customers/list.php 114
ERROR - 2017-07-22 14:11:11 --> Could not find the language line "customers col last_name"
ERROR - 2017-07-22 14:11:11 --> Could not find the language line "customers input last_name"
ERROR - 2017-07-22 14:11:11 --> Severity: Notice --> Undefined index: last_name /home/aneroidtech29543/public_html/addanyproject.com/weleva/application/application/views/admin/customers/list.php 114
ERROR - 2017-07-22 14:11:11 --> Severity: Notice --> Undefined index: last_name /home/aneroidtech29543/public_html/addanyproject.com/weleva/application/application/views/admin/customers/list.php 114
ERROR - 2017-07-22 14:11:11 --> Severity: Notice --> Undefined index: last_name /home/aneroidtech29543/public_html/addanyproject.com/weleva/application/application/views/admin/customers/list.php 114
ERROR - 2017-07-22 14:11:11 --> Severity: Notice --> Undefined index: last_name /home/aneroidtech29543/public_html/addanyproject.com/weleva/application/application/views/admin/customers/list.php 114
ERROR - 2017-07-22 14:11:11 --> Severity: Notice --> Undefined index: last_name /home/aneroidtech29543/public_html/addanyproject.com/weleva/application/application/views/admin/customers/list.php 114
ERROR - 2017-07-22 14:11:11 --> Severity: Notice --> Undefined index: last_name /home/aneroidtech29543/public_html/addanyproject.com/weleva/application/application/views/admin/customers/list.php 114
ERROR - 2017-07-22 14:11:11 --> Severity: Notice --> Undefined index: last_name /home/aneroidtech29543/public_html/addanyproject.com/weleva/application/application/views/admin/customers/list.php 114
ERROR - 2017-07-22 14:11:11 --> Severity: Notice --> Undefined index: last_name /home/aneroidtech29543/public_html/addanyproject.com/weleva/application/application/views/admin/customers/list.php 114
ERROR - 2017-07-22 14:11:11 --> Severity: Notice --> Undefined index: last_name /home/aneroidtech29543/public_html/addanyproject.com/weleva/application/application/views/admin/customers/list.php 114
ERROR - 2017-07-22 14:11:11 --> Severity: Notice --> Undefined index: last_name /home/aneroidtech29543/public_html/addanyproject.com/weleva/application/application/views/admin/customers/list.php 114
ERROR - 2017-07-22 14:11:11 --> Severity: Notice --> Undefined index: last_name /home/aneroidtech29543/public_html/addanyproject.com/weleva/application/application/views/admin/customers/list.php 114
ERROR - 2017-07-22 14:11:11 --> Severity: Notice --> Undefined index: last_name /home/aneroidtech29543/public_html/addanyproject.com/weleva/application/application/views/admin/customers/list.php 114
ERROR - 2017-07-22 14:11:11 --> Severity: Notice --> Undefined index: last_name /home/aneroidtech29543/public_html/addanyproject.com/weleva/application/application/views/admin/customers/list.php 114
ERROR - 2017-07-22 14:11:11 --> Severity: Notice --> Undefined index: last_name /home/aneroidtech29543/public_html/addanyproject.com/weleva/application/application/views/admin/customers/list.php 114
ERROR - 2017-07-22 14:11:11 --> Severity: Notice --> Undefined index: last_name /home/aneroidtech29543/public_html/addanyproject.com/weleva/application/application/views/admin/customers/list.php 114
ERROR - 2017-07-22 14:11:11 --> Severity: Notice --> Undefined index: last_name /home/aneroidtech29543/public_html/addanyproject.com/weleva/application/application/views/admin/customers/list.php 114
ERROR - 2017-07-22 14:11:11 --> Severity: Notice --> Undefined index: last_name /home/aneroidtech29543/public_html/addanyproject.com/weleva/application/application/views/admin/customers/list.php 114
ERROR - 2017-07-22 14:11:11 --> Severity: Notice --> Undefined index: last_name /home/aneroidtech29543/public_html/addanyproject.com/weleva/application/application/views/admin/customers/list.php 114
ERROR - 2017-07-22 14:11:11 --> Severity: Notice --> Undefined index: last_name /home/aneroidtech29543/public_html/addanyproject.com/weleva/application/application/views/admin/customers/list.php 114
ERROR - 2017-07-22 14:11:11 --> Severity: Notice --> Undefined index: last_name /home/aneroidtech29543/public_html/addanyproject.com/weleva/application/application/views/admin/customers/list.php 114
ERROR - 2017-07-22 14:11:11 --> Severity: Notice --> Undefined index: last_name /home/aneroidtech29543/public_html/addanyproject.com/weleva/application/application/views/admin/customers/list.php 114
ERROR - 2017-07-22 14:11:11 --> Severity: Notice --> Undefined index: last_name /home/aneroidtech29543/public_html/addanyproject.com/weleva/application/application/views/admin/customers/list.php 114
ERROR - 2017-07-22 14:11:11 --> Severity: Notice --> Undefined index: last_name /home/aneroidtech29543/public_html/addanyproject.com/weleva/application/application/views/admin/customers/list.php 114
ERROR - 2017-07-22 14:11:11 --> Severity: Notice --> Undefined index: last_name /home/aneroidtech29543/public_html/addanyproject.com/weleva/application/application/views/admin/customers/list.php 114
ERROR - 2017-07-22 14:11:11 --> Severity: Notice --> Undefined index: last_name /home/aneroidtech29543/public_html/addanyproject.com/weleva/application/application/views/admin/customers/list.php 114
ERROR - 2017-07-22 14:11:11 --> Severity: Notice --> Undefined index: last_name /home/aneroidtech29543/public_html/addanyproject.com/weleva/application/application/views/admin/customers/list.php 114
ERROR - 2017-07-22 14:11:11 --> Severity: Notice --> Undefined index: last_name /home/aneroidtech29543/public_html/addanyproject.com/weleva/application/application/views/admin/customers/list.php 114
ERROR - 2017-07-22 14:11:11 --> Severity: Notice --> Undefined index: last_name /home/aneroidtech29543/public_html/addanyproject.com/weleva/application/application/views/admin/customers/list.php 114
ERROR - 2017-07-22 14:11:11 --> Severity: Notice --> Undefined index: last_name /home/aneroidtech29543/public_html/addanyproject.com/weleva/application/application/views/admin/customers/list.php 114
ERROR - 2017-07-22 14:11:11 --> Severity: Notice --> Undefined index: last_name /home/aneroidtech29543/public_html/addanyproject.com/weleva/application/application/views/admin/customers/list.php 114
ERROR - 2017-07-22 14:11:11 --> Severity: Notice --> Undefined index: last_name /home/aneroidtech29543/public_html/addanyproject.com/weleva/application/application/views/admin/customers/list.php 114
ERROR - 2017-07-22 14:11:11 --> Severity: Notice --> Undefined index: last_name /home/aneroidtech29543/public_html/addanyproject.com/weleva/application/application/views/admin/customers/list.php 114
ERROR - 2017-07-22 14:11:11 --> Severity: Notice --> Undefined index: last_name /home/aneroidtech29543/public_html/addanyproject.com/weleva/application/application/views/admin/customers/list.php 114
ERROR - 2017-07-22 14:11:11 --> Severity: Notice --> Undefined index: last_name /home/aneroidtech29543/public_html/addanyproject.com/weleva/application/application/views/admin/customers/list.php 114
ERROR - 2017-07-22 14:11:11 --> Severity: Notice --> Undefined index: last_name /home/aneroidtech29543/public_html/addanyproject.com/weleva/application/application/views/admin/customers/list.php 114
ERROR - 2017-07-22 14:11:11 --> Severity: Notice --> Undefined index: last_name /home/aneroidtech29543/public_html/addanyproject.com/weleva/application/application/views/admin/customers/list.php 114
ERROR - 2017-07-22 14:11:11 --> Severity: Notice --> Undefined index: last_name /home/aneroidtech29543/public_html/addanyproject.com/weleva/application/application/views/admin/customers/list.php 114
ERROR - 2017-07-22 14:11:11 --> Severity: Notice --> Undefined index: last_name /home/aneroidtech29543/public_html/addanyproject.com/weleva/application/application/views/admin/customers/list.php 114
ERROR - 2017-07-22 14:11:11 --> Severity: Notice --> Undefined index: last_name /home/aneroidtech29543/public_html/addanyproject.com/weleva/application/application/views/admin/customers/list.php 114
ERROR - 2017-07-22 14:11:11 --> Severity: Notice --> Undefined index: last_name /home/aneroidtech29543/public_html/addanyproject.com/weleva/application/application/views/admin/customers/list.php 114
ERROR - 2017-07-22 14:11:11 --> Severity: Notice --> Undefined index: last_name /home/aneroidtech29543/public_html/addanyproject.com/weleva/application/application/views/admin/customers/list.php 114
ERROR - 2017-07-22 14:11:11 --> Severity: Notice --> Undefined index: last_name /home/aneroidtech29543/public_html/addanyproject.com/weleva/application/application/views/admin/customers/list.php 114
ERROR - 2017-07-22 14:11:11 --> Severity: Notice --> Undefined index: last_name /home/aneroidtech29543/public_html/addanyproject.com/weleva/application/application/views/admin/customers/list.php 114
ERROR - 2017-07-22 14:11:24 --> Could not find the language line "customers input last_name"
ERROR - 2017-07-22 14:11:40 --> Could not find the language line "customers input last_name"
ERROR - 2017-07-22 14:12:01 --> Could not find the language line "customers col last_name"
ERROR - 2017-07-22 14:12:01 --> Could not find the language line "customers input last_name"
ERROR - 2017-07-22 14:12:01 --> Severity: Notice --> Undefined index: last_name /home/aneroidtech29543/public_html/addanyproject.com/weleva/application/application/views/admin/customers/list.php 114
ERROR - 2017-07-22 14:12:01 --> Severity: Notice --> Undefined index: last_name /home/aneroidtech29543/public_html/addanyproject.com/weleva/application/application/views/admin/customers/list.php 114
ERROR - 2017-07-22 14:12:01 --> Severity: Notice --> Undefined index: last_name /home/aneroidtech29543/public_html/addanyproject.com/weleva/application/application/views/admin/customers/list.php 114
ERROR - 2017-07-22 14:12:01 --> Severity: Notice --> Undefined index: last_name /home/aneroidtech29543/public_html/addanyproject.com/weleva/application/application/views/admin/customers/list.php 114
ERROR - 2017-07-22 14:12:01 --> Severity: Notice --> Undefined index: last_name /home/aneroidtech29543/public_html/addanyproject.com/weleva/application/application/views/admin/customers/list.php 114
ERROR - 2017-07-22 14:12:01 --> Severity: Notice --> Undefined index: last_name /home/aneroidtech29543/public_html/addanyproject.com/weleva/application/application/views/admin/customers/list.php 114
ERROR - 2017-07-22 14:12:01 --> Severity: Notice --> Undefined index: last_name /home/aneroidtech29543/public_html/addanyproject.com/weleva/application/application/views/admin/customers/list.php 114
ERROR - 2017-07-22 14:12:01 --> Severity: Notice --> Undefined index: last_name /home/aneroidtech29543/public_html/addanyproject.com/weleva/application/application/views/admin/customers/list.php 114
ERROR - 2017-07-22 14:12:01 --> Severity: Notice --> Undefined index: last_name /home/aneroidtech29543/public_html/addanyproject.com/weleva/application/application/views/admin/customers/list.php 114
ERROR - 2017-07-22 14:12:01 --> Severity: Notice --> Undefined index: last_name /home/aneroidtech29543/public_html/addanyproject.com/weleva/application/application/views/admin/customers/list.php 114
ERROR - 2017-07-22 14:12:01 --> Severity: Notice --> Undefined index: last_name /home/aneroidtech29543/public_html/addanyproject.com/weleva/application/application/views/admin/customers/list.php 114
ERROR - 2017-07-22 14:12:01 --> Severity: Notice --> Undefined index: last_name /home/aneroidtech29543/public_html/addanyproject.com/weleva/application/application/views/admin/customers/list.php 114
ERROR - 2017-07-22 14:12:01 --> Severity: Notice --> Undefined index: last_name /home/aneroidtech29543/public_html/addanyproject.com/weleva/application/application/views/admin/customers/list.php 114
ERROR - 2017-07-22 14:12:01 --> Severity: Notice --> Undefined index: last_name /home/aneroidtech29543/public_html/addanyproject.com/weleva/application/application/views/admin/customers/list.php 114
ERROR - 2017-07-22 14:12:01 --> Severity: Notice --> Undefined index: last_name /home/aneroidtech29543/public_html/addanyproject.com/weleva/application/application/views/admin/customers/list.php 114
ERROR - 2017-07-22 14:12:01 --> Severity: Notice --> Undefined index: last_name /home/aneroidtech29543/public_html/addanyproject.com/weleva/application/application/views/admin/customers/list.php 114
ERROR - 2017-07-22 14:12:01 --> Severity: Notice --> Undefined index: last_name /home/aneroidtech29543/public_html/addanyproject.com/weleva/application/application/views/admin/customers/list.php 114
ERROR - 2017-07-22 14:12:01 --> Severity: Notice --> Undefined index: last_name /home/aneroidtech29543/public_html/addanyproject.com/weleva/application/application/views/admin/customers/list.php 114
ERROR - 2017-07-22 14:12:01 --> Severity: Notice --> Undefined index: last_name /home/aneroidtech29543/public_html/addanyproject.com/weleva/application/application/views/admin/customers/list.php 114
ERROR - 2017-07-22 14:12:01 --> Severity: Notice --> Undefined index: last_name /home/aneroidtech29543/public_html/addanyproject.com/weleva/application/application/views/admin/customers/list.php 114
ERROR - 2017-07-22 14:12:01 --> Severity: Notice --> Undefined index: last_name /home/aneroidtech29543/public_html/addanyproject.com/weleva/application/application/views/admin/customers/list.php 114
ERROR - 2017-07-22 14:12:01 --> Severity: Notice --> Undefined index: last_name /home/aneroidtech29543/public_html/addanyproject.com/weleva/application/application/views/admin/customers/list.php 114
ERROR - 2017-07-22 14:12:01 --> Severity: Notice --> Undefined index: last_name /home/aneroidtech29543/public_html/addanyproject.com/weleva/application/application/views/admin/customers/list.php 114
ERROR - 2017-07-22 14:12:01 --> Severity: Notice --> Undefined index: last_name /home/aneroidtech29543/public_html/addanyproject.com/weleva/application/application/views/admin/customers/list.php 114
ERROR - 2017-07-22 14:12:01 --> Severity: Notice --> Undefined index: last_name /home/aneroidtech29543/public_html/addanyproject.com/weleva/application/application/views/admin/customers/list.php 114
ERROR - 2017-07-22 14:12:01 --> Severity: Notice --> Undefined index: last_name /home/aneroidtech29543/public_html/addanyproject.com/weleva/application/application/views/admin/customers/list.php 114
ERROR - 2017-07-22 14:12:01 --> Severity: Notice --> Undefined index: last_name /home/aneroidtech29543/public_html/addanyproject.com/weleva/application/application/views/admin/customers/list.php 114
ERROR - 2017-07-22 14:12:01 --> Severity: Notice --> Undefined index: last_name /home/aneroidtech29543/public_html/addanyproject.com/weleva/application/application/views/admin/customers/list.php 114
ERROR - 2017-07-22 14:12:01 --> Severity: Notice --> Undefined index: last_name /home/aneroidtech29543/public_html/addanyproject.com/weleva/application/application/views/admin/customers/list.php 114
ERROR - 2017-07-22 14:12:01 --> Severity: Notice --> Undefined index: last_name /home/aneroidtech29543/public_html/addanyproject.com/weleva/application/application/views/admin/customers/list.php 114
ERROR - 2017-07-22 14:12:01 --> Severity: Notice --> Undefined index: last_name /home/aneroidtech29543/public_html/addanyproject.com/weleva/application/application/views/admin/customers/list.php 114
ERROR - 2017-07-22 14:12:01 --> Severity: Notice --> Undefined index: last_name /home/aneroidtech29543/public_html/addanyproject.com/weleva/application/application/views/admin/customers/list.php 114
ERROR - 2017-07-22 14:12:01 --> Severity: Notice --> Undefined index: last_name /home/aneroidtech29543/public_html/addanyproject.com/weleva/application/application/views/admin/customers/list.php 114
ERROR - 2017-07-22 14:12:01 --> Severity: Notice --> Undefined index: last_name /home/aneroidtech29543/public_html/addanyproject.com/weleva/application/application/views/admin/customers/list.php 114
ERROR - 2017-07-22 14:12:01 --> Severity: Notice --> Undefined index: last_name /home/aneroidtech29543/public_html/addanyproject.com/weleva/application/application/views/admin/customers/list.php 114
ERROR - 2017-07-22 14:12:01 --> Severity: Notice --> Undefined index: last_name /home/aneroidtech29543/public_html/addanyproject.com/weleva/application/application/views/admin/customers/list.php 114
ERROR - 2017-07-22 14:12:01 --> Severity: Notice --> Undefined index: last_name /home/aneroidtech29543/public_html/addanyproject.com/weleva/application/application/views/admin/customers/list.php 114
ERROR - 2017-07-22 14:12:01 --> Severity: Notice --> Undefined index: last_name /home/aneroidtech29543/public_html/addanyproject.com/weleva/application/application/views/admin/customers/list.php 114
ERROR - 2017-07-22 14:12:01 --> Severity: Notice --> Undefined index: last_name /home/aneroidtech29543/public_html/addanyproject.com/weleva/application/application/views/admin/customers/list.php 114
ERROR - 2017-07-22 14:12:01 --> Severity: Notice --> Undefined index: last_name /home/aneroidtech29543/public_html/addanyproject.com/weleva/application/application/views/admin/customers/list.php 114
ERROR - 2017-07-22 14:12:01 --> Severity: Notice --> Undefined index: last_name /home/aneroidtech29543/public_html/addanyproject.com/weleva/application/application/views/admin/customers/list.php 114
ERROR - 2017-07-22 14:12:01 --> Severity: Notice --> Undefined index: last_name /home/aneroidtech29543/public_html/addanyproject.com/weleva/application/application/views/admin/customers/list.php 114
ERROR - 2017-07-22 14:12:01 --> Severity: Notice --> Undefined index: last_name /home/aneroidtech29543/public_html/addanyproject.com/weleva/application/application/views/admin/customers/list.php 114
ERROR - 2017-07-22 18:45:07 --> 404 Page Not Found: Themes/admin
ERROR - 2017-07-22 14:15:22 --> Could not find the language line "customers col last_name"
ERROR - 2017-07-22 14:15:22 --> Could not find the language line "customers input last_name"
ERROR - 2017-07-22 14:15:22 --> Severity: Notice --> Undefined index: last_name /home/aneroidtech29543/public_html/addanyproject.com/weleva/application/application/views/admin/customers/list.php 114
ERROR - 2017-07-22 14:15:22 --> Severity: Notice --> Undefined index: last_name /home/aneroidtech29543/public_html/addanyproject.com/weleva/application/application/views/admin/customers/list.php 114
ERROR - 2017-07-22 14:15:22 --> Severity: Notice --> Undefined index: last_name /home/aneroidtech29543/public_html/addanyproject.com/weleva/application/application/views/admin/customers/list.php 114
ERROR - 2017-07-22 14:15:22 --> Severity: Notice --> Undefined index: last_name /home/aneroidtech29543/public_html/addanyproject.com/weleva/application/application/views/admin/customers/list.php 114
ERROR - 2017-07-22 14:15:22 --> Severity: Notice --> Undefined index: last_name /home/aneroidtech29543/public_html/addanyproject.com/weleva/application/application/views/admin/customers/list.php 114
ERROR - 2017-07-22 14:15:22 --> Severity: Notice --> Undefined index: last_name /home/aneroidtech29543/public_html/addanyproject.com/weleva/application/application/views/admin/customers/list.php 114
ERROR - 2017-07-22 14:15:22 --> Severity: Notice --> Undefined index: last_name /home/aneroidtech29543/public_html/addanyproject.com/weleva/application/application/views/admin/customers/list.php 114
ERROR - 2017-07-22 14:15:22 --> Severity: Notice --> Undefined index: last_name /home/aneroidtech29543/public_html/addanyproject.com/weleva/application/application/views/admin/customers/list.php 114
ERROR - 2017-07-22 14:15:22 --> Severity: Notice --> Undefined index: last_name /home/aneroidtech29543/public_html/addanyproject.com/weleva/application/application/views/admin/customers/list.php 114
ERROR - 2017-07-22 14:15:22 --> Severity: Notice --> Undefined index: last_name /home/aneroidtech29543/public_html/addanyproject.com/weleva/application/application/views/admin/customers/list.php 114
ERROR - 2017-07-22 18:45:30 --> 404 Page Not Found: Themes/admin
ERROR - 2017-07-22 14:15:35 --> Could not find the language line "feeds tooltip add_new_feed"
ERROR - 2017-07-22 14:15:35 --> Could not find the language line "feeds input email"
ERROR - 2017-07-22 14:15:35 --> Could not find the language line "feeds input mobile_no"
ERROR - 2017-07-22 14:15:35 --> Could not find the language line "feeds input feed_name"
ERROR - 2017-07-22 14:15:35 --> Could not find the language line "feeds input email"
ERROR - 2017-07-22 14:15:35 --> Could not find the language line "feeds input mobile_no"
ERROR - 2017-07-22 14:15:35 --> Severity: Notice --> Undefined index: email_id /home/aneroidtech29543/public_html/addanyproject.com/weleva/application/application/views/admin/feeds/list.php 78
ERROR - 2017-07-22 14:15:35 --> Severity: Notice --> Undefined index: mobile_no /home/aneroidtech29543/public_html/addanyproject.com/weleva/application/application/views/admin/feeds/list.php 82
ERROR - 2017-07-22 14:15:35 --> Severity: Notice --> Undefined index: email_id /home/aneroidtech29543/public_html/addanyproject.com/weleva/application/application/views/admin/feeds/list.php 78
ERROR - 2017-07-22 14:15:35 --> Severity: Notice --> Undefined index: mobile_no /home/aneroidtech29543/public_html/addanyproject.com/weleva/application/application/views/admin/feeds/list.php 82
ERROR - 2017-07-22 14:15:35 --> Severity: Notice --> Undefined index: email_id /home/aneroidtech29543/public_html/addanyproject.com/weleva/application/application/views/admin/feeds/list.php 78
ERROR - 2017-07-22 14:15:35 --> Severity: Notice --> Undefined index: mobile_no /home/aneroidtech29543/public_html/addanyproject.com/weleva/application/application/views/admin/feeds/list.php 82
ERROR - 2017-07-22 14:15:53 --> Could not find the language line "feeds input payment_status"
ERROR - 2017-07-22 14:15:53 --> Severity: Notice --> Undefined variable: paymentlist /home/aneroidtech29543/public_html/addanyproject.com/weleva/application/application/views/admin/feeds/form.php 66
ERROR - 2017-07-22 14:16:06 --> Could not find the language line "feeds msg edit_feed_success"
ERROR - 2017-07-22 14:16:07 --> Could not find the language line "feeds tooltip add_new_feed"
ERROR - 2017-07-22 14:16:07 --> Could not find the language line "feeds input email"
ERROR - 2017-07-22 14:16:07 --> Could not find the language line "feeds input mobile_no"
ERROR - 2017-07-22 14:16:07 --> Could not find the language line "feeds input feed_name"
ERROR - 2017-07-22 14:16:07 --> Could not find the language line "feeds input email"
ERROR - 2017-07-22 14:16:07 --> Could not find the language line "feeds input mobile_no"
ERROR - 2017-07-22 14:16:07 --> Severity: Notice --> Undefined index: email_id /home/aneroidtech29543/public_html/addanyproject.com/weleva/application/application/views/admin/feeds/list.php 78
ERROR - 2017-07-22 14:16:07 --> Severity: Notice --> Undefined index: mobile_no /home/aneroidtech29543/public_html/addanyproject.com/weleva/application/application/views/admin/feeds/list.php 82
ERROR - 2017-07-22 14:16:07 --> Severity: Notice --> Undefined index: email_id /home/aneroidtech29543/public_html/addanyproject.com/weleva/application/application/views/admin/feeds/list.php 78
ERROR - 2017-07-22 14:16:07 --> Severity: Notice --> Undefined index: mobile_no /home/aneroidtech29543/public_html/addanyproject.com/weleva/application/application/views/admin/feeds/list.php 82
ERROR - 2017-07-22 14:16:07 --> Severity: Notice --> Undefined index: email_id /home/aneroidtech29543/public_html/addanyproject.com/weleva/application/application/views/admin/feeds/list.php 78
ERROR - 2017-07-22 14:16:07 --> Severity: Notice --> Undefined index: mobile_no /home/aneroidtech29543/public_html/addanyproject.com/weleva/application/application/views/admin/feeds/list.php 82
ERROR - 2017-07-22 14:16:09 --> Could not find the language line "feeds input payment_status"
ERROR - 2017-07-22 14:16:09 --> Severity: Notice --> Undefined variable: paymentlist /home/aneroidtech29543/public_html/addanyproject.com/weleva/application/application/views/admin/feeds/form.php 66
ERROR - 2017-07-22 14:32:48 --> Could not find the language line "customers col last_name"
ERROR - 2017-07-22 14:32:48 --> Could not find the language line "customers input last_name"
ERROR - 2017-07-22 14:32:48 --> Severity: Notice --> Undefined index: last_name /home/aneroidtech29543/public_html/addanyproject.com/weleva/application/application/views/admin/customers/list.php 114
ERROR - 2017-07-22 14:32:48 --> Severity: Notice --> Undefined index: last_name /home/aneroidtech29543/public_html/addanyproject.com/weleva/application/application/views/admin/customers/list.php 114
ERROR - 2017-07-22 14:32:48 --> Severity: Notice --> Undefined index: last_name /home/aneroidtech29543/public_html/addanyproject.com/weleva/application/application/views/admin/customers/list.php 114
ERROR - 2017-07-22 14:32:48 --> Severity: Notice --> Undefined index: last_name /home/aneroidtech29543/public_html/addanyproject.com/weleva/application/application/views/admin/customers/list.php 114
ERROR - 2017-07-22 14:32:48 --> Severity: Notice --> Undefined index: last_name /home/aneroidtech29543/public_html/addanyproject.com/weleva/application/application/views/admin/customers/list.php 114
ERROR - 2017-07-22 14:32:48 --> Severity: Notice --> Undefined index: last_name /home/aneroidtech29543/public_html/addanyproject.com/weleva/application/application/views/admin/customers/list.php 114
ERROR - 2017-07-22 14:32:48 --> Severity: Notice --> Undefined index: last_name /home/aneroidtech29543/public_html/addanyproject.com/weleva/application/application/views/admin/customers/list.php 114
ERROR - 2017-07-22 14:32:48 --> Severity: Notice --> Undefined index: last_name /home/aneroidtech29543/public_html/addanyproject.com/weleva/application/application/views/admin/customers/list.php 114
ERROR - 2017-07-22 14:32:48 --> Severity: Notice --> Undefined index: last_name /home/aneroidtech29543/public_html/addanyproject.com/weleva/application/application/views/admin/customers/list.php 114
ERROR - 2017-07-22 14:32:48 --> Severity: Notice --> Undefined index: last_name /home/aneroidtech29543/public_html/addanyproject.com/weleva/application/application/views/admin/customers/list.php 114
ERROR - 2017-07-22 14:32:54 --> Could not find the language line "customers input last_name"
ERROR - 2017-07-22 19:59:52 --> 404 Page Not Found: Themes/admin
ERROR - 2017-07-22 15:30:40 --> Could not find the language line "customers col last_name"
ERROR - 2017-07-22 15:30:40 --> Could not find the language line "customers input last_name"
ERROR - 2017-07-22 15:30:40 --> Severity: Notice --> Undefined index: last_name /home/aneroidtech29543/public_html/addanyproject.com/weleva/application/application/views/admin/customers/list.php 114
ERROR - 2017-07-22 15:30:40 --> Severity: Notice --> Undefined index: last_name /home/aneroidtech29543/public_html/addanyproject.com/weleva/application/application/views/admin/customers/list.php 114
ERROR - 2017-07-22 15:30:40 --> Severity: Notice --> Undefined index: last_name /home/aneroidtech29543/public_html/addanyproject.com/weleva/application/application/views/admin/customers/list.php 114
ERROR - 2017-07-22 15:30:40 --> Severity: Notice --> Undefined index: last_name /home/aneroidtech29543/public_html/addanyproject.com/weleva/application/application/views/admin/customers/list.php 114
ERROR - 2017-07-22 15:30:40 --> Severity: Notice --> Undefined index: last_name /home/aneroidtech29543/public_html/addanyproject.com/weleva/application/application/views/admin/customers/list.php 114
ERROR - 2017-07-22 15:30:40 --> Severity: Notice --> Undefined index: last_name /home/aneroidtech29543/public_html/addanyproject.com/weleva/application/application/views/admin/customers/list.php 114
ERROR - 2017-07-22 15:30:40 --> Severity: Notice --> Undefined index: last_name /home/aneroidtech29543/public_html/addanyproject.com/weleva/application/application/views/admin/customers/list.php 114
ERROR - 2017-07-22 15:30:40 --> Severity: Notice --> Undefined index: last_name /home/aneroidtech29543/public_html/addanyproject.com/weleva/application/application/views/admin/customers/list.php 114
ERROR - 2017-07-22 15:30:40 --> Severity: Notice --> Undefined index: last_name /home/aneroidtech29543/public_html/addanyproject.com/weleva/application/application/views/admin/customers/list.php 114
ERROR - 2017-07-22 15:30:40 --> Severity: Notice --> Undefined index: last_name /home/aneroidtech29543/public_html/addanyproject.com/weleva/application/application/views/admin/customers/list.php 114
ERROR - 2017-07-22 15:30:46 --> Could not find the language line "customers input last_name"
ERROR - 2017-07-22 15:31:22 --> Could not find the language line "customers col last_name"
ERROR - 2017-07-22 15:31:22 --> Could not find the language line "customers input last_name"
ERROR - 2017-07-22 15:31:22 --> Severity: Notice --> Undefined index: last_name /home/aneroidtech29543/public_html/addanyproject.com/weleva/application/application/views/admin/customers/list.php 114
ERROR - 2017-07-22 15:31:22 --> Severity: Notice --> Undefined index: last_name /home/aneroidtech29543/public_html/addanyproject.com/weleva/application/application/views/admin/customers/list.php 114
ERROR - 2017-07-22 15:31:22 --> Severity: Notice --> Undefined index: last_name /home/aneroidtech29543/public_html/addanyproject.com/weleva/application/application/views/admin/customers/list.php 114
ERROR - 2017-07-22 15:31:22 --> Severity: Notice --> Undefined index: last_name /home/aneroidtech29543/public_html/addanyproject.com/weleva/application/application/views/admin/customers/list.php 114
ERROR - 2017-07-22 15:31:22 --> Severity: Notice --> Undefined index: last_name /home/aneroidtech29543/public_html/addanyproject.com/weleva/application/application/views/admin/customers/list.php 114
ERROR - 2017-07-22 15:31:22 --> Severity: Notice --> Undefined index: last_name /home/aneroidtech29543/public_html/addanyproject.com/weleva/application/application/views/admin/customers/list.php 114
ERROR - 2017-07-22 15:31:22 --> Severity: Notice --> Undefined index: last_name /home/aneroidtech29543/public_html/addanyproject.com/weleva/application/application/views/admin/customers/list.php 114
ERROR - 2017-07-22 15:31:22 --> Severity: Notice --> Undefined index: last_name /home/aneroidtech29543/public_html/addanyproject.com/weleva/application/application/views/admin/customers/list.php 114
ERROR - 2017-07-22 15:31:22 --> Severity: Notice --> Undefined index: last_name /home/aneroidtech29543/public_html/addanyproject.com/weleva/application/application/views/admin/customers/list.php 114
ERROR - 2017-07-22 15:31:22 --> Severity: Notice --> Undefined index: last_name /home/aneroidtech29543/public_html/addanyproject.com/weleva/application/application/views/admin/customers/list.php 114
ERROR - 2017-07-22 15:32:35 --> Could not find the language line "customers input last_name"
ERROR - 2017-07-22 15:32:40 --> Could not find the language line "customers col last_name"
ERROR - 2017-07-22 15:32:40 --> Could not find the language line "customers input last_name"
ERROR - 2017-07-22 15:32:40 --> Severity: Notice --> Undefined index: last_name /home/aneroidtech29543/public_html/addanyproject.com/weleva/application/application/views/admin/customers/list.php 114
ERROR - 2017-07-22 15:32:40 --> Severity: Notice --> Undefined index: last_name /home/aneroidtech29543/public_html/addanyproject.com/weleva/application/application/views/admin/customers/list.php 114
ERROR - 2017-07-22 15:32:40 --> Severity: Notice --> Undefined index: last_name /home/aneroidtech29543/public_html/addanyproject.com/weleva/application/application/views/admin/customers/list.php 114
ERROR - 2017-07-22 15:32:40 --> Severity: Notice --> Undefined index: last_name /home/aneroidtech29543/public_html/addanyproject.com/weleva/application/application/views/admin/customers/list.php 114
ERROR - 2017-07-22 15:32:40 --> Severity: Notice --> Undefined index: last_name /home/aneroidtech29543/public_html/addanyproject.com/weleva/application/application/views/admin/customers/list.php 114
ERROR - 2017-07-22 15:32:40 --> Severity: Notice --> Undefined index: last_name /home/aneroidtech29543/public_html/addanyproject.com/weleva/application/application/views/admin/customers/list.php 114
ERROR - 2017-07-22 15:32:40 --> Severity: Notice --> Undefined index: last_name /home/aneroidtech29543/public_html/addanyproject.com/weleva/application/application/views/admin/customers/list.php 114
ERROR - 2017-07-22 15:32:40 --> Severity: Notice --> Undefined index: last_name /home/aneroidtech29543/public_html/addanyproject.com/weleva/application/application/views/admin/customers/list.php 114
ERROR - 2017-07-22 15:32:40 --> Severity: Notice --> Undefined index: last_name /home/aneroidtech29543/public_html/addanyproject.com/weleva/application/application/views/admin/customers/list.php 114
ERROR - 2017-07-22 15:32:40 --> Severity: Notice --> Undefined index: last_name /home/aneroidtech29543/public_html/addanyproject.com/weleva/application/application/views/admin/customers/list.php 114
ERROR - 2017-07-22 18:36:24 --> Could not find the language line "form_validation__check_login"
ERROR - 2017-07-22 18:36:26 --> Could not find the language line "form_validation__check_login"
ERROR - 2017-07-22 18:48:05 --> Could not find the language line "customers col last_name"
ERROR - 2017-07-22 18:48:05 --> Could not find the language line "customers input last_name"
ERROR - 2017-07-22 18:48:05 --> Severity: Notice --> Undefined index: last_name /home/aneroidtech29543/public_html/addanyproject.com/weleva/application/application/views/admin/customers/list.php 114
ERROR - 2017-07-22 18:48:05 --> Severity: Notice --> Undefined index: last_name /home/aneroidtech29543/public_html/addanyproject.com/weleva/application/application/views/admin/customers/list.php 114
ERROR - 2017-07-22 18:48:05 --> Severity: Notice --> Undefined index: last_name /home/aneroidtech29543/public_html/addanyproject.com/weleva/application/application/views/admin/customers/list.php 114
ERROR - 2017-07-22 18:48:05 --> Severity: Notice --> Undefined index: last_name /home/aneroidtech29543/public_html/addanyproject.com/weleva/application/application/views/admin/customers/list.php 114
ERROR - 2017-07-22 18:48:05 --> Severity: Notice --> Undefined index: last_name /home/aneroidtech29543/public_html/addanyproject.com/weleva/application/application/views/admin/customers/list.php 114
ERROR - 2017-07-22 18:48:05 --> Severity: Notice --> Undefined index: last_name /home/aneroidtech29543/public_html/addanyproject.com/weleva/application/application/views/admin/customers/list.php 114
ERROR - 2017-07-22 18:48:05 --> Severity: Notice --> Undefined index: last_name /home/aneroidtech29543/public_html/addanyproject.com/weleva/application/application/views/admin/customers/list.php 114
ERROR - 2017-07-22 18:48:05 --> Severity: Notice --> Undefined index: last_name /home/aneroidtech29543/public_html/addanyproject.com/weleva/application/application/views/admin/customers/list.php 114
ERROR - 2017-07-22 18:48:05 --> Severity: Notice --> Undefined index: last_name /home/aneroidtech29543/public_html/addanyproject.com/weleva/application/application/views/admin/customers/list.php 114
ERROR - 2017-07-22 18:48:05 --> Severity: Notice --> Undefined index: last_name /home/aneroidtech29543/public_html/addanyproject.com/weleva/application/application/views/admin/customers/list.php 114
ERROR - 2017-07-22 18:48:10 --> Could not find the language line "customers input last_name"
ERROR - 2017-07-22 18:48:17 --> Could not find the language line "customers col last_name"
ERROR - 2017-07-22 18:48:17 --> Could not find the language line "customers input last_name"
ERROR - 2017-07-22 18:48:17 --> Severity: Notice --> Undefined index: last_name /home/aneroidtech29543/public_html/addanyproject.com/weleva/application/application/views/admin/customers/list.php 114
ERROR - 2017-07-22 18:48:17 --> Severity: Notice --> Undefined index: last_name /home/aneroidtech29543/public_html/addanyproject.com/weleva/application/application/views/admin/customers/list.php 114
ERROR - 2017-07-22 18:48:17 --> Severity: Notice --> Undefined index: last_name /home/aneroidtech29543/public_html/addanyproject.com/weleva/application/application/views/admin/customers/list.php 114
ERROR - 2017-07-22 18:48:17 --> Severity: Notice --> Undefined index: last_name /home/aneroidtech29543/public_html/addanyproject.com/weleva/application/application/views/admin/customers/list.php 114
ERROR - 2017-07-22 18:48:17 --> Severity: Notice --> Undefined index: last_name /home/aneroidtech29543/public_html/addanyproject.com/weleva/application/application/views/admin/customers/list.php 114
ERROR - 2017-07-22 18:48:17 --> Severity: Notice --> Undefined index: last_name /home/aneroidtech29543/public_html/addanyproject.com/weleva/application/application/views/admin/customers/list.php 114
ERROR - 2017-07-22 18:48:17 --> Severity: Notice --> Undefined index: last_name /home/aneroidtech29543/public_html/addanyproject.com/weleva/application/application/views/admin/customers/list.php 114
ERROR - 2017-07-22 18:48:17 --> Severity: Notice --> Undefined index: last_name /home/aneroidtech29543/public_html/addanyproject.com/weleva/application/application/views/admin/customers/list.php 114
ERROR - 2017-07-22 18:48:17 --> Severity: Notice --> Undefined index: last_name /home/aneroidtech29543/public_html/addanyproject.com/weleva/application/application/views/admin/customers/list.php 114
ERROR - 2017-07-22 18:48:17 --> Severity: Notice --> Undefined index: last_name /home/aneroidtech29543/public_html/addanyproject.com/weleva/application/application/views/admin/customers/list.php 114
ERROR - 2017-07-22 18:50:26 --> Could not find the language line "customers input last_name"
ERROR - 2017-07-22 19:00:10 --> Severity: Warning --> fsockopen(): unable to connect to ssl://md-2.webhostbox.net:465 (Connection refused) /home/aneroidtech29543/public_html/addanyproject.com/weleva/application/system/libraries/Email.php 2063
ERROR - 2017-07-22 19:00:10 --> Severity: Warning --> Cannot modify header information - headers already sent by (output started at /home/aneroidtech29543/public_html/addanyproject.com/weleva/application/system/core/Exceptions.php:271) /home/aneroidtech29543/public_html/addanyproject.com/weleva/application/application/helpers/core_helper.php 14
ERROR - 2017-07-22 19:00:10 --> Severity: Warning --> Cannot modify header information - headers already sent by (output started at /home/aneroidtech29543/public_html/addanyproject.com/weleva/application/system/core/Exceptions.php:271) /home/aneroidtech29543/public_html/addanyproject.com/weleva/application/application/helpers/core_helper.php 15
ERROR - 2017-07-22 19:00:10 --> Severity: Warning --> Cannot modify header information - headers already sent by (output started at /home/aneroidtech29543/public_html/addanyproject.com/weleva/application/system/core/Exceptions.php:271) /home/aneroidtech29543/public_html/addanyproject.com/weleva/application/application/helpers/core_helper.php 16
ERROR - 2017-07-22 19:00:13 --> Severity: Warning --> fsockopen(): unable to connect to ssl://md-2.webhostbox.net:465 (Connection refused) /home/aneroidtech29543/public_html/addanyproject.com/weleva/application/system/libraries/Email.php 2063
ERROR - 2017-07-22 19:00:13 --> Severity: Warning --> Cannot modify header information - headers already sent by (output started at /home/aneroidtech29543/public_html/addanyproject.com/weleva/application/system/core/Exceptions.php:271) /home/aneroidtech29543/public_html/addanyproject.com/weleva/application/application/helpers/core_helper.php 14
ERROR - 2017-07-22 19:00:13 --> Severity: Warning --> Cannot modify header information - headers already sent by (output started at /home/aneroidtech29543/public_html/addanyproject.com/weleva/application/system/core/Exceptions.php:271) /home/aneroidtech29543/public_html/addanyproject.com/weleva/application/application/helpers/core_helper.php 15
ERROR - 2017-07-22 19:00:13 --> Severity: Warning --> Cannot modify header information - headers already sent by (output started at /home/aneroidtech29543/public_html/addanyproject.com/weleva/application/system/core/Exceptions.php:271) /home/aneroidtech29543/public_html/addanyproject.com/weleva/application/application/helpers/core_helper.php 16
