ERROR - 2017-05-22 03:35:00 --> 404 Page Not Found: Themes/admin
ERROR - 2017-05-22 04:35:19 --> Could not find the language line "products input status"
ERROR - 2017-05-22 16:41:02 --> 404 Page Not Found: Themes/admin
ERROR - 2017-05-22 17:41:41 --> Could not find the language line "products input status"
ERROR - 2017-05-22 17:00:34 --> 404 Page Not Found: Uploads/noi
ERROR - 2017-05-22 17:00:34 --> 404 Page Not Found: Uploads/no
ERROR - 2017-05-22 17:00:37 --> 404 Page Not Found: Uploads/noimage
ERROR - 2017-05-22 17:00:38 --> 404 Page Not Found: Uploads/noimage.
ERROR - 2017-05-22 17:00:38 --> 404 Page Not Found: Uploads/noimage.png
ERROR - 2017-05-22 18:10:15 --> Could not find the language line "products input status"
ERROR - 2017-05-22 18:11:14 --> Could not find the language line "products input status"
ERROR - 2017-05-22 18:12:00 --> Could not find the language line "products input status"
ERROR - 2017-05-22 18:13:08 --> Could not find the language line "products input status"
ERROR - 2017-05-22 18:14:07 --> Could not find the language line "products input status"
ERROR - 2017-05-22 18:15:33 --> Could not find the language line "products input status"
ERROR - 2017-05-22 18:16:04 --> Could not find the language line "products input status"
ERROR - 2017-05-22 18:19:28 --> Could not find the language line "products input status"
ERROR - 2017-05-22 18:23:25 --> Could not find the language line "products input status"
ERROR - 2017-05-22 18:25:13 --> Could not find the language line "products input status"
ERROR - 2017-05-22 18:30:40 --> Could not find the language line "products input status"
ERROR - 2017-05-22 18:37:39 --> Could not find the language line "products input status"
ERROR - 2017-05-22 18:37:51 --> Could not find the language line "products input status"
ERROR - 2017-05-22 18:37:58 --> Could not find the language line "products input status"
ERROR - 2017-05-22 18:39:17 --> Could not find the language line "products input status"
ERROR - 2017-05-22 18:39:17 --> Could not find the language line "products input unit"
ERROR - 2017-05-22 18:39:24 --> Could not find the language line "products input status"
ERROR - 2017-05-22 18:39:24 --> Could not find the language line "products input unit"
ERROR - 2017-05-22 18:40:47 --> Could not find the language line "products input status"
ERROR - 2017-05-22 18:40:47 --> Could not find the language line "products input unit"
ERROR - 2017-05-22 18:40:47 --> Could not find the language line "products input unit"
ERROR - 2017-05-22 18:42:18 --> Could not find the language line "products input status"
ERROR - 2017-05-22 18:42:18 --> Could not find the language line "products input unit"
ERROR - 2017-05-22 18:42:18 --> Could not find the language line "products input unit"
ERROR - 2017-05-22 18:43:06 --> Could not find the language line "products input status"
ERROR - 2017-05-22 18:43:06 --> Could not find the language line "products input unit"
ERROR - 2017-05-22 18:44:13 --> Could not find the language line "products input status"
ERROR - 2017-05-22 18:44:13 --> Could not find the language line "products input unit"
ERROR - 2017-05-22 18:44:59 --> Could not find the language line "products input status"
ERROR - 2017-05-22 17:46:42 --> 404 Page Not Found: admin/Products/undefinedproducts
ERROR - 2017-05-22 18:47:12 --> Could not find the language line "products input status"
ERROR - 2017-05-22 18:47:47 --> Could not find the language line "products input status"
ERROR - 2017-05-22 18:48:32 --> Could not find the language line "products input status"
ERROR - 2017-05-22 18:49:25 --> Could not find the language line "products input status"
ERROR - 2017-05-22 18:50:34 --> Could not find the language line "products input status"
ERROR - 2017-05-22 18:50:34 --> Could not find the language line "categorys input unit_id"
ERROR - 2017-05-22 18:50:47 --> Could not find the language line "products input status"
ERROR - 2017-05-22 18:50:47 --> Could not find the language line "categorys input unit_id"
ERROR - 2017-05-22 18:50:47 --> Could not find the language line "categorys input unit_id"
ERROR - 2017-05-22 18:50:52 --> Could not find the language line "products input status"
ERROR - 2017-05-22 18:50:52 --> Could not find the language line "categorys input unit_id"
ERROR - 2017-05-22 18:50:52 --> Could not find the language line "categorys input unit_id"
ERROR - 2017-05-22 18:52:04 --> Could not find the language line "menus input name"
ERROR - 2017-05-22 17:52:14 --> 404 Page Not Found: Themes/admin
ERROR - 2017-05-22 18:52:26 --> Could not find the language line "products input status"
ERROR - 2017-05-22 18:52:26 --> Could not find the language line "categorys input unit_id"
ERROR - 2017-05-22 18:52:26 --> Could not find the language line "categorys input unit_id"
ERROR - 2017-05-22 18:56:22 --> Could not find the language line "products input status"
ERROR - 2017-05-22 18:56:22 --> Could not find the language line "categorys input unit_id"
ERROR - 2017-05-22 18:56:50 --> Could not find the language line "products input status"
ERROR - 2017-05-22 18:56:50 --> Could not find the language line "categorys input unit_id"
ERROR - 2017-05-22 18:57:44 --> Could not find the language line "products input status"
ERROR - 2017-05-22 18:57:44 --> Could not find the language line "categorys input unit_id"
ERROR - 2017-05-22 19:01:42 --> Could not find the language line "products input status"
ERROR - 2017-05-22 19:01:42 --> Could not find the language line "categorys input unit_id"
ERROR - 2017-05-22 19:04:55 --> Could not find the language line "products input status"
ERROR - 2017-05-22 19:04:55 --> Could not find the language line "categorys input unit_id"
ERROR - 2017-05-22 19:09:01 --> Could not find the language line "products input status"
ERROR - 2017-05-22 19:09:01 --> Could not find the language line "categorys input unit_id"
ERROR - 2017-05-22 19:09:30 --> Could not find the language line "products input status"
ERROR - 2017-05-22 19:09:30 --> Could not find the language line "categorys input unit_id"
ERROR - 2017-05-22 19:09:30 --> Could not find the language line "products input status"
ERROR - 2017-05-22 19:09:30 --> Could not find the language line "categorys input unit_id"
ERROR - 2017-05-22 19:09:30 --> Could not find the language line "products input status"
ERROR - 2017-05-22 19:09:30 --> Could not find the language line "categorys input unit_id"
ERROR - 2017-05-22 19:09:31 --> Could not find the language line "products input status"
ERROR - 2017-05-22 19:09:31 --> Could not find the language line "categorys input unit_id"
ERROR - 2017-05-22 19:09:31 --> Could not find the language line "products input status"
ERROR - 2017-05-22 19:09:31 --> Could not find the language line "categorys input unit_id"
ERROR - 2017-05-22 19:09:31 --> Could not find the language line "products input status"
ERROR - 2017-05-22 19:09:31 --> Could not find the language line "categorys input unit_id"
ERROR - 2017-05-22 19:10:20 --> Could not find the language line "products input status"
ERROR - 2017-05-22 19:10:20 --> Could not find the language line "categorys input unit_id"
ERROR - 2017-05-22 19:10:21 --> Could not find the language line "products input status"
ERROR - 2017-05-22 19:10:21 --> Could not find the language line "categorys input unit_id"
ERROR - 2017-05-22 19:10:21 --> Could not find the language line "products input status"
ERROR - 2017-05-22 19:10:21 --> Could not find the language line "categorys input unit_id"
ERROR - 2017-05-22 19:10:21 --> Could not find the language line "products input status"
ERROR - 2017-05-22 19:10:21 --> Could not find the language line "categorys input unit_id"
ERROR - 2017-05-22 19:10:21 --> Could not find the language line "products input status"
ERROR - 2017-05-22 19:10:21 --> Could not find the language line "categorys input unit_id"
ERROR - 2017-05-22 19:10:21 --> Could not find the language line "products input status"
ERROR - 2017-05-22 19:10:21 --> Could not find the language line "categorys input unit_id"
ERROR - 2017-05-22 19:11:47 --> Could not find the language line "products input status"
ERROR - 2017-05-22 19:11:47 --> Could not find the language line "categorys input unit_id"
ERROR - 2017-05-22 19:14:09 --> Could not find the language line "products input status"
ERROR - 2017-05-22 19:14:09 --> Could not find the language line "categorys input unit_id"
ERROR - 2017-05-22 19:14:15 --> Could not find the language line "products input status"
ERROR - 2017-05-22 19:14:15 --> Could not find the language line "categorys input unit_id"
ERROR - 2017-05-22 19:14:15 --> Could not find the language line "products input status"
ERROR - 2017-05-22 19:14:15 --> Could not find the language line "categorys input unit_id"
ERROR - 2017-05-22 19:14:16 --> Could not find the language line "products input status"
ERROR - 2017-05-22 19:14:16 --> Could not find the language line "categorys input unit_id"
ERROR - 2017-05-22 19:14:16 --> Could not find the language line "products input status"
ERROR - 2017-05-22 19:14:16 --> Could not find the language line "categorys input unit_id"
ERROR - 2017-05-22 19:14:16 --> Could not find the language line "products input status"
ERROR - 2017-05-22 19:14:16 --> Could not find the language line "categorys input unit_id"
ERROR - 2017-05-22 19:14:16 --> Could not find the language line "products input status"
ERROR - 2017-05-22 19:14:16 --> Could not find the language line "categorys input unit_id"
ERROR - 2017-05-22 19:14:17 --> Could not find the language line "products input status"
ERROR - 2017-05-22 19:14:17 --> Could not find the language line "categorys input unit_id"
ERROR - 2017-05-22 19:14:17 --> Could not find the language line "products input status"
ERROR - 2017-05-22 19:14:17 --> Could not find the language line "categorys input unit_id"
ERROR - 2017-05-22 19:14:18 --> Could not find the language line "products input status"
ERROR - 2017-05-22 19:14:18 --> Could not find the language line "categorys input unit_id"
ERROR - 2017-05-22 19:15:40 --> Could not find the language line "products input status"
ERROR - 2017-05-22 19:15:40 --> Could not find the language line "categorys input unit_id"
ERROR - 2017-05-22 19:15:40 --> Could not find the language line "products input status"
ERROR - 2017-05-22 19:15:40 --> Could not find the language line "categorys input unit_id"
ERROR - 2017-05-22 19:15:40 --> Could not find the language line "products input status"
ERROR - 2017-05-22 19:15:40 --> Could not find the language line "categorys input unit_id"
ERROR - 2017-05-22 19:15:41 --> Could not find the language line "products input status"
ERROR - 2017-05-22 19:15:41 --> Could not find the language line "categorys input unit_id"
ERROR - 2017-05-22 19:15:41 --> Could not find the language line "products input status"
ERROR - 2017-05-22 19:15:41 --> Could not find the language line "categorys input unit_id"
ERROR - 2017-05-22 19:15:41 --> Could not find the language line "products input status"
ERROR - 2017-05-22 19:15:41 --> Could not find the language line "categorys input unit_id"
ERROR - 2017-05-22 19:15:41 --> Could not find the language line "products input status"
ERROR - 2017-05-22 19:15:41 --> Could not find the language line "categorys input unit_id"
ERROR - 2017-05-22 19:15:42 --> Could not find the language line "products input status"
ERROR - 2017-05-22 19:15:42 --> Could not find the language line "categorys input unit_id"
ERROR - 2017-05-22 19:15:42 --> Could not find the language line "products input status"
ERROR - 2017-05-22 19:15:42 --> Could not find the language line "categorys input unit_id"
ERROR - 2017-05-22 19:17:07 --> Could not find the language line "products input status"
ERROR - 2017-05-22 19:17:07 --> Could not find the language line "categorys input unit_id"
ERROR - 2017-05-22 19:17:07 --> Could not find the language line "products input status"
ERROR - 2017-05-22 19:17:07 --> Could not find the language line "categorys input unit_id"
ERROR - 2017-05-22 19:17:07 --> Could not find the language line "products input status"
ERROR - 2017-05-22 19:17:07 --> Could not find the language line "categorys input unit_id"
ERROR - 2017-05-22 19:17:07 --> Could not find the language line "products input status"
ERROR - 2017-05-22 19:17:07 --> Could not find the language line "categorys input unit_id"
ERROR - 2017-05-22 19:17:08 --> Could not find the language line "products input status"
ERROR - 2017-05-22 19:17:08 --> Could not find the language line "categorys input unit_id"
ERROR - 2017-05-22 19:17:08 --> Could not find the language line "products input status"
ERROR - 2017-05-22 19:17:08 --> Could not find the language line "categorys input unit_id"
ERROR - 2017-05-22 19:17:08 --> Could not find the language line "products input status"
ERROR - 2017-05-22 19:17:08 --> Could not find the language line "categorys input unit_id"
ERROR - 2017-05-22 19:17:08 --> Could not find the language line "products input status"
ERROR - 2017-05-22 19:17:08 --> Could not find the language line "categorys input unit_id"
ERROR - 2017-05-22 19:17:09 --> Could not find the language line "products input status"
ERROR - 2017-05-22 19:17:09 --> Could not find the language line "categorys input unit_id"
ERROR - 2017-05-22 19:18:53 --> Could not find the language line "products input status"
ERROR - 2017-05-22 19:18:53 --> Could not find the language line "categorys input unit_id"
ERROR - 2017-05-22 19:18:54 --> Could not find the language line "products input status"
ERROR - 2017-05-22 19:18:54 --> Could not find the language line "categorys input unit_id"
ERROR - 2017-05-22 19:18:54 --> Could not find the language line "products input status"
ERROR - 2017-05-22 19:18:54 --> Could not find the language line "categorys input unit_id"
ERROR - 2017-05-22 19:18:54 --> Could not find the language line "products input status"
ERROR - 2017-05-22 19:18:54 --> Could not find the language line "categorys input unit_id"
ERROR - 2017-05-22 19:18:54 --> Could not find the language line "products input status"
ERROR - 2017-05-22 19:18:54 --> Could not find the language line "categorys input unit_id"
ERROR - 2017-05-22 19:18:54 --> Could not find the language line "products input status"
ERROR - 2017-05-22 19:18:54 --> Could not find the language line "categorys input unit_id"
ERROR - 2017-05-22 19:18:54 --> Could not find the language line "products input status"
ERROR - 2017-05-22 19:18:54 --> Could not find the language line "categorys input unit_id"
ERROR - 2017-05-22 19:18:55 --> Could not find the language line "products input status"
ERROR - 2017-05-22 19:18:55 --> Could not find the language line "categorys input unit_id"
ERROR - 2017-05-22 19:18:55 --> Could not find the language line "products input status"
ERROR - 2017-05-22 19:18:55 --> Could not find the language line "categorys input unit_id"
ERROR - 2017-05-22 19:19:41 --> Could not find the language line "products input status"
ERROR - 2017-05-22 19:19:41 --> Could not find the language line "categorys input unit_id"
ERROR - 2017-05-22 19:19:42 --> Could not find the language line "products input status"
ERROR - 2017-05-22 19:19:42 --> Could not find the language line "categorys input unit_id"
ERROR - 2017-05-22 19:19:42 --> Could not find the language line "products input status"
ERROR - 2017-05-22 19:19:42 --> Could not find the language line "categorys input unit_id"
ERROR - 2017-05-22 19:19:42 --> Could not find the language line "products input status"
ERROR - 2017-05-22 19:19:42 --> Could not find the language line "categorys input unit_id"
ERROR - 2017-05-22 19:19:42 --> Could not find the language line "products input status"
ERROR - 2017-05-22 19:19:42 --> Could not find the language line "categorys input unit_id"
ERROR - 2017-05-22 19:19:42 --> Could not find the language line "products input status"
ERROR - 2017-05-22 19:19:42 --> Could not find the language line "categorys input unit_id"
ERROR - 2017-05-22 19:24:11 --> Could not find the language line "products input status"
ERROR - 2017-05-22 19:24:11 --> Could not find the language line "categorys input unit_id"
ERROR - 2017-05-22 19:24:11 --> Could not find the language line "products input status"
ERROR - 2017-05-22 19:24:11 --> Could not find the language line "categorys input unit_id"
ERROR - 2017-05-22 19:24:11 --> Could not find the language line "products input status"
ERROR - 2017-05-22 19:24:11 --> Could not find the language line "categorys input unit_id"
ERROR - 2017-05-22 19:24:12 --> Could not find the language line "products input status"
ERROR - 2017-05-22 19:24:12 --> Could not find the language line "categorys input unit_id"
ERROR - 2017-05-22 19:24:12 --> Could not find the language line "products input status"
ERROR - 2017-05-22 19:24:12 --> Could not find the language line "categorys input unit_id"
ERROR - 2017-05-22 19:24:27 --> Could not find the language line "products input status"
ERROR - 2017-05-22 19:24:27 --> Could not find the language line "categorys input unit_id"
ERROR - 2017-05-22 19:24:27 --> Could not find the language line "products input status"
ERROR - 2017-05-22 19:24:27 --> Could not find the language line "categorys input unit_id"
ERROR - 2017-05-22 19:24:27 --> Could not find the language line "products input status"
ERROR - 2017-05-22 19:24:27 --> Could not find the language line "categorys input unit_id"
ERROR - 2017-05-22 19:24:28 --> Could not find the language line "products input status"
ERROR - 2017-05-22 19:24:28 --> Could not find the language line "categorys input unit_id"
ERROR - 2017-05-22 19:24:28 --> Could not find the language line "products input status"
ERROR - 2017-05-22 19:24:28 --> Could not find the language line "categorys input unit_id"
ERROR - 2017-05-22 19:24:28 --> Could not find the language line "products input status"
ERROR - 2017-05-22 19:24:28 --> Could not find the language line "categorys input unit_id"
ERROR - 2017-05-22 19:24:28 --> Could not find the language line "products input status"
ERROR - 2017-05-22 19:24:28 --> Could not find the language line "categorys input unit_id"
ERROR - 2017-05-22 19:24:28 --> Could not find the language line "products input status"
ERROR - 2017-05-22 19:24:28 --> Could not find the language line "categorys input unit_id"
ERROR - 2017-05-22 19:24:28 --> Could not find the language line "products input status"
ERROR - 2017-05-22 19:24:28 --> Could not find the language line "categorys input unit_id"
ERROR - 2017-05-22 19:24:28 --> Could not find the language line "products input status"
ERROR - 2017-05-22 19:24:28 --> Could not find the language line "categorys input unit_id"
ERROR - 2017-05-22 19:24:28 --> Could not find the language line "products input status"
ERROR - 2017-05-22 19:24:28 --> Could not find the language line "categorys input unit_id"
ERROR - 2017-05-22 19:24:29 --> Could not find the language line "products input status"
ERROR - 2017-05-22 19:24:29 --> Could not find the language line "categorys input unit_id"
ERROR - 2017-05-22 19:24:29 --> Could not find the language line "products input status"
ERROR - 2017-05-22 19:24:29 --> Could not find the language line "categorys input unit_id"
ERROR - 2017-05-22 19:24:30 --> Could not find the language line "products input status"
ERROR - 2017-05-22 19:24:30 --> Could not find the language line "categorys input unit_id"
ERROR - 2017-05-22 19:24:53 --> Could not find the language line "products input status"
ERROR - 2017-05-22 19:24:53 --> Could not find the language line "categorys input unit_id"
ERROR - 2017-05-22 19:24:53 --> Could not find the language line "products input status"
ERROR - 2017-05-22 19:24:53 --> Could not find the language line "categorys input unit_id"
ERROR - 2017-05-22 19:24:53 --> Could not find the language line "products input status"
ERROR - 2017-05-22 19:24:53 --> Could not find the language line "categorys input unit_id"
ERROR - 2017-05-22 19:24:53 --> Could not find the language line "products input status"
ERROR - 2017-05-22 19:24:53 --> Could not find the language line "categorys input unit_id"
ERROR - 2017-05-22 19:24:53 --> Could not find the language line "products input status"
ERROR - 2017-05-22 19:24:53 --> Could not find the language line "categorys input unit_id"
ERROR - 2017-05-22 19:24:53 --> Could not find the language line "products input status"
ERROR - 2017-05-22 19:24:53 --> Could not find the language line "categorys input unit_id"
ERROR - 2017-05-22 19:24:54 --> Could not find the language line "products input status"
ERROR - 2017-05-22 19:24:54 --> Could not find the language line "categorys input unit_id"
ERROR - 2017-05-22 19:24:54 --> Could not find the language line "products input status"
ERROR - 2017-05-22 19:24:54 --> Could not find the language line "categorys input unit_id"
ERROR - 2017-05-22 19:24:54 --> Could not find the language line "products input status"
ERROR - 2017-05-22 19:24:54 --> Could not find the language line "categorys input unit_id"
ERROR - 2017-05-22 19:24:54 --> Could not find the language line "products input status"
ERROR - 2017-05-22 19:24:54 --> Could not find the language line "categorys input unit_id"
ERROR - 2017-05-22 19:24:55 --> Could not find the language line "products input status"
ERROR - 2017-05-22 19:24:55 --> Could not find the language line "categorys input unit_id"
ERROR - 2017-05-22 19:24:55 --> Could not find the language line "products input status"
ERROR - 2017-05-22 19:24:55 --> Could not find the language line "categorys input unit_id"
ERROR - 2017-05-22 19:24:55 --> Could not find the language line "products input status"
ERROR - 2017-05-22 19:24:55 --> Could not find the language line "categorys input unit_id"
ERROR - 2017-05-22 19:24:55 --> Could not find the language line "products input status"
ERROR - 2017-05-22 19:24:55 --> Could not find the language line "categorys input unit_id"
ERROR - 2017-05-22 19:24:55 --> Could not find the language line "products input status"
ERROR - 2017-05-22 19:24:55 --> Could not find the language line "categorys input unit_id"
ERROR - 2017-05-22 19:24:56 --> Could not find the language line "products input status"
ERROR - 2017-05-22 19:24:56 --> Could not find the language line "categorys input unit_id"
ERROR - 2017-05-22 19:24:56 --> Could not find the language line "products input status"
ERROR - 2017-05-22 19:24:56 --> Could not find the language line "categorys input unit_id"
ERROR - 2017-05-22 19:31:39 --> Could not find the language line "products input status"
ERROR - 2017-05-22 19:31:39 --> Could not find the language line "categorys input unit_id"
ERROR - 2017-05-22 19:31:39 --> Could not find the language line "products input status"
ERROR - 2017-05-22 19:31:39 --> Could not find the language line "categorys input unit_id"
ERROR - 2017-05-22 19:31:39 --> Could not find the language line "products input status"
ERROR - 2017-05-22 19:31:39 --> Could not find the language line "categorys input unit_id"
ERROR - 2017-05-22 19:31:40 --> Could not find the language line "products input status"
ERROR - 2017-05-22 19:31:40 --> Could not find the language line "categorys input unit_id"
ERROR - 2017-05-22 19:31:40 --> Could not find the language line "products input status"
ERROR - 2017-05-22 19:31:40 --> Could not find the language line "categorys input unit_id"
ERROR - 2017-05-22 19:31:40 --> Could not find the language line "products input status"
ERROR - 2017-05-22 19:31:40 --> Could not find the language line "categorys input unit_id"
ERROR - 2017-05-22 19:31:40 --> Could not find the language line "products input status"
ERROR - 2017-05-22 19:31:40 --> Could not find the language line "categorys input unit_id"
ERROR - 2017-05-22 19:31:41 --> Could not find the language line "products input status"
ERROR - 2017-05-22 19:31:41 --> Could not find the language line "categorys input unit_id"
ERROR - 2017-05-22 19:31:42 --> Could not find the language line "products input status"
ERROR - 2017-05-22 19:31:42 --> Could not find the language line "categorys input unit_id"
ERROR - 2017-05-22 19:31:59 --> Severity: Notice --> Undefined variable: data /home/youmeopc/public_html/demo/mlm/application/controllers/admin/Products.php 622
ERROR - 2017-05-22 19:32:39 --> Could not find the language line "products input status"
ERROR - 2017-05-22 19:32:39 --> Could not find the language line "categorys input unit_id"
ERROR - 2017-05-22 19:32:40 --> Could not find the language line "products input status"
ERROR - 2017-05-22 19:32:40 --> Could not find the language line "categorys input unit_id"
ERROR - 2017-05-22 19:32:40 --> Could not find the language line "products input status"
ERROR - 2017-05-22 19:32:40 --> Could not find the language line "categorys input unit_id"
ERROR - 2017-05-22 19:32:40 --> Could not find the language line "products input status"
ERROR - 2017-05-22 19:32:40 --> Could not find the language line "categorys input unit_id"
ERROR - 2017-05-22 19:32:40 --> Could not find the language line "products input status"
ERROR - 2017-05-22 19:32:40 --> Could not find the language line "categorys input unit_id"
ERROR - 2017-05-22 19:32:41 --> Could not find the language line "products input status"
ERROR - 2017-05-22 19:32:41 --> Could not find the language line "categorys input unit_id"
ERROR - 2017-05-22 19:32:41 --> Could not find the language line "products input status"
ERROR - 2017-05-22 19:32:41 --> Could not find the language line "categorys input unit_id"
ERROR - 2017-05-22 19:32:41 --> Could not find the language line "products input status"
ERROR - 2017-05-22 19:32:41 --> Could not find the language line "categorys input unit_id"
ERROR - 2017-05-22 19:34:16 --> Could not find the language line "products input status"
ERROR - 2017-05-22 19:34:16 --> Could not find the language line "categorys input unit_id"
ERROR - 2017-05-22 19:34:16 --> Could not find the language line "products input status"
ERROR - 2017-05-22 19:34:16 --> Could not find the language line "categorys input unit_id"
ERROR - 2017-05-22 19:34:16 --> Could not find the language line "products input status"
ERROR - 2017-05-22 19:34:16 --> Could not find the language line "categorys input unit_id"
ERROR - 2017-05-22 19:34:17 --> Could not find the language line "products input status"
ERROR - 2017-05-22 19:34:17 --> Could not find the language line "categorys input unit_id"
ERROR - 2017-05-22 19:34:17 --> Could not find the language line "products input status"
ERROR - 2017-05-22 19:34:17 --> Could not find the language line "categorys input unit_id"
ERROR - 2017-05-22 19:34:17 --> Could not find the language line "products input status"
ERROR - 2017-05-22 19:34:17 --> Could not find the language line "categorys input unit_id"
ERROR - 2017-05-22 19:34:17 --> Could not find the language line "products input status"
ERROR - 2017-05-22 19:34:17 --> Could not find the language line "categorys input unit_id"
ERROR - 2017-05-22 19:35:29 --> Could not find the language line "products input status"
ERROR - 2017-05-22 19:35:29 --> Could not find the language line "categorys input unit_id"
ERROR - 2017-05-22 19:35:29 --> Could not find the language line "products input status"
ERROR - 2017-05-22 19:35:29 --> Could not find the language line "categorys input unit_id"
ERROR - 2017-05-22 19:35:29 --> Could not find the language line "products input status"
ERROR - 2017-05-22 19:35:29 --> Could not find the language line "categorys input unit_id"
ERROR - 2017-05-22 19:35:29 --> Could not find the language line "products input status"
ERROR - 2017-05-22 19:35:29 --> Could not find the language line "categorys input unit_id"
ERROR - 2017-05-22 19:35:29 --> Could not find the language line "products input status"
ERROR - 2017-05-22 19:35:29 --> Could not find the language line "categorys input unit_id"
ERROR - 2017-05-22 19:35:30 --> Could not find the language line "products input status"
ERROR - 2017-05-22 19:35:30 --> Could not find the language line "categorys input unit_id"
ERROR - 2017-05-22 19:35:30 --> Could not find the language line "products input status"
ERROR - 2017-05-22 19:35:30 --> Could not find the language line "categorys input unit_id"
ERROR - 2017-05-22 19:35:30 --> Could not find the language line "products input status"
ERROR - 2017-05-22 19:35:30 --> Could not find the language line "categorys input unit_id"
ERROR - 2017-05-22 19:35:37 --> Could not find the language line "products input status"
ERROR - 2017-05-22 19:35:37 --> Could not find the language line "categorys input unit_id"
ERROR - 2017-05-22 19:35:37 --> Could not find the language line "products input status"
ERROR - 2017-05-22 19:35:37 --> Could not find the language line "categorys input unit_id"
ERROR - 2017-05-22 19:35:38 --> Could not find the language line "products input status"
ERROR - 2017-05-22 19:35:38 --> Could not find the language line "categorys input unit_id"
ERROR - 2017-05-22 19:35:38 --> Could not find the language line "products input status"
ERROR - 2017-05-22 19:35:38 --> Could not find the language line "categorys input unit_id"
ERROR - 2017-05-22 19:35:38 --> Could not find the language line "products input status"
ERROR - 2017-05-22 19:35:38 --> Could not find the language line "categorys input unit_id"
ERROR - 2017-05-22 19:35:38 --> Could not find the language line "products input status"
ERROR - 2017-05-22 19:35:38 --> Could not find the language line "categorys input unit_id"
ERROR - 2017-05-22 19:35:39 --> Could not find the language line "products input status"
ERROR - 2017-05-22 19:35:39 --> Could not find the language line "categorys input unit_id"
ERROR - 2017-05-22 19:37:46 --> Could not find the language line "products input status"
ERROR - 2017-05-22 19:37:46 --> Could not find the language line "categorys input unit_id"
ERROR - 2017-05-22 19:37:47 --> Could not find the language line "products input status"
ERROR - 2017-05-22 19:37:47 --> Could not find the language line "categorys input unit_id"
ERROR - 2017-05-22 19:37:47 --> Could not find the language line "products input status"
ERROR - 2017-05-22 19:37:47 --> Could not find the language line "categorys input unit_id"
ERROR - 2017-05-22 19:37:47 --> Could not find the language line "products input status"
ERROR - 2017-05-22 19:37:47 --> Could not find the language line "categorys input unit_id"
ERROR - 2017-05-22 19:37:47 --> Could not find the language line "products input status"
ERROR - 2017-05-22 19:37:47 --> Could not find the language line "categorys input unit_id"
ERROR - 2017-05-22 19:37:48 --> Could not find the language line "products input status"
ERROR - 2017-05-22 19:37:48 --> Could not find the language line "categorys input unit_id"
ERROR - 2017-05-22 19:37:48 --> Could not find the language line "products input status"
ERROR - 2017-05-22 19:37:48 --> Could not find the language line "categorys input unit_id"
ERROR - 2017-05-22 19:37:48 --> Could not find the language line "products input status"
ERROR - 2017-05-22 19:37:48 --> Could not find the language line "categorys input unit_id"
ERROR - 2017-05-22 19:37:48 --> Could not find the language line "products input status"
ERROR - 2017-05-22 19:37:48 --> Could not find the language line "categorys input unit_id"
ERROR - 2017-05-22 19:37:49 --> Could not find the language line "products input status"
ERROR - 2017-05-22 19:37:49 --> Could not find the language line "categorys input unit_id"
ERROR - 2017-05-22 19:37:49 --> Could not find the language line "products input status"
ERROR - 2017-05-22 19:37:49 --> Could not find the language line "categorys input unit_id"
ERROR - 2017-05-22 19:37:49 --> Could not find the language line "products input status"
ERROR - 2017-05-22 19:37:49 --> Could not find the language line "categorys input unit_id"
ERROR - 2017-05-22 19:38:46 --> Could not find the language line "products input status"
ERROR - 2017-05-22 19:38:46 --> Could not find the language line "categorys input unit_id"
ERROR - 2017-05-22 19:38:47 --> Could not find the language line "products input status"
ERROR - 2017-05-22 19:38:47 --> Could not find the language line "categorys input unit_id"
ERROR - 2017-05-22 19:38:47 --> Could not find the language line "products input status"
ERROR - 2017-05-22 19:38:47 --> Could not find the language line "categorys input unit_id"
ERROR - 2017-05-22 19:38:47 --> Could not find the language line "products input status"
ERROR - 2017-05-22 19:38:47 --> Could not find the language line "categorys input unit_id"
ERROR - 2017-05-22 19:38:47 --> Could not find the language line "products input status"
ERROR - 2017-05-22 19:38:47 --> Could not find the language line "categorys input unit_id"
ERROR - 2017-05-22 19:39:22 --> Could not find the language line "products input status"
ERROR - 2017-05-22 19:39:22 --> Could not find the language line "categorys input unit_id"
ERROR - 2017-05-22 19:39:22 --> Could not find the language line "products input status"
ERROR - 2017-05-22 19:39:22 --> Could not find the language line "categorys input unit_id"
ERROR - 2017-05-22 19:39:22 --> Could not find the language line "products input status"
ERROR - 2017-05-22 19:39:22 --> Could not find the language line "categorys input unit_id"
ERROR - 2017-05-22 19:39:22 --> Could not find the language line "products input status"
ERROR - 2017-05-22 19:39:22 --> Could not find the language line "categorys input unit_id"
ERROR - 2017-05-22 19:39:23 --> Could not find the language line "products input status"
ERROR - 2017-05-22 19:39:23 --> Could not find the language line "categorys input unit_id"
ERROR - 2017-05-22 19:39:23 --> Could not find the language line "products input status"
ERROR - 2017-05-22 19:39:23 --> Could not find the language line "categorys input unit_id"
ERROR - 2017-05-22 19:39:25 --> Could not find the language line "products input status"
ERROR - 2017-05-22 19:39:25 --> Could not find the language line "categorys input unit_id"
ERROR - 2017-05-22 19:39:27 --> Could not find the language line "products input status"
ERROR - 2017-05-22 19:39:27 --> Could not find the language line "categorys input unit_id"
ERROR - 2017-05-22 19:39:27 --> Could not find the language line "products input status"
ERROR - 2017-05-22 19:39:27 --> Could not find the language line "categorys input unit_id"
ERROR - 2017-05-22 19:40:11 --> Could not find the language line "products input status"
ERROR - 2017-05-22 19:40:11 --> Could not find the language line "categorys input unit_id"
ERROR - 2017-05-22 19:40:12 --> Could not find the language line "products input status"
ERROR - 2017-05-22 19:40:12 --> Could not find the language line "categorys input unit_id"
ERROR - 2017-05-22 19:40:12 --> Could not find the language line "products input status"
ERROR - 2017-05-22 19:40:12 --> Could not find the language line "categorys input unit_id"
ERROR - 2017-05-22 19:40:12 --> Could not find the language line "products input status"
ERROR - 2017-05-22 19:40:12 --> Could not find the language line "categorys input unit_id"
ERROR - 2017-05-22 19:40:12 --> Could not find the language line "products input status"
ERROR - 2017-05-22 19:40:12 --> Could not find the language line "categorys input unit_id"
ERROR - 2017-05-22 19:40:31 --> Could not find the language line "products input status"
ERROR - 2017-05-22 19:40:31 --> Could not find the language line "categorys input unit_id"
ERROR - 2017-05-22 19:40:31 --> Could not find the language line "products input status"
ERROR - 2017-05-22 19:40:31 --> Could not find the language line "categorys input unit_id"
ERROR - 2017-05-22 19:40:31 --> Could not find the language line "products input status"
ERROR - 2017-05-22 19:40:31 --> Could not find the language line "categorys input unit_id"
ERROR - 2017-05-22 19:40:31 --> Could not find the language line "products input status"
ERROR - 2017-05-22 19:40:31 --> Could not find the language line "categorys input unit_id"
ERROR - 2017-05-22 19:40:32 --> Could not find the language line "products input status"
ERROR - 2017-05-22 19:40:32 --> Could not find the language line "categorys input unit_id"
ERROR - 2017-05-22 19:40:32 --> Could not find the language line "products input status"
ERROR - 2017-05-22 19:40:32 --> Could not find the language line "categorys input unit_id"
ERROR - 2017-05-22 19:40:32 --> Could not find the language line "products input status"
ERROR - 2017-05-22 19:40:32 --> Could not find the language line "categorys input unit_id"
ERROR - 2017-05-22 19:40:32 --> Could not find the language line "products input status"
ERROR - 2017-05-22 19:40:32 --> Could not find the language line "categorys input unit_id"
ERROR - 2017-05-22 19:40:33 --> Could not find the language line "products input status"
ERROR - 2017-05-22 19:40:33 --> Could not find the language line "categorys input unit_id"
ERROR - 2017-05-22 19:40:33 --> Could not find the language line "products input status"
ERROR - 2017-05-22 19:40:33 --> Could not find the language line "categorys input unit_id"
ERROR - 2017-05-22 19:41:26 --> Could not find the language line "products input status"
ERROR - 2017-05-22 19:41:26 --> Could not find the language line "categorys input unit_id"
ERROR - 2017-05-22 19:41:54 --> Could not find the language line "products input status"
ERROR - 2017-05-22 19:41:54 --> Could not find the language line "categorys input unit_id"
ERROR - 2017-05-22 18:42:05 --> 404 Page Not Found: admin/Products/undefinedproducts
ERROR - 2017-05-22 19:43:05 --> Could not find the language line "products input status"
ERROR - 2017-05-22 19:43:05 --> Could not find the language line "categorys input unit_id"
ERROR - 2017-05-22 19:46:54 --> Could not find the language line "products input status"
ERROR - 2017-05-22 19:46:54 --> Could not find the language line "categorys input unit_id"
ERROR - 2017-05-22 19:47:49 --> Could not find the language line "products input status"
ERROR - 2017-05-22 19:47:49 --> Could not find the language line "categorys input unit_id"
ERROR - 2017-05-22 19:48:45 --> Could not find the language line "products input status"
ERROR - 2017-05-22 19:48:45 --> Could not find the language line "categorys input unit_id"
ERROR - 2017-05-22 19:48:45 --> Severity: Notice --> Array to string conversion /home/youmeopc/public_html/demo/mlm/application/controllers/admin/Products.php 272
ERROR - 2017-05-22 19:49:27 --> Could not find the language line "products input status"
ERROR - 2017-05-22 19:49:27 --> Could not find the language line "categorys input unit_id"
ERROR - 2017-05-22 18:49:31 --> 404 Page Not Found: admin/Products/undefinedproducts
ERROR - 2017-05-22 19:50:43 --> Could not find the language line "products input status"
ERROR - 2017-05-22 19:50:43 --> Could not find the language line "categorys input unit_id"
ERROR - 2017-05-22 19:50:43 --> Severity: Notice --> Uninitialized string offset: 2 /home/youmeopc/public_html/demo/mlm/application/models/Products_model.php 132
ERROR - 2017-05-22 19:50:43 --> Severity: Notice --> Uninitialized string offset: 2 /home/youmeopc/public_html/demo/mlm/application/models/Products_model.php 134
ERROR - 2017-05-22 19:50:43 --> Severity: Notice --> Uninitialized string offset: 2 /home/youmeopc/public_html/demo/mlm/application/models/Products_model.php 135
ERROR - 2017-05-22 19:50:43 --> Severity: Notice --> Array to string conversion /home/youmeopc/public_html/demo/mlm/application/controllers/admin/Products.php 276
ERROR - 2017-05-22 19:52:55 --> Could not find the language line "products input status"
ERROR - 2017-05-22 19:52:55 --> Could not find the language line "categorys input unit_id"
ERROR - 2017-05-22 18:53:55 --> 404 Page Not Found: admin/Products/undefinedproducts
ERROR - 2017-05-22 19:54:32 --> Could not find the language line "products input status"
ERROR - 2017-05-22 19:54:32 --> Could not find the language line "categorys input unit_id"
ERROR - 2017-05-22 19:55:18 --> Could not find the language line "products input status"
ERROR - 2017-05-22 19:55:18 --> Could not find the language line "categorys input unit_id"
ERROR - 2017-05-22 19:55:52 --> Could not find the language line "products input status"
ERROR - 2017-05-22 19:55:52 --> Could not find the language line "categorys input unit_id"
ERROR - 2017-05-22 19:57:00 --> Could not find the language line "products input status"
ERROR - 2017-05-22 19:57:00 --> Could not find the language line "categorys input unit_id"
ERROR - 2017-05-22 19:58:32 --> Could not find the language line "products input status"
ERROR - 2017-05-22 19:58:32 --> Could not find the language line "categorys input unit_id"
ERROR - 2017-05-22 19:59:14 --> Could not find the language line "products input status"
ERROR - 2017-05-22 19:59:14 --> Could not find the language line "categorys input unit_id"
ERROR - 2017-05-22 19:59:14 --> Severity: Notice --> Uninitialized string offset: 2 /home/youmeopc/public_html/demo/mlm/application/models/Products_model.php 128
ERROR - 2017-05-22 19:59:14 --> Severity: Notice --> Uninitialized string offset: 2 /home/youmeopc/public_html/demo/mlm/application/models/Products_model.php 132
ERROR - 2017-05-22 19:59:14 --> Severity: Notice --> Uninitialized string offset: 2 /home/youmeopc/public_html/demo/mlm/application/models/Products_model.php 134
ERROR - 2017-05-22 19:59:14 --> Severity: Notice --> Uninitialized string offset: 2 /home/youmeopc/public_html/demo/mlm/application/models/Products_model.php 135
ERROR - 2017-05-22 20:00:24 --> Could not find the language line "products input status"
ERROR - 2017-05-22 20:00:24 --> Could not find the language line "categorys input unit_id"
ERROR - 2017-05-22 20:00:24 --> Severity: Notice --> Uninitialized string offset: 1 /home/youmeopc/public_html/demo/mlm/application/models/Products_model.php 128
ERROR - 2017-05-22 20:00:24 --> Severity: Notice --> Uninitialized string offset: 2 /home/youmeopc/public_html/demo/mlm/application/models/Products_model.php 132
ERROR - 2017-05-22 20:00:24 --> Severity: Notice --> Uninitialized string offset: 2 /home/youmeopc/public_html/demo/mlm/application/models/Products_model.php 134
ERROR - 2017-05-22 20:00:24 --> Severity: Notice --> Uninitialized string offset: 2 /home/youmeopc/public_html/demo/mlm/application/models/Products_model.php 135
ERROR - 2017-05-22 20:01:45 --> Could not find the language line "products input status"
ERROR - 2017-05-22 20:01:45 --> Could not find the language line "categorys input unit_id"
ERROR - 2017-05-22 20:03:23 --> Could not find the language line "products input status"
ERROR - 2017-05-22 20:03:23 --> Could not find the language line "categorys input unit_id"
ERROR - 2017-05-22 20:06:59 --> Could not find the language line "products input status"
ERROR - 2017-05-22 20:06:59 --> Could not find the language line "categorys input unit_id"
ERROR - 2017-05-22 20:07:27 --> Could not find the language line "products input status"
ERROR - 2017-05-22 20:07:27 --> Could not find the language line "categorys input unit_id"
ERROR - 2017-05-22 20:07:48 --> Could not find the language line "products input status"
ERROR - 2017-05-22 20:07:48 --> Could not find the language line "categorys input unit_id"
ERROR - 2017-05-22 20:08:11 --> Could not find the language line "products input status"
ERROR - 2017-05-22 20:08:11 --> Could not find the language line "categorys input unit_id"
ERROR - 2017-05-22 20:08:11 --> Severity: Notice --> Array to string conversion /home/youmeopc/public_html/demo/mlm/system/database/DB_driver.php 1476
ERROR - 2017-05-22 20:08:11 --> Severity: Notice --> Array to string conversion /home/youmeopc/public_html/demo/mlm/system/database/DB_driver.php 1476
ERROR - 2017-05-22 20:08:11 --> Severity: Notice --> Array to string conversion /home/youmeopc/public_html/demo/mlm/system/database/DB_driver.php 1476
ERROR - 2017-05-22 20:08:11 --> Query error: Unknown column 'Array' in 'field list' - Invalid query: INSERT INTO `products` (`category_id`, `subcategory_id`, `p_name`, `price`, `unit_id`, `short_desc`, `long_desc`, `h_productimage`, `is_active`, `submit`) VALUES ('4', '3', Array, Array, Array, 'testewts', 'dhgdfgsdhsdh', '', '1', '')
ERROR - 2017-05-22 20:08:37 --> Could not find the language line "products input status"
ERROR - 2017-05-22 20:08:37 --> Could not find the language line "categorys input unit_id"
ERROR - 2017-05-22 20:08:55 --> Could not find the language line "products input status"
ERROR - 2017-05-22 20:08:55 --> Could not find the language line "categorys input unit_id"
ERROR - 2017-05-22 20:10:58 --> Could not find the language line "products input status"
ERROR - 2017-05-22 20:10:58 --> Could not find the language line "categorys input unit_id"
ERROR - 2017-05-22 20:13:48 --> Could not find the language line "products input status"
ERROR - 2017-05-22 20:13:48 --> Could not find the language line "categorys input unit_id"
ERROR - 2017-05-22 20:14:20 --> Could not find the language line "products input status"
ERROR - 2017-05-22 20:14:20 --> Could not find the language line "categorys input unit_id"
ERROR - 2017-05-22 20:14:34 --> Could not find the language line "products input status"
ERROR - 2017-05-22 20:14:34 --> Could not find the language line "categorys input unit_id"
ERROR - 2017-05-22 20:19:10 --> Could not find the language line "products input status"
ERROR - 2017-05-22 20:19:10 --> Could not find the language line "categorys input unit_id"
