ERROR - 2017-07-08 05:50:01 --> Could not find the language line "form_validation__check_login"
ERROR - 2017-07-08 05:58:29 --> Could not find the language line "form_validation__check_login"
ERROR - 2017-07-08 11:20:44 --> 404 Page Not Found: Themes/admin
ERROR - 2017-07-08 06:50:48 --> Could not find the language line "customers col last_name"
ERROR - 2017-07-08 06:50:48 --> Could not find the language line "customers input last_name"
ERROR - 2017-07-08 06:50:48 --> Severity: Notice --> Undefined index: last_name /home/youmeopc/public_html/demo/elevaweb/application/application/views/admin/customers/list.php 114
ERROR - 2017-07-08 06:50:48 --> Severity: Notice --> Undefined index: last_name /home/youmeopc/public_html/demo/elevaweb/application/application/views/admin/customers/list.php 114
ERROR - 2017-07-08 06:50:48 --> Severity: Notice --> Undefined index: last_name /home/youmeopc/public_html/demo/elevaweb/application/application/views/admin/customers/list.php 114
ERROR - 2017-07-08 06:50:48 --> Severity: Notice --> Undefined index: last_name /home/youmeopc/public_html/demo/elevaweb/application/application/views/admin/customers/list.php 114
ERROR - 2017-07-08 06:50:48 --> Severity: Notice --> Undefined index: last_name /home/youmeopc/public_html/demo/elevaweb/application/application/views/admin/customers/list.php 114
ERROR - 2017-07-08 06:50:48 --> Severity: Notice --> Undefined index: last_name /home/youmeopc/public_html/demo/elevaweb/application/application/views/admin/customers/list.php 114
ERROR - 2017-07-08 06:50:48 --> Severity: Notice --> Undefined index: last_name /home/youmeopc/public_html/demo/elevaweb/application/application/views/admin/customers/list.php 114
ERROR - 2017-07-08 06:50:48 --> Severity: Notice --> Undefined index: last_name /home/youmeopc/public_html/demo/elevaweb/application/application/views/admin/customers/list.php 114
ERROR - 2017-07-08 06:50:48 --> Severity: Notice --> Undefined index: last_name /home/youmeopc/public_html/demo/elevaweb/application/application/views/admin/customers/list.php 114
ERROR - 2017-07-08 06:50:48 --> Severity: Notice --> Undefined index: last_name /home/youmeopc/public_html/demo/elevaweb/application/application/views/admin/customers/list.php 114
ERROR - 2017-07-08 06:51:30 --> Could not find the language line "feeds tooltip add_new_feed"
ERROR - 2017-07-08 06:51:30 --> Could not find the language line "feeds input email"
ERROR - 2017-07-08 06:51:30 --> Could not find the language line "feeds input mobile_no"
ERROR - 2017-07-08 06:51:30 --> Could not find the language line "feeds input feed_name"
ERROR - 2017-07-08 06:51:30 --> Could not find the language line "feeds input email"
ERROR - 2017-07-08 06:51:30 --> Could not find the language line "feeds input mobile_no"
ERROR - 2017-07-08 06:51:30 --> Severity: Notice --> Undefined index: email_id /home/youmeopc/public_html/demo/elevaweb/application/application/views/admin/feeds/list.php 78
ERROR - 2017-07-08 06:51:30 --> Severity: Notice --> Undefined index: mobile_no /home/youmeopc/public_html/demo/elevaweb/application/application/views/admin/feeds/list.php 82
ERROR - 2017-07-08 06:51:30 --> Severity: Notice --> Undefined index: email_id /home/youmeopc/public_html/demo/elevaweb/application/application/views/admin/feeds/list.php 78
ERROR - 2017-07-08 06:51:30 --> Severity: Notice --> Undefined index: mobile_no /home/youmeopc/public_html/demo/elevaweb/application/application/views/admin/feeds/list.php 82
ERROR - 2017-07-08 06:51:30 --> Severity: Notice --> Undefined index: email_id /home/youmeopc/public_html/demo/elevaweb/application/application/views/admin/feeds/list.php 78
ERROR - 2017-07-08 06:51:30 --> Severity: Notice --> Undefined index: mobile_no /home/youmeopc/public_html/demo/elevaweb/application/application/views/admin/feeds/list.php 82
ERROR - 2017-07-08 06:51:49 --> Could not find the language line "feeds input payment_status"
ERROR - 2017-07-08 06:51:49 --> Severity: Notice --> Undefined variable: paymentlist /home/youmeopc/public_html/demo/elevaweb/application/application/views/admin/feeds/form.php 66
ERROR - 2017-07-08 14:53:10 --> 404 Page Not Found: Themes/admin
ERROR - 2017-07-08 10:23:13 --> Could not find the language line "feeds tooltip add_new_feed"
ERROR - 2017-07-08 10:23:13 --> Could not find the language line "feeds input email"
ERROR - 2017-07-08 10:23:13 --> Could not find the language line "feeds input mobile_no"
ERROR - 2017-07-08 10:23:13 --> Could not find the language line "feeds input feed_name"
ERROR - 2017-07-08 10:23:13 --> Could not find the language line "feeds input email"
ERROR - 2017-07-08 10:23:13 --> Could not find the language line "feeds input mobile_no"
ERROR - 2017-07-08 10:23:13 --> Severity: Notice --> Undefined index: email_id /home/youmeopc/public_html/demo/elevaweb/application/application/views/admin/feeds/list.php 78
ERROR - 2017-07-08 10:23:13 --> Severity: Notice --> Undefined index: mobile_no /home/youmeopc/public_html/demo/elevaweb/application/application/views/admin/feeds/list.php 82
ERROR - 2017-07-08 10:23:13 --> Severity: Notice --> Undefined index: email_id /home/youmeopc/public_html/demo/elevaweb/application/application/views/admin/feeds/list.php 78
ERROR - 2017-07-08 10:23:13 --> Severity: Notice --> Undefined index: mobile_no /home/youmeopc/public_html/demo/elevaweb/application/application/views/admin/feeds/list.php 82
ERROR - 2017-07-08 10:23:13 --> Severity: Notice --> Undefined index: email_id /home/youmeopc/public_html/demo/elevaweb/application/application/views/admin/feeds/list.php 78
ERROR - 2017-07-08 10:23:13 --> Severity: Notice --> Undefined index: mobile_no /home/youmeopc/public_html/demo/elevaweb/application/application/views/admin/feeds/list.php 82
ERROR - 2017-07-08 10:23:21 --> Could not find the language line "feeds input payment_status"
ERROR - 2017-07-08 10:23:21 --> Severity: Notice --> Undefined variable: paymentlist /home/youmeopc/public_html/demo/elevaweb/application/application/views/admin/feeds/form.php 66
ERROR - 2017-07-08 10:25:07 --> Could not find the language line "feeds tooltip add_new_feed"
ERROR - 2017-07-08 10:25:07 --> Could not find the language line "feeds input email"
ERROR - 2017-07-08 10:25:07 --> Could not find the language line "feeds input mobile_no"
ERROR - 2017-07-08 10:25:07 --> Could not find the language line "feeds input feed_name"
ERROR - 2017-07-08 10:25:07 --> Could not find the language line "feeds input email"
ERROR - 2017-07-08 10:25:07 --> Could not find the language line "feeds input mobile_no"
ERROR - 2017-07-08 10:25:07 --> Severity: Notice --> Undefined index: email_id /home/youmeopc/public_html/demo/elevaweb/application/application/views/admin/feeds/list.php 78
ERROR - 2017-07-08 10:25:07 --> Severity: Notice --> Undefined index: mobile_no /home/youmeopc/public_html/demo/elevaweb/application/application/views/admin/feeds/list.php 82
ERROR - 2017-07-08 10:25:07 --> Severity: Notice --> Undefined index: email_id /home/youmeopc/public_html/demo/elevaweb/application/application/views/admin/feeds/list.php 78
ERROR - 2017-07-08 10:25:07 --> Severity: Notice --> Undefined index: mobile_no /home/youmeopc/public_html/demo/elevaweb/application/application/views/admin/feeds/list.php 82
ERROR - 2017-07-08 10:25:07 --> Severity: Notice --> Undefined index: email_id /home/youmeopc/public_html/demo/elevaweb/application/application/views/admin/feeds/list.php 78
ERROR - 2017-07-08 10:25:07 --> Severity: Notice --> Undefined index: mobile_no /home/youmeopc/public_html/demo/elevaweb/application/application/views/admin/feeds/list.php 82
ERROR - 2017-07-08 10:25:07 --> Severity: Notice --> Undefined index: email_id /home/youmeopc/public_html/demo/elevaweb/application/application/views/admin/feeds/list.php 78
ERROR - 2017-07-08 10:25:07 --> Severity: Notice --> Undefined index: mobile_no /home/youmeopc/public_html/demo/elevaweb/application/application/views/admin/feeds/list.php 82
ERROR - 2017-07-08 10:25:10 --> Could not find the language line "feeds input payment_status"
ERROR - 2017-07-08 10:25:10 --> Severity: Notice --> Undefined variable: paymentlist /home/youmeopc/public_html/demo/elevaweb/application/application/views/admin/feeds/form.php 66
ERROR - 2017-07-08 10:25:28 --> Could not find the language line "feeds tooltip add_new_feed"
ERROR - 2017-07-08 10:25:28 --> Could not find the language line "feeds input email"
ERROR - 2017-07-08 10:25:28 --> Could not find the language line "feeds input mobile_no"
ERROR - 2017-07-08 10:25:28 --> Could not find the language line "feeds input feed_name"
ERROR - 2017-07-08 10:25:28 --> Could not find the language line "feeds input email"
ERROR - 2017-07-08 10:25:28 --> Could not find the language line "feeds input mobile_no"
ERROR - 2017-07-08 10:25:28 --> Severity: Notice --> Undefined index: email_id /home/youmeopc/public_html/demo/elevaweb/application/application/views/admin/feeds/list.php 78
ERROR - 2017-07-08 10:25:28 --> Severity: Notice --> Undefined index: mobile_no /home/youmeopc/public_html/demo/elevaweb/application/application/views/admin/feeds/list.php 82
ERROR - 2017-07-08 10:25:28 --> Severity: Notice --> Undefined index: email_id /home/youmeopc/public_html/demo/elevaweb/application/application/views/admin/feeds/list.php 78
ERROR - 2017-07-08 10:25:28 --> Severity: Notice --> Undefined index: mobile_no /home/youmeopc/public_html/demo/elevaweb/application/application/views/admin/feeds/list.php 82
ERROR - 2017-07-08 10:25:28 --> Severity: Notice --> Undefined index: email_id /home/youmeopc/public_html/demo/elevaweb/application/application/views/admin/feeds/list.php 78
ERROR - 2017-07-08 10:25:28 --> Severity: Notice --> Undefined index: mobile_no /home/youmeopc/public_html/demo/elevaweb/application/application/views/admin/feeds/list.php 82
ERROR - 2017-07-08 10:25:28 --> Severity: Notice --> Undefined index: email_id /home/youmeopc/public_html/demo/elevaweb/application/application/views/admin/feeds/list.php 78
ERROR - 2017-07-08 10:25:28 --> Severity: Notice --> Undefined index: mobile_no /home/youmeopc/public_html/demo/elevaweb/application/application/views/admin/feeds/list.php 82
ERROR - 2017-07-08 10:25:35 --> Could not find the language line "feeds input payment_status"
ERROR - 2017-07-08 10:25:35 --> Severity: Notice --> Undefined variable: paymentlist /home/youmeopc/public_html/demo/elevaweb/application/application/views/admin/feeds/form.php 66
ERROR - 2017-07-08 10:27:20 --> Could not find the language line "feeds input payment_status"
ERROR - 2017-07-08 10:27:20 --> Severity: Notice --> Undefined variable: paymentlist /home/youmeopc/public_html/demo/elevaweb/application/application/views/admin/feeds/form.php 66
ERROR - 2017-07-08 10:29:29 --> Could not find the language line "feeds tooltip add_new_feed"
ERROR - 2017-07-08 10:29:29 --> Could not find the language line "feeds input email"
ERROR - 2017-07-08 10:29:29 --> Could not find the language line "feeds input mobile_no"
ERROR - 2017-07-08 10:29:29 --> Could not find the language line "feeds input feed_name"
ERROR - 2017-07-08 10:29:29 --> Could not find the language line "feeds input email"
ERROR - 2017-07-08 10:29:29 --> Could not find the language line "feeds input mobile_no"
ERROR - 2017-07-08 10:29:29 --> Severity: Notice --> Undefined index: email_id /home/youmeopc/public_html/demo/elevaweb/application/application/views/admin/feeds/list.php 78
ERROR - 2017-07-08 10:29:29 --> Severity: Notice --> Undefined index: mobile_no /home/youmeopc/public_html/demo/elevaweb/application/application/views/admin/feeds/list.php 82
ERROR - 2017-07-08 10:29:29 --> Severity: Notice --> Undefined index: email_id /home/youmeopc/public_html/demo/elevaweb/application/application/views/admin/feeds/list.php 78
ERROR - 2017-07-08 10:29:29 --> Severity: Notice --> Undefined index: mobile_no /home/youmeopc/public_html/demo/elevaweb/application/application/views/admin/feeds/list.php 82
ERROR - 2017-07-08 10:29:29 --> Severity: Notice --> Undefined index: email_id /home/youmeopc/public_html/demo/elevaweb/application/application/views/admin/feeds/list.php 78
ERROR - 2017-07-08 10:29:29 --> Severity: Notice --> Undefined index: mobile_no /home/youmeopc/public_html/demo/elevaweb/application/application/views/admin/feeds/list.php 82
ERROR - 2017-07-08 10:29:29 --> Severity: Notice --> Undefined index: email_id /home/youmeopc/public_html/demo/elevaweb/application/application/views/admin/feeds/list.php 78
ERROR - 2017-07-08 10:29:29 --> Severity: Notice --> Undefined index: mobile_no /home/youmeopc/public_html/demo/elevaweb/application/application/views/admin/feeds/list.php 82
ERROR - 2017-07-08 10:29:32 --> Could not find the language line "feeds input payment_status"
ERROR - 2017-07-08 10:29:32 --> Severity: Notice --> Undefined variable: paymentlist /home/youmeopc/public_html/demo/elevaweb/application/application/views/admin/feeds/form.php 66
ERROR - 2017-07-08 10:30:00 --> Could not find the language line "feeds msg edit_feed_success"
ERROR - 2017-07-08 10:30:01 --> Could not find the language line "feeds tooltip add_new_feed"
ERROR - 2017-07-08 10:30:01 --> Could not find the language line "feeds input email"
ERROR - 2017-07-08 10:30:01 --> Could not find the language line "feeds input mobile_no"
ERROR - 2017-07-08 10:30:01 --> Could not find the language line "feeds input feed_name"
ERROR - 2017-07-08 10:30:01 --> Could not find the language line "feeds input email"
ERROR - 2017-07-08 10:30:01 --> Could not find the language line "feeds input mobile_no"
ERROR - 2017-07-08 10:30:01 --> Severity: Notice --> Undefined index: email_id /home/youmeopc/public_html/demo/elevaweb/application/application/views/admin/feeds/list.php 78
ERROR - 2017-07-08 10:30:01 --> Severity: Notice --> Undefined index: mobile_no /home/youmeopc/public_html/demo/elevaweb/application/application/views/admin/feeds/list.php 82
ERROR - 2017-07-08 10:30:01 --> Severity: Notice --> Undefined index: email_id /home/youmeopc/public_html/demo/elevaweb/application/application/views/admin/feeds/list.php 78
ERROR - 2017-07-08 10:30:01 --> Severity: Notice --> Undefined index: mobile_no /home/youmeopc/public_html/demo/elevaweb/application/application/views/admin/feeds/list.php 82
ERROR - 2017-07-08 10:30:01 --> Severity: Notice --> Undefined index: email_id /home/youmeopc/public_html/demo/elevaweb/application/application/views/admin/feeds/list.php 78
ERROR - 2017-07-08 10:30:01 --> Severity: Notice --> Undefined index: mobile_no /home/youmeopc/public_html/demo/elevaweb/application/application/views/admin/feeds/list.php 82
ERROR - 2017-07-08 10:30:01 --> Severity: Notice --> Undefined index: email_id /home/youmeopc/public_html/demo/elevaweb/application/application/views/admin/feeds/list.php 78
ERROR - 2017-07-08 10:30:01 --> Severity: Notice --> Undefined index: mobile_no /home/youmeopc/public_html/demo/elevaweb/application/application/views/admin/feeds/list.php 82
ERROR - 2017-07-08 10:30:03 --> Could not find the language line "feeds input payment_status"
ERROR - 2017-07-08 10:30:03 --> Severity: Notice --> Undefined variable: paymentlist /home/youmeopc/public_html/demo/elevaweb/application/application/views/admin/feeds/form.php 66
ERROR - 2017-07-08 10:31:21 --> Could not find the language line "feeds tooltip add_new_feed"
ERROR - 2017-07-08 10:31:21 --> Could not find the language line "feeds input email"
ERROR - 2017-07-08 10:31:21 --> Could not find the language line "feeds input mobile_no"
ERROR - 2017-07-08 10:31:21 --> Could not find the language line "feeds input feed_name"
ERROR - 2017-07-08 10:31:21 --> Could not find the language line "feeds input email"
ERROR - 2017-07-08 10:31:21 --> Could not find the language line "feeds input mobile_no"
ERROR - 2017-07-08 10:31:21 --> Severity: Notice --> Undefined index: email_id /home/youmeopc/public_html/demo/elevaweb/application/application/views/admin/feeds/list.php 78
ERROR - 2017-07-08 10:31:21 --> Severity: Notice --> Undefined index: mobile_no /home/youmeopc/public_html/demo/elevaweb/application/application/views/admin/feeds/list.php 82
ERROR - 2017-07-08 10:31:21 --> Severity: Notice --> Undefined index: email_id /home/youmeopc/public_html/demo/elevaweb/application/application/views/admin/feeds/list.php 78
ERROR - 2017-07-08 10:31:21 --> Severity: Notice --> Undefined index: mobile_no /home/youmeopc/public_html/demo/elevaweb/application/application/views/admin/feeds/list.php 82
ERROR - 2017-07-08 10:31:21 --> Severity: Notice --> Undefined index: email_id /home/youmeopc/public_html/demo/elevaweb/application/application/views/admin/feeds/list.php 78
ERROR - 2017-07-08 10:31:21 --> Severity: Notice --> Undefined index: mobile_no /home/youmeopc/public_html/demo/elevaweb/application/application/views/admin/feeds/list.php 82
ERROR - 2017-07-08 10:31:21 --> Severity: Notice --> Undefined index: email_id /home/youmeopc/public_html/demo/elevaweb/application/application/views/admin/feeds/list.php 78
ERROR - 2017-07-08 10:31:21 --> Severity: Notice --> Undefined index: mobile_no /home/youmeopc/public_html/demo/elevaweb/application/application/views/admin/feeds/list.php 82
ERROR - 2017-07-08 10:31:21 --> Severity: Notice --> Undefined index: email_id /home/youmeopc/public_html/demo/elevaweb/application/application/views/admin/feeds/list.php 78
ERROR - 2017-07-08 10:31:21 --> Severity: Notice --> Undefined index: mobile_no /home/youmeopc/public_html/demo/elevaweb/application/application/views/admin/feeds/list.php 82
ERROR - 2017-07-08 10:31:23 --> Could not find the language line "feeds input payment_status"
ERROR - 2017-07-08 10:31:23 --> Severity: Notice --> Undefined variable: paymentlist /home/youmeopc/public_html/demo/elevaweb/application/application/views/admin/feeds/form.php 66
ERROR - 2017-07-08 10:31:31 --> Could not find the language line "feeds tooltip add_new_feed"
ERROR - 2017-07-08 10:31:31 --> Could not find the language line "feeds input email"
ERROR - 2017-07-08 10:31:31 --> Could not find the language line "feeds input mobile_no"
ERROR - 2017-07-08 10:31:31 --> Could not find the language line "feeds input feed_name"
ERROR - 2017-07-08 10:31:31 --> Could not find the language line "feeds input email"
ERROR - 2017-07-08 10:31:31 --> Could not find the language line "feeds input mobile_no"
ERROR - 2017-07-08 10:31:31 --> Severity: Notice --> Undefined index: email_id /home/youmeopc/public_html/demo/elevaweb/application/application/views/admin/feeds/list.php 78
ERROR - 2017-07-08 10:31:31 --> Severity: Notice --> Undefined index: mobile_no /home/youmeopc/public_html/demo/elevaweb/application/application/views/admin/feeds/list.php 82
ERROR - 2017-07-08 10:31:31 --> Severity: Notice --> Undefined index: email_id /home/youmeopc/public_html/demo/elevaweb/application/application/views/admin/feeds/list.php 78
ERROR - 2017-07-08 10:31:31 --> Severity: Notice --> Undefined index: mobile_no /home/youmeopc/public_html/demo/elevaweb/application/application/views/admin/feeds/list.php 82
ERROR - 2017-07-08 10:31:31 --> Severity: Notice --> Undefined index: email_id /home/youmeopc/public_html/demo/elevaweb/application/application/views/admin/feeds/list.php 78
ERROR - 2017-07-08 10:31:31 --> Severity: Notice --> Undefined index: mobile_no /home/youmeopc/public_html/demo/elevaweb/application/application/views/admin/feeds/list.php 82
ERROR - 2017-07-08 10:31:31 --> Severity: Notice --> Undefined index: email_id /home/youmeopc/public_html/demo/elevaweb/application/application/views/admin/feeds/list.php 78
ERROR - 2017-07-08 10:31:31 --> Severity: Notice --> Undefined index: mobile_no /home/youmeopc/public_html/demo/elevaweb/application/application/views/admin/feeds/list.php 82
ERROR - 2017-07-08 10:31:31 --> Severity: Notice --> Undefined index: email_id /home/youmeopc/public_html/demo/elevaweb/application/application/views/admin/feeds/list.php 78
ERROR - 2017-07-08 10:31:31 --> Severity: Notice --> Undefined index: mobile_no /home/youmeopc/public_html/demo/elevaweb/application/application/views/admin/feeds/list.php 82
ERROR - 2017-07-08 10:31:44 --> Could not find the language line "feeds input payment_status"
ERROR - 2017-07-08 10:31:44 --> Severity: Notice --> Undefined variable: paymentlist /home/youmeopc/public_html/demo/elevaweb/application/application/views/admin/feeds/form.php 66
ERROR - 2017-07-08 10:32:38 --> Could not find the language line "feeds tooltip add_new_feed"
ERROR - 2017-07-08 10:32:38 --> Could not find the language line "feeds input email"
ERROR - 2017-07-08 10:32:38 --> Could not find the language line "feeds input mobile_no"
ERROR - 2017-07-08 10:32:38 --> Could not find the language line "feeds input feed_name"
ERROR - 2017-07-08 10:32:38 --> Could not find the language line "feeds input email"
ERROR - 2017-07-08 10:32:38 --> Could not find the language line "feeds input mobile_no"
ERROR - 2017-07-08 10:32:38 --> Severity: Notice --> Undefined index: email_id /home/youmeopc/public_html/demo/elevaweb/application/application/views/admin/feeds/list.php 78
ERROR - 2017-07-08 10:32:38 --> Severity: Notice --> Undefined index: mobile_no /home/youmeopc/public_html/demo/elevaweb/application/application/views/admin/feeds/list.php 82
ERROR - 2017-07-08 10:32:38 --> Severity: Notice --> Undefined index: email_id /home/youmeopc/public_html/demo/elevaweb/application/application/views/admin/feeds/list.php 78
ERROR - 2017-07-08 10:32:38 --> Severity: Notice --> Undefined index: mobile_no /home/youmeopc/public_html/demo/elevaweb/application/application/views/admin/feeds/list.php 82
ERROR - 2017-07-08 10:32:38 --> Severity: Notice --> Undefined index: email_id /home/youmeopc/public_html/demo/elevaweb/application/application/views/admin/feeds/list.php 78
ERROR - 2017-07-08 10:32:38 --> Severity: Notice --> Undefined index: mobile_no /home/youmeopc/public_html/demo/elevaweb/application/application/views/admin/feeds/list.php 82
ERROR - 2017-07-08 10:32:38 --> Severity: Notice --> Undefined index: email_id /home/youmeopc/public_html/demo/elevaweb/application/application/views/admin/feeds/list.php 78
ERROR - 2017-07-08 10:32:38 --> Severity: Notice --> Undefined index: mobile_no /home/youmeopc/public_html/demo/elevaweb/application/application/views/admin/feeds/list.php 82
ERROR - 2017-07-08 10:32:38 --> Severity: Notice --> Undefined index: email_id /home/youmeopc/public_html/demo/elevaweb/application/application/views/admin/feeds/list.php 78
ERROR - 2017-07-08 10:32:38 --> Severity: Notice --> Undefined index: mobile_no /home/youmeopc/public_html/demo/elevaweb/application/application/views/admin/feeds/list.php 82
ERROR - 2017-07-08 10:32:38 --> Severity: Notice --> Undefined index: email_id /home/youmeopc/public_html/demo/elevaweb/application/application/views/admin/feeds/list.php 78
ERROR - 2017-07-08 10:32:38 --> Severity: Notice --> Undefined index: mobile_no /home/youmeopc/public_html/demo/elevaweb/application/application/views/admin/feeds/list.php 82
