ERROR - 2017-05-23 06:02:34 --> 404 Page Not Found: Themes/admin
ERROR - 2017-05-23 07:02:45 --> Could not find the language line "menus input name"
ERROR - 2017-05-23 07:02:50 --> Could not find the language line "products input status"
ERROR - 2017-05-23 07:02:50 --> Could not find the language line "categorys input unit_id"
ERROR - 2017-05-23 07:03:13 --> Could not find the language line "products input status"
ERROR - 2017-05-23 07:03:13 --> Could not find the language line "categorys input unit_id"
ERROR - 2017-05-23 06:07:07 --> 404 Page Not Found: Themes/admin
ERROR - 2017-05-23 07:07:09 --> Could not find the language line "products input status"
ERROR - 2017-05-23 07:07:09 --> Could not find the language line "categorys input unit_id"
ERROR - 2017-05-23 07:22:25 --> Could not find the language line "products input status"
ERROR - 2017-05-23 07:22:25 --> Could not find the language line "categorys input unit_id"
ERROR - 2017-05-23 14:30:00 --> 404 Page Not Found: Themes/admin
ERROR - 2017-05-23 15:30:13 --> Could not find the language line "products input status"
ERROR - 2017-05-23 15:30:13 --> Could not find the language line "categorys input unit_id"
ERROR - 2017-05-23 16:11:11 --> Could not find the language line "products input status"
ERROR - 2017-05-23 16:11:11 --> Could not find the language line "categorys input unit_id"
ERROR - 2017-05-23 17:19:05 --> Could not find the language line "products input status"
ERROR - 2017-05-23 17:19:05 --> Could not find the language line "categorys input unit_id"
ERROR - 2017-05-23 17:19:12 --> Could not find the language line "users input status"
ERROR - 2017-05-23 17:19:21 --> Could not find the language line "menus input name"
ERROR - 2017-05-23 17:20:37 --> Could not find the language line "users input status"
ERROR - 2017-05-23 17:20:45 --> Could not find the language line "customers input status"
ERROR - 2017-05-23 17:20:58 --> Could not find the language line "products input status"
ERROR - 2017-05-23 17:20:58 --> Could not find the language line "categorys input unit_id"
ERROR - 2017-05-23 17:02:47 --> 404 Page Not Found: Themes/admin
ERROR - 2017-05-23 18:04:01 --> Could not find the language line "products input status"
ERROR - 2017-05-23 18:04:01 --> Could not find the language line "categorys input unit_id"
ERROR - 2017-05-23 18:08:04 --> Could not find the language line "products input status"
ERROR - 2017-05-23 18:08:04 --> Could not find the language line "categorys input unit_id"
ERROR - 2017-05-23 18:08:05 --> Could not find the language line "products input status"
ERROR - 2017-05-23 18:08:05 --> Could not find the language line "categorys input unit_id"
ERROR - 2017-05-23 18:08:08 --> Could not find the language line "products input status"
ERROR - 2017-05-23 18:08:08 --> Could not find the language line "categorys input unit_id"
ERROR - 2017-05-23 18:08:44 --> Could not find the language line "products input status"
ERROR - 2017-05-23 18:08:44 --> Could not find the language line "categorys input unit_id"
ERROR - 2017-05-23 18:08:44 --> Could not find the language line "products input status"
ERROR - 2017-05-23 18:08:44 --> Could not find the language line "categorys input unit_id"
ERROR - 2017-05-23 18:10:18 --> Could not find the language line "products input status"
ERROR - 2017-05-23 18:10:18 --> Could not find the language line "categorys input unit_id"
ERROR - 2017-05-23 18:11:17 --> Could not find the language line "products input status"
ERROR - 2017-05-23 18:11:17 --> Could not find the language line "categorys input unit_id"
ERROR - 2017-05-23 18:22:28 --> Could not find the language line "products input status"
ERROR - 2017-05-23 18:22:28 --> Could not find the language line "categorys input unit_id"
ERROR - 2017-05-23 17:22:36 --> 404 Page Not Found: admin/Products/undefinedproducts
ERROR - 2017-05-23 18:23:10 --> Could not find the language line "products input status"
ERROR - 2017-05-23 18:23:10 --> Could not find the language line "categorys input unit_id"
ERROR - 2017-05-23 18:23:10 --> Query error: Unknown column 'unit_id' in 'field list' - Invalid query: INSERT INTO `product_varients` (`product_id`, `price`, `unit_id`, `i_date`) VALUES (11, '100', '500 Gram', '2017-05-23 18:23:10')
ERROR - 2017-05-23 18:23:36 --> Could not find the language line "products input status"
ERROR - 2017-05-23 18:23:36 --> Could not find the language line "categorys input unit_id"
ERROR - 2017-05-23 18:23:36 --> Query error: Unknown column 'unit_id' in 'field list' - Invalid query: INSERT INTO `product_varients` (`product_id`, `price`, `unit_id`, `i_date`) VALUES (12, '100', '500 Gram', '2017-05-23 18:23:36')
ERROR - 2017-05-23 18:24:07 --> Could not find the language line "products input status"
ERROR - 2017-05-23 18:24:07 --> Could not find the language line "categorys input unit_id"
ERROR - 2017-05-23 18:24:24 --> Could not find the language line "products input status"
ERROR - 2017-05-23 18:24:24 --> Could not find the language line "categorys input unit_id"
ERROR - 2017-05-23 18:47:44 --> Could not find the language line "products input status"
ERROR - 2017-05-23 18:47:44 --> Could not find the language line "categorys input unit_id"
ERROR - 2017-05-23 18:48:52 --> Could not find the language line "products input status"
ERROR - 2017-05-23 18:48:52 --> Could not find the language line "categorys input unit_id"
ERROR - 2017-05-23 18:48:52 --> Severity: Error --> Call to undefined method CI_DB_mysqli_driver::result_array() /home/youmeopc/public_html/demo/mlm/application/helpers/custom_helper.php 9
ERROR - 2017-05-23 18:49:32 --> Could not find the language line "products input status"
ERROR - 2017-05-23 18:49:32 --> Could not find the language line "categorys input unit_id"
ERROR - 2017-05-23 18:50:05 --> Could not find the language line "products input status"
ERROR - 2017-05-23 18:50:05 --> Could not find the language line "categorys input unit_id"
ERROR - 2017-05-23 18:50:05 --> Severity: Error --> Call to undefined method CI_DB_mysqli_driver::result() /home/youmeopc/public_html/demo/mlm/application/helpers/custom_helper.php 9
ERROR - 2017-05-23 18:50:05 --> Could not find the language line "products input status"
ERROR - 2017-05-23 18:50:05 --> Could not find the language line "categorys input unit_id"
ERROR - 2017-05-23 18:50:05 --> Severity: Error --> Call to undefined method CI_DB_mysqli_driver::result() /home/youmeopc/public_html/demo/mlm/application/helpers/custom_helper.php 9
ERROR - 2017-05-23 18:52:37 --> Could not find the language line "products input status"
ERROR - 2017-05-23 18:52:37 --> Could not find the language line "categorys input unit_id"
ERROR - 2017-05-23 18:53:07 --> Could not find the language line "products input status"
ERROR - 2017-05-23 18:53:07 --> Could not find the language line "categorys input unit_id"
ERROR - 2017-05-23 18:54:55 --> Could not find the language line "products input status"
ERROR - 2017-05-23 18:54:55 --> Could not find the language line "categorys input unit_id"
ERROR - 2017-05-23 18:59:04 --> Could not find the language line "products input status"
ERROR - 2017-05-23 18:59:04 --> Could not find the language line "categorys input unit_id"
ERROR - 2017-05-23 18:59:25 --> Could not find the language line "products input status"
ERROR - 2017-05-23 18:59:25 --> Could not find the language line "categorys input unit_id"
ERROR - 2017-05-23 19:00:22 --> Could not find the language line "products input status"
ERROR - 2017-05-23 19:00:22 --> Could not find the language line "categorys input unit_id"
ERROR - 2017-05-23 19:01:24 --> Could not find the language line "products input status"
ERROR - 2017-05-23 19:01:24 --> Could not find the language line "categorys input unit_id"
ERROR - 2017-05-23 19:01:47 --> Could not find the language line "products input status"
ERROR - 2017-05-23 19:01:47 --> Could not find the language line "categorys input unit_id"
ERROR - 2017-05-23 19:03:24 --> Could not find the language line "products input status"
ERROR - 2017-05-23 19:03:24 --> Could not find the language line "categorys input unit_id"
ERROR - 2017-05-23 19:03:30 --> Could not find the language line "products input status"
ERROR - 2017-05-23 19:03:30 --> Could not find the language line "categorys input unit_id"
ERROR - 2017-05-23 19:04:01 --> Could not find the language line "products input status"
ERROR - 2017-05-23 19:04:01 --> Could not find the language line "categorys input unit_id"
ERROR - 2017-05-23 19:08:08 --> Could not find the language line "products input status"
ERROR - 2017-05-23 19:08:08 --> Could not find the language line "categorys input unit_id"
ERROR - 2017-05-23 19:10:22 --> Could not find the language line "products input status"
ERROR - 2017-05-23 19:10:22 --> Could not find the language line "categorys input unit_id"
ERROR - 2017-05-23 19:10:28 --> Could not find the language line "products input status"
ERROR - 2017-05-23 19:10:28 --> Could not find the language line "categorys input unit_id"
ERROR - 2017-05-23 19:13:42 --> Could not find the language line "products input status"
ERROR - 2017-05-23 19:13:42 --> Could not find the language line "categorys input unit_id"
ERROR - 2017-05-23 19:13:42 --> Could not find the language line "products input status"
ERROR - 2017-05-23 19:13:42 --> Could not find the language line "categorys input unit_id"
ERROR - 2017-05-23 19:13:42 --> Could not find the language line "products input status"
ERROR - 2017-05-23 19:13:42 --> Could not find the language line "categorys input unit_id"
ERROR - 2017-05-23 19:13:43 --> Could not find the language line "products input status"
ERROR - 2017-05-23 19:13:43 --> Could not find the language line "categorys input unit_id"
ERROR - 2017-05-23 19:13:44 --> Could not find the language line "products input status"
ERROR - 2017-05-23 19:13:44 --> Could not find the language line "categorys input unit_id"
ERROR - 2017-05-23 19:13:45 --> Could not find the language line "products input status"
ERROR - 2017-05-23 19:13:45 --> Could not find the language line "categorys input unit_id"
ERROR - 2017-05-23 19:13:45 --> Could not find the language line "products input status"
ERROR - 2017-05-23 19:13:45 --> Could not find the language line "categorys input unit_id"
ERROR - 2017-05-23 19:13:45 --> Could not find the language line "products input status"
ERROR - 2017-05-23 19:13:45 --> Could not find the language line "categorys input unit_id"
ERROR - 2017-05-23 19:13:45 --> Could not find the language line "products input status"
ERROR - 2017-05-23 19:13:45 --> Could not find the language line "categorys input unit_id"
ERROR - 2017-05-23 19:13:46 --> Could not find the language line "products input status"
ERROR - 2017-05-23 19:13:46 --> Could not find the language line "categorys input unit_id"
ERROR - 2017-05-23 19:13:46 --> Could not find the language line "products input status"
ERROR - 2017-05-23 19:13:46 --> Could not find the language line "categorys input unit_id"
ERROR - 2017-05-23 19:13:46 --> Could not find the language line "products input status"
ERROR - 2017-05-23 19:13:46 --> Could not find the language line "categorys input unit_id"
ERROR - 2017-05-23 19:13:46 --> Could not find the language line "products input status"
ERROR - 2017-05-23 19:13:46 --> Could not find the language line "categorys input unit_id"
ERROR - 2017-05-23 19:13:46 --> Could not find the language line "products input status"
ERROR - 2017-05-23 19:13:46 --> Could not find the language line "categorys input unit_id"
ERROR - 2017-05-23 19:13:46 --> Could not find the language line "products input status"
ERROR - 2017-05-23 19:13:46 --> Could not find the language line "categorys input unit_id"
ERROR - 2017-05-23 19:14:20 --> Could not find the language line "products input status"
ERROR - 2017-05-23 19:14:20 --> Could not find the language line "categorys input unit_id"
ERROR - 2017-05-23 19:14:20 --> Could not find the language line "products input status"
ERROR - 2017-05-23 19:14:20 --> Could not find the language line "categorys input unit_id"
ERROR - 2017-05-23 19:14:20 --> Could not find the language line "products input status"
ERROR - 2017-05-23 19:14:20 --> Could not find the language line "categorys input unit_id"
ERROR - 2017-05-23 19:14:20 --> Could not find the language line "products input status"
ERROR - 2017-05-23 19:14:20 --> Could not find the language line "categorys input unit_id"
ERROR - 2017-05-23 19:14:21 --> Could not find the language line "products input status"
ERROR - 2017-05-23 19:14:21 --> Could not find the language line "categorys input unit_id"
ERROR - 2017-05-23 19:14:21 --> Could not find the language line "products input status"
ERROR - 2017-05-23 19:14:21 --> Could not find the language line "categorys input unit_id"
ERROR - 2017-05-23 19:14:32 --> Could not find the language line "products input status"
ERROR - 2017-05-23 19:14:32 --> Could not find the language line "categorys input unit_id"
ERROR - 2017-05-23 19:14:32 --> Could not find the language line "products input status"
ERROR - 2017-05-23 19:14:32 --> Could not find the language line "categorys input unit_id"
ERROR - 2017-05-23 19:14:32 --> Could not find the language line "products input status"
ERROR - 2017-05-23 19:14:32 --> Could not find the language line "categorys input unit_id"
ERROR - 2017-05-23 19:14:33 --> Could not find the language line "products input status"
ERROR - 2017-05-23 19:14:33 --> Could not find the language line "categorys input unit_id"
ERROR - 2017-05-23 19:14:33 --> Could not find the language line "products input status"
ERROR - 2017-05-23 19:14:33 --> Could not find the language line "categorys input unit_id"
ERROR - 2017-05-23 19:14:33 --> Could not find the language line "products input status"
ERROR - 2017-05-23 19:14:33 --> Could not find the language line "categorys input unit_id"
ERROR - 2017-05-23 19:14:34 --> Could not find the language line "products input status"
ERROR - 2017-05-23 19:14:34 --> Could not find the language line "categorys input unit_id"
ERROR - 2017-05-23 19:14:34 --> Could not find the language line "products input status"
ERROR - 2017-05-23 19:14:34 --> Could not find the language line "categorys input unit_id"
ERROR - 2017-05-23 19:23:04 --> Could not find the language line "products input status"
ERROR - 2017-05-23 19:23:04 --> Could not find the language line "categorys input unit_id"
ERROR - 2017-05-23 19:23:04 --> Could not find the language line "products input status"
ERROR - 2017-05-23 19:23:04 --> Could not find the language line "categorys input unit_id"
ERROR - 2017-05-23 19:23:04 --> Could not find the language line "products input status"
ERROR - 2017-05-23 19:23:04 --> Could not find the language line "categorys input unit_id"
ERROR - 2017-05-23 19:23:04 --> Could not find the language line "products input status"
ERROR - 2017-05-23 19:23:04 --> Could not find the language line "categorys input unit_id"
ERROR - 2017-05-23 19:23:04 --> Could not find the language line "products input status"
ERROR - 2017-05-23 19:23:04 --> Could not find the language line "categorys input unit_id"
ERROR - 2017-05-23 19:23:05 --> Could not find the language line "products input status"
ERROR - 2017-05-23 19:23:05 --> Could not find the language line "categorys input unit_id"
ERROR - 2017-05-23 19:23:10 --> Could not find the language line "products input status"
ERROR - 2017-05-23 19:23:10 --> Could not find the language line "categorys input unit_id"
ERROR - 2017-05-23 19:23:10 --> Could not find the language line "products input status"
ERROR - 2017-05-23 19:23:10 --> Could not find the language line "categorys input unit_id"
ERROR - 2017-05-23 19:23:10 --> Could not find the language line "products input status"
ERROR - 2017-05-23 19:23:10 --> Could not find the language line "categorys input unit_id"
ERROR - 2017-05-23 19:23:10 --> Could not find the language line "products input status"
ERROR - 2017-05-23 19:23:10 --> Could not find the language line "categorys input unit_id"
ERROR - 2017-05-23 19:23:11 --> Could not find the language line "products input status"
ERROR - 2017-05-23 19:23:11 --> Could not find the language line "categorys input unit_id"
ERROR - 2017-05-23 19:23:11 --> Could not find the language line "products input status"
ERROR - 2017-05-23 19:23:11 --> Could not find the language line "categorys input unit_id"
ERROR - 2017-05-23 19:23:12 --> Could not find the language line "products input status"
ERROR - 2017-05-23 19:23:12 --> Could not find the language line "categorys input unit_id"
ERROR - 2017-05-23 19:24:27 --> Could not find the language line "products input status"
ERROR - 2017-05-23 19:24:27 --> Could not find the language line "categorys input unit_id"
ERROR - 2017-05-23 19:24:27 --> Could not find the language line "products input status"
ERROR - 2017-05-23 19:24:27 --> Could not find the language line "categorys input unit_id"
ERROR - 2017-05-23 19:24:28 --> Could not find the language line "products input status"
ERROR - 2017-05-23 19:24:28 --> Could not find the language line "categorys input unit_id"
ERROR - 2017-05-23 19:24:28 --> Could not find the language line "products input status"
ERROR - 2017-05-23 19:24:28 --> Could not find the language line "categorys input unit_id"
ERROR - 2017-05-23 19:24:28 --> Could not find the language line "products input status"
ERROR - 2017-05-23 19:24:28 --> Could not find the language line "categorys input unit_id"
ERROR - 2017-05-23 19:24:30 --> Could not find the language line "products input status"
ERROR - 2017-05-23 19:24:30 --> Could not find the language line "categorys input unit_id"
ERROR - 2017-05-23 19:24:30 --> Could not find the language line "products input status"
ERROR - 2017-05-23 19:24:30 --> Could not find the language line "categorys input unit_id"
ERROR - 2017-05-23 19:24:30 --> Could not find the language line "products input status"
ERROR - 2017-05-23 19:24:30 --> Could not find the language line "categorys input unit_id"
ERROR - 2017-05-23 19:24:30 --> Could not find the language line "products input status"
ERROR - 2017-05-23 19:24:30 --> Could not find the language line "categorys input unit_id"
ERROR - 2017-05-23 19:24:31 --> Could not find the language line "products input status"
ERROR - 2017-05-23 19:24:31 --> Could not find the language line "categorys input unit_id"
ERROR - 2017-05-23 19:28:18 --> Could not find the language line "products input status"
ERROR - 2017-05-23 19:28:18 --> Could not find the language line "categorys input unit_id"
ERROR - 2017-05-23 19:28:18 --> Could not find the language line "products input status"
ERROR - 2017-05-23 19:28:18 --> Could not find the language line "categorys input unit_id"
ERROR - 2017-05-23 19:28:19 --> Could not find the language line "products input status"
ERROR - 2017-05-23 19:28:19 --> Could not find the language line "categorys input unit_id"
ERROR - 2017-05-23 19:28:19 --> Could not find the language line "products input status"
ERROR - 2017-05-23 19:28:19 --> Could not find the language line "categorys input unit_id"
ERROR - 2017-05-23 19:28:20 --> Could not find the language line "products input status"
ERROR - 2017-05-23 19:28:20 --> Could not find the language line "categorys input unit_id"
ERROR - 2017-05-23 19:28:20 --> Could not find the language line "products input status"
ERROR - 2017-05-23 19:28:20 --> Could not find the language line "categorys input unit_id"
ERROR - 2017-05-23 19:28:20 --> Could not find the language line "products input status"
ERROR - 2017-05-23 19:28:20 --> Could not find the language line "categorys input unit_id"
ERROR - 2017-05-23 19:28:20 --> Could not find the language line "products input status"
ERROR - 2017-05-23 19:28:20 --> Could not find the language line "categorys input unit_id"
ERROR - 2017-05-23 19:28:20 --> Could not find the language line "products input status"
ERROR - 2017-05-23 19:28:20 --> Could not find the language line "categorys input unit_id"
ERROR - 2017-05-23 19:29:45 --> Could not find the language line "products input status"
ERROR - 2017-05-23 19:29:45 --> Could not find the language line "categorys input unit_id"
ERROR - 2017-05-23 19:29:46 --> Could not find the language line "products input status"
ERROR - 2017-05-23 19:29:46 --> Could not find the language line "categorys input unit_id"
ERROR - 2017-05-23 19:29:46 --> Could not find the language line "products input status"
ERROR - 2017-05-23 19:29:46 --> Could not find the language line "categorys input unit_id"
ERROR - 2017-05-23 19:29:46 --> Could not find the language line "products input status"
ERROR - 2017-05-23 19:29:46 --> Could not find the language line "categorys input unit_id"
ERROR - 2017-05-23 19:29:46 --> Could not find the language line "products input status"
ERROR - 2017-05-23 19:29:46 --> Could not find the language line "categorys input unit_id"
ERROR - 2017-05-23 19:29:46 --> Could not find the language line "products input status"
ERROR - 2017-05-23 19:29:46 --> Could not find the language line "categorys input unit_id"
ERROR - 2017-05-23 19:29:47 --> Could not find the language line "products input status"
ERROR - 2017-05-23 19:29:47 --> Could not find the language line "categorys input unit_id"
ERROR - 2017-05-23 19:29:47 --> Could not find the language line "products input status"
ERROR - 2017-05-23 19:29:47 --> Could not find the language line "categorys input unit_id"
ERROR - 2017-05-23 19:29:47 --> Could not find the language line "products input status"
ERROR - 2017-05-23 19:29:47 --> Could not find the language line "categorys input unit_id"
ERROR - 2017-05-23 19:29:47 --> Could not find the language line "products input status"
ERROR - 2017-05-23 19:29:47 --> Could not find the language line "categorys input unit_id"
ERROR - 2017-05-23 19:29:47 --> Could not find the language line "products input status"
ERROR - 2017-05-23 19:29:47 --> Could not find the language line "categorys input unit_id"
ERROR - 2017-05-23 19:29:47 --> Could not find the language line "products input status"
ERROR - 2017-05-23 19:29:47 --> Could not find the language line "categorys input unit_id"
ERROR - 2017-05-23 19:30:18 --> Could not find the language line "products input status"
ERROR - 2017-05-23 19:30:18 --> Could not find the language line "categorys input unit_id"
ERROR - 2017-05-23 19:30:18 --> Could not find the language line "products input status"
ERROR - 2017-05-23 19:30:18 --> Could not find the language line "categorys input unit_id"
ERROR - 2017-05-23 19:30:18 --> Could not find the language line "products input status"
ERROR - 2017-05-23 19:30:18 --> Could not find the language line "categorys input unit_id"
ERROR - 2017-05-23 19:30:18 --> Could not find the language line "products input status"
ERROR - 2017-05-23 19:30:18 --> Could not find the language line "categorys input unit_id"
ERROR - 2017-05-23 19:30:19 --> Could not find the language line "products input status"
ERROR - 2017-05-23 19:30:19 --> Could not find the language line "categorys input unit_id"
ERROR - 2017-05-23 19:30:19 --> Could not find the language line "products input status"
ERROR - 2017-05-23 19:30:19 --> Could not find the language line "categorys input unit_id"
ERROR - 2017-05-23 19:30:22 --> Could not find the language line "products input status"
ERROR - 2017-05-23 19:30:22 --> Could not find the language line "categorys input unit_id"
ERROR - 2017-05-23 19:30:23 --> Could not find the language line "products input status"
ERROR - 2017-05-23 19:30:23 --> Could not find the language line "categorys input unit_id"
ERROR - 2017-05-23 19:30:23 --> Could not find the language line "products input status"
ERROR - 2017-05-23 19:30:23 --> Could not find the language line "categorys input unit_id"
ERROR - 2017-05-23 19:30:23 --> Could not find the language line "products input status"
ERROR - 2017-05-23 19:30:23 --> Could not find the language line "categorys input unit_id"
ERROR - 2017-05-23 19:33:22 --> Could not find the language line "products input status"
ERROR - 2017-05-23 19:33:22 --> Could not find the language line "categorys input unit_id"
ERROR - 2017-05-23 19:33:22 --> Could not find the language line "products input status"
ERROR - 2017-05-23 19:33:22 --> Could not find the language line "categorys input unit_id"
ERROR - 2017-05-23 19:33:22 --> Could not find the language line "products input status"
ERROR - 2017-05-23 19:33:22 --> Could not find the language line "categorys input unit_id"
ERROR - 2017-05-23 19:33:23 --> Could not find the language line "products input status"
ERROR - 2017-05-23 19:33:23 --> Could not find the language line "categorys input unit_id"
ERROR - 2017-05-23 19:33:23 --> Could not find the language line "products input status"
ERROR - 2017-05-23 19:33:23 --> Could not find the language line "categorys input unit_id"
ERROR - 2017-05-23 19:33:23 --> Could not find the language line "products input status"
ERROR - 2017-05-23 19:33:23 --> Could not find the language line "categorys input unit_id"
ERROR - 2017-05-23 19:33:23 --> Could not find the language line "products input status"
ERROR - 2017-05-23 19:33:23 --> Could not find the language line "categorys input unit_id"
ERROR - 2017-05-23 19:33:23 --> Could not find the language line "products input status"
ERROR - 2017-05-23 19:33:23 --> Could not find the language line "categorys input unit_id"
ERROR - 2017-05-23 19:34:02 --> Could not find the language line "products input status"
ERROR - 2017-05-23 19:34:02 --> Could not find the language line "categorys input unit_id"
ERROR - 2017-05-23 19:34:21 --> Could not find the language line "products input status"
ERROR - 2017-05-23 19:34:21 --> Could not find the language line "categorys input unit_id"
ERROR - 2017-05-23 19:34:21 --> Could not find the language line "products input status"
ERROR - 2017-05-23 19:34:21 --> Could not find the language line "categorys input unit_id"
ERROR - 2017-05-23 19:34:21 --> Could not find the language line "products input status"
ERROR - 2017-05-23 19:34:21 --> Could not find the language line "categorys input unit_id"
ERROR - 2017-05-23 19:34:22 --> Could not find the language line "products input status"
ERROR - 2017-05-23 19:34:22 --> Could not find the language line "categorys input unit_id"
ERROR - 2017-05-23 19:34:22 --> Could not find the language line "products input status"
ERROR - 2017-05-23 19:34:22 --> Could not find the language line "categorys input unit_id"
ERROR - 2017-05-23 19:34:22 --> Could not find the language line "products input status"
ERROR - 2017-05-23 19:34:22 --> Could not find the language line "categorys input unit_id"
ERROR - 2017-05-23 19:34:22 --> Could not find the language line "products input status"
ERROR - 2017-05-23 19:34:22 --> Could not find the language line "categorys input unit_id"
ERROR - 2017-05-23 19:34:22 --> Could not find the language line "products input status"
ERROR - 2017-05-23 19:34:22 --> Could not find the language line "categorys input unit_id"
ERROR - 2017-05-23 19:34:22 --> Could not find the language line "products input status"
ERROR - 2017-05-23 19:34:22 --> Could not find the language line "categorys input unit_id"
ERROR - 2017-05-23 19:34:22 --> Could not find the language line "products input status"
ERROR - 2017-05-23 19:34:22 --> Could not find the language line "categorys input unit_id"
ERROR - 2017-05-23 19:34:22 --> Could not find the language line "products input status"
ERROR - 2017-05-23 19:34:22 --> Could not find the language line "categorys input unit_id"
ERROR - 2017-05-23 19:34:23 --> Could not find the language line "products input status"
ERROR - 2017-05-23 19:34:23 --> Could not find the language line "categorys input unit_id"
ERROR - 2017-05-23 19:34:24 --> Could not find the language line "products input status"
ERROR - 2017-05-23 19:34:24 --> Could not find the language line "categorys input unit_id"
ERROR - 2017-05-23 19:34:24 --> Could not find the language line "products input status"
ERROR - 2017-05-23 19:34:24 --> Could not find the language line "categorys input unit_id"
ERROR - 2017-05-23 19:34:24 --> Could not find the language line "products input status"
ERROR - 2017-05-23 19:34:24 --> Could not find the language line "categorys input unit_id"
ERROR - 2017-05-23 19:40:23 --> Could not find the language line "products input status"
ERROR - 2017-05-23 19:40:23 --> Could not find the language line "categorys input unit_id"
ERROR - 2017-05-23 19:40:23 --> Could not find the language line "products input status"
ERROR - 2017-05-23 19:40:23 --> Could not find the language line "categorys input unit_id"
ERROR - 2017-05-23 19:40:23 --> Could not find the language line "products input status"
ERROR - 2017-05-23 19:40:23 --> Could not find the language line "categorys input unit_id"
ERROR - 2017-05-23 19:40:23 --> Could not find the language line "products input status"
ERROR - 2017-05-23 19:40:23 --> Could not find the language line "categorys input unit_id"
ERROR - 2017-05-23 19:40:24 --> Could not find the language line "products input status"
ERROR - 2017-05-23 19:40:24 --> Could not find the language line "categorys input unit_id"
ERROR - 2017-05-23 19:40:24 --> Could not find the language line "products input status"
ERROR - 2017-05-23 19:40:24 --> Could not find the language line "categorys input unit_id"
ERROR - 2017-05-23 19:40:24 --> Could not find the language line "products input status"
ERROR - 2017-05-23 19:40:24 --> Could not find the language line "categorys input unit_id"
ERROR - 2017-05-23 19:41:39 --> Could not find the language line "products input status"
ERROR - 2017-05-23 19:41:39 --> Could not find the language line "categorys input unit_id"
ERROR - 2017-05-23 19:43:14 --> Could not find the language line "products input status"
ERROR - 2017-05-23 19:43:14 --> Could not find the language line "categorys input unit_id"
ERROR - 2017-05-23 19:43:34 --> Could not find the language line "products input status"
ERROR - 2017-05-23 19:43:34 --> Could not find the language line "categorys input unit_id"
ERROR - 2017-05-23 19:43:34 --> Severity: Notice --> Undefined index: h_productimage /home/youmeopc/public_html/demo/mlm/application/models/Products_model.php 177
ERROR - 2017-05-23 19:43:44 --> Could not find the language line "products input status"
ERROR - 2017-05-23 19:43:44 --> Could not find the language line "categorys input unit_id"
ERROR - 2017-05-23 19:45:09 --> Could not find the language line "products input status"
ERROR - 2017-05-23 19:45:09 --> Could not find the language line "categorys input unit_id"
ERROR - 2017-05-23 19:45:09 --> Could not find the language line "products input status"
ERROR - 2017-05-23 19:45:09 --> Could not find the language line "categorys input unit_id"
ERROR - 2017-05-23 19:45:10 --> Could not find the language line "products input status"
ERROR - 2017-05-23 19:45:10 --> Could not find the language line "categorys input unit_id"
ERROR - 2017-05-23 19:45:10 --> Could not find the language line "products input status"
ERROR - 2017-05-23 19:45:10 --> Could not find the language line "categorys input unit_id"
ERROR - 2017-05-23 19:45:10 --> Could not find the language line "products input status"
ERROR - 2017-05-23 19:45:10 --> Could not find the language line "categorys input unit_id"
ERROR - 2017-05-23 19:45:10 --> Could not find the language line "products input status"
ERROR - 2017-05-23 19:45:10 --> Could not find the language line "categorys input unit_id"
ERROR - 2017-05-23 19:45:10 --> Could not find the language line "products input status"
ERROR - 2017-05-23 19:45:10 --> Could not find the language line "categorys input unit_id"
ERROR - 2017-05-23 19:45:11 --> Could not find the language line "products input status"
ERROR - 2017-05-23 19:45:11 --> Could not find the language line "categorys input unit_id"
ERROR - 2017-05-23 19:45:11 --> Could not find the language line "products input status"
ERROR - 2017-05-23 19:45:11 --> Could not find the language line "categorys input unit_id"
ERROR - 2017-05-23 19:45:11 --> Could not find the language line "products input status"
ERROR - 2017-05-23 19:45:11 --> Could not find the language line "categorys input unit_id"
ERROR - 2017-05-23 19:45:11 --> Could not find the language line "products input status"
ERROR - 2017-05-23 19:45:11 --> Could not find the language line "categorys input unit_id"
ERROR - 2017-05-23 19:45:11 --> Could not find the language line "products input status"
ERROR - 2017-05-23 19:45:11 --> Could not find the language line "categorys input unit_id"
ERROR - 2017-05-23 19:45:12 --> Could not find the language line "products input status"
ERROR - 2017-05-23 19:45:12 --> Could not find the language line "categorys input unit_id"
ERROR - 2017-05-23 19:45:13 --> Could not find the language line "products input status"
ERROR - 2017-05-23 19:45:13 --> Could not find the language line "categorys input unit_id"
ERROR - 2017-05-23 19:45:28 --> Could not find the language line "products input status"
ERROR - 2017-05-23 19:45:28 --> Could not find the language line "categorys input unit_id"
ERROR - 2017-05-23 19:45:49 --> Could not find the language line "products input status"
ERROR - 2017-05-23 19:45:49 --> Could not find the language line "categorys input unit_id"
ERROR - 2017-05-23 19:45:54 --> Could not find the language line "products input status"
ERROR - 2017-05-23 19:45:54 --> Could not find the language line "categorys input unit_id"
ERROR - 2017-05-23 19:45:54 --> Could not find the language line "products input status"
ERROR - 2017-05-23 19:45:54 --> Could not find the language line "categorys input unit_id"
ERROR - 2017-05-23 19:45:54 --> Could not find the language line "products input status"
ERROR - 2017-05-23 19:45:54 --> Could not find the language line "categorys input unit_id"
ERROR - 2017-05-23 19:45:54 --> Could not find the language line "products input status"
ERROR - 2017-05-23 19:45:54 --> Could not find the language line "categorys input unit_id"
ERROR - 2017-05-23 19:45:55 --> Could not find the language line "products input status"
ERROR - 2017-05-23 19:45:55 --> Could not find the language line "categorys input unit_id"
ERROR - 2017-05-23 19:45:55 --> Could not find the language line "products input status"
ERROR - 2017-05-23 19:45:55 --> Could not find the language line "categorys input unit_id"
ERROR - 2017-05-23 19:45:55 --> Could not find the language line "products input status"
ERROR - 2017-05-23 19:45:55 --> Could not find the language line "categorys input unit_id"
ERROR - 2017-05-23 19:45:55 --> Could not find the language line "products input status"
ERROR - 2017-05-23 19:45:55 --> Could not find the language line "categorys input unit_id"
ERROR - 2017-05-23 19:45:55 --> Could not find the language line "products input status"
ERROR - 2017-05-23 19:45:55 --> Could not find the language line "categorys input unit_id"
ERROR - 2017-05-23 19:45:55 --> Could not find the language line "products input status"
ERROR - 2017-05-23 19:45:55 --> Could not find the language line "categorys input unit_id"
ERROR - 2017-05-23 19:45:55 --> Could not find the language line "products input status"
ERROR - 2017-05-23 19:45:55 --> Could not find the language line "categorys input unit_id"
ERROR - 2017-05-23 19:49:15 --> Could not find the language line "products input status"
ERROR - 2017-05-23 19:49:15 --> Could not find the language line "categorys input unit_id"
ERROR - 2017-05-23 19:49:52 --> Could not find the language line "products input status"
ERROR - 2017-05-23 19:49:52 --> Could not find the language line "categorys input unit_id"
ERROR - 2017-05-23 19:50:11 --> Could not find the language line "products input status"
ERROR - 2017-05-23 19:50:11 --> Could not find the language line "categorys input unit_id"
ERROR - 2017-05-23 19:50:11 --> Could not find the language line "products input status"
ERROR - 2017-05-23 19:50:11 --> Could not find the language line "categorys input unit_id"
ERROR - 2017-05-23 19:50:12 --> Could not find the language line "products input status"
ERROR - 2017-05-23 19:50:12 --> Could not find the language line "categorys input unit_id"
ERROR - 2017-05-23 19:50:12 --> Could not find the language line "products input status"
ERROR - 2017-05-23 19:50:12 --> Could not find the language line "categorys input unit_id"
ERROR - 2017-05-23 19:50:13 --> Could not find the language line "products input status"
ERROR - 2017-05-23 19:50:13 --> Could not find the language line "categorys input unit_id"
ERROR - 2017-05-23 19:50:14 --> Could not find the language line "products input status"
ERROR - 2017-05-23 19:50:14 --> Could not find the language line "categorys input unit_id"
ERROR - 2017-05-23 19:50:32 --> Could not find the language line "products input status"
ERROR - 2017-05-23 19:50:32 --> Could not find the language line "categorys input unit_id"
ERROR - 2017-05-23 19:51:13 --> Could not find the language line "products input status"
ERROR - 2017-05-23 19:51:13 --> Could not find the language line "categorys input unit_id"
ERROR - 2017-05-23 19:51:25 --> Could not find the language line "products input status"
ERROR - 2017-05-23 19:51:25 --> Could not find the language line "categorys input unit_id"
ERROR - 2017-05-23 18:56:55 --> 404 Page Not Found: admin/Products/edit
ERROR - 2017-05-23 18:57:01 --> Severity: Parsing Error --> syntax error, unexpected end of file /home/youmeopc/public_html/demo/mlm/application/controllers/admin/Products.php 369
ERROR - 2017-05-23 19:57:08 --> Could not find the language line "products input status"
ERROR - 2017-05-23 19:57:08 --> Could not find the language line "categorys input unit_id"
ERROR - 2017-05-23 19:57:15 --> Could not find the language line "products input status"
ERROR - 2017-05-23 19:57:15 --> Could not find the language line "categorys input unit_id"
ERROR - 2017-05-23 19:57:15 --> Severity: Notice --> Undefined index: h_productimage /home/youmeopc/public_html/demo/mlm/application/models/Products_model.php 177
ERROR - 2017-05-23 19:57:29 --> Could not find the language line "products input status"
ERROR - 2017-05-23 19:57:29 --> Could not find the language line "categorys input unit_id"
ERROR - 2017-05-23 19:58:45 --> Could not find the language line "products input status"
ERROR - 2017-05-23 19:58:45 --> Could not find the language line "categorys input unit_id"
ERROR - 2017-05-23 19:59:01 --> Could not find the language line "products input status"
ERROR - 2017-05-23 19:59:01 --> Could not find the language line "categorys input unit_id"
ERROR - 2017-05-23 19:59:01 --> Severity: Notice --> Undefined index: h_productimage /home/youmeopc/public_html/demo/mlm/application/models/Products_model.php 177
ERROR - 2017-05-23 19:59:19 --> Could not find the language line "products input status"
ERROR - 2017-05-23 19:59:19 --> Could not find the language line "categorys input unit_id"
ERROR - 2017-05-23 19:59:33 --> Could not find the language line "products input status"
ERROR - 2017-05-23 19:59:33 --> Could not find the language line "categorys input unit_id"
ERROR - 2017-05-23 19:59:33 --> Severity: Notice --> Undefined index: h_productimage /home/youmeopc/public_html/demo/mlm/application/models/Products_model.php 177
ERROR - 2017-05-23 19:59:33 --> Severity: Notice --> Undefined offset: 1 /home/youmeopc/public_html/demo/mlm/application/models/Products_model.php 206
ERROR - 2017-05-23 19:59:51 --> Could not find the language line "products input status"
ERROR - 2017-05-23 19:59:51 --> Could not find the language line "categorys input unit_id"
ERROR - 2017-05-23 20:03:01 --> Could not find the language line "products input status"
ERROR - 2017-05-23 20:03:01 --> Could not find the language line "categorys input unit_id"
ERROR - 2017-05-23 20:03:01 --> Severity: Notice --> Undefined index: h_productimage /home/youmeopc/public_html/demo/mlm/application/models/Products_model.php 177
ERROR - 2017-05-23 20:03:17 --> Could not find the language line "products input status"
ERROR - 2017-05-23 20:03:17 --> Could not find the language line "categorys input unit_id"
ERROR - 2017-05-23 20:03:28 --> Could not find the language line "products input status"
ERROR - 2017-05-23 20:03:28 --> Could not find the language line "categorys input unit_id"
ERROR - 2017-05-23 20:03:28 --> Severity: Notice --> Undefined index: h_productimage /home/youmeopc/public_html/demo/mlm/application/models/Products_model.php 177
ERROR - 2017-05-23 20:03:49 --> Could not find the language line "products input status"
ERROR - 2017-05-23 20:03:49 --> Could not find the language line "categorys input unit_id"
ERROR - 2017-05-23 20:04:45 --> Could not find the language line "products input status"
ERROR - 2017-05-23 20:04:45 --> Could not find the language line "categorys input unit_id"
ERROR - 2017-05-23 20:04:45 --> Severity: Notice --> Undefined index: h_productimage /home/youmeopc/public_html/demo/mlm/application/models/Products_model.php 177
ERROR - 2017-05-23 20:04:59 --> Could not find the language line "products input status"
ERROR - 2017-05-23 20:04:59 --> Could not find the language line "categorys input unit_id"
ERROR - 2017-05-23 20:05:12 --> Could not find the language line "products input status"
ERROR - 2017-05-23 20:05:12 --> Could not find the language line "categorys input unit_id"
ERROR - 2017-05-23 20:05:27 --> Could not find the language line "products input status"
ERROR - 2017-05-23 20:05:27 --> Could not find the language line "categorys input unit_id"
